#
# There is insufficient memory for the Java Runtime Environment to continue.
# Native memory allocation (mmap) failed to map 26214400 bytes. Error detail: G1 virtual space
# Possible reasons:
#   The system is out of physical RAM or swap space
#   This process is running with CompressedOops enabled, and the Java Heap may be blocking the growth of the native heap
# Possible solutions:
#   Reduce memory load on the system
#   Increase physical memory or swap space
#   Check if swap backing store is full
#   Decrease Java heap size (-Xmx/-Xms)
#   Decrease number of Java threads
#   Decrease Java thread stack sizes (-Xss)
#   Set larger code cache with -XX:ReservedCodeCacheSize=
#   JVM is running with Unscaled Compressed Oops mode in which the Java heap is
#     placed in the first 4GB address space. The Java Heap base address is the
#     maximum limit for the native heap growth. Please use -XX:HeapBaseMinAddress
#     to set the Java Heap base and to place the Java Heap above 4GB virtual address.
# This output file may be truncated or incomplete.
#
#  Out of Memory Error (os_windows.cpp:3925), pid=11516, tid=7652
#
# JRE version: OpenJDK Runtime Environment (21.0.8) (build 21.0.8+-14196175-b1038.72)
# Java VM: OpenJDK 64-Bit Server VM (21.0.8+-14196175-b1038.72, mixed mode, tiered, compressed oops, compressed class ptrs, g1 gc, windows-amd64)
# No core dump will be written. Minidumps are not enabled by default on client versions of Windows
#

---------------  S U M M A R Y ------------

Command Line: org.jetbrains.kotlin.cli.jvm.K2JVMCompiler @D:\ZOVV\mobile\app\build\20260408_5339121407675184746.compiler.options

Host: Intel(R) Core(TM) i5-4570 CPU @ 3.20GHz, 4 cores, 7G,  Windows 10 , 64 bit Build 19041 (10.0.19041.2788)
Time: Wed Apr  8 09:55:01 2026 elapsed time: 3.482255 seconds (0d 0h 0m 3s)

---------------  T H R E A D  ---------------

Current thread (0x000002183404a2b0):  VMThread "VM Thread"          [id=7652, stack(0x000000b13bb00000,0x000000b13bc00000) (1024K)]

Stack: [0x000000b13bb00000,0x000000b13bc00000]
Native frames: (J=compiled Java code, j=interpreted, Vv=VM code, C=native code)
V  [jvm.dll+0x6d68d9]
V  [jvm.dll+0x866693]
V  [jvm.dll+0x868c4e]
V  [jvm.dll+0x869333]
V  [jvm.dll+0x280566]
V  [jvm.dll+0x6d3195]
V  [jvm.dll+0x6c69ea]
V  [jvm.dll+0x3586db]
V  [jvm.dll+0x360336]
V  [jvm.dll+0x3b23f6]
V  [jvm.dll+0x3b26c8]
V  [jvm.dll+0x32ae6c]
V  [jvm.dll+0x32aef7]
V  [jvm.dll+0x370d3c]
V  [jvm.dll+0x36f4ee]
V  [jvm.dll+0x32a5c1]
V  [jvm.dll+0x36ebf0]
V  [jvm.dll+0x86f0b8]
V  [jvm.dll+0x870434]
V  [jvm.dll+0x870970]
V  [jvm.dll+0x870c03]
V  [jvm.dll+0x80eac8]
V  [jvm.dll+0x6d512d]
C  [ucrtbase.dll+0x21bb2]
C  [KERNEL32.DLL+0x17604]
C  [ntdll.dll+0x526a1]

VM_Operation (0x000000b13b4f9d00): G1CollectForAllocation, mode: safepoint, requested by thread 0x000002181d2375e0


---------------  P R O C E S S  ---------------

Threads class SMR info:
_java_thread_list=0x000002183437edc0, length=12, elements={
0x000002181d2375e0, 0x00000218341c07e0, 0x00000218341c2990, 0x00000218341ebce0,
0x00000218341ed160, 0x0000021834196600, 0x0000021834197410, 0x00000218341d7c80,
0x00000218341d91b0, 0x00000218341f4f30, 0x000002183437b380, 0x00000218343fc6e0
}

Java Threads: ( => current thread )
  0x000002181d2375e0 JavaThread "main"                              [_thread_blocked, id=13456, stack(0x000000b13b400000,0x000000b13b500000) (1024K)]
  0x00000218341c07e0 JavaThread "Common-Cleaner"             daemon [_thread_blocked, id=11588, stack(0x000000b13bc00000,0x000000b13bd00000) (1024K)]
  0x00000218341c2990 JavaThread "Reference Handler"          daemon [_thread_blocked, id=5800, stack(0x000000b13bd00000,0x000000b13be00000) (1024K)]
  0x00000218341ebce0 JavaThread "Finalizer"                  daemon [_thread_blocked, id=7220, stack(0x000000b13be00000,0x000000b13bf00000) (1024K)]
  0x00000218341ed160 JavaThread "Signal Dispatcher"          daemon [_thread_blocked, id=3908, stack(0x000000b13bf00000,0x000000b13c000000) (1024K)]
  0x0000021834196600 JavaThread "Attach Listener"            daemon [_thread_blocked, id=9016, stack(0x000000b13c000000,0x000000b13c100000) (1024K)]
  0x0000021834197410 JavaThread "Service Thread"             daemon [_thread_blocked, id=11640, stack(0x000000b13c100000,0x000000b13c200000) (1024K)]
  0x00000218341d7c80 JavaThread "Monitor Deflation Thread"   daemon [_thread_blocked, id=12944, stack(0x000000b13c200000,0x000000b13c300000) (1024K)]
  0x00000218341d91b0 JavaThread "C2 CompilerThread0"         daemon [_thread_blocked, id=5608, stack(0x000000b13c300000,0x000000b13c400000) (1024K)]
  0x00000218341f4f30 JavaThread "C1 CompilerThread0"         daemon [_thread_blocked, id=10176, stack(0x000000b13c400000,0x000000b13c500000) (1024K)]
  0x000002183437b380 JavaThread "Notification Thread"        daemon [_thread_blocked, id=6964, stack(0x000000b13c500000,0x000000b13c600000) (1024K)]
  0x00000218343fc6e0 JavaThread "C2 CompilerThread1"         daemon [_thread_blocked, id=8460, stack(0x000000b13c600000,0x000000b13c700000) (1024K)]
Total: 12

Other Threads:
=>0x000002183404a2b0 VMThread "VM Thread"                           [id=7652, stack(0x000000b13bb00000,0x000000b13bc00000) (1024K)]
  0x0000021833fba810 WatcherThread "VM Periodic Task Thread"        [id=12156, stack(0x000000b13ba00000,0x000000b13bb00000) (1024K)]
  0x000002181d28dd40 WorkerThread "GC Thread#0"                     [id=13928, stack(0x000000b13b500000,0x000000b13b600000) (1024K)]
  0x00000218348ea540 WorkerThread "GC Thread#1"                     [id=8556, stack(0x000000b13c700000,0x000000b13c800000) (1024K)]
  0x00000218348ee8f0 WorkerThread "GC Thread#2"                     [id=13492, stack(0x000000b13c800000,0x000000b13c900000) (1024K)]
  0x00000218348fd7f0 WorkerThread "GC Thread#3"                     [id=8180, stack(0x000000b13c900000,0x000000b13ca00000) (1024K)]
  0x000002181d29f0d0 ConcurrentGCThread "G1 Main Marker"            [id=11688, stack(0x000000b13b600000,0x000000b13b700000) (1024K)]
  0x000002181d2a0120 WorkerThread "G1 Conc#0"                       [id=11200, stack(0x000000b13b700000,0x000000b13b800000) (1024K)]
  0x0000021833e824c0 ConcurrentGCThread "G1 Refine#0"               [id=5636, stack(0x000000b13b800000,0x000000b13b900000) (1024K)]
  0x000002181d30b0d0 ConcurrentGCThread "G1 Service"                [id=10728, stack(0x000000b13b900000,0x000000b13ba00000) (1024K)]
Total: 10

Threads with active compile tasks:
C2 CompilerThread0  3498 4215       4       java.lang.invoke.DirectMethodHandle$Holder::newInvokeSpecial (24 bytes)
C2 CompilerThread1  3498 4192       4       java.lang.invoke.MethodType::methodType (69 bytes)
Total: 2

VM state: at safepoint (normal execution)

VM Mutex/Monitor currently owned by a thread:  ([mutex/lock_event])
[0x00007ffb141085b8] Threads_lock - owner thread: 0x000002183404a2b0
[0x00007ffb141086b8] Heap_lock - owner thread: 0x000002181d2375e0

Heap address: 0x0000000081c00000, size: 2020 MB, Compressed Oops mode: 32-bit

CDS archive(s) not mapped
Compressed class space mapped at: 0x0000000100000000-0x0000000140000000, reserved size: 1073741824
Narrow klass base: 0x0000000000000000, Narrow klass shift: 3, Narrow klass range: 0x140000000

GC Precious Log:
 CardTable entry size: 512
 Card Set container configuration: InlinePtr #cards 5 size 8 Array Of Cards #cards 12 size 40 Howl #buckets 4 coarsen threshold 1843 Howl Bitmap #cards 512 size 80 coarsen threshold 460 Card regions per heap region 1 cards per card region 2048
 CPUs: 4 total, 4 available
 Memory: 8078M
 Large Page Support: Disabled
 NUMA Support: Disabled
 Compressed Oops: Enabled (32-bit)
 Heap Region Size: 1M
 Heap Min Capacity: 8M
 Heap Initial Capacity: 128M
 Heap Max Capacity: 2020M
 Pre-touch: Disabled
 Parallel Workers: 4
 Concurrent Workers: 1
 Concurrent Refinement Workers: 4
 Periodic GC: Disabled

Heap:
 garbage-first heap   total 63488K, used 44089K [0x0000000081c00000, 0x0000000100000000)
  region size 1024K, 2 young (2048K), 2 survivors (2048K)
 Metaspace       used 55707K, committed 56064K, reserved 1114112K
  class space    used 6607K, committed 6784K, reserved 1048576K

Heap Regions: E=young(eden), S=young(survivor), O=old, HS=humongous(starts), HC=humongous(continues), CS=collection set, F=free, TAMS=top-at-mark-start, PB=parsable bottom
|   0|0x0000000081c00000, 0x0000000081d00000, 0x0000000081d00000|100%|HS|  |TAMS 0x0000000081d00000| PB 0x0000000081c00000| Complete 
|   1|0x0000000081d00000, 0x0000000081e00000, 0x0000000081e00000|100%|HC|  |TAMS 0x0000000081e00000| PB 0x0000000081d00000| Complete 
|   2|0x0000000081e00000, 0x0000000081f00000, 0x0000000081f00000|100%|HC|  |TAMS 0x0000000081f00000| PB 0x0000000081e00000| Complete 
|   3|0x0000000081f00000, 0x0000000082000000, 0x0000000082000000|100%| O|  |TAMS 0x0000000082000000| PB 0x0000000081f00000| Untracked 
|   4|0x0000000082000000, 0x0000000082100000, 0x0000000082100000|100%| O|  |TAMS 0x0000000082100000| PB 0x0000000082000000| Untracked 
|   5|0x0000000082100000, 0x0000000082200000, 0x0000000082200000|100%| O|  |TAMS 0x0000000082200000| PB 0x0000000082100000| Untracked 
|   6|0x0000000082200000, 0x0000000082300000, 0x0000000082300000|100%| O|  |TAMS 0x0000000082300000| PB 0x0000000082200000| Untracked 
|   7|0x0000000082300000, 0x0000000082400000, 0x0000000082400000|100%| O|  |TAMS 0x0000000082400000| PB 0x0000000082300000| Untracked 
|   8|0x0000000082400000, 0x0000000082500000, 0x0000000082500000|100%| O|  |TAMS 0x0000000082500000| PB 0x0000000082400000| Untracked 
|   9|0x0000000082500000, 0x0000000082600000, 0x0000000082600000|100%| O|  |TAMS 0x0000000082600000| PB 0x0000000082500000| Untracked 
|  10|0x0000000082600000, 0x0000000082700000, 0x0000000082700000|100%| O|  |TAMS 0x0000000082700000| PB 0x0000000082600000| Untracked 
|  11|0x0000000082700000, 0x0000000082800000, 0x0000000082800000|100%| O|  |TAMS 0x0000000082800000| PB 0x0000000082700000| Untracked 
|  12|0x0000000082800000, 0x0000000082900000, 0x0000000082900000|100%| O|  |TAMS 0x0000000082900000| PB 0x0000000082800000| Untracked 
|  13|0x0000000082900000, 0x0000000082a00000, 0x0000000082a00000|100%| O|  |TAMS 0x0000000082a00000| PB 0x0000000082900000| Untracked 
|  14|0x0000000082a00000, 0x0000000082b00000, 0x0000000082b00000|100%| O|  |TAMS 0x0000000082b00000| PB 0x0000000082a00000| Untracked 
|  15|0x0000000082b00000, 0x0000000082c00000, 0x0000000082c00000|100%| O|  |TAMS 0x0000000082c00000| PB 0x0000000082b00000| Untracked 
|  16|0x0000000082c00000, 0x0000000082d00000, 0x0000000082d00000|100%| O|  |TAMS 0x0000000082d00000| PB 0x0000000082c00000| Untracked 
|  17|0x0000000082d00000, 0x0000000082e00000, 0x0000000082e00000|100%| O|  |TAMS 0x0000000082e00000| PB 0x0000000082d00000| Untracked 
|  18|0x0000000082e00000, 0x0000000082f00000, 0x0000000082f00000|100%| O|  |TAMS 0x0000000082f00000| PB 0x0000000082e00000| Untracked 
|  19|0x0000000082f00000, 0x0000000083000000, 0x0000000083000000|100%| O|  |TAMS 0x0000000083000000| PB 0x0000000082f00000| Untracked 
|  20|0x0000000083000000, 0x0000000083100000, 0x0000000083100000|100%|HS|  |TAMS 0x0000000083100000| PB 0x0000000083000000| Complete 
|  21|0x0000000083100000, 0x0000000083200000, 0x0000000083200000|100%| O|  |TAMS 0x0000000083200000| PB 0x0000000083100000| Untracked 
|  22|0x0000000083200000, 0x0000000083300000, 0x0000000083300000|100%| O|  |TAMS 0x0000000083300000| PB 0x0000000083200000| Untracked 
|  23|0x0000000083300000, 0x0000000083400000, 0x0000000083400000|100%| O|  |TAMS 0x0000000083400000| PB 0x0000000083300000| Untracked 
|  24|0x0000000083400000, 0x0000000083500000, 0x0000000083500000|100%| O|  |TAMS 0x0000000083500000| PB 0x0000000083400000| Untracked 
|  25|0x0000000083500000, 0x0000000083600000, 0x0000000083600000|100%| O|  |TAMS 0x0000000083600000| PB 0x0000000083500000| Untracked 
|  26|0x0000000083600000, 0x0000000083700000, 0x0000000083700000|100%| O|  |TAMS 0x0000000083700000| PB 0x0000000083600000| Untracked 
|  27|0x0000000083700000, 0x0000000083800000, 0x0000000083800000|100%| O|  |TAMS 0x0000000083800000| PB 0x0000000083700000| Untracked 
|  28|0x0000000083800000, 0x0000000083900000, 0x0000000083900000|100%| O|  |TAMS 0x0000000083900000| PB 0x0000000083800000| Untracked 
|  29|0x0000000083900000, 0x0000000083a00000, 0x0000000083a00000|100%| O|  |TAMS 0x0000000083a00000| PB 0x0000000083900000| Untracked 
|  30|0x0000000083a00000, 0x0000000083b00000, 0x0000000083b00000|100%| O|  |TAMS 0x0000000083b00000| PB 0x0000000083a00000| Untracked 
|  31|0x0000000083b00000, 0x0000000083c00000, 0x0000000083c00000|100%| O|  |TAMS 0x0000000083c00000| PB 0x0000000083b00000| Untracked 
|  32|0x0000000083c00000, 0x0000000083d00000, 0x0000000083d00000|100%| O|  |TAMS 0x0000000083d00000| PB 0x0000000083c00000| Untracked 
|  33|0x0000000083d00000, 0x0000000083e00000, 0x0000000083e00000|100%| O|  |TAMS 0x0000000083e00000| PB 0x0000000083d00000| Untracked 
|  34|0x0000000083e00000, 0x0000000083f00000, 0x0000000083f00000|100%| O|  |TAMS 0x0000000083f00000| PB 0x0000000083e00000| Untracked 
|  35|0x0000000083f00000, 0x0000000084000000, 0x0000000084000000|100%| O|  |TAMS 0x0000000084000000| PB 0x0000000083f00000| Untracked 
|  36|0x0000000084000000, 0x0000000084100000, 0x0000000084100000|100%| O|  |TAMS 0x0000000084100000| PB 0x0000000084000000| Untracked 
|  37|0x0000000084100000, 0x0000000084200000, 0x0000000084200000|100%| O|  |TAMS 0x00000000841fe1d8| PB 0x0000000084100000| Untracked 
|  38|0x0000000084200000, 0x0000000084300000, 0x0000000084300000|100%| O|  |TAMS 0x0000000084200000| PB 0x0000000084200000| Untracked 
|  39|0x0000000084300000, 0x0000000084400000, 0x0000000084400000|100%| O|  |TAMS 0x0000000084300000| PB 0x0000000084300000| Untracked 
|  40|0x0000000084400000, 0x0000000084446fb0, 0x0000000084500000| 27%| O|  |TAMS 0x0000000084400000| PB 0x0000000084400000| Untracked 
|  41|0x0000000084500000, 0x0000000084500000, 0x0000000084600000|  0%| F|  |TAMS 0x0000000084500000| PB 0x0000000084500000| Untracked 
|  42|0x0000000084600000, 0x0000000084600000, 0x0000000084700000|  0%| F|  |TAMS 0x0000000084600000| PB 0x0000000084600000| Untracked 
|  43|0x0000000084700000, 0x0000000084700000, 0x0000000084800000|  0%| F|  |TAMS 0x0000000084700000| PB 0x0000000084700000| Untracked 
|  44|0x0000000084800000, 0x0000000084800000, 0x0000000084900000|  0%| F|  |TAMS 0x0000000084800000| PB 0x0000000084800000| Untracked 
|  45|0x0000000084900000, 0x0000000084900000, 0x0000000084a00000|  0%| F|  |TAMS 0x0000000084900000| PB 0x0000000084900000| Untracked 
|  46|0x0000000084a00000, 0x0000000084a00000, 0x0000000084b00000|  0%| F|  |TAMS 0x0000000084a00000| PB 0x0000000084a00000| Untracked 
|  47|0x0000000084b00000, 0x0000000084bc75a0, 0x0000000084c00000| 77%| S|CS|TAMS 0x0000000084b00000| PB 0x0000000084b00000| Complete 
|  48|0x0000000084c00000, 0x0000000084d00000, 0x0000000084d00000|100%| S|CS|TAMS 0x0000000084c00000| PB 0x0000000084c00000| Complete 
|  49|0x0000000084d00000, 0x0000000084d00000, 0x0000000084e00000|  0%| F|  |TAMS 0x0000000084d00000| PB 0x0000000084d00000| Untracked 
|  50|0x0000000084e00000, 0x0000000084e00000, 0x0000000084f00000|  0%| F|  |TAMS 0x0000000084e00000| PB 0x0000000084e00000| Untracked 
|  51|0x0000000084f00000, 0x0000000084f00000, 0x0000000085000000|  0%| F|  |TAMS 0x0000000084f00000| PB 0x0000000084f00000| Untracked 
|  52|0x0000000085000000, 0x0000000085000000, 0x0000000085100000|  0%| F|  |TAMS 0x0000000085000000| PB 0x0000000085000000| Untracked 
|  53|0x0000000085100000, 0x0000000085100000, 0x0000000085200000|  0%| F|  |TAMS 0x0000000085100000| PB 0x0000000085100000| Untracked 
|  54|0x0000000085200000, 0x0000000085200000, 0x0000000085300000|  0%| F|  |TAMS 0x0000000085200000| PB 0x0000000085200000| Untracked 
|  55|0x0000000085300000, 0x0000000085300000, 0x0000000085400000|  0%| F|  |TAMS 0x0000000085300000| PB 0x0000000085300000| Untracked 
|  56|0x0000000085400000, 0x0000000085400000, 0x0000000085500000|  0%| F|  |TAMS 0x0000000085400000| PB 0x0000000085400000| Untracked 
| 114|0x0000000088e00000, 0x0000000088e00000, 0x0000000088f00000|  0%| F|  |TAMS 0x0000000088e00000| PB 0x0000000088e00000| Untracked 
| 115|0x0000000088f00000, 0x0000000088f00000, 0x0000000089000000|  0%| F|  |TAMS 0x0000000088f00000| PB 0x0000000088f00000| Untracked 
| 127|0x0000000089b00000, 0x0000000089b00000, 0x0000000089c00000|  0%| F|  |TAMS 0x0000000089b00000| PB 0x0000000089b00000| Untracked 
|2018|0x00000000ffe00000, 0x00000000ffe00000, 0x00000000fff00000|  0%| F|  |TAMS 0x00000000ffe00000| PB 0x00000000ffe00000| Untracked 
|2019|0x00000000fff00000, 0x0000000100000000, 0x0000000100000000|100%| O|  |TAMS 0x0000000100000000| PB 0x00000000fff00000| Untracked 

Card table byte_map: [0x000002182f7a0000,0x000002182fba0000] _byte_map_base: 0x000002182f392000

Marking Bits: (CMBitMap*) 0x000002181d28ea00
 Bits: [0x000002182fba0000, 0x0000021831b30000)

Polling page: 0x000002181b010000

Metaspace:

Usage:
  Non-class:     47.95 MB used.
      Class:      6.45 MB used.
       Both:     54.40 MB used.

Virtual space:
  Non-class space:       64.00 MB reserved,      48.12 MB ( 75%) committed,  1 nodes.
      Class space:        1.00 GB reserved,       6.62 MB ( <1%) committed,  1 nodes.
             Both:        1.06 GB reserved,      54.75 MB (  5%) committed. 

Chunk freelists:
   Non-Class:  15.09 MB
       Class:  9.42 MB
        Both:  24.51 MB

MaxMetaspaceSize: unlimited
CompressedClassSpaceSize: 1.00 GB
Initial GC threshold: 21.00 MB
Current GC threshold: 82.75 MB
CDS: off
 - commit_granule_bytes: 65536.
 - commit_granule_words: 8192.
 - virtual_space_node_default_size: 8388608.
 - enlarge_chunks_in_place: 1.
 - use_allocation_guard: 0.


Internal statistics:

num_allocs_failed_limit: 9.
num_arena_births: 258.
num_arena_deaths: 0.
num_vsnodes_births: 2.
num_vsnodes_deaths: 0.
num_space_committed: 876.
num_space_uncommitted: 0.
num_chunks_returned_to_freelist: 9.
num_chunks_taken_from_freelist: 1894.
num_chunk_merges: 9.
num_chunk_splits: 1583.
num_chunks_enlarged: 1450.
num_inconsistent_stats: 0.

CodeHeap 'non-profiled nmethods': size=120000Kb used=1998Kb max_used=1998Kb free=118001Kb
 bounds [0x0000021827e70000, 0x00000218280e0000, 0x000002182f3a0000]
CodeHeap 'profiled nmethods': size=120000Kb used=8095Kb max_used=8095Kb free=111904Kb
 bounds [0x00000218203a0000, 0x0000021820b90000, 0x00000218278d0000]
CodeHeap 'non-nmethods': size=5760Kb used=1622Kb max_used=1659Kb free=4138Kb
 bounds [0x00000218278d0000, 0x0000021827b40000, 0x0000021827e70000]
CodeCache: size=245760Kb, used=11715Kb, max_used=11752Kb, free=234043Kb
 total_blobs=4607, nmethods=3933, adapters=577, full_count=0
Compilation: enabled, stopped_count=0, restarted_count=0

Compilation events (20 events):
Event: 3.464 Thread 0x00000218341f4f30 4207       3       org.jetbrains.kotlin.utils.CollectionsKt::addIfNotNull (19 bytes)
Event: 3.464 Thread 0x00000218341f4f30 nmethod 4207 0x0000021820b85b10 code [0x0000021820b85d40, 0x0000021820b863a8]
Event: 3.464 Thread 0x00000218341f4f30 4208       1       org.jetbrains.kotlin.fir.references.impl.FirResolvedNamedReferenceImpl::getResolvedSymbol (5 bytes)
Event: 3.464 Thread 0x00000218341f4f30 nmethod 4208 0x0000021828061810 code [0x00000218280619a0, 0x0000021828061a68]
Event: 3.465 Thread 0x00000218341f4f30 4210       3       org.jetbrains.kotlin.fir.types.ConeBuiltinTypeUtilsKt::isBuiltinType (53 bytes)
Event: 3.466 Thread 0x00000218341d91b0 nmethod 4202 0x0000021828061b10 code [0x0000021828061d20, 0x0000021828062520]
Event: 3.466 Thread 0x00000218341d91b0 4209       4       java.lang.Integer::numberOfLeadingZeros (79 bytes)
Event: 3.466 Thread 0x00000218341d91b0 nmethod 4209 0x0000021828062a90 code [0x0000021828062c00, 0x0000021828062cc0]
Event: 3.466 Thread 0x00000218341d91b0 4203       4       java.util.HashMap$HashIterator::hasNext (13 bytes)
Event: 3.466 Thread 0x00000218341f4f30 nmethod 4210 0x0000021820b86610 code [0x0000021820b868e0, 0x0000021820b877a8]
Event: 3.466 Thread 0x00000218341d91b0 nmethod 4203 0x0000021828062d90 code [0x0000021828062f20, 0x0000021828062fb0]
Event: 3.470 Thread 0x00000218341f4f30 4211       1       org.jetbrains.kotlin.fir.expressions.impl.FirResolvedArgumentListImpl::getMapping (5 bytes)
Event: 3.471 Thread 0x00000218341f4f30 nmethod 4211 0x0000021828063090 code [0x0000021828063220, 0x00000218280632e8]
Event: 3.471 Thread 0x00000218341d91b0 4212       4       org.jetbrains.kotlin.util.ArrayMapAccessor::getValue (86 bytes)
Event: 3.471 Thread 0x00000218341f4f30 4213       3       org.jetbrains.kotlin.fir.expressions.impl.FirFunctionCallImpl::getCalleeReference (8 bytes)
Event: 3.471 Thread 0x00000218341f4f30 nmethod 4213 0x0000021820b87c10 code [0x0000021820b87da0, 0x0000021820b87ed8]
Event: 3.471 Thread 0x00000218341f4f30 4214       1       org.jetbrains.kotlin.fir.analysis.checkers.context.MutableCheckerContext::getContainingElements (5 bytes)
Event: 3.471 Thread 0x00000218341f4f30 nmethod 4214 0x0000021828063390 code [0x0000021828063520, 0x00000218280635e8]
Event: 3.471 Thread 0x00000218341d91b0 nmethod 4212 0x0000021828063690 code [0x0000021828063820, 0x0000021828063958]
Event: 3.473 Thread 0x00000218341d91b0 4215       4       java.lang.invoke.DirectMethodHandle$Holder::newInvokeSpecial (24 bytes)

GC Heap History (20 events):
Event: 1.300 GC heap after
{Heap after GC invocations=6 (full 0):
 garbage-first heap   total 34816K, used 14336K [0x0000000081c00000, 0x0000000100000000)
  region size 1024K, 2 young (2048K), 2 survivors (2048K)
 Metaspace       used 27531K, committed 27776K, reserved 1114112K
  class space    used 3022K, committed 3136K, reserved 1048576K
}
Event: 1.475 GC heap before
{Heap before GC invocations=6 (full 0):
 garbage-first heap   total 34816K, used 26624K [0x0000000081c00000, 0x0000000100000000)
  region size 1024K, 14 young (14336K), 2 survivors (2048K)
 Metaspace       used 31854K, committed 32128K, reserved 1114112K
  class space    used 3954K, committed 4096K, reserved 1048576K
}
Event: 1.478 GC heap after
{Heap after GC invocations=7 (full 0):
 garbage-first heap   total 46080K, used 14554K [0x0000000081c00000, 0x0000000100000000)
  region size 1024K, 1 young (1024K), 1 survivors (1024K)
 Metaspace       used 31854K, committed 32128K, reserved 1114112K
  class space    used 3954K, committed 4096K, reserved 1048576K
}
Event: 1.687 GC heap before
{Heap before GC invocations=7 (full 0):
 garbage-first heap   total 46080K, used 31962K [0x0000000081c00000, 0x0000000100000000)
  region size 1024K, 19 young (19456K), 1 survivors (1024K)
 Metaspace       used 35761K, committed 35968K, reserved 1114112K
  class space    used 4417K, committed 4544K, reserved 1048576K
}
Event: 1.690 GC heap after
{Heap after GC invocations=8 (full 0):
 garbage-first heap   total 46080K, used 16083K [0x0000000081c00000, 0x0000000100000000)
  region size 1024K, 3 young (3072K), 3 survivors (3072K)
 Metaspace       used 35761K, committed 35968K, reserved 1114112K
  class space    used 4417K, committed 4544K, reserved 1048576K
}
Event: 1.922 GC heap before
{Heap before GC invocations=9 (full 0):
 garbage-first heap   total 46080K, used 36563K [0x0000000081c00000, 0x0000000100000000)
  region size 1024K, 23 young (23552K), 3 survivors (3072K)
 Metaspace       used 41258K, committed 41472K, reserved 1114112K
  class space    used 5015K, committed 5120K, reserved 1048576K
}
Event: 1.926 GC heap after
{Heap after GC invocations=10 (full 0):
 garbage-first heap   total 46080K, used 17101K [0x0000000081c00000, 0x0000000100000000)
  region size 1024K, 1 young (1024K), 1 survivors (1024K)
 Metaspace       used 41258K, committed 41472K, reserved 1114112K
  class space    used 5015K, committed 5120K, reserved 1048576K
}
Event: 2.192 GC heap before
{Heap before GC invocations=10 (full 0):
 garbage-first heap   total 46080K, used 37581K [0x0000000081c00000, 0x0000000100000000)
  region size 1024K, 22 young (22528K), 1 survivors (1024K)
 Metaspace       used 46443K, committed 46656K, reserved 1114112K
  class space    used 5565K, committed 5632K, reserved 1048576K
}
Event: 2.197 GC heap after
{Heap after GC invocations=11 (full 0):
 garbage-first heap   total 46080K, used 18762K [0x0000000081c00000, 0x0000000100000000)
  region size 1024K, 3 young (3072K), 3 survivors (3072K)
 Metaspace       used 46443K, committed 46656K, reserved 1114112K
  class space    used 5565K, committed 5632K, reserved 1048576K
}
Event: 2.446 GC heap before
{Heap before GC invocations=11 (full 0):
 garbage-first heap   total 46080K, used 39242K [0x0000000081c00000, 0x0000000100000000)
  region size 1024K, 23 young (23552K), 3 survivors (3072K)
 Metaspace       used 48128K, committed 48320K, reserved 1114112K
  class space    used 5713K, committed 5824K, reserved 1048576K
}
Event: 2.457 GC heap after
{Heap after GC invocations=12 (full 0):
 garbage-first heap   total 58368K, used 24366K [0x0000000081c00000, 0x0000000100000000)
  region size 1024K, 3 young (3072K), 3 survivors (3072K)
 Metaspace       used 48128K, committed 48320K, reserved 1114112K
  class space    used 5713K, committed 5824K, reserved 1048576K
}
Event: 2.619 GC heap before
{Heap before GC invocations=12 (full 0):
 garbage-first heap   total 58368K, used 48942K [0x0000000081c00000, 0x0000000100000000)
  region size 1024K, 26 young (26624K), 3 survivors (3072K)
 Metaspace       used 50206K, committed 50496K, reserved 1114112K
  class space    used 5960K, committed 6080K, reserved 1048576K
}
Event: 2.631 GC heap after
{Heap after GC invocations=13 (full 0):
 garbage-first heap   total 58368K, used 31601K [0x0000000081c00000, 0x0000000100000000)
  region size 1024K, 4 young (4096K), 4 survivors (4096K)
 Metaspace       used 50206K, committed 50496K, reserved 1114112K
  class space    used 5960K, committed 6080K, reserved 1048576K
}
Event: 2.698 GC heap before
{Heap before GC invocations=13 (full 0):
 garbage-first heap   total 58368K, used 46961K [0x0000000081c00000, 0x0000000100000000)
  region size 1024K, 19 young (19456K), 4 survivors (4096K)
 Metaspace       used 50631K, committed 50816K, reserved 1114112K
  class space    used 5995K, committed 6080K, reserved 1048576K
}
Event: 2.706 GC heap after
{Heap after GC invocations=14 (full 0):
 garbage-first heap   total 58368K, used 37829K [0x0000000081c00000, 0x0000000100000000)
  region size 1024K, 3 young (3072K), 3 survivors (3072K)
 Metaspace       used 50631K, committed 50816K, reserved 1114112K
  class space    used 5995K, committed 6080K, reserved 1048576K
}
Event: 3.058 GC heap before
{Heap before GC invocations=15 (full 0):
 garbage-first heap   total 63488K, used 49093K [0x0000000081c00000, 0x0000000100000000)
  region size 1024K, 14 young (14336K), 3 survivors (3072K)
 Metaspace       used 52493K, committed 52672K, reserved 1114112K
  class space    used 6270K, committed 6336K, reserved 1048576K
}
Event: 3.064 GC heap after
{Heap after GC invocations=16 (full 0):
 garbage-first heap   total 63488K, used 39479K [0x0000000081c00000, 0x0000000100000000)
  region size 1024K, 2 young (2048K), 2 survivors (2048K)
 Metaspace       used 52493K, committed 52672K, reserved 1114112K
  class space    used 6270K, committed 6336K, reserved 1048576K
}
Event: 3.248 GC heap before
{Heap before GC invocations=16 (full 0):
 garbage-first heap   total 63488K, used 52791K [0x0000000081c00000, 0x0000000100000000)
  region size 1024K, 15 young (15360K), 2 survivors (2048K)
 Metaspace       used 53054K, committed 53312K, reserved 1114112K
  class space    used 6327K, committed 6400K, reserved 1048576K
}
Event: 3.255 GC heap after
{Heap after GC invocations=17 (full 0):
 garbage-first heap   total 63488K, used 41976K [0x0000000081c00000, 0x0000000100000000)
  region size 1024K, 2 young (2048K), 2 survivors (2048K)
 Metaspace       used 53054K, committed 53312K, reserved 1114112K
  class space    used 6327K, committed 6400K, reserved 1048576K
}
Event: 3.474 GC heap before
{Heap before GC invocations=17 (full 0):
 garbage-first heap   total 63488K, used 54264K [0x0000000081c00000, 0x0000000100000000)
  region size 1024K, 14 young (14336K), 2 survivors (2048K)
 Metaspace       used 55707K, committed 56064K, reserved 1114112K
  class space    used 6607K, committed 6784K, reserved 1048576K
}

Dll operation events (3 events):
Event: 0.005 Loaded shared library C:\Program Files\Android\Android Studio\jbr\bin\java.dll
Event: 0.009 Loaded shared library C:\Program Files\Android\Android Studio\jbr\bin\zip.dll
Event: 1.181 Loaded shared library C:\Program Files\Android\Android Studio\jbr\bin\verify.dll

Deoptimization events (20 events):
Event: 3.471 Thread 0x000002181d2375e0 Uncommon trap: trap_request=0xffffffde fr.pc=0x000002182801721c relative=0x000000000000035c
Event: 3.471 Thread 0x000002181d2375e0 Uncommon trap: reason=class_check action=maybe_recompile pc=0x000002182801721c method=org.jetbrains.kotlin.com.intellij.openapi.util.io.FileUtilRt.getExtension(Ljava/lang/CharSequence;Ljava/lang/String;)Ljava/lang/CharSequence; @ 14 c2
Event: 3.471 Thread 0x000002181d2375e0 DEOPT PACKING pc=0x000002182801721c sp=0x000000b13b4fcce0
Event: 3.471 Thread 0x000002181d2375e0 DEOPT UNPACKING pc=0x00000218279246a2 sp=0x000000b13b4fcc80 mode 2
Event: 3.471 Thread 0x000002181d2375e0 Uncommon trap: trap_request=0xffffffde fr.pc=0x0000021827f70618 relative=0x00000000000001f8
Event: 3.471 Thread 0x000002181d2375e0 Uncommon trap: reason=class_check action=maybe_recompile pc=0x0000021827f70618 method=org.jetbrains.kotlin.com.intellij.openapi.util.text.StringUtilRt.lastIndexOf(Ljava/lang/CharSequence;CII)I @ 17 c2
Event: 3.471 Thread 0x000002181d2375e0 DEOPT PACKING pc=0x0000021827f70618 sp=0x000000b13b4fcc70
Event: 3.471 Thread 0x000002181d2375e0 DEOPT UNPACKING pc=0x00000218279246a2 sp=0x000000b13b4fcc10 mode 2
Event: 3.472 Thread 0x000002181d2375e0 Uncommon trap: trap_request=0xffffff45 fr.pc=0x0000021827f3e168 relative=0x0000000000000148
Event: 3.472 Thread 0x000002181d2375e0 Uncommon trap: reason=unstable_if action=reinterpret pc=0x0000021827f3e168 method=org.jetbrains.kotlin.com.intellij.psi.tree.TokenSet.contains(Lorg/jetbrains/kotlin/com/intellij/psi/tree/IElementType;)Z @ 1 c2
Event: 3.472 Thread 0x000002181d2375e0 DEOPT PACKING pc=0x0000021827f3e168 sp=0x000000b13b4fc850
Event: 3.472 Thread 0x000002181d2375e0 DEOPT UNPACKING pc=0x00000218279246a2 sp=0x000000b13b4fc7f8 mode 2
Event: 3.473 Thread 0x000002181d2375e0 Uncommon trap: trap_request=0xffffffde fr.pc=0x000002182801721c relative=0x000000000000035c
Event: 3.473 Thread 0x000002181d2375e0 Uncommon trap: reason=class_check action=maybe_recompile pc=0x000002182801721c method=org.jetbrains.kotlin.com.intellij.openapi.util.io.FileUtilRt.getExtension(Ljava/lang/CharSequence;Ljava/lang/String;)Ljava/lang/CharSequence; @ 14 c2
Event: 3.473 Thread 0x000002181d2375e0 DEOPT PACKING pc=0x000002182801721c sp=0x000000b13b4fc5c0
Event: 3.473 Thread 0x000002181d2375e0 DEOPT UNPACKING pc=0x00000218279246a2 sp=0x000000b13b4fc560 mode 2
Event: 3.473 Thread 0x000002181d2375e0 Uncommon trap: trap_request=0xffffffde fr.pc=0x0000021827f70618 relative=0x00000000000001f8
Event: 3.473 Thread 0x000002181d2375e0 Uncommon trap: reason=class_check action=maybe_recompile pc=0x0000021827f70618 method=org.jetbrains.kotlin.com.intellij.openapi.util.text.StringUtilRt.lastIndexOf(Ljava/lang/CharSequence;CII)I @ 17 c2
Event: 3.473 Thread 0x000002181d2375e0 DEOPT PACKING pc=0x0000021827f70618 sp=0x000000b13b4fc550
Event: 3.473 Thread 0x000002181d2375e0 DEOPT UNPACKING pc=0x00000218279246a2 sp=0x000000b13b4fc4f0 mode 2

Classes loaded (20 events):
Event: 2.832 Loading class java/util/AbstractList$RandomAccessSubList
Event: 2.832 Loading class java/util/AbstractList$SubList
Event: 2.832 Loading class java/util/AbstractList$SubList done
Event: 2.832 Loading class java/util/AbstractList$RandomAccessSubList done
Event: 2.855 Loading class java/util/AbstractList$SubList$1
Event: 2.855 Loading class java/util/AbstractList$SubList$1 done
Event: 3.109 Loading class java/util/AbstractMap$SimpleImmutableEntry
Event: 3.110 Loading class java/util/AbstractMap$SimpleImmutableEntry done
Event: 3.403 Loading class java/text/MessageFormat
Event: 3.404 Loading class java/text/Format
Event: 3.404 Loading class java/text/Format done
Event: 3.404 Loading class java/text/MessageFormat done
Event: 3.404 Loading class java/util/Locale$Category
Event: 3.404 Loading class java/util/Locale$Category done
Event: 3.438 Loading class java/text/ChoiceFormat
Event: 3.438 Loading class java/text/NumberFormat
Event: 3.438 Loading class java/text/NumberFormat done
Event: 3.438 Loading class java/text/ChoiceFormat done
Event: 3.459 Loading class java/util/RegularEnumSet$EnumSetIterator
Event: 3.459 Loading class java/util/RegularEnumSet$EnumSetIterator done

Classes unloaded (0 events):
No events

Classes redefined (0 events):
No events

Internal exceptions (20 events):
Event: 1.193 Thread 0x000002181d2375e0 Exception <a 'java/lang/NoSuchMethodError'{0x000000008315c020}: 'java.lang.Object java.lang.invoke.DirectMethodHandle$Holder.invokeStatic(java.lang.Object, java.lang.Object, int, java.lang.Object)'> (0x000000008315c020) 
thrown [s\src\hotspot\share\interpreter\linkResolver.cpp, line 784]
Event: 1.307 Thread 0x000002181d2375e0 Exception <a 'java/lang/NoSuchMethodError'{0x0000000089ba4b28}: 'java.lang.Object java.lang.invoke.DirectMethodHandle$Holder.newInvokeSpecial(java.lang.Object, java.lang.Object, java.lang.Object, java.lang.Object, java.lang.Object, java.lang.Object)'> (0x0000000089ba4b28) 
thrown [s\src\hotspot\share\interpreter\linkResolver.cpp, line 784]
Event: 1.625 Thread 0x000002181d2375e0 Exception <a 'java/lang/NoSuchMethodError'{0x0000000083d14cd8}: 'java.lang.Object java.lang.invoke.DirectMethodHandle$Holder.newInvokeSpecial(java.lang.Object, java.lang.Object, java.lang.Object, java.lang.Object, java.lang.Object, java.lang.Object, java.lang.Object)'> (0x0000000083d14cd8) 
thrown [s\src\hotspot\share\interpreter\linkResolver.cpp, line 784]
Event: 1.782 Thread 0x000002181d2375e0 Exception <a 'java/lang/NoSuchMethodError'{0x00000000840f24d8}: 'java.lang.Object java.lang.invoke.DirectMethodHandle$Holder.invokeVirtual(java.lang.Object, java.lang.Object, java.lang.Object)'> (0x00000000840f24d8) 
thrown [s\src\hotspot\share\interpreter\linkResolver.cpp, line 784]
Event: 1.809 Thread 0x000002181d2375e0 Exception <a 'java/lang/NoSuchMethodError'{0x0000000083e728f0}: 'java.lang.Object java.lang.invoke.DirectMethodHandle$Holder.newInvokeSpecial(java.lang.Object, java.lang.Object, int)'> (0x0000000083e728f0) 
thrown [s\src\hotspot\share\interpreter\linkResolver.cpp, line 784]
Event: 2.039 Thread 0x000002181d2375e0 Exception <a 'java/lang/NoSuchMethodError'{0x0000000083e91910}: 'java.lang.Object java.lang.invoke.DirectMethodHandle$Holder.newInvokeSpecial(java.lang.Object, java.lang.Object, java.lang.Object, int, java.lang.Object)'> (0x0000000083e91910) 
thrown [s\src\hotspot\share\interpreter\linkResolver.cpp, line 784]
Event: 2.519 Thread 0x000002181d2375e0 Exception <a 'java/lang/NoSuchMethodError'{0x0000000084e512b0}: 'java.lang.Object java.lang.invoke.DirectMethodHandle$Holder.newInvokeSpecial(java.lang.Object, java.lang.Object, java.lang.Object, java.lang.Object, int)'> (0x0000000084e512b0) 
thrown [s\src\hotspot\share\interpreter\linkResolver.cpp, line 784]
Event: 2.519 Thread 0x000002181d2375e0 Exception <a 'java/lang/NoSuchMethodError'{0x0000000084e556f8}: 'java.lang.Object java.lang.invoke.DirectMethodHandle$Holder.invokeSpecial(java.lang.Object, java.lang.Object, java.lang.Object, java.lang.Object, java.lang.Object, int)'> (0x0000000084e556f8) 
thrown [s\src\hotspot\share\interpreter\linkResolver.cpp, line 784]
Event: 2.519 Thread 0x000002181d2375e0 Exception <a 'java/lang/NoSuchMethodError'{0x0000000084e59438}: 'java.lang.Object java.lang.invoke.Invokers$Holder.linkToTargetMethod(java.lang.Object, java.lang.Object, java.lang.Object, int, java.lang.Object)'> (0x0000000084e59438) 
thrown [s\src\hotspot\share\interpreter\linkResolver.cpp, line 784]
Event: 2.791 Thread 0x000002181d2375e0 Exception <a 'java/lang/NoSuchMethodError'{0x0000000088e34548}: 'java.lang.Object java.lang.invoke.DirectMethodHandle$Holder.invokeSpecial(java.lang.Object, java.lang.Object, int, java.lang.Object, java.lang.Object)'> (0x0000000088e34548) 
thrown [s\src\hotspot\share\interpreter\linkResolver.cpp, line 784]
Event: 2.796 Thread 0x000002181d2375e0 Exception <a 'java/lang/NoSuchMethodError'{0x0000000088e78748}: 'java.lang.Object java.lang.invoke.DirectMethodHandle$Holder.invokeStatic(java.lang.Object, int, java.lang.Object, java.lang.Object)'> (0x0000000088e78748) 
thrown [s\src\hotspot\share\interpreter\linkResolver.cpp, line 784]
Event: 2.800 Thread 0x000002181d2375e0 Exception <a 'java/lang/NoSuchMethodError'{0x0000000088e7fae0}: 'java.lang.Object java.lang.invoke.DirectMethodHandle$Holder.newInvokeSpecial(java.lang.Object, int, java.lang.Object)'> (0x0000000088e7fae0) 
thrown [s\src\hotspot\share\interpreter\linkResolver.cpp, line 784]
Event: 2.865 Thread 0x000002181d2375e0 Exception <a 'java/lang/NoSuchMethodError'{0x000000008521cb80}: 'java.lang.Object java.lang.invoke.DirectMethodHandle$Holder.newInvokeSpecial(java.lang.Object, java.lang.Object, java.lang.Object, java.lang.Object, int, java.lang.Object, java.lang.Object)'> (0x000000008521cb80) 
thrown [s\src\hotspot\share\interpreter\linkResolver.cpp, line 784]
Event: 2.866 Thread 0x000002181d2375e0 Exception <a 'java/lang/NoSuchMethodError'{0x0000000085225010}: 'java.lang.Object java.lang.invoke.Invokers$Holder.linkToTargetMethod(java.lang.Object, java.lang.Object, java.lang.Object, int, java.lang.Object, java.lang.Object, java.lang.Object)'> (0x0000000085225010) 
thrown [s\src\hotspot\share\interpreter\linkResolver.cpp, line 784]
Event: 2.909 Thread 0x000002181d2375e0 Exception <a 'java/lang/NoSuchMethodError'{0x0000000085022230}: 'java.lang.Object java.lang.invoke.DirectMethodHandle$Holder.newInvokeSpecial(java.lang.Object, java.lang.Object, java.lang.Object, java.lang.Object, java.lang.Object, java.lang.Object, java.lang.Object, java.lang.Object, java.lang.Object)'> (0x0000000085022230) 
thrown [s\src\hotspot\share\interpreter\linkResolver.cpp, line 784]
Event: 2.964 Thread 0x000002181d2375e0 Exception <a 'java/lang/NoSuchMethodError'{0x0000000084f45cb8}: 'java.lang.Object java.lang.invoke.DirectMethodHandle$Holder.newInvokeSpecial(java.lang.Object, java.lang.Object, java.lang.Object, int)'> (0x0000000084f45cb8) 
thrown [s\src\hotspot\share\interpreter\linkResolver.cpp, line 784]
Event: 2.964 Thread 0x000002181d2375e0 Exception <a 'java/lang/NoSuchMethodError'{0x0000000084f49b38}: 'java.lang.Object java.lang.invoke.DirectMethodHandle$Holder.invokeSpecial(java.lang.Object, java.lang.Object, java.lang.Object, java.lang.Object, int)'> (0x0000000084f49b38) 
thrown [s\src\hotspot\share\interpreter\linkResolver.cpp, line 784]
Event: 2.965 Thread 0x000002181d2375e0 Exception <a 'java/lang/NoSuchMethodError'{0x0000000084f4d290}: 'java.lang.Object java.lang.invoke.Invokers$Holder.linkToTargetMethod(java.lang.Object, java.lang.Object, int, java.lang.Object)'> (0x0000000084f4d290) 
thrown [s\src\hotspot\share\interpreter\linkResolver.cpp, line 784]
Event: 3.101 Thread 0x000002181d2375e0 Exception <a 'java/lang/NoSuchMethodError'{0x0000000088eab210}: 'java.lang.Object java.lang.invoke.DirectMethodHandle$Holder.invokeStatic(java.lang.Object, java.lang.Object, java.lang.Object, int, java.lang.Object, java.lang.Object)'> (0x0000000088eab210) 
thrown [s\src\hotspot\share\interpreter\linkResolver.cpp, line 784]
Event: 3.472 Thread 0x000002181d2375e0 Implicit null exception at 0x0000021827f3e05a to 0x0000021827f3e158

ZGC Phase Switch (0 events):
No events

VM Operations (20 events):
Event: 2.457 Executing VM operation: G1CollectForAllocation (G1 Evacuation Pause) done
Event: 2.619 Executing VM operation: G1CollectForAllocation (G1 Evacuation Pause)
Event: 2.631 Executing VM operation: G1CollectForAllocation (G1 Evacuation Pause) done
Event: 2.698 Executing VM operation: G1CollectForAllocation (G1 Evacuation Pause)
Event: 2.706 Executing VM operation: G1CollectForAllocation (G1 Evacuation Pause) done
Event: 2.749 Executing VM operation: G1PauseRemark
Event: 2.753 Executing VM operation: G1PauseRemark done
Event: 2.773 Executing VM operation: G1PauseCleanup
Event: 2.773 Executing VM operation: G1PauseCleanup done
Event: 2.854 Executing VM operation: HandshakeAllThreads (Deoptimize)
Event: 2.854 Executing VM operation: HandshakeAllThreads (Deoptimize) done
Event: 2.894 Executing VM operation: HandshakeAllThreads (Deoptimize)
Event: 2.894 Executing VM operation: HandshakeAllThreads (Deoptimize) done
Event: 3.058 Executing VM operation: G1CollectForAllocation (G1 Evacuation Pause)
Event: 3.064 Executing VM operation: G1CollectForAllocation (G1 Evacuation Pause) done
Event: 3.247 Executing VM operation: G1CollectForAllocation (G1 Evacuation Pause)
Event: 3.255 Executing VM operation: G1CollectForAllocation (G1 Evacuation Pause) done
Event: 3.313 Executing VM operation: HandshakeAllThreads (Deoptimize)
Event: 3.313 Executing VM operation: HandshakeAllThreads (Deoptimize) done
Event: 3.474 Executing VM operation: G1CollectForAllocation (G1 Evacuation Pause)

Memory protections (0 events):
No events

Nmethod flushes (20 events):
Event: 2.753 Thread 0x000002183404a2b0 flushing  nmethod 0x000002182058f490
Event: 2.753 Thread 0x000002183404a2b0 flushing  nmethod 0x0000021820590490
Event: 2.753 Thread 0x000002183404a2b0 flushing  nmethod 0x0000021820590b90
Event: 2.753 Thread 0x000002183404a2b0 flushing  nmethod 0x0000021820592590
Event: 2.753 Thread 0x000002183404a2b0 flushing  nmethod 0x0000021820592c90
Event: 2.753 Thread 0x000002183404a2b0 flushing  nmethod 0x0000021820594410
Event: 2.753 Thread 0x000002183404a2b0 flushing  nmethod 0x0000021820594c10
Event: 2.753 Thread 0x000002183404a2b0 flushing  nmethod 0x0000021820595410
Event: 2.753 Thread 0x000002183404a2b0 flushing  nmethod 0x00000218205a0990
Event: 2.753 Thread 0x000002183404a2b0 flushing osr nmethod 0x00000218205a1990
Event: 2.753 Thread 0x000002183404a2b0 flushing  nmethod 0x00000218205a8b10
Event: 2.753 Thread 0x000002183404a2b0 flushing  nmethod 0x00000218205a8e90
Event: 2.753 Thread 0x000002183404a2b0 flushing  nmethod 0x00000218205aa810
Event: 2.753 Thread 0x000002183404a2b0 flushing  nmethod 0x00000218205ac990
Event: 2.753 Thread 0x000002183404a2b0 flushing  nmethod 0x00000218205ad990
Event: 2.753 Thread 0x000002183404a2b0 flushing  nmethod 0x00000218205af910
Event: 2.753 Thread 0x000002183404a2b0 flushing  nmethod 0x00000218205e0f10
Event: 2.753 Thread 0x000002183404a2b0 flushing  nmethod 0x00000218205f6a90
Event: 2.753 Thread 0x000002183404a2b0 flushing  nmethod 0x00000218205f9d90
Event: 2.753 Thread 0x000002183404a2b0 flushing  nmethod 0x0000021820669990

Events (16 events):
Event: 0.008 Thread 0x000002181d2375e0 Thread added: 0x000002181d2375e0
Event: 0.067 Thread 0x000002181d2375e0 Thread added: 0x00000218341c07e0
Event: 0.073 Thread 0x000002181d2375e0 Thread added: 0x00000218341c2990
Event: 0.073 Thread 0x000002181d2375e0 Thread added: 0x00000218341ebce0
Event: 0.074 Thread 0x000002181d2375e0 Thread added: 0x00000218341ed160
Event: 0.074 Thread 0x000002181d2375e0 Thread added: 0x0000021834196600
Event: 0.074 Thread 0x000002181d2375e0 Thread added: 0x0000021834197410
Event: 0.074 Thread 0x000002181d2375e0 Thread added: 0x00000218341d7c80
Event: 0.074 Thread 0x000002181d2375e0 Thread added: 0x00000218341d91b0
Event: 0.074 Thread 0x000002181d2375e0 Thread added: 0x00000218341f4f30
Event: 0.122 Thread 0x000002181d2375e0 Thread added: 0x000002183437b380
Event: 0.133 Loaded shared library C:\Program Files\Android\Android Studio\jbr\bin\net.dll
Event: 0.134 Loaded shared library C:\Program Files\Android\Android Studio\jbr\bin\nio.dll
Event: 0.154 Thread 0x00000218341d91b0 Thread added: 0x00000218343fc6e0
Event: 0.165 Loaded shared library C:\Program Files\Android\Android Studio\jbr\bin\zip.dll
Event: 0.196 Loaded shared library C:\Program Files\Android\Android Studio\jbr\bin\jimage.dll


Dynamic libraries:
0x00007ff6c8510000 - 0x00007ff6c851a000 	C:\Program Files\Android\Android Studio\jbr\bin\java.exe
0x00007ffbdf170000 - 0x00007ffbdf368000 	C:\Windows\SYSTEM32\ntdll.dll
0x00007ffbde310000 - 0x00007ffbde3cf000 	C:\Windows\System32\KERNEL32.DLL
0x00007ffbdcdd0000 - 0x00007ffbdd0aa000 	C:\Windows\System32\KERNELBASE.dll
0x00007ffbdc990000 - 0x00007ffbdca90000 	C:\Windows\System32\ucrtbase.dll
0x00007ffb816d0000 - 0x00007ffb816e8000 	C:\Program Files\Android\Android Studio\jbr\bin\jli.dll
0x00007ffb35280000 - 0x00007ffb3529b000 	C:\Program Files\Android\Android Studio\jbr\bin\VCRUNTIME140.dll
0x00007ffbdd1f0000 - 0x00007ffbdd38d000 	C:\Windows\System32\USER32.dll
0x00007ffbcf1e0000 - 0x00007ffbcf47a000 	C:\Windows\WinSxS\amd64_microsoft.windows.common-controls_6595b64144ccf1df_6.0.19041.1110_none_60b5254171f9507e\COMCTL32.dll
0x00007ffbdd150000 - 0x00007ffbdd172000 	C:\Windows\System32\win32u.dll
0x00007ffbdd760000 - 0x00007ffbdd7fe000 	C:\Windows\System32\msvcrt.dll
0x00007ffbdd5a0000 - 0x00007ffbdd5cb000 	C:\Windows\System32\GDI32.dll
0x00007ffbdc880000 - 0x00007ffbdc990000 	C:\Windows\System32\gdi32full.dll
0x00007ffbdcb20000 - 0x00007ffbdcbbd000 	C:\Windows\System32\msvcp_win.dll
0x00007ffbde3d0000 - 0x00007ffbde400000 	C:\Windows\System32\IMM32.DLL
0x00007ffb1f470000 - 0x00007ffb1f47c000 	C:\Program Files\Android\Android Studio\jbr\bin\vcruntime140_1.dll
0x00007ffb22160000 - 0x00007ffb221ed000 	C:\Program Files\Android\Android Studio\jbr\bin\msvcp140.dll
0x00007ffb13550000 - 0x00007ffb141e6000 	C:\Program Files\Android\Android Studio\jbr\bin\server\jvm.dll
0x00007ffbde030000 - 0x00007ffbde0de000 	C:\Windows\System32\ADVAPI32.dll
0x00007ffbde270000 - 0x00007ffbde30c000 	C:\Windows\System32\sechost.dll
0x00007ffbdd390000 - 0x00007ffbdd4b6000 	C:\Windows\System32\RPCRT4.dll
0x00007ffbdde90000 - 0x00007ffbddefb000 	C:\Windows\System32\WS2_32.dll
0x00007ffbdc6f0000 - 0x00007ffbdc73b000 	C:\Windows\SYSTEM32\POWRPROF.dll
0x00007ffbd2ae0000 - 0x00007ffbd2b07000 	C:\Windows\SYSTEM32\WINMM.dll
0x00007ffbd6f90000 - 0x00007ffbd6f9a000 	C:\Windows\SYSTEM32\VERSION.dll
0x00007ffbdc6d0000 - 0x00007ffbdc6e2000 	C:\Windows\SYSTEM32\UMPDC.dll
0x00007ffbda760000 - 0x00007ffbda772000 	C:\Windows\SYSTEM32\kernel.appcore.dll
0x00007ffb1f460000 - 0x00007ffb1f46a000 	C:\Program Files\Android\Android Studio\jbr\bin\jimage.dll
0x00007ffbd31a0000 - 0x00007ffbd3384000 	C:\Windows\SYSTEM32\DBGHELP.DLL
0x00007ffbc4f70000 - 0x00007ffbc4fa4000 	C:\Windows\SYSTEM32\dbgcore.DLL
0x00007ffbdca90000 - 0x00007ffbdcb12000 	C:\Windows\System32\bcryptPrimitives.dll
0x00007ffb1f440000 - 0x00007ffb1f460000 	C:\Program Files\Android\Android Studio\jbr\bin\java.dll
0x00007ffb12d80000 - 0x00007ffb12d98000 	C:\Program Files\Android\Android Studio\jbr\bin\zip.dll
0x00007ffbde9e0000 - 0x00007ffbdf124000 	C:\Windows\System32\SHELL32.dll
0x00007ffbda960000 - 0x00007ffbdb0f3000 	C:\Windows\SYSTEM32\windows.storage.dll
0x00007ffbde5f0000 - 0x00007ffbde944000 	C:\Windows\System32\combase.dll
0x00007ffbdc200000 - 0x00007ffbdc22e000 	C:\Windows\SYSTEM32\Wldp.dll
0x00007ffbdd5d0000 - 0x00007ffbdd67d000 	C:\Windows\System32\SHCORE.dll
0x00007ffbde460000 - 0x00007ffbde4b5000 	C:\Windows\System32\shlwapi.dll
0x00007ffbdc7c0000 - 0x00007ffbdc7df000 	C:\Windows\SYSTEM32\profapi.dll
0x00007ffb13540000 - 0x00007ffb13550000 	C:\Program Files\Android\Android Studio\jbr\bin\net.dll
0x00007ffbd6670000 - 0x00007ffbd677a000 	C:\Windows\SYSTEM32\WINHTTP.dll
0x00007ffbdbf60000 - 0x00007ffbdbfca000 	C:\Windows\system32\mswsock.dll
0x00007ffb13520000 - 0x00007ffb13536000 	C:\Program Files\Android\Android Studio\jbr\bin\nio.dll
0x00007ffb13060000 - 0x00007ffb13070000 	C:\Program Files\Android\Android Studio\jbr\bin\verify.dll

JVMTI agents: none

dbghelp: loaded successfully - version: 4.0.5 - missing functions: none
symbol engine: initialized successfully - sym options: 0x614 - pdb path: .;C:\Program Files\Android\Android Studio\jbr\bin;C:\Windows\SYSTEM32;C:\Windows\WinSxS\amd64_microsoft.windows.common-controls_6595b64144ccf1df_6.0.19041.1110_none_60b5254171f9507e;C:\Program Files\Android\Android Studio\jbr\bin\server

VM Arguments:
java_command: org.jetbrains.kotlin.cli.jvm.K2JVMCompiler @D:\ZOVV\mobile\app\build\20260408_5339121407675184746.compiler.options
java_class_path (initial): C:\Users\Academy\.gradle\caches\modules-2\files-2.1\org.jetbrains.kotlin\kotlin-compiler-embeddable\2.0.21\79346ed53db48b18312a472602eb5c057070c54d\kotlin-compiler-embeddable-2.0.21.jar;C:\Users\Academy\.gradle\caches\modules-2\files-2.1\org.jetbrains.kotlin\kotlin-stdlib\2.0.21\618b539767b4899b4660a83006e052b63f1db551\kotlin-stdlib-2.0.21.jar;C:\Users\Academy\.gradle\caches\modules-2\files-2.1\org.jetbrains.kotlin\kotlin-script-runtime\2.0.21\c9b044380ad41f89aa89aa896c2d32a8c0b2129d\kotlin-script-runtime-2.0.21.jar;C:\Users\Academy\.gradle\caches\modules-2\files-2.1\org.jetbrains.kotlin\kotlin-reflect\1.6.10\1cbe9c92c12a94eea200d23c2bbaedaf3daf5132\kotlin-reflect-1.6.10.jar;C:\Users\Academy\.gradle\caches\modules-2\files-2.1\org.jetbrains.kotlin\kotlin-daemon-embeddable\2.0.21\c9e933b23287de9b5a17e2116b4657bb91aea72c\kotlin-daemon-embeddable-2.0.21.jar;C:\Users\Academy\.gradle\caches\modules-2\files-2.1\org.jetbrains.intellij.deps\trove4j\1.0.20200330\3afb14d5f9ceb459d724e907a21145e8ff394f02\trove4j-1.0.20200330.jar;C:\Users\Academy\.gradle\caches\modules-2\files-2.1\org.jetbrains.kotlinx\kotlinx-coroutines-core-jvm\1.6.4\2c997cd1c0ef33f3e751d3831929aeff1390cb30\kotlinx-coroutines-core-jvm-1.6.4.jar;C:\Users\Academy\.gradle\caches\modules-2\files-2.1\org.jetbrains\annotations\13.0\919f0dfe192fb4e063e7dacadee7f8bb9a2672a9\annotations-13.0.jar
Launcher Type: SUN_STANDARD

[Global flags]
     intx CICompilerCount                          = 3                                         {product} {ergonomic}
     uint ConcGCThreads                            = 1                                         {product} {ergonomic}
     uint G1ConcRefinementThreads                  = 4                                         {product} {ergonomic}
   size_t G1HeapRegionSize                         = 1048576                                   {product} {ergonomic}
    uintx GCDrainStackTargetSize                   = 64                                        {product} {ergonomic}
   size_t InitialHeapSize                          = 134217728                                 {product} {ergonomic}
   size_t MarkStackSize                            = 4194304                                   {product} {ergonomic}
   size_t MaxHeapSize                              = 2118123520                                {product} {ergonomic}
   size_t MaxNewSize                               = 1270874112                                {product} {ergonomic}
   size_t MinHeapDeltaBytes                        = 1048576                                   {product} {ergonomic}
   size_t MinHeapSize                              = 8388608                                   {product} {ergonomic}
    uintx NonNMethodCodeHeapSize                   = 5832780                                {pd product} {ergonomic}
    uintx NonProfiledCodeHeapSize                  = 122912730                              {pd product} {ergonomic}
    uintx ProfiledCodeHeapSize                     = 122912730                              {pd product} {ergonomic}
    uintx ReservedCodeCacheSize                    = 251658240                              {pd product} {ergonomic}
     bool SegmentedCodeCache                       = true                                      {product} {ergonomic}
   size_t SoftMaxHeapSize                          = 2118123520                             {manageable} {ergonomic}
     bool UseCompressedOops                        = true                           {product lp64_product} {ergonomic}
     bool UseG1GC                                  = true                                      {product} {ergonomic}
     bool UseLargePagesIndividualAllocation        = false                                  {pd product} {ergonomic}

Logging:
Log output configuration:
 #0: stdout all=warning uptime,level,tags foldmultilines=false
 #1: stderr all=off uptime,level,tags foldmultilines=false

Environment Variables:
PATH=C:\Program Files (x86)\Common Files\Intel\Shared Libraries\redist\intel64\compiler;C:\Windows\system32;C:\Windows;C:\Windows\System32\Wbem;C:\Windows\System32\WindowsPowerShell\v1.0\;C:\Windows\System32\OpenSSH\;C:\Program Files\Microsoft SQL Server\150\Tools\Binn\;C:\Program Files\Microsoft SQL Server\Client SDK\ODBC\170\Tools\Binn\;C:\Program Files\dotnet\;C:\Program Files (x86)\Windows Kits\10\Windows Performance Toolkit\;C:\Program Files\Microsoft SQL Server\120\Tools\Binn\;C:\Program Files (x86)\IVI Foundation\VISA\WinNT\Bin;C:\ProgramData\ComposerSetup\bin;C:\OSPanel\modules\php\PHP_8.1;C:\Program Files\nodejs\;C:\Program Files\PuTTY\;C:\Users\Academy\AppData\Local\Programs\Python\Python313\Scripts\;C:\Users\Academy\AppData\Local\Programs\Python\Python313\;C:\Users\Academy\AppData\Local\Microsoft\WindowsApps;C:\Users\Academy\AppData\Local\Programs\Microsoft VS Code\bin;C:\Users\Admin\AppData\Local\GitHubDesktop\bin;C:\Users\Academy\AppData\Roaming\npm;C:\Users\Academy\AppData\Local\GitHubDesktop\bin;C:\Users\Academy\AppData\Local\Programs\Git\cmd;C:\Users\Academy\.dotnet\tools
USERNAME=Academy
OS=Windows_NT
PROCESSOR_IDENTIFIER=Intel64 Family 6 Model 60 Stepping 3, GenuineIntel
TMP=C:\Users\Academy\AppData\Local\Temp
TEMP=C:\Users\Academy\AppData\Local\Temp




Periodic native trim disabled

JNI global refs:
JNI global refs: 8, weak refs: 0

JNI global refs memory usage: 835, weak refs: 833

Process memory usage:
Resident Set Size: 231980K (2% of 8272704K total physical memory with 468288K free physical memory)

OOME stack traces (most recent first):
Classloader memory used:
Loader jdk.internal.loader.ClassLoaders$AppClassLoader                                 : 45047K
Loader bootstrap                                                                       : 10660K

---------------  S Y S T E M  ---------------

OS:
 Windows 10 , 64 bit Build 19041 (10.0.19041.2788)
OS uptime: 2 days 1:12 hours

CPU: total 4 (initial active 4) (4 cores per cpu, 1 threads per core) family 6 model 60 stepping 3 microcode 0x27, cx8, cmov, fxsr, mmx, sse, sse2, sse3, ssse3, sse4.1, sse4.2, popcnt, lzcnt, tsc, tscinvbit, avx, avx2, aes, erms, clmul, bmi1, bmi2, fma, vzeroupper, clflush, rdtscp, f16c
Processor Information for the first 4 processors :
  Max Mhz: 3201, Current Mhz: 3201, Mhz Limit: 3201

Memory: 4k page, system-wide physical 8078M (457M free)
TotalPageFile size 16270M (AvailPageFile size 29M)
current process WorkingSet (physical memory assigned to process): 226M, peak: 233M
current process commit charge ("private bytes"): 252M, peak: 278M

vm_info: OpenJDK 64-Bit Server VM (21.0.8+-14196175-b1038.72) for windows-amd64 JRE (21.0.8+-14196175-b1038.72), built on 2025-10-01T10:24:33Z by "builder" with MS VC++ 16.10 / 16.11 (VS2019)

END.
