#
# There is insufficient memory for the Java Runtime Environment to continue.
# Native memory allocation (malloc) failed to allocate 563296 bytes. Error detail: Chunk::new
# Possible reasons:
#   The system is out of physical RAM or swap space
#   This process is running with CompressedOops enabled, and the Java Heap may be blocking the growth of the native heap
# Possible solutions:
#   Reduce memory load on the system
#   Increase physical memory or swap space
#   Check if swap backing store is full
#   Decrease Java heap size (-Xmx/-Xms)
#   Decrease number of Java threads
#   Decrease Java thread stack sizes (-Xss)
#   Set larger code cache with -XX:ReservedCodeCacheSize=
#   JVM is running with Unscaled Compressed Oops mode in which the Java heap is
#     placed in the first 4GB address space. The Java Heap base address is the
#     maximum limit for the native heap growth. Please use -XX:HeapBaseMinAddress
#     to set the Java Heap base and to place the Java Heap above 4GB virtual address.
# This output file may be truncated or incomplete.
#
#  Out of Memory Error (arena.cpp:168), pid=14140, tid=10696
#
# JRE version: OpenJDK Runtime Environment (21.0.8) (build 21.0.8+-14196175-b1038.72)
# Java VM: OpenJDK 64-Bit Server VM (21.0.8+-14196175-b1038.72, mixed mode, tiered, compressed oops, compressed class ptrs, g1 gc, windows-amd64)
# No core dump will be written. Minidumps are not enabled by default on client versions of Windows
#

---------------  S U M M A R Y ------------

Command Line: --add-opens=java.base/java.lang=ALL-UNNAMED --add-opens=java.base/java.lang.invoke=ALL-UNNAMED --add-opens=java.base/java.util=ALL-UNNAMED --add-opens=java.prefs/java.util.prefs=ALL-UNNAMED --add-exports=jdk.compiler/com.sun.tools.javac.api=ALL-UNNAMED --add-exports=jdk.compiler/com.sun.tools.javac.util=ALL-UNNAMED --add-opens=java.base/java.util=ALL-UNNAMED --add-opens=java.prefs/java.util.prefs=ALL-UNNAMED --add-opens=java.base/java.nio.charset=ALL-UNNAMED --add-opens=java.base/java.net=ALL-UNNAMED --add-opens=java.base/java.util.concurrent.atomic=ALL-UNNAMED --add-opens=java.xml/javax.xml.namespace=ALL-UNNAMED -Xmx2048m -Dfile.encoding=UTF-8 -Duser.country=RU -Duser.language=ru -Duser.variant -javaagent:C:\Users\Academy\.gradle\wrapper\dists\gradle-8.13-bin\5xuhj0ry160q40clulazy9h7d\gradle-8.13\lib\agents\gradle-instrumentation-agent-8.13.jar org.gradle.launcher.daemon.bootstrap.GradleDaemon 8.13

Host: Intel(R) Core(TM) i5-4570 CPU @ 3.20GHz, 4 cores, 7G,  Windows 10 , 64 bit Build 19041 (10.0.19041.2788)
Time: Wed Apr  8 09:44:48 2026 elapsed time: 20.771648 seconds (0d 0h 0m 20s)

---------------  T H R E A D  ---------------

Current thread (0x000002096e223ae0):  JavaThread "C2 CompilerThread1" daemon [_thread_in_native, id=10696, stack(0x000000981e200000,0x000000981e300000) (1024K)]


Current CompileTask:
C2:20771 12710   !   4       org.jetbrains.kotlin.metadata.ProtoBuf$Type::<init> (875 bytes)

Stack: [0x000000981e200000,0x000000981e300000]
Native frames: (J=compiled Java code, j=interpreted, Vv=VM code, C=native code)
V  [jvm.dll+0x6d68d9]
V  [jvm.dll+0x866693]
V  [jvm.dll+0x868c4e]
V  [jvm.dll+0x869333]
V  [jvm.dll+0x280566]
V  [jvm.dll+0xc07cd]
V  [jvm.dll+0xc0d03]
V  [jvm.dll+0x2f5970]
V  [jvm.dll+0x5ff719]
V  [jvm.dll+0x252362]
V  [jvm.dll+0x24ab5d]
V  [jvm.dll+0x24871e]
V  [jvm.dll+0x1c73a4]
V  [jvm.dll+0x257f9e]
V  [jvm.dll+0x2564e6]
V  [jvm.dll+0x3f4696]
V  [jvm.dll+0x80eac8]
V  [jvm.dll+0x6d512d]
C  [ucrtbase.dll+0x21bb2]
C  [KERNEL32.DLL+0x17604]
C  [ntdll.dll+0x526a1]


---------------  P R O C E S S  ---------------

Threads class SMR info:
_java_thread_list=0x0000020970eff480, length=55, elements={
0x000002094fa3ab50, 0x0000020966a6b930, 0x0000020966ab3610, 0x0000020966a6e790,
0x0000020966a6f330, 0x0000020966a916b0, 0x0000020966a92110, 0x0000020966abbf10,
0x0000020966a9b120, 0x0000020966aa10d0, 0x0000020966d41590, 0x000002096c7e9cc0,
0x000002096c7f4b60, 0x000002096b9bd9a0, 0x000002096c8cacc0, 0x000002096c8cb330,
0x000002096c90bff0, 0x000002096c921e20, 0x000002096c921790, 0x000002096c9224b0,
0x000002096c9231d0, 0x000002096c9203e0, 0x000002096c922b40, 0x000002096c923860,
0x000002096c921100, 0x000002096e8f2b80, 0x000002096e8f0ab0, 0x000002096e8f38a0,
0x000002096e8f4c50, 0x000002096e8f3f30, 0x000002096e8f24f0, 0x000002096e8f1e60,
0x000002096e8f52e0, 0x000002096e8f5970, 0x000002096e8f6690, 0x000002096e8f3210,
0x000002096e8ef700, 0x000002096e8f6d20, 0x000002096e8f0420, 0x000002096e8efd90,
0x000002096e8f1140, 0x000002096e8f17d0, 0x000002096dcddff0, 0x000002096dcdd960,
0x000002096dcdb200, 0x000002096dcd7060, 0x000002096dcde680, 0x000002096dcd76f0,
0x000002096dcd9e50, 0x000002096dcd7d80, 0x000002096dcd8410, 0x000002096dcdab70,
0x000002096dcd8aa0, 0x000002096dcdb890, 0x000002096e223ae0
}

Java Threads: ( => current thread )
  0x000002094fa3ab50 JavaThread "main"                              [_thread_blocked, id=7052, stack(0x000000981af00000,0x000000981b000000) (1024K)]
  0x0000020966a6b930 JavaThread "Common-Cleaner"             daemon [_thread_blocked, id=8384, stack(0x000000981b700000,0x000000981b800000) (1024K)]
  0x0000020966ab3610 JavaThread "Reference Handler"          daemon [_thread_blocked, id=6924, stack(0x000000981b800000,0x000000981b900000) (1024K)]
  0x0000020966a6e790 JavaThread "Finalizer"                  daemon [_thread_blocked, id=12368, stack(0x000000981b900000,0x000000981ba00000) (1024K)]
  0x0000020966a6f330 JavaThread "Signal Dispatcher"          daemon [_thread_blocked, id=12180, stack(0x000000981ba00000,0x000000981bb00000) (1024K)]
  0x0000020966a916b0 JavaThread "Attach Listener"            daemon [_thread_blocked, id=4032, stack(0x000000981bb00000,0x000000981bc00000) (1024K)]
  0x0000020966a92110 JavaThread "Service Thread"             daemon [_thread_blocked, id=12040, stack(0x000000981bc00000,0x000000981bd00000) (1024K)]
  0x0000020966abbf10 JavaThread "Monitor Deflation Thread"   daemon [_thread_blocked, id=14272, stack(0x000000981bd00000,0x000000981be00000) (1024K)]
  0x0000020966a9b120 JavaThread "C2 CompilerThread0"         daemon [_thread_in_native, id=2204, stack(0x000000981be00000,0x000000981bf00000) (1024K)]
  0x0000020966aa10d0 JavaThread "C1 CompilerThread0"         daemon [_thread_in_native, id=10740, stack(0x000000981bf00000,0x000000981c000000) (1024K)]
  0x0000020966d41590 JavaThread "Notification Thread"        daemon [_thread_blocked, id=10832, stack(0x000000981c000000,0x000000981c100000) (1024K)]
  0x000002096c7e9cc0 JavaThread "Daemon health stats"               [_thread_blocked, id=1348, stack(0x000000981c300000,0x000000981c400000) (1024K)]
  0x000002096c7f4b60 JavaThread "Incoming local TCP Connector on port 59247"        [_thread_in_native, id=1768, stack(0x000000981c500000,0x000000981c600000) (1024K)]
  0x000002096b9bd9a0 JavaThread "Daemon periodic checks"            [_thread_blocked, id=4256, stack(0x000000981c600000,0x000000981c700000) (1024K)]
  0x000002096c8cacc0 JavaThread "Daemon"                            [_thread_blocked, id=9444, stack(0x000000981c700000,0x000000981c800000) (1024K)]
  0x000002096c8cb330 JavaThread "Handler for socket connection from /127.0.0.1:59247 to /127.0.0.1:59248"        [_thread_in_native, id=11524, stack(0x000000981c800000,0x000000981c900000) (1024K)]
  0x000002096c90bff0 JavaThread "Cancel handler"                    [_thread_blocked, id=4408, stack(0x000000981c900000,0x000000981ca00000) (1024K)]
  0x000002096c921e20 JavaThread "Daemon worker"                     [_thread_in_vm, id=13492, stack(0x000000981ca00000,0x000000981cb00000) (1024K)]
  0x000002096c921790 JavaThread "Asynchronous log dispatcher for DefaultDaemonConnection: socket connection from /127.0.0.1:59247 to /127.0.0.1:59248"        [_thread_blocked, id=13792, stack(0x000000981cb00000,0x000000981cc00000) (1024K)]
  0x000002096c9224b0 JavaThread "Stdin handler"                     [_thread_blocked, id=9240, stack(0x000000981cc00000,0x000000981cd00000) (1024K)]
  0x000002096c9231d0 JavaThread "Daemon client event forwarder"        [_thread_blocked, id=3144, stack(0x000000981cd00000,0x000000981ce00000) (1024K)]
  0x000002096c9203e0 JavaThread "Cache worker for journal cache (C:\Users\Academy\.gradle\caches\journal-1)"        [_thread_blocked, id=2096, stack(0x000000981ce00000,0x000000981cf00000) (1024K)]
  0x000002096c922b40 JavaThread "File lock request listener"        [_thread_in_native, id=2300, stack(0x000000981cf00000,0x000000981d000000) (1024K)]
  0x000002096c923860 JavaThread "Cache worker for file hash cache (C:\Users\Academy\.gradle\caches\8.13\fileHashes)"        [_thread_blocked, id=13692, stack(0x000000981d000000,0x000000981d100000) (1024K)]
  0x000002096c921100 JavaThread "Cache worker for file hash cache (D:\ZOVV\mobile\.gradle\8.13\fileHashes)"        [_thread_blocked, id=308, stack(0x000000981d200000,0x000000981d300000) (1024K)]
  0x000002096e8f2b80 JavaThread "Cache worker for Build Output Cleanup Cache (D:\ZOVV\mobile\.gradle\buildOutputCleanup)"        [_thread_blocked, id=13468, stack(0x000000981d300000,0x000000981d400000) (1024K)]
  0x000002096e8f0ab0 JavaThread "File watcher server"        daemon [_thread_in_native, id=12480, stack(0x000000981d400000,0x000000981d500000) (1024K)]
  0x000002096e8f38a0 JavaThread "File watcher consumer"      daemon [_thread_blocked, id=2792, stack(0x000000981d500000,0x000000981d600000) (1024K)]
  0x000002096e8f4c50 JavaThread "jar transforms"                    [_thread_blocked, id=11052, stack(0x000000981d600000,0x000000981d700000) (1024K)]
  0x000002096e8f3f30 JavaThread "jar transforms Thread 2"           [_thread_blocked, id=7104, stack(0x000000981d700000,0x000000981d800000) (1024K)]
  0x000002096e8f24f0 JavaThread "Cache worker for checksums cache (D:\ZOVV\mobile\.gradle\8.13\checksums)"        [_thread_blocked, id=6424, stack(0x000000981d800000,0x000000981d900000) (1024K)]
  0x000002096e8f1e60 JavaThread "Cache worker for file content cache (C:\Users\Academy\.gradle\caches\8.13\fileContent)"        [_thread_blocked, id=13180, stack(0x000000981d900000,0x000000981da00000) (1024K)]
  0x000002096e8f52e0 JavaThread "jar transforms Thread 3"           [_thread_blocked, id=10704, stack(0x000000981da00000,0x000000981db00000) (1024K)]
  0x000002096e8f5970 JavaThread "Cache worker for cache directory md-supplier (C:\Users\Academy\.gradle\caches\8.13\md-supplier)"        [_thread_blocked, id=11972, stack(0x000000981db00000,0x000000981dc00000) (1024K)]
  0x000002096e8f6690 JavaThread "Cache worker for cache directory md-rule (C:\Users\Academy\.gradle\caches\8.13\md-rule)"        [_thread_blocked, id=12360, stack(0x000000981dc00000,0x000000981dd00000) (1024K)]
  0x000002096e8f3210 JavaThread "Unconstrained build operations"        [_thread_blocked, id=10752, stack(0x000000981d100000,0x000000981d200000) (1024K)]
  0x000002096e8ef700 JavaThread "Unconstrained build operations Thread 2"        [_thread_blocked, id=9900, stack(0x000000981dd00000,0x000000981de00000) (1024K)]
  0x000002096e8f6d20 JavaThread "Unconstrained build operations Thread 3"        [_thread_blocked, id=10512, stack(0x000000981de00000,0x000000981df00000) (1024K)]
  0x000002096e8f0420 JavaThread "Unconstrained build operations Thread 4"        [_thread_blocked, id=1988, stack(0x000000981df00000,0x000000981e000000) (1024K)]
  0x000002096e8efd90 JavaThread "Unconstrained build operations Thread 5"        [_thread_blocked, id=9952, stack(0x000000981e000000,0x000000981e100000) (1024K)]
  0x000002096e8f1140 JavaThread "Unconstrained build operations Thread 6"        [_thread_blocked, id=11612, stack(0x000000981e100000,0x000000981e200000) (1024K)]
  0x000002096e8f17d0 JavaThread "jar transforms Thread 4"           [_thread_blocked, id=9928, stack(0x000000981e300000,0x000000981e400000) (1024K)]
  0x000002096dcddff0 JavaThread "Unconstrained build operations Thread 7"        [_thread_blocked, id=1420, stack(0x000000981e400000,0x000000981e500000) (1024K)]
  0x000002096dcdd960 JavaThread "Unconstrained build operations Thread 8"        [_thread_blocked, id=13472, stack(0x000000981e500000,0x000000981e600000) (1024K)]
  0x000002096dcdb200 JavaThread "Unconstrained build operations Thread 9"        [_thread_blocked, id=10952, stack(0x000000981e600000,0x000000981e700000) (1024K)]
  0x000002096dcd7060 JavaThread "Unconstrained build operations Thread 10"        [_thread_blocked, id=10584, stack(0x000000981e700000,0x000000981e800000) (1024K)]
  0x000002096dcde680 JavaThread "Unconstrained build operations Thread 11"        [_thread_blocked, id=12284, stack(0x000000981e800000,0x000000981e900000) (1024K)]
  0x000002096dcd76f0 JavaThread "Unconstrained build operations Thread 12"        [_thread_blocked, id=768, stack(0x000000981e900000,0x000000981ea00000) (1024K)]
  0x000002096dcd9e50 JavaThread "Unconstrained build operations Thread 13"        [_thread_blocked, id=13456, stack(0x000000981ea00000,0x000000981eb00000) (1024K)]
  0x000002096dcd7d80 JavaThread "Unconstrained build operations Thread 14"        [_thread_blocked, id=10700, stack(0x000000981eb00000,0x000000981ec00000) (1024K)]
  0x000002096dcd8410 JavaThread "Unconstrained build operations Thread 15"        [_thread_blocked, id=5076, stack(0x000000981ec00000,0x000000981ed00000) (1024K)]
  0x000002096dcdab70 JavaThread "Unconstrained build operations Thread 16"        [_thread_blocked, id=13448, stack(0x000000981ed00000,0x000000981ee00000) (1024K)]
  0x000002096dcd8aa0 JavaThread "Unconstrained build operations Thread 17"        [_thread_blocked, id=9400, stack(0x000000981ee00000,0x000000981ef00000) (1024K)]
  0x000002096dcdb890 JavaThread "Unconstrained build operations Thread 18"        [_thread_blocked, id=1220, stack(0x000000981ef00000,0x000000981f000000) (1024K)]
=>0x000002096e223ae0 JavaThread "C2 CompilerThread1"         daemon [_thread_in_native, id=10696, stack(0x000000981e200000,0x000000981e300000) (1024K)]
Total: 55

Other Threads:
  0x00000209669fb8f0 VMThread "VM Thread"                           [id=2548, stack(0x000000981b600000,0x000000981b700000) (1024K)]
  0x000002096686aea0 WatcherThread "VM Periodic Task Thread"        [id=7872, stack(0x000000981b500000,0x000000981b600000) (1024K)]
  0x000002094fa8e300 WorkerThread "GC Thread#0"                     [id=2312, stack(0x000000981b000000,0x000000981b100000) (1024K)]
  0x000002096b010060 WorkerThread "GC Thread#1"                     [id=2408, stack(0x000000981c100000,0x000000981c200000) (1024K)]
  0x000002096b174a20 WorkerThread "GC Thread#2"                     [id=4428, stack(0x000000981c200000,0x000000981c300000) (1024K)]
  0x000002096bb306b0 WorkerThread "GC Thread#3"                     [id=11048, stack(0x000000981c400000,0x000000981c500000) (1024K)]
  0x000002094fa9f100 ConcurrentGCThread "G1 Main Marker"            [id=14156, stack(0x000000981b100000,0x000000981b200000) (1024K)]
  0x000002094faa0050 WorkerThread "G1 Conc#0"                       [id=13308, stack(0x000000981b200000,0x000000981b300000) (1024K)]
  0x000002094fb0e970 ConcurrentGCThread "G1 Refine#0"               [id=12508, stack(0x000000981b300000,0x000000981b400000) (1024K)]
  0x00000209667325e0 ConcurrentGCThread "G1 Service"                [id=1652, stack(0x000000981b400000,0x000000981b500000) (1024K)]
Total: 10

Threads with active compile tasks:
C2 CompilerThread0  20801 12730   !   4       org.jetbrains.kotlin.metadata.ProtoBuf$Function::<init> (1410 bytes)
C1 CompilerThread0  20801 12733       3       org.jetbrains.kotlin.metadata.deserialization.TypeTable::<init> (208 bytes)
C2 CompilerThread1  20801 12710   !   4       org.jetbrains.kotlin.metadata.ProtoBuf$Type::<init> (875 bytes)
Total: 3

VM state: not at safepoint (normal execution)

VM Mutex/Monitor currently owned by a thread: None

Heap address: 0x0000000080000000, size: 2048 MB, Compressed Oops mode: 32-bit

CDS archive(s) not mapped
Compressed class space mapped at: 0x0000000100000000-0x0000000140000000, reserved size: 1073741824
Narrow klass base: 0x0000000000000000, Narrow klass shift: 3, Narrow klass range: 0x140000000

GC Precious Log:
 CardTable entry size: 512
 Card Set container configuration: InlinePtr #cards 5 size 8 Array Of Cards #cards 12 size 40 Howl #buckets 4 coarsen threshold 1843 Howl Bitmap #cards 512 size 80 coarsen threshold 460 Card regions per heap region 1 cards per card region 2048
 CPUs: 4 total, 4 available
 Memory: 8078M
 Large Page Support: Disabled
 NUMA Support: Disabled
 Compressed Oops: Enabled (32-bit)
 Heap Region Size: 1M
 Heap Min Capacity: 8M
 Heap Initial Capacity: 128M
 Heap Max Capacity: 2G
 Pre-touch: Disabled
 Parallel Workers: 4
 Concurrent Workers: 1
 Concurrent Refinement Workers: 4
 Periodic GC: Disabled

Heap:
 garbage-first heap   total 211968K, used 151154K [0x0000000080000000, 0x0000000100000000)
  region size 1024K, 18 young (18432K), 6 survivors (6144K)
 Metaspace       used 120372K, committed 122560K, reserved 1179648K
  class space    used 16574K, committed 17664K, reserved 1048576K

Heap Regions: E=young(eden), S=young(survivor), O=old, HS=humongous(starts), HC=humongous(continues), CS=collection set, F=free, TAMS=top-at-mark-start, PB=parsable bottom
|   0|0x0000000080000000, 0x0000000080100000, 0x0000000080100000|100%|HS|  |TAMS 0x0000000080100000| PB 0x0000000080000000| Complete 
|   1|0x0000000080100000, 0x0000000080200000, 0x0000000080200000|100%|HC|  |TAMS 0x0000000080200000| PB 0x0000000080100000| Complete 
|   2|0x0000000080200000, 0x0000000080300000, 0x0000000080300000|100%|HC|  |TAMS 0x0000000080300000| PB 0x0000000080200000| Complete 
|   3|0x0000000080300000, 0x0000000080400000, 0x0000000080400000|100%| O|  |TAMS 0x0000000080400000| PB 0x0000000080300000| Untracked 
|   4|0x0000000080400000, 0x0000000080500000, 0x0000000080500000|100%| O|  |TAMS 0x0000000080500000| PB 0x0000000080400000| Untracked 
|   5|0x0000000080500000, 0x0000000080600000, 0x0000000080600000|100%| O|  |TAMS 0x0000000080600000| PB 0x0000000080500000| Untracked 
|   6|0x0000000080600000, 0x0000000080700000, 0x0000000080700000|100%| O|  |TAMS 0x0000000080700000| PB 0x0000000080600000| Untracked 
|   7|0x0000000080700000, 0x0000000080800000, 0x0000000080800000|100%|HS|  |TAMS 0x0000000080800000| PB 0x0000000080700000| Complete 
|   8|0x0000000080800000, 0x0000000080900000, 0x0000000080900000|100%| O|  |TAMS 0x0000000080900000| PB 0x0000000080800000| Untracked 
|   9|0x0000000080900000, 0x0000000080a00000, 0x0000000080a00000|100%| O|  |TAMS 0x0000000080a00000| PB 0x0000000080900000| Untracked 
|  10|0x0000000080a00000, 0x0000000080b00000, 0x0000000080b00000|100%| O|  |TAMS 0x0000000080b00000| PB 0x0000000080a00000| Untracked 
|  11|0x0000000080b00000, 0x0000000080c00000, 0x0000000080c00000|100%| O|  |TAMS 0x0000000080c00000| PB 0x0000000080b00000| Untracked 
|  12|0x0000000080c00000, 0x0000000080d00000, 0x0000000080d00000|100%| O|  |TAMS 0x0000000080d00000| PB 0x0000000080c00000| Untracked 
|  13|0x0000000080d00000, 0x0000000080e00000, 0x0000000080e00000|100%| O|  |TAMS 0x0000000080e00000| PB 0x0000000080d00000| Untracked 
|  14|0x0000000080e00000, 0x0000000080f00000, 0x0000000080f00000|100%| O|  |TAMS 0x0000000080f00000| PB 0x0000000080e00000| Untracked 
|  15|0x0000000080f00000, 0x0000000081000000, 0x0000000081000000|100%| O|  |TAMS 0x0000000081000000| PB 0x0000000080f00000| Untracked 
|  16|0x0000000081000000, 0x0000000081100000, 0x0000000081100000|100%| O|  |TAMS 0x0000000081100000| PB 0x0000000081000000| Untracked 
|  17|0x0000000081100000, 0x0000000081200000, 0x0000000081200000|100%| O|  |TAMS 0x0000000081200000| PB 0x0000000081100000| Untracked 
|  18|0x0000000081200000, 0x0000000081300000, 0x0000000081300000|100%| O|  |TAMS 0x0000000081300000| PB 0x0000000081200000| Untracked 
|  19|0x0000000081300000, 0x0000000081400000, 0x0000000081400000|100%| O|  |TAMS 0x0000000081400000| PB 0x0000000081300000| Untracked 
|  20|0x0000000081400000, 0x0000000081500000, 0x0000000081500000|100%| O|  |TAMS 0x0000000081500000| PB 0x0000000081400000| Untracked 
|  21|0x0000000081500000, 0x0000000081600000, 0x0000000081600000|100%| O|  |TAMS 0x0000000081600000| PB 0x0000000081500000| Untracked 
|  22|0x0000000081600000, 0x0000000081700000, 0x0000000081700000|100%| O|  |TAMS 0x0000000081700000| PB 0x0000000081600000| Untracked 
|  23|0x0000000081700000, 0x0000000081800000, 0x0000000081800000|100%| O|  |TAMS 0x0000000081800000| PB 0x0000000081700000| Untracked 
|  24|0x0000000081800000, 0x0000000081900000, 0x0000000081900000|100%| O|  |TAMS 0x0000000081900000| PB 0x0000000081800000| Untracked 
|  25|0x0000000081900000, 0x0000000081a00000, 0x0000000081a00000|100%| O|  |TAMS 0x0000000081a00000| PB 0x0000000081900000| Untracked 
|  26|0x0000000081a00000, 0x0000000081b00000, 0x0000000081b00000|100%| O|  |TAMS 0x0000000081b00000| PB 0x0000000081a00000| Untracked 
|  27|0x0000000081b00000, 0x0000000081c00000, 0x0000000081c00000|100%| O|  |TAMS 0x0000000081c00000| PB 0x0000000081b00000| Untracked 
|  28|0x0000000081c00000, 0x0000000081d00000, 0x0000000081d00000|100%| O|  |TAMS 0x0000000081d00000| PB 0x0000000081c00000| Untracked 
|  29|0x0000000081d00000, 0x0000000081e00000, 0x0000000081e00000|100%| O|  |TAMS 0x0000000081e00000| PB 0x0000000081d00000| Untracked 
|  30|0x0000000081e00000, 0x0000000081f00000, 0x0000000081f00000|100%| O|  |TAMS 0x0000000081f00000| PB 0x0000000081e00000| Untracked 
|  31|0x0000000081f00000, 0x0000000082000000, 0x0000000082000000|100%| O|  |TAMS 0x0000000082000000| PB 0x0000000081f00000| Untracked 
|  32|0x0000000082000000, 0x0000000082100000, 0x0000000082100000|100%| O|  |TAMS 0x0000000082100000| PB 0x0000000082000000| Untracked 
|  33|0x0000000082100000, 0x0000000082200000, 0x0000000082200000|100%| O|  |TAMS 0x0000000082200000| PB 0x0000000082100000| Untracked 
|  34|0x0000000082200000, 0x0000000082300000, 0x0000000082300000|100%| O|  |TAMS 0x0000000082300000| PB 0x0000000082200000| Untracked 
|  35|0x0000000082300000, 0x0000000082400000, 0x0000000082400000|100%| O|  |TAMS 0x0000000082400000| PB 0x0000000082300000| Untracked 
|  36|0x0000000082400000, 0x0000000082500000, 0x0000000082500000|100%| O|  |TAMS 0x0000000082500000| PB 0x0000000082400000| Untracked 
|  37|0x0000000082500000, 0x0000000082600000, 0x0000000082600000|100%| O|  |TAMS 0x0000000082600000| PB 0x0000000082500000| Untracked 
|  38|0x0000000082600000, 0x0000000082700000, 0x0000000082700000|100%| O|  |TAMS 0x0000000082700000| PB 0x0000000082600000| Untracked 
|  39|0x0000000082700000, 0x0000000082800000, 0x0000000082800000|100%| O|  |TAMS 0x0000000082800000| PB 0x0000000082700000| Untracked 
|  40|0x0000000082800000, 0x0000000082900000, 0x0000000082900000|100%| O|  |TAMS 0x0000000082900000| PB 0x0000000082800000| Untracked 
|  41|0x0000000082900000, 0x0000000082a00000, 0x0000000082a00000|100%| O|  |TAMS 0x0000000082a00000| PB 0x0000000082900000| Untracked 
|  42|0x0000000082a00000, 0x0000000082b00000, 0x0000000082b00000|100%| O|  |TAMS 0x0000000082b00000| PB 0x0000000082a00000| Untracked 
|  43|0x0000000082b00000, 0x0000000082c00000, 0x0000000082c00000|100%| O|  |TAMS 0x0000000082c00000| PB 0x0000000082b00000| Untracked 
|  44|0x0000000082c00000, 0x0000000082d00000, 0x0000000082d00000|100%|HS|  |TAMS 0x0000000082c00000| PB 0x0000000082c00000| Complete 
|  45|0x0000000082d00000, 0x0000000082e00000, 0x0000000082e00000|100%| O|  |TAMS 0x0000000082e00000| PB 0x0000000082d00000| Untracked 
|  46|0x0000000082e00000, 0x0000000082f00000, 0x0000000082f00000|100%|HS|  |TAMS 0x0000000082f00000| PB 0x0000000082e00000| Complete 
|  47|0x0000000082f00000, 0x0000000083000000, 0x0000000083000000|100%|HC|  |TAMS 0x0000000083000000| PB 0x0000000082f00000| Complete 
|  48|0x0000000083000000, 0x0000000083100000, 0x0000000083100000|100%| O|  |TAMS 0x0000000083100000| PB 0x0000000083000000| Untracked 
|  49|0x0000000083100000, 0x0000000083200000, 0x0000000083200000|100%| O|  |TAMS 0x0000000083200000| PB 0x0000000083100000| Untracked 
|  50|0x0000000083200000, 0x0000000083300000, 0x0000000083300000|100%| O|  |TAMS 0x0000000083300000| PB 0x0000000083200000| Untracked 
|  51|0x0000000083300000, 0x0000000083400000, 0x0000000083400000|100%| O|  |TAMS 0x0000000083400000| PB 0x0000000083300000| Untracked 
|  52|0x0000000083400000, 0x0000000083500000, 0x0000000083500000|100%| O|  |TAMS 0x0000000083500000| PB 0x0000000083400000| Untracked 
|  53|0x0000000083500000, 0x0000000083600000, 0x0000000083600000|100%| O|  |TAMS 0x0000000083600000| PB 0x0000000083500000| Untracked 
|  54|0x0000000083600000, 0x0000000083700000, 0x0000000083700000|100%| O|  |TAMS 0x0000000083700000| PB 0x0000000083600000| Untracked 
|  55|0x0000000083700000, 0x0000000083800000, 0x0000000083800000|100%| O|  |TAMS 0x0000000083800000| PB 0x0000000083700000| Untracked 
|  56|0x0000000083800000, 0x0000000083900000, 0x0000000083900000|100%| O|  |TAMS 0x0000000083900000| PB 0x0000000083800000| Untracked 
|  57|0x0000000083900000, 0x0000000083a00000, 0x0000000083a00000|100%| O|  |TAMS 0x0000000083a00000| PB 0x0000000083900000| Untracked 
|  58|0x0000000083a00000, 0x0000000083b00000, 0x0000000083b00000|100%| O|  |TAMS 0x0000000083b00000| PB 0x0000000083a00000| Untracked 
|  59|0x0000000083b00000, 0x0000000083c00000, 0x0000000083c00000|100%| O|  |TAMS 0x0000000083c00000| PB 0x0000000083b00000| Untracked 
|  60|0x0000000083c00000, 0x0000000083d00000, 0x0000000083d00000|100%| O|  |TAMS 0x0000000083d00000| PB 0x0000000083c00000| Untracked 
|  61|0x0000000083d00000, 0x0000000083e00000, 0x0000000083e00000|100%| O|  |TAMS 0x0000000083e00000| PB 0x0000000083d00000| Untracked 
|  62|0x0000000083e00000, 0x0000000083f00000, 0x0000000083f00000|100%| O|  |TAMS 0x0000000083f00000| PB 0x0000000083e00000| Untracked 
|  63|0x0000000083f00000, 0x0000000084000000, 0x0000000084000000|100%| O|  |TAMS 0x0000000084000000| PB 0x0000000083f00000| Untracked 
|  64|0x0000000084000000, 0x0000000084100000, 0x0000000084100000|100%| O|  |TAMS 0x0000000084100000| PB 0x0000000084000000| Untracked 
|  65|0x0000000084100000, 0x0000000084200000, 0x0000000084200000|100%| O|  |TAMS 0x0000000084200000| PB 0x0000000084100000| Untracked 
|  66|0x0000000084200000, 0x0000000084300000, 0x0000000084300000|100%| O|  |TAMS 0x0000000084300000| PB 0x0000000084200000| Untracked 
|  67|0x0000000084300000, 0x0000000084300000, 0x0000000084400000|  0%| F|  |TAMS 0x0000000084300000| PB 0x0000000084300000| Untracked 
|  68|0x0000000084400000, 0x0000000084500000, 0x0000000084500000|100%| O|  |TAMS 0x0000000084500000| PB 0x0000000084400000| Untracked 
|  69|0x0000000084500000, 0x0000000084600000, 0x0000000084600000|100%| O|  |TAMS 0x0000000084600000| PB 0x0000000084500000| Untracked 
|  70|0x0000000084600000, 0x0000000084700000, 0x0000000084700000|100%| O|  |TAMS 0x0000000084700000| PB 0x0000000084600000| Untracked 
|  71|0x0000000084700000, 0x0000000084800000, 0x0000000084800000|100%| O|  |TAMS 0x0000000084800000| PB 0x0000000084700000| Untracked 
|  72|0x0000000084800000, 0x0000000084900000, 0x0000000084900000|100%| O|  |TAMS 0x0000000084900000| PB 0x0000000084800000| Untracked 
|  73|0x0000000084900000, 0x0000000084a00000, 0x0000000084a00000|100%| O|  |TAMS 0x0000000084a00000| PB 0x0000000084900000| Untracked 
|  74|0x0000000084a00000, 0x0000000084b00000, 0x0000000084b00000|100%| O|  |TAMS 0x0000000084b00000| PB 0x0000000084a00000| Untracked 
|  75|0x0000000084b00000, 0x0000000084c00000, 0x0000000084c00000|100%| O|  |TAMS 0x0000000084c00000| PB 0x0000000084b00000| Untracked 
|  76|0x0000000084c00000, 0x0000000084d00000, 0x0000000084d00000|100%| O|  |TAMS 0x0000000084d00000| PB 0x0000000084c00000| Untracked 
|  77|0x0000000084d00000, 0x0000000084e00000, 0x0000000084e00000|100%| O|  |TAMS 0x0000000084e00000| PB 0x0000000084d00000| Untracked 
|  78|0x0000000084e00000, 0x0000000084f00000, 0x0000000084f00000|100%| O|  |TAMS 0x0000000084f00000| PB 0x0000000084e00000| Untracked 
|  79|0x0000000084f00000, 0x0000000085000000, 0x0000000085000000|100%| O|  |TAMS 0x0000000085000000| PB 0x0000000084f00000| Untracked 
|  80|0x0000000085000000, 0x0000000085100000, 0x0000000085100000|100%| O|  |TAMS 0x0000000085100000| PB 0x0000000085000000| Untracked 
|  81|0x0000000085100000, 0x0000000085200000, 0x0000000085200000|100%|HS|  |TAMS 0x0000000085200000| PB 0x0000000085100000| Complete 
|  82|0x0000000085200000, 0x0000000085300000, 0x0000000085300000|100%|HS|  |TAMS 0x0000000085300000| PB 0x0000000085200000| Complete 
|  83|0x0000000085300000, 0x0000000085400000, 0x0000000085400000|100%|HS|  |TAMS 0x0000000085400000| PB 0x0000000085300000| Complete 
|  84|0x0000000085400000, 0x0000000085500000, 0x0000000085500000|100%| O|  |TAMS 0x0000000085500000| PB 0x0000000085400000| Untracked 
|  85|0x0000000085500000, 0x0000000085600000, 0x0000000085600000|100%|HS|  |TAMS 0x0000000085600000| PB 0x0000000085500000| Complete 
|  86|0x0000000085600000, 0x0000000085700000, 0x0000000085700000|100%|HC|  |TAMS 0x0000000085700000| PB 0x0000000085600000| Complete 
|  87|0x0000000085700000, 0x0000000085800000, 0x0000000085800000|100%|HC|  |TAMS 0x0000000085800000| PB 0x0000000085700000| Complete 
|  88|0x0000000085800000, 0x0000000085900000, 0x0000000085900000|100%|HC|  |TAMS 0x0000000085900000| PB 0x0000000085800000| Complete 
|  89|0x0000000085900000, 0x0000000085a00000, 0x0000000085a00000|100%|HC|  |TAMS 0x0000000085a00000| PB 0x0000000085900000| Complete 
|  90|0x0000000085a00000, 0x0000000085b00000, 0x0000000085b00000|100%|HC|  |TAMS 0x0000000085b00000| PB 0x0000000085a00000| Complete 
|  91|0x0000000085b00000, 0x0000000085c00000, 0x0000000085c00000|100%|HS|  |TAMS 0x0000000085c00000| PB 0x0000000085b00000| Complete 
|  92|0x0000000085c00000, 0x0000000085d00000, 0x0000000085d00000|100%|HC|  |TAMS 0x0000000085d00000| PB 0x0000000085c00000| Complete 
|  93|0x0000000085d00000, 0x0000000085e00000, 0x0000000085e00000|100%|HS|  |TAMS 0x0000000085e00000| PB 0x0000000085d00000| Complete 
|  94|0x0000000085e00000, 0x0000000085f00000, 0x0000000085f00000|100%| O|  |TAMS 0x0000000085f00000| PB 0x0000000085e00000| Untracked 
|  95|0x0000000085f00000, 0x0000000086000000, 0x0000000086000000|100%| O|  |TAMS 0x0000000086000000| PB 0x0000000085f00000| Untracked 
|  96|0x0000000086000000, 0x0000000086100000, 0x0000000086100000|100%| O|  |TAMS 0x0000000086100000| PB 0x0000000086000000| Untracked 
|  97|0x0000000086100000, 0x0000000086200000, 0x0000000086200000|100%| O|  |TAMS 0x0000000086200000| PB 0x0000000086100000| Untracked 
|  98|0x0000000086200000, 0x0000000086300000, 0x0000000086300000|100%| O|  |TAMS 0x0000000086300000| PB 0x0000000086200000| Untracked 
|  99|0x0000000086300000, 0x0000000086400000, 0x0000000086400000|100%|HS|  |TAMS 0x0000000086400000| PB 0x0000000086300000| Complete 
| 100|0x0000000086400000, 0x0000000086500000, 0x0000000086500000|100%|HC|  |TAMS 0x0000000086500000| PB 0x0000000086400000| Complete 
| 101|0x0000000086500000, 0x0000000086600000, 0x0000000086600000|100%|HC|  |TAMS 0x0000000086600000| PB 0x0000000086500000| Complete 
| 102|0x0000000086600000, 0x0000000086700000, 0x0000000086700000|100%| O|  |TAMS 0x0000000086700000| PB 0x0000000086600000| Untracked 
| 103|0x0000000086700000, 0x0000000086800000, 0x0000000086800000|100%| O|  |TAMS 0x0000000086800000| PB 0x0000000086700000| Untracked 
| 104|0x0000000086800000, 0x0000000086900000, 0x0000000086900000|100%| O|  |TAMS 0x0000000086900000| PB 0x0000000086800000| Untracked 
| 105|0x0000000086900000, 0x0000000086a00000, 0x0000000086a00000|100%| O|  |TAMS 0x0000000086a00000| PB 0x0000000086900000| Untracked 
| 106|0x0000000086a00000, 0x0000000086b00000, 0x0000000086b00000|100%| O|  |TAMS 0x0000000086b00000| PB 0x0000000086a00000| Untracked 
| 107|0x0000000086b00000, 0x0000000086c00000, 0x0000000086c00000|100%| O|  |TAMS 0x0000000086c00000| PB 0x0000000086b00000| Untracked 
| 108|0x0000000086c00000, 0x0000000086d00000, 0x0000000086d00000|100%| O|  |TAMS 0x0000000086d00000| PB 0x0000000086c00000| Untracked 
| 109|0x0000000086d00000, 0x0000000086e00000, 0x0000000086e00000|100%| O|  |TAMS 0x0000000086e00000| PB 0x0000000086d00000| Untracked 
| 110|0x0000000086e00000, 0x0000000086f00000, 0x0000000086f00000|100%| O|  |TAMS 0x0000000086f00000| PB 0x0000000086e00000| Untracked 
| 111|0x0000000086f00000, 0x0000000087000000, 0x0000000087000000|100%| O|  |TAMS 0x0000000087000000| PB 0x0000000086f00000| Untracked 
| 112|0x0000000087000000, 0x0000000087100000, 0x0000000087100000|100%| O|  |TAMS 0x0000000087100000| PB 0x0000000087000000| Untracked 
| 113|0x0000000087100000, 0x0000000087100000, 0x0000000087200000|  0%| F|  |TAMS 0x0000000087100000| PB 0x0000000087100000| Untracked 
| 114|0x0000000087200000, 0x0000000087200000, 0x0000000087300000|  0%| F|  |TAMS 0x0000000087200000| PB 0x0000000087200000| Untracked 
| 115|0x0000000087300000, 0x0000000087300000, 0x0000000087400000|  0%| F|  |TAMS 0x0000000087300000| PB 0x0000000087300000| Untracked 
| 116|0x0000000087400000, 0x0000000087400000, 0x0000000087500000|  0%| F|  |TAMS 0x0000000087400000| PB 0x0000000087400000| Untracked 
| 117|0x0000000087500000, 0x0000000087500000, 0x0000000087600000|  0%| F|  |TAMS 0x0000000087500000| PB 0x0000000087500000| Untracked 
| 118|0x0000000087600000, 0x0000000087600000, 0x0000000087700000|  0%| F|  |TAMS 0x0000000087600000| PB 0x0000000087600000| Untracked 
| 119|0x0000000087700000, 0x0000000087700000, 0x0000000087800000|  0%| F|  |TAMS 0x0000000087700000| PB 0x0000000087700000| Untracked 
| 120|0x0000000087800000, 0x0000000087800000, 0x0000000087900000|  0%| F|  |TAMS 0x0000000087800000| PB 0x0000000087800000| Untracked 
| 121|0x0000000087900000, 0x0000000087900000, 0x0000000087a00000|  0%| F|  |TAMS 0x0000000087900000| PB 0x0000000087900000| Untracked 
| 122|0x0000000087a00000, 0x0000000087ac02c0, 0x0000000087b00000| 75%| O|  |TAMS 0x0000000087ac02c0| PB 0x0000000087a00000| Untracked 
| 123|0x0000000087b00000, 0x0000000087b00000, 0x0000000087c00000|  0%| F|  |TAMS 0x0000000087b00000| PB 0x0000000087b00000| Untracked 
| 124|0x0000000087c00000, 0x0000000087c00000, 0x0000000087d00000|  0%| F|  |TAMS 0x0000000087c00000| PB 0x0000000087c00000| Untracked 
| 125|0x0000000087d00000, 0x0000000087d00000, 0x0000000087e00000|  0%| F|  |TAMS 0x0000000087d00000| PB 0x0000000087d00000| Untracked 
| 126|0x0000000087e00000, 0x0000000087e00000, 0x0000000087f00000|  0%| F|  |TAMS 0x0000000087e00000| PB 0x0000000087e00000| Untracked 
| 127|0x0000000087f00000, 0x0000000087f00000, 0x0000000088000000|  0%| F|  |TAMS 0x0000000087f00000| PB 0x0000000087f00000| Untracked 
| 128|0x0000000088000000, 0x0000000088000000, 0x0000000088100000|  0%| F|  |TAMS 0x0000000088000000| PB 0x0000000088000000| Untracked 
| 129|0x0000000088100000, 0x0000000088100000, 0x0000000088200000|  0%| F|  |TAMS 0x0000000088100000| PB 0x0000000088100000| Untracked 
| 130|0x0000000088200000, 0x0000000088200000, 0x0000000088300000|  0%| F|  |TAMS 0x0000000088200000| PB 0x0000000088200000| Untracked 
| 131|0x0000000088300000, 0x0000000088300000, 0x0000000088400000|  0%| F|  |TAMS 0x0000000088300000| PB 0x0000000088300000| Untracked 
| 132|0x0000000088400000, 0x0000000088400000, 0x0000000088500000|  0%| F|  |TAMS 0x0000000088400000| PB 0x0000000088400000| Untracked 
| 133|0x0000000088500000, 0x0000000088500000, 0x0000000088600000|  0%| F|  |TAMS 0x0000000088500000| PB 0x0000000088500000| Untracked 
| 134|0x0000000088600000, 0x0000000088600000, 0x0000000088700000|  0%| F|  |TAMS 0x0000000088600000| PB 0x0000000088600000| Untracked 
| 135|0x0000000088700000, 0x0000000088700000, 0x0000000088800000|  0%| F|  |TAMS 0x0000000088700000| PB 0x0000000088700000| Untracked 
| 136|0x0000000088800000, 0x0000000088800000, 0x0000000088900000|  0%| F|  |TAMS 0x0000000088800000| PB 0x0000000088800000| Untracked 
| 137|0x0000000088900000, 0x0000000088900000, 0x0000000088a00000|  0%| F|  |TAMS 0x0000000088900000| PB 0x0000000088900000| Untracked 
| 138|0x0000000088a00000, 0x0000000088a00000, 0x0000000088b00000|  0%| F|  |TAMS 0x0000000088a00000| PB 0x0000000088a00000| Untracked 
| 139|0x0000000088b00000, 0x0000000088b00000, 0x0000000088c00000|  0%| F|  |TAMS 0x0000000088b00000| PB 0x0000000088b00000| Untracked 
| 140|0x0000000088c00000, 0x0000000088c00000, 0x0000000088d00000|  0%| F|  |TAMS 0x0000000088c00000| PB 0x0000000088c00000| Untracked 
| 141|0x0000000088d00000, 0x0000000088d00000, 0x0000000088e00000|  0%| F|  |TAMS 0x0000000088d00000| PB 0x0000000088d00000| Untracked 
| 142|0x0000000088e00000, 0x0000000088e00000, 0x0000000088f00000|  0%| F|  |TAMS 0x0000000088e00000| PB 0x0000000088e00000| Untracked 
| 143|0x0000000088f00000, 0x0000000088f00000, 0x0000000089000000|  0%| F|  |TAMS 0x0000000088f00000| PB 0x0000000088f00000| Untracked 
| 144|0x0000000089000000, 0x0000000089000000, 0x0000000089100000|  0%| F|  |TAMS 0x0000000089000000| PB 0x0000000089000000| Untracked 
| 145|0x0000000089100000, 0x0000000089100000, 0x0000000089200000|  0%| F|  |TAMS 0x0000000089100000| PB 0x0000000089100000| Untracked 
| 146|0x0000000089200000, 0x0000000089200000, 0x0000000089300000|  0%| F|  |TAMS 0x0000000089200000| PB 0x0000000089200000| Untracked 
| 147|0x0000000089300000, 0x0000000089300000, 0x0000000089400000|  0%| F|  |TAMS 0x0000000089300000| PB 0x0000000089300000| Untracked 
| 148|0x0000000089400000, 0x0000000089400000, 0x0000000089500000|  0%| F|  |TAMS 0x0000000089400000| PB 0x0000000089400000| Untracked 
| 149|0x0000000089500000, 0x00000000895dc558, 0x0000000089600000| 86%| S|CS|TAMS 0x0000000089500000| PB 0x0000000089500000| Complete 
| 150|0x0000000089600000, 0x0000000089700000, 0x0000000089700000|100%| S|CS|TAMS 0x0000000089600000| PB 0x0000000089600000| Complete 
| 151|0x0000000089700000, 0x0000000089800000, 0x0000000089800000|100%| S|CS|TAMS 0x0000000089700000| PB 0x0000000089700000| Complete 
| 152|0x0000000089800000, 0x0000000089900000, 0x0000000089900000|100%| S|CS|TAMS 0x0000000089800000| PB 0x0000000089800000| Complete 
| 153|0x0000000089900000, 0x0000000089a00000, 0x0000000089a00000|100%| S|CS|TAMS 0x0000000089900000| PB 0x0000000089900000| Complete 
| 154|0x0000000089a00000, 0x0000000089b00000, 0x0000000089b00000|100%| S|CS|TAMS 0x0000000089a00000| PB 0x0000000089a00000| Complete 
| 155|0x0000000089b00000, 0x0000000089b00000, 0x0000000089c00000|  0%| F|  |TAMS 0x0000000089b00000| PB 0x0000000089b00000| Untracked 
| 156|0x0000000089c00000, 0x0000000089c00000, 0x0000000089d00000|  0%| F|  |TAMS 0x0000000089c00000| PB 0x0000000089c00000| Untracked 
| 157|0x0000000089d00000, 0x0000000089d00000, 0x0000000089e00000|  0%| F|  |TAMS 0x0000000089d00000| PB 0x0000000089d00000| Untracked 
| 158|0x0000000089e00000, 0x0000000089e00000, 0x0000000089f00000|  0%| F|  |TAMS 0x0000000089e00000| PB 0x0000000089e00000| Untracked 
| 159|0x0000000089f00000, 0x0000000089f00000, 0x000000008a000000|  0%| F|  |TAMS 0x0000000089f00000| PB 0x0000000089f00000| Untracked 
| 160|0x000000008a000000, 0x000000008a000000, 0x000000008a100000|  0%| F|  |TAMS 0x000000008a000000| PB 0x000000008a000000| Untracked 
| 161|0x000000008a100000, 0x000000008a100000, 0x000000008a200000|  0%| F|  |TAMS 0x000000008a100000| PB 0x000000008a100000| Untracked 
| 162|0x000000008a200000, 0x000000008a200000, 0x000000008a300000|  0%| F|  |TAMS 0x000000008a200000| PB 0x000000008a200000| Untracked 
| 163|0x000000008a300000, 0x000000008a300000, 0x000000008a400000|  0%| F|  |TAMS 0x000000008a300000| PB 0x000000008a300000| Untracked 
| 164|0x000000008a400000, 0x000000008a400000, 0x000000008a500000|  0%| F|  |TAMS 0x000000008a400000| PB 0x000000008a400000| Untracked 
| 165|0x000000008a500000, 0x000000008a500000, 0x000000008a600000|  0%| F|  |TAMS 0x000000008a500000| PB 0x000000008a500000| Untracked 
| 166|0x000000008a600000, 0x000000008a600000, 0x000000008a700000|  0%| F|  |TAMS 0x000000008a600000| PB 0x000000008a600000| Untracked 
| 167|0x000000008a700000, 0x000000008a700000, 0x000000008a800000|  0%| F|  |TAMS 0x000000008a700000| PB 0x000000008a700000| Untracked 
| 168|0x000000008a800000, 0x000000008a800000, 0x000000008a900000|  0%| F|  |TAMS 0x000000008a800000| PB 0x000000008a800000| Untracked 
| 169|0x000000008a900000, 0x000000008a900000, 0x000000008aa00000|  0%| F|  |TAMS 0x000000008a900000| PB 0x000000008a900000| Untracked 
| 170|0x000000008aa00000, 0x000000008aa00000, 0x000000008ab00000|  0%| F|  |TAMS 0x000000008aa00000| PB 0x000000008aa00000| Untracked 
| 171|0x000000008ab00000, 0x000000008ab00000, 0x000000008ac00000|  0%| F|  |TAMS 0x000000008ab00000| PB 0x000000008ab00000| Untracked 
| 172|0x000000008ac00000, 0x000000008ac00000, 0x000000008ad00000|  0%| F|  |TAMS 0x000000008ac00000| PB 0x000000008ac00000| Untracked 
| 173|0x000000008ad00000, 0x000000008ad00000, 0x000000008ae00000|  0%| F|  |TAMS 0x000000008ad00000| PB 0x000000008ad00000| Untracked 
| 174|0x000000008ae00000, 0x000000008ae00000, 0x000000008af00000|  0%| F|  |TAMS 0x000000008ae00000| PB 0x000000008ae00000| Untracked 
| 175|0x000000008af00000, 0x000000008af00000, 0x000000008b000000|  0%| F|  |TAMS 0x000000008af00000| PB 0x000000008af00000| Untracked 
| 176|0x000000008b000000, 0x000000008b000000, 0x000000008b100000|  0%| F|  |TAMS 0x000000008b000000| PB 0x000000008b000000| Untracked 
| 177|0x000000008b100000, 0x000000008b200000, 0x000000008b200000|100%| E|  |TAMS 0x000000008b100000| PB 0x000000008b100000| Complete 
| 178|0x000000008b200000, 0x000000008b300000, 0x000000008b300000|100%| E|CS|TAMS 0x000000008b200000| PB 0x000000008b200000| Complete 
| 179|0x000000008b300000, 0x000000008b400000, 0x000000008b400000|100%| E|CS|TAMS 0x000000008b300000| PB 0x000000008b300000| Complete 
|2021|0x00000000fe500000, 0x00000000fe600000, 0x00000000fe600000|100%| E|CS|TAMS 0x00000000fe500000| PB 0x00000000fe500000| Complete 
|2022|0x00000000fe600000, 0x00000000fe700000, 0x00000000fe700000|100%| O|  |TAMS 0x00000000fe700000| PB 0x00000000fe600000| Untracked 
|2023|0x00000000fe700000, 0x00000000fe800000, 0x00000000fe800000|100%| O|  |TAMS 0x00000000fe800000| PB 0x00000000fe700000| Untracked 
|2024|0x00000000fe800000, 0x00000000fe900000, 0x00000000fe900000|100%| O|  |TAMS 0x00000000fe900000| PB 0x00000000fe800000| Untracked 
|2025|0x00000000fe900000, 0x00000000fea00000, 0x00000000fea00000|100%| O|  |TAMS 0x00000000fea00000| PB 0x00000000fe900000| Untracked 
|2026|0x00000000fea00000, 0x00000000feb00000, 0x00000000feb00000|100%| O|  |TAMS 0x00000000feb00000| PB 0x00000000fea00000| Untracked 
|2027|0x00000000feb00000, 0x00000000fec00000, 0x00000000fec00000|100%| O|  |TAMS 0x00000000fec00000| PB 0x00000000feb00000| Untracked 
|2028|0x00000000fec00000, 0x00000000fed00000, 0x00000000fed00000|100%| O|  |TAMS 0x00000000fed00000| PB 0x00000000fec00000| Untracked 
|2029|0x00000000fed00000, 0x00000000fee00000, 0x00000000fee00000|100%| O|  |TAMS 0x00000000fee00000| PB 0x00000000fed00000| Untracked 
|2030|0x00000000fee00000, 0x00000000fef00000, 0x00000000fef00000|100%| O|  |TAMS 0x00000000fef00000| PB 0x00000000fee00000| Untracked 
|2031|0x00000000fef00000, 0x00000000ff000000, 0x00000000ff000000|100%| O|  |TAMS 0x00000000ff000000| PB 0x00000000fef00000| Untracked 
|2032|0x00000000ff000000, 0x00000000ff100000, 0x00000000ff100000|100%| O|  |TAMS 0x00000000ff100000| PB 0x00000000ff000000| Untracked 
|2033|0x00000000ff100000, 0x00000000ff200000, 0x00000000ff200000|100%| O|  |TAMS 0x00000000ff200000| PB 0x00000000ff100000| Untracked 
|2034|0x00000000ff200000, 0x00000000ff300000, 0x00000000ff300000|100%| O|  |TAMS 0x00000000ff300000| PB 0x00000000ff200000| Untracked 
|2035|0x00000000ff300000, 0x00000000ff400000, 0x00000000ff400000|100%| O|  |TAMS 0x00000000ff400000| PB 0x00000000ff300000| Untracked 
|2036|0x00000000ff400000, 0x00000000ff500000, 0x00000000ff500000|100%| O|  |TAMS 0x00000000ff500000| PB 0x00000000ff400000| Untracked 
|2037|0x00000000ff500000, 0x00000000ff600000, 0x00000000ff600000|100%| O|  |TAMS 0x00000000ff600000| PB 0x00000000ff500000| Untracked 
|2038|0x00000000ff600000, 0x00000000ff700000, 0x00000000ff700000|100%| O|  |TAMS 0x00000000ff700000| PB 0x00000000ff600000| Untracked 
|2039|0x00000000ff700000, 0x00000000ff800000, 0x00000000ff800000|100%| E|CS|TAMS 0x00000000ff700000| PB 0x00000000ff700000| Complete 
|2040|0x00000000ff800000, 0x00000000ff900000, 0x00000000ff900000|100%| E|CS|TAMS 0x00000000ff800000| PB 0x00000000ff800000| Complete 
|2041|0x00000000ff900000, 0x00000000ffa00000, 0x00000000ffa00000|100%| E|CS|TAMS 0x00000000ff900000| PB 0x00000000ff900000| Complete 
|2042|0x00000000ffa00000, 0x00000000ffb00000, 0x00000000ffb00000|100%| E|CS|TAMS 0x00000000ffa00000| PB 0x00000000ffa00000| Complete 
|2043|0x00000000ffb00000, 0x00000000ffc00000, 0x00000000ffc00000|100%| E|CS|TAMS 0x00000000ffb00000| PB 0x00000000ffb00000| Complete 
|2044|0x00000000ffc00000, 0x00000000ffd00000, 0x00000000ffd00000|100%| E|CS|TAMS 0x00000000ffc00000| PB 0x00000000ffc00000| Complete 
|2045|0x00000000ffd00000, 0x00000000ffe00000, 0x00000000ffe00000|100%| E|CS|TAMS 0x00000000ffd00000| PB 0x00000000ffd00000| Complete 
|2046|0x00000000ffe00000, 0x00000000fff00000, 0x00000000fff00000|100%| E|CS|TAMS 0x00000000ffe00000| PB 0x00000000ffe00000| Complete 
|2047|0x00000000fff00000, 0x0000000100000000, 0x0000000100000000|100%| O|  |TAMS 0x0000000100000000| PB 0x00000000fff00000| Untracked 

Card table byte_map: [0x0000020961fa0000,0x00000209623a0000] _byte_map_base: 0x0000020961ba0000

Marking Bits: (CMBitMap*) 0x000002094fa8e6b0
 Bits: [0x00000209623a0000, 0x00000209643a0000)

Polling page: 0x000002094d8a0000

Metaspace:

Usage:
  Non-class:    101.36 MB used.
      Class:     16.19 MB used.
       Both:    117.55 MB used.

Virtual space:
  Non-class space:      128.00 MB reserved,     102.44 MB ( 80%) committed,  2 nodes.
      Class space:        1.00 GB reserved,      17.25 MB (  2%) committed,  1 nodes.
             Both:        1.12 GB reserved,     119.69 MB ( 10%) committed. 

Chunk freelists:
   Non-Class:  9.33 MB
       Class:  14.61 MB
        Both:  23.94 MB

MaxMetaspaceSize: unlimited
CompressedClassSpaceSize: 1.00 GB
Initial GC threshold: 21.00 MB
Current GC threshold: 169.62 MB
CDS: off
 - commit_granule_bytes: 65536.
 - commit_granule_words: 8192.
 - virtual_space_node_default_size: 8388608.
 - enlarge_chunks_in_place: 1.
 - use_allocation_guard: 0.


Internal statistics:

num_allocs_failed_limit: 6.
num_arena_births: 4210.
num_arena_deaths: 10.
num_vsnodes_births: 3.
num_vsnodes_deaths: 0.
num_space_committed: 1913.
num_space_uncommitted: 0.
num_chunks_returned_to_freelist: 28.
num_chunks_taken_from_freelist: 9106.
num_chunk_merges: 9.
num_chunk_splits: 6260.
num_chunks_enlarged: 4188.
num_inconsistent_stats: 0.

CodeHeap 'non-profiled nmethods': size=120000Kb used=6506Kb max_used=6506Kb free=113494Kb
 bounds [0x000002095a670000, 0x000002095acd0000, 0x0000020961ba0000]
CodeHeap 'profiled nmethods': size=120000Kb used=19511Kb max_used=19511Kb free=100488Kb
 bounds [0x0000020952ba0000, 0x0000020953ec0000, 0x000002095a0d0000]
CodeHeap 'non-nmethods': size=5760Kb used=2910Kb max_used=2941Kb free=2849Kb
 bounds [0x000002095a0d0000, 0x000002095a3c0000, 0x000002095a670000]
CodeCache: size=245760Kb, used=28927Kb, max_used=28958Kb, free=216831Kb
 total_blobs=11570, nmethods=10552, adapters=921, full_count=0
Compilation: enabled, stopped_count=0, restarted_count=0

Compilation events (20 events):
Event: 20.751 Thread 0x0000020966aa10d0 12721       3       org.jetbrains.kotlin.metadata.ProtoBuf$TypeParameter$1::parsePartialFrom (11 bytes)
Event: 20.751 Thread 0x0000020966aa10d0 nmethod 12721 0x0000020953ea8110 code [0x0000020953ea82c0, 0x0000020953ea84c0]
Event: 20.752 Thread 0x0000020966aa10d0 12723   !   3       org.jetbrains.kotlin.metadata.ProtoBuf$TypeParameter::<init> (662 bytes)
Event: 20.753 Thread 0x0000020966a9b120 nmethod 12692 0x000002095acc6e10 code [0x000002095acc7140, 0x000002095acc8028]
Event: 20.753 Thread 0x0000020966a9b120 12720       4       org.jetbrains.kotlin.metadata.ProtoBuf$Annotation$Argument$Value$Type::valueOf (122 bytes)
Event: 20.754 Thread 0x0000020966a9b120 nmethod 12720 0x000002095acc8d10 code [0x000002095acc8ec0, 0x000002095acc9060]
Event: 20.754 Thread 0x0000020966a9b120 12722       4       org.jetbrains.kotlin.protobuf.GeneratedMessageLite$ExtendableMessage::makeExtensionsImmutable (8 bytes)
Event: 20.755 Thread 0x0000020966aa10d0 nmethod 12723 0x0000020953ea8610 code [0x0000020953ea8da0, 0x0000020953eadc78]
Event: 20.755 Thread 0x0000020966aa10d0 12724   !   3       org.jetbrains.kotlin.metadata.jvm.JvmProtoBuf$JvmMethodSignature$Builder::mergeFrom (60 bytes)
Event: 20.756 Thread 0x0000020966aa10d0 nmethod 12724 0x0000020953eafd10 code [0x0000020953eaff20, 0x0000020953eb04f8]
Event: 20.756 Thread 0x0000020966aa10d0 12725       3       org.jetbrains.kotlin.metadata.jvm.JvmProtoBuf$JvmMethodSignature$Builder::buildPartial (65 bytes)
Event: 20.756 Thread 0x0000020966aa10d0 nmethod 12725 0x0000020953eb0790 code [0x0000020953eb0980, 0x0000020953eb0ee8]
Event: 20.759 Thread 0x0000020966aa10d0 12728       3       org.jetbrains.kotlin.metadata.ProtoBuf$Type::getDefaultInstanceForType (5 bytes)
Event: 20.759 Thread 0x0000020966aa10d0 nmethod 12728 0x0000020953eb1110 code [0x0000020953eb12c0, 0x0000020953eb1430]
Event: 20.760 Thread 0x0000020966a9b120 nmethod 12722 0x000002095acc9110 code [0x000002095acc9340, 0x000002095acc9a98]
Event: 20.761 Thread 0x0000020966a9b120 12711       4       org.jetbrains.kotlin.metadata.ProtoBuf$Type::initFields (79 bytes)
Event: 20.763 Thread 0x0000020966a9b120 nmethod 12711 0x000002095acca190 code [0x000002095acca340, 0x000002095acca780]
Event: 20.763 Thread 0x0000020966a9b120 12730   !   4       org.jetbrains.kotlin.metadata.ProtoBuf$Function::<init> (1410 bytes)
Event: 20.763 Thread 0x0000020966aa10d0 12731       3       org.jetbrains.kotlin.metadata.ProtoBuf$TypeParameter::isInitialized (101 bytes)
Event: 20.763 Thread 0x0000020966aa10d0 nmethod 12731 0x0000020953eb1510 code [0x0000020953eb1780, 0x0000020953eb2180]

GC Heap History (20 events):
Event: 14.036 GC heap before
{Heap before GC invocations=25 (full 0):
 garbage-first heap   total 140288K, used 122649K [0x0000000080000000, 0x0000000100000000)
  region size 1024K, 59 young (60416K), 8 survivors (8192K)
 Metaspace       used 81072K, committed 82816K, reserved 1179648K
  class space    used 11326K, committed 12160K, reserved 1048576K
}
Event: 14.045 GC heap after
{Heap after GC invocations=26 (full 0):
 garbage-first heap   total 140288K, used 74101K [0x0000000080000000, 0x0000000100000000)
  region size 1024K, 5 young (5120K), 5 survivors (5120K)
 Metaspace       used 81072K, committed 82816K, reserved 1179648K
  class space    used 11326K, committed 12160K, reserved 1048576K
}
Event: 14.636 GC heap before
{Heap before GC invocations=27 (full 0):
 garbage-first heap   total 140288K, used 124277K [0x0000000080000000, 0x0000000100000000)
  region size 1024K, 55 young (56320K), 5 survivors (5120K)
 Metaspace       used 80988K, committed 82816K, reserved 1179648K
  class space    used 11306K, committed 12160K, reserved 1048576K
}
Event: 14.643 GC heap after
{Heap after GC invocations=28 (full 0):
 garbage-first heap   total 140288K, used 74752K [0x0000000080000000, 0x0000000100000000)
  region size 1024K, 5 young (5120K), 5 survivors (5120K)
 Metaspace       used 80988K, committed 82816K, reserved 1179648K
  class space    used 11306K, committed 12160K, reserved 1048576K
}
Event: 15.762 GC heap before
{Heap before GC invocations=28 (full 0):
 garbage-first heap   total 140288K, used 126976K [0x0000000080000000, 0x0000000100000000)
  region size 1024K, 56 young (57344K), 5 survivors (5120K)
 Metaspace       used 86253K, committed 88000K, reserved 1179648K
  class space    used 12420K, committed 13248K, reserved 1048576K
}
Event: 15.769 GC heap after
{Heap after GC invocations=29 (full 0):
 garbage-first heap   total 140288K, used 76600K [0x0000000080000000, 0x0000000100000000)
  region size 1024K, 5 young (5120K), 5 survivors (5120K)
 Metaspace       used 86253K, committed 88000K, reserved 1179648K
  class space    used 12420K, committed 13248K, reserved 1048576K
}
Event: 17.029 GC heap before
{Heap before GC invocations=29 (full 0):
 garbage-first heap   total 140288K, used 126776K [0x0000000080000000, 0x0000000100000000)
  region size 1024K, 54 young (55296K), 5 survivors (5120K)
 Metaspace       used 94197K, committed 95936K, reserved 1179648K
  class space    used 13446K, committed 14272K, reserved 1048576K
}
Event: 17.037 GC heap after
{Heap after GC invocations=30 (full 0):
 garbage-first heap   total 140288K, used 78747K [0x0000000080000000, 0x0000000100000000)
  region size 1024K, 3 young (3072K), 3 survivors (3072K)
 Metaspace       used 94197K, committed 95936K, reserved 1179648K
  class space    used 13446K, committed 14272K, reserved 1048576K
}
Event: 17.600 GC heap before
{Heap before GC invocations=31 (full 0):
 garbage-first heap   total 140288K, used 135067K [0x0000000080000000, 0x0000000100000000)
  region size 1024K, 51 young (52224K), 3 survivors (3072K)
 Metaspace       used 97891K, committed 99712K, reserved 1179648K
  class space    used 13894K, committed 14720K, reserved 1048576K
}
Event: 17.612 GC heap after
{Heap after GC invocations=32 (full 0):
 garbage-first heap   total 180224K, used 92365K [0x0000000080000000, 0x0000000100000000)
  region size 1024K, 7 young (7168K), 7 survivors (7168K)
 Metaspace       used 97891K, committed 99712K, reserved 1179648K
  class space    used 13894K, committed 14720K, reserved 1048576K
}
Event: 18.162 GC heap before
{Heap before GC invocations=32 (full 0):
 garbage-first heap   total 180224K, used 172237K [0x0000000080000000, 0x0000000100000000)
  region size 1024K, 75 young (76800K), 7 survivors (7168K)
 Metaspace       used 98018K, committed 99840K, reserved 1179648K
  class space    used 13899K, committed 14720K, reserved 1048576K
}
Event: 18.192 GC heap after
{Heap after GC invocations=33 (full 0):
 garbage-first heap   total 203776K, used 108417K [0x0000000080000000, 0x0000000100000000)
  region size 1024K, 10 young (10240K), 10 survivors (10240K)
 Metaspace       used 98018K, committed 99840K, reserved 1179648K
  class space    used 13899K, committed 14720K, reserved 1048576K
}
Event: 18.858 GC heap before
{Heap before GC invocations=33 (full 0):
 garbage-first heap   total 203776K, used 148353K [0x0000000080000000, 0x0000000100000000)
  region size 1024K, 50 young (51200K), 10 survivors (10240K)
 Metaspace       used 102167K, committed 104000K, reserved 1179648K
  class space    used 14395K, committed 15232K, reserved 1048576K
}
Event: 18.869 GC heap after
{Heap after GC invocations=34 (full 0):
 garbage-first heap   total 203776K, used 112054K [0x0000000080000000, 0x0000000100000000)
  region size 1024K, 5 young (5120K), 5 survivors (5120K)
 Metaspace       used 102167K, committed 104000K, reserved 1179648K
  class space    used 14395K, committed 15232K, reserved 1048576K
}
Event: 19.644 GC heap before
{Heap before GC invocations=35 (full 0):
 garbage-first heap   total 211968K, used 188854K [0x0000000080000000, 0x0000000100000000)
  region size 1024K, 66 young (67584K), 5 survivors (5120K)
 Metaspace       used 108543K, committed 110336K, reserved 1179648K
  class space    used 14992K, committed 15808K, reserved 1048576K
}
Event: 19.651 GC heap after
{Heap after GC invocations=36 (full 0):
 garbage-first heap   total 211968K, used 133632K [0x0000000080000000, 0x0000000100000000)
  region size 1024K, 9 young (9216K), 9 survivors (9216K)
 Metaspace       used 108543K, committed 110336K, reserved 1179648K
  class space    used 14992K, committed 15808K, reserved 1048576K
}
Event: 20.304 GC heap before
{Heap before GC invocations=36 (full 0):
 garbage-first heap   total 211968K, used 188928K [0x0000000080000000, 0x0000000100000000)
  region size 1024K, 63 young (64512K), 9 survivors (9216K)
 Metaspace       used 115789K, committed 117824K, reserved 1179648K
  class space    used 15983K, committed 16960K, reserved 1048576K
}
Event: 20.318 GC heap after
{Heap after GC invocations=37 (full 0):
 garbage-first heap   total 211968K, used 136958K [0x0000000080000000, 0x0000000100000000)
  region size 1024K, 4 young (4096K), 4 survivors (4096K)
 Metaspace       used 115789K, committed 117824K, reserved 1179648K
  class space    used 15983K, committed 16960K, reserved 1048576K
}
Event: 20.701 GC heap before
{Heap before GC invocations=37 (full 0):
 garbage-first heap   total 211968K, used 170750K [0x0000000080000000, 0x0000000100000000)
  region size 1024K, 38 young (38912K), 4 survivors (4096K)
 Metaspace       used 120306K, committed 122432K, reserved 1179648K
  class space    used 16574K, committed 17600K, reserved 1048576K
}
Event: 20.709 GC heap after
{Heap after GC invocations=38 (full 0):
 garbage-first heap   total 211968K, used 138866K [0x0000000080000000, 0x0000000100000000)
  region size 1024K, 6 young (6144K), 6 survivors (6144K)
 Metaspace       used 120306K, committed 122432K, reserved 1179648K
  class space    used 16574K, committed 17600K, reserved 1048576K
}

Dll operation events (3 events):
Event: 0.007 Loaded shared library C:\Program Files\Android\Android Studio\jbr\bin\java.dll
Event: 0.011 Loaded shared library C:\Program Files\Android\Android Studio\jbr\bin\zip.dll
Event: 0.621 Loaded shared library C:\Program Files\Android\Android Studio\jbr\bin\verify.dll

Deoptimization events (20 events):
Event: 19.977 Thread 0x000002096c921e20 Uncommon trap: trap_request=0xffffffc6 fr.pc=0x000002095a85fd14 relative=0x00000000000004f4
Event: 19.977 Thread 0x000002096c921e20 Uncommon trap: reason=bimorphic_or_optimized_type_check action=maybe_recompile pc=0x000002095a85fd14 method=org.jetbrains.kotlin.protobuf.CodedInputStream.tryRefillBuffer(I)Z @ 177 c2
Event: 19.977 Thread 0x000002096c921e20 DEOPT PACKING pc=0x000002095a85fd14 sp=0x000000981caf4120
Event: 19.977 Thread 0x000002096c921e20 DEOPT UNPACKING pc=0x000002095a1246a2 sp=0x000000981caf4008 mode 2
Event: 19.979 Thread 0x000002096c921e20 Uncommon trap: trap_request=0xffffffc6 fr.pc=0x000002095a85fd14 relative=0x00000000000004f4
Event: 19.979 Thread 0x000002096c921e20 Uncommon trap: reason=bimorphic_or_optimized_type_check action=maybe_recompile pc=0x000002095a85fd14 method=org.jetbrains.kotlin.protobuf.CodedInputStream.tryRefillBuffer(I)Z @ 177 c2
Event: 19.979 Thread 0x000002096c921e20 DEOPT PACKING pc=0x000002095a85fd14 sp=0x000000981caf4120
Event: 19.979 Thread 0x000002096c921e20 DEOPT UNPACKING pc=0x000002095a1246a2 sp=0x000000981caf4008 mode 2
Event: 19.980 Thread 0x000002096c921e20 Uncommon trap: trap_request=0xffffffc6 fr.pc=0x000002095a85fd14 relative=0x00000000000004f4
Event: 19.980 Thread 0x000002096c921e20 Uncommon trap: reason=bimorphic_or_optimized_type_check action=maybe_recompile pc=0x000002095a85fd14 method=org.jetbrains.kotlin.protobuf.CodedInputStream.tryRefillBuffer(I)Z @ 177 c2
Event: 19.980 Thread 0x000002096c921e20 DEOPT PACKING pc=0x000002095a85fd14 sp=0x000000981caf3ff0
Event: 19.980 Thread 0x000002096c921e20 DEOPT UNPACKING pc=0x000002095a1246a2 sp=0x000000981caf3ed0 mode 2
Event: 19.981 Thread 0x000002096c921e20 Uncommon trap: trap_request=0xffffffc6 fr.pc=0x000002095a85fd14 relative=0x00000000000004f4
Event: 19.981 Thread 0x000002096c921e20 Uncommon trap: reason=bimorphic_or_optimized_type_check action=maybe_recompile pc=0x000002095a85fd14 method=org.jetbrains.kotlin.protobuf.CodedInputStream.tryRefillBuffer(I)Z @ 177 c2
Event: 19.981 Thread 0x000002096c921e20 DEOPT PACKING pc=0x000002095a85fd14 sp=0x000000981caf3ff0
Event: 19.981 Thread 0x000002096c921e20 DEOPT UNPACKING pc=0x000002095a1246a2 sp=0x000000981caf3ed0 mode 2
Event: 19.997 Thread 0x000002096c921e20 Uncommon trap: trap_request=0xffffff45 fr.pc=0x000002095ac8ca68 relative=0x0000000000000588
Event: 19.997 Thread 0x000002096c921e20 Uncommon trap: reason=unstable_if action=reinterpret pc=0x000002095ac8ca68 method=org.jetbrains.org.objectweb.asm.ClassReader.readUtf(II[C)Ljava/lang/String; @ 41 c2
Event: 19.997 Thread 0x000002096c921e20 DEOPT PACKING pc=0x000002095ac8ca68 sp=0x000000981caf33e0
Event: 19.997 Thread 0x000002096c921e20 DEOPT UNPACKING pc=0x000002095a1246a2 sp=0x000000981caf33a8 mode 2

Classes loaded (20 events):
Event: 20.014 Loading class java/text/CharacterIterator done
Event: 20.014 Loading class java/text/StringCharacterIterator done
Event: 20.045 Loading class java/io/NotSerializableException
Event: 20.045 Loading class java/io/NotSerializableException done
Event: 20.220 Loading class java/util/function/IntUnaryOperator
Event: 20.220 Loading class java/util/function/IntUnaryOperator done
Event: 20.340 Loading class java/util/AbstractList$RandomAccessSubList
Event: 20.340 Loading class java/util/AbstractList$SubList
Event: 20.340 Loading class java/util/AbstractList$SubList done
Event: 20.341 Loading class java/util/AbstractList$RandomAccessSubList done
Event: 20.555 Loading class java/util/AbstractList$SubList$1
Event: 20.555 Loading class java/util/AbstractList$SubList$1 done
Event: 20.647 Loading class java/util/EnumMap$EntrySet
Event: 20.647 Loading class java/util/EnumMap$EntrySet done
Event: 20.647 Loading class java/util/EnumMap$EntryIterator
Event: 20.647 Loading class java/util/EnumMap$EnumMapIterator
Event: 20.647 Loading class java/util/EnumMap$EnumMapIterator done
Event: 20.647 Loading class java/util/EnumMap$EntryIterator done
Event: 20.647 Loading class java/util/EnumMap$EntryIterator$Entry
Event: 20.647 Loading class java/util/EnumMap$EntryIterator$Entry done

Classes unloaded (20 events):
Event: 11.028 Thread 0x00000209669fb8f0 Unloading class 0x0000000100770000 '_BuildScript_'
Event: 14.150 Thread 0x00000209669fb8f0 Unloading class 0x000000010097a840 '_BuildScript_'
Event: 14.150 Thread 0x00000209669fb8f0 Unloading class 0x000000010097a420 'SetupUtpTestResultListenerAction$_execute_closure1$_closure2'
Event: 14.150 Thread 0x00000209669fb8f0 Unloading class 0x000000010097a000 'SetupUtpTestResultListenerAction$_execute_closure1'
Event: 14.150 Thread 0x00000209669fb8f0 Unloading class 0x0000000100979c00 'SetupUtpTestResultListenerAction'
Event: 14.150 Thread 0x00000209669fb8f0 Unloading class 0x0000000100973840 '_BuildScript_$_run_closure1$_closure3'
Event: 14.150 Thread 0x00000209669fb8f0 Unloading class 0x0000000100973420 '_BuildScript_$_run_closure1$_closure2'
Event: 14.150 Thread 0x00000209669fb8f0 Unloading class 0x0000000100973000 '_BuildScript_$_run_closure1'
Event: 14.150 Thread 0x00000209669fb8f0 Unloading class 0x0000000100972918 '_BuildScript_'
Event: 14.150 Thread 0x00000209669fb8f0 Unloading class 0x00000001009724f8 'KotlinCoroutineJvmDebugArgumentsProvider$_asArguments_closure1'
Event: 14.150 Thread 0x00000209669fb8f0 Unloading class 0x0000000100972230 'KotlinCoroutineJvmDebugArgumentsProvider'
Event: 14.150 Thread 0x00000209669fb8f0 Unloading class 0x0000000100972000 'Properties'
Event: 14.150 Thread 0x00000209669fb8f0 Unloading class 0x0000000100970988 '_BuildScript_$_run_closure1$_closure2'
Event: 14.150 Thread 0x00000209669fb8f0 Unloading class 0x0000000100970568 '_BuildScript_$_run_closure1'
Event: 14.150 Thread 0x00000209669fb8f0 Unloading class 0x0000000100970000 '_BuildScript_'
Event: 14.150 Thread 0x00000209669fb8f0 Unloading class 0x0000000100965420 '_BuildScript_$_run_closure1$_closure2$_closure4'
Event: 14.150 Thread 0x00000209669fb8f0 Unloading class 0x0000000100965000 '_BuildScript_$_run_closure1$_closure2$_closure3'
Event: 14.150 Thread 0x00000209669fb8f0 Unloading class 0x0000000100964988 '_BuildScript_$_run_closure1$_closure2'
Event: 14.150 Thread 0x00000209669fb8f0 Unloading class 0x0000000100964568 '_BuildScript_$_run_closure1'
Event: 14.150 Thread 0x00000209669fb8f0 Unloading class 0x0000000100964000 '_BuildScript_'

Classes redefined (0 events):
No events

Internal exceptions (20 events):
Event: 16.211 Thread 0x000002096c921e20 Exception <a 'java/lang/NoSuchMethodError'{0x00000000876d83a0}: 'int java.lang.invoke.DelegatingMethodHandle$Holder.reinvoke_L(java.lang.Object, java.lang.Object, java.lang.Object, long, long, long)'> (0x00000000876d83a0) 
thrown [s\src\hotspot\share\interpreter\linkResolver.cpp, line 784]
Event: 16.212 Thread 0x000002096c921e20 Exception <a 'java/lang/NoSuchMethodError'{0x00000000876e7368}: 'int java.lang.invoke.DelegatingMethodHandle$Holder.reinvoke_L(java.lang.Object, java.lang.Object, java.lang.Object, long, int)'> (0x00000000876e7368) 
thrown [s\src\hotspot\share\interpreter\linkResolver.cpp, line 784]
Event: 16.213 Thread 0x000002096c921e20 Exception <a 'java/lang/NoSuchMethodError'{0x00000000876fd7a8}: 'void java.lang.invoke.DelegatingMethodHandle$Holder.reinvoke_L(java.lang.Object, java.lang.Object, java.lang.Object, long, java.lang.Object, long, long)'> (0x00000000876fd7a8) 
thrown [s\src\hotspot\share\interpreter\linkResolver.cpp, line 784]
Event: 17.054 Thread 0x000002096c921e20 Exception <a 'java/lang/NoSuchMethodError'{0x00000000ffd00228}: 'java.lang.Object java.lang.invoke.DirectMethodHandle$Holder.invokeStatic(java.lang.Object, java.lang.Object, java.lang.Object, java.lang.Object, int, java.lang.Object)'> (0x00000000ffd00228) 
thrown [s\src\hotspot\share\interpreter\linkResolver.cpp, line 784]
Event: 17.080 Thread 0x000002096c921e20 Exception <a 'java/lang/NoSuchMethodError'{0x00000000ffdfcf48}: 'long java.lang.invoke.DirectMethodHandle$Holder.invokeStatic(java.lang.Object, java.lang.Object, int)'> (0x00000000ffdfcf48) 
thrown [s\src\hotspot\share\interpreter\linkResolver.cpp, line 784]
Event: 17.080 Thread 0x000002096c921e20 Exception <a 'java/lang/NoSuchMethodError'{0x00000000ffc09658}: 'java.lang.Object java.lang.invoke.DelegatingMethodHandle$Holder.reinvoke_L(java.lang.Object, int, long, java.lang.Object, java.lang.Object, int, java.lang.Object)'> (0x00000000ffc09658) 
thrown [s\src\hotspot\share\interpreter\linkResolver.cpp, line 784]
Event: 17.330 Thread 0x000002096c921e20 Exception <a 'java/lang/NoSuchMethodError'{0x000000008749d1a8}: 'java.lang.Object java.lang.invoke.Invokers$Holder.invokeExact_MT(java.lang.Object, java.lang.Object, long, java.lang.Object)'> (0x000000008749d1a8) 
thrown [s\src\hotspot\share\interpreter\linkResolver.cpp, line 784]
Event: 17.721 Thread 0x000002096c921e20 Implicit null exception at 0x000002095a9c0a6e to 0x000002095a9c2b34
Event: 17.721 Thread 0x000002096c921e20 Implicit null exception at 0x000002095ac39647 to 0x000002095ac39d34
Event: 19.715 Thread 0x000002096c921e20 Exception <a 'java/lang/NoSuchMethodError'{0x00000000ffac70f8}: 'java.lang.Object java.lang.invoke.DirectMethodHandle$Holder.newInvokeSpecial(java.lang.Object, java.lang.Object, java.lang.Object, java.lang.Object, java.lang.Object, java.lang.Object, java.lang.Object, java.lang.Object, java.lang.Object, java.lang.Object, java.lang.Object, java.lang.Object, java.lang.Object, java.lang.Object)'> (0x00000000ffac70f8) 
thrown [s\src\hotspot\share\interpreter\linkResolver.cpp, line 784]
Event: 19.725 Thread 0x000002096c921e20 Exception <a 'java/lang/NoSuchMethodError'{0x00000000ff9d9e40}: 'java.lang.Object java.lang.invoke.DirectMethodHandle$Holder.newInvokeSpecial(java.lang.Object, java.lang.Object, java.lang.Object, java.lang.Object, java.lang.Object, java.lang.Object, java.lang.Object, java.lang.Object, java.lang.Object, java.lang.Object, java.lang.Object, java.lang.Object, java.lang.Object, java.lang.Object, java.lang.Object, java.lang.Object, java.lang.Object, java.lang.Object, java.lang.Object, java.lang.Object, java.lang
Event: 19.745 Thread 0x000002096c921e20 Exception <a 'java/lang/NoSuchMethodError'{0x00000000ff7fb990}: 'java.lang.Object java.lang.invoke.DirectMethodHandle$Holder.newInvokeSpecial(java.lang.Object, java.lang.Object, java.lang.Object, java.lang.Object, java.lang.Object, java.lang.Object, java.lang.Object, java.lang.Object, java.lang.Object, java.lang.Object, java.lang.Object, java.lang.Object, java.lang.Object, java.lang.Object, java.lang.Object, java.lang.Object, java.lang.Object, java.lang.Object, java.lang.Object, java.lang.Object)'> (0x0000
Event: 19.745 Thread 0x000002096c921e20 Exception <a 'java/lang/NoSuchMethodError'{0x000000008b303910}: 'java.lang.Object java.lang.invoke.DirectMethodHandle$Holder.invokeSpecial(java.lang.Object, java.lang.Object, java.lang.Object, java.lang.Object, java.lang.Object, java.lang.Object, java.lang.Object, java.lang.Object, java.lang.Object, java.lang.Object, java.lang.Object, java.lang.Object, java.lang.Object, java.lang.Object, java.lang.Object, java.lang.Object, java.lang.Object, java.lang.Object, java.lang.Object, java.lang.Object, java.lang.Ob
Event: 19.745 Thread 0x000002096c921e20 Exception <a 'java/lang/NoSuchMethodError'{0x000000008b309e20}: 'java.lang.Object java.lang.invoke.DelegatingMethodHandle$Holder.reinvoke_L(java.lang.Object, java.lang.Object, java.lang.Object, java.lang.Object, java.lang.Object, java.lang.Object, java.lang.Object, java.lang.Object, java.lang.Object, java.lang.Object, java.lang.Object, java.lang.Object, java.lang.Object, java.lang.Object, java.lang.Object, java.lang.Object, java.lang.Object, java.lang.Object, java.lang.Object, java.lang.Object)'> (0x000000
Event: 19.760 Thread 0x000002096c921e20 Exception <a 'java/lang/NoSuchMethodError'{0x000000008b2f7d98}: 'java.lang.Object java.lang.invoke.DirectMethodHandle$Holder.newInvokeSpecial(java.lang.Object, java.lang.Object, java.lang.Object, java.lang.Object, java.lang.Object, java.lang.Object, java.lang.Object, java.lang.Object, java.lang.Object, java.lang.Object, java.lang.Object, java.lang.Object, java.lang.Object, java.lang.Object, java.lang.Object, java.lang.Object)'> (0x000000008b2f7d98) 
thrown [s\src\hotspot\share\interpreter\linkResolver.cpp,
Event: 19.760 Thread 0x000002096c921e20 Exception <a 'java/lang/NoSuchMethodError'{0x000000008b2fecc0}: 'java.lang.Object java.lang.invoke.DirectMethodHandle$Holder.invokeSpecial(java.lang.Object, java.lang.Object, java.lang.Object, java.lang.Object, java.lang.Object, java.lang.Object, java.lang.Object, java.lang.Object, java.lang.Object, java.lang.Object, java.lang.Object, java.lang.Object, java.lang.Object, java.lang.Object, java.lang.Object, java.lang.Object, java.lang.Object)'> (0x000000008b2fecc0) 
thrown [s\src\hotspot\share\interpreter\li
Event: 19.761 Thread 0x000002096c921e20 Exception <a 'java/lang/NoSuchMethodError'{0x000000008b104dc8}: 'java.lang.Object java.lang.invoke.DelegatingMethodHandle$Holder.reinvoke_L(java.lang.Object, java.lang.Object, java.lang.Object, java.lang.Object, java.lang.Object, java.lang.Object, java.lang.Object, java.lang.Object, java.lang.Object, java.lang.Object, java.lang.Object, java.lang.Object, java.lang.Object, java.lang.Object, java.lang.Object, java.lang.Object)'> (0x000000008b104dc8) 
thrown [s\src\hotspot\share\interpreter\linkResolver.cpp, l
Event: 20.360 Thread 0x000002096c921e20 Exception <a 'java/lang/NoSuchMethodError'{0x00000000ffa33518}: 'java.lang.Object java.lang.invoke.DirectMethodHandle$Holder.invokeStatic(java.lang.Object, int, java.lang.Object, java.lang.Object, java.lang.Object, java.lang.Object, java.lang.Object, java.lang.Object)'> (0x00000000ffa33518) 
thrown [s\src\hotspot\share\interpreter\linkResolver.cpp, line 784]
Event: 20.360 Thread 0x000002096c921e20 Exception <a 'java/lang/NoSuchMethodError'{0x00000000ffa3e650}: 'java.lang.Object java.lang.invoke.DirectMethodHandle$Holder.newInvokeSpecial(java.lang.Object, int, java.lang.Object, java.lang.Object, java.lang.Object, java.lang.Object, java.lang.Object)'> (0x00000000ffa3e650) 
thrown [s\src\hotspot\share\interpreter\linkResolver.cpp, line 784]
Event: 20.360 Thread 0x000002096c921e20 Exception <a 'java/lang/NoSuchMethodError'{0x00000000ffa44218}: 'java.lang.Object java.lang.invoke.DirectMethodHandle$Holder.invokeSpecial(java.lang.Object, java.lang.Object, int, java.lang.Object, java.lang.Object, java.lang.Object, java.lang.Object, java.lang.Object)'> (0x00000000ffa44218) 
thrown [s\src\hotspot\share\interpreter\linkResolver.cpp, line 784]

ZGC Phase Switch (0 events):
No events

VM Operations (20 events):
Event: 19.118 Executing VM operation: G1PauseCleanup
Event: 19.123 Executing VM operation: G1PauseCleanup done
Event: 19.643 Executing VM operation: G1CollectForAllocation (G1 Evacuation Pause)
Event: 19.651 Executing VM operation: G1CollectForAllocation (G1 Evacuation Pause) done
Event: 19.885 Executing VM operation: HandshakeAllThreads (Deoptimize)
Event: 19.885 Executing VM operation: HandshakeAllThreads (Deoptimize) done
Event: 19.920 Executing VM operation: HandshakeAllThreads (Deoptimize)
Event: 19.920 Executing VM operation: HandshakeAllThreads (Deoptimize) done
Event: 19.974 Executing VM operation: HandshakeAllThreads (Deoptimize)
Event: 19.974 Executing VM operation: HandshakeAllThreads (Deoptimize) done
Event: 20.303 Executing VM operation: G1CollectForAllocation (G1 Evacuation Pause)
Event: 20.318 Executing VM operation: G1CollectForAllocation (G1 Evacuation Pause) done
Event: 20.518 Executing VM operation: HandshakeAllThreads (Deoptimize)
Event: 20.518 Executing VM operation: HandshakeAllThreads (Deoptimize) done
Event: 20.535 Executing VM operation: HandshakeAllThreads (Deoptimize)
Event: 20.535 Executing VM operation: HandshakeAllThreads (Deoptimize) done
Event: 20.619 Executing VM operation: HandshakeAllThreads (Deoptimize)
Event: 20.619 Executing VM operation: HandshakeAllThreads (Deoptimize) done
Event: 20.701 Executing VM operation: G1TryInitiateConcMark (G1 Humongous Allocation)
Event: 20.709 Executing VM operation: G1TryInitiateConcMark (G1 Humongous Allocation) done

Memory protections (0 events):
No events

Nmethod flushes (20 events):
Event: 19.043 Thread 0x00000209669fb8f0 flushing  nmethod 0x0000020953806890
Event: 19.043 Thread 0x00000209669fb8f0 flushing  nmethod 0x0000020953809b10
Event: 19.043 Thread 0x00000209669fb8f0 flushing  nmethod 0x000002095383e710
Event: 19.043 Thread 0x00000209669fb8f0 flushing  nmethod 0x0000020953888610
Event: 19.044 Thread 0x00000209669fb8f0 flushing  nmethod 0x0000020953888e90
Event: 19.044 Thread 0x00000209669fb8f0 flushing  nmethod 0x0000020953892c90
Event: 19.044 Thread 0x00000209669fb8f0 flushing  nmethod 0x0000020953934890
Event: 19.044 Thread 0x00000209669fb8f0 flushing  nmethod 0x0000020953a72390
Event: 19.044 Thread 0x00000209669fb8f0 flushing  nmethod 0x0000020953a72910
Event: 19.044 Thread 0x00000209669fb8f0 flushing  nmethod 0x0000020953a73f10
Event: 19.044 Thread 0x00000209669fb8f0 flushing  nmethod 0x0000020953a74690
Event: 19.044 Thread 0x00000209669fb8f0 flushing  nmethod 0x0000020953ab3490
Event: 19.044 Thread 0x00000209669fb8f0 flushing  nmethod 0x0000020953b10b10
Event: 19.044 Thread 0x00000209669fb8f0 flushing  nmethod 0x0000020953bec390
Event: 19.044 Thread 0x00000209669fb8f0 flushing  nmethod 0x0000020953c8fa90
Event: 19.044 Thread 0x00000209669fb8f0 flushing  nmethod 0x0000020953de3990
Event: 19.044 Thread 0x00000209669fb8f0 flushing  nmethod 0x0000020953de9c90
Event: 19.044 Thread 0x00000209669fb8f0 flushing  nmethod 0x0000020953dee110
Event: 19.044 Thread 0x00000209669fb8f0 flushing  nmethod 0x0000020953df1b10
Event: 19.044 Thread 0x00000209669fb8f0 flushing  nmethod 0x0000020953e2e090

Events (20 events):
Event: 10.198 Thread 0x000002096c921e20 Thread added: 0x000002096dcddff0
Event: 10.198 Thread 0x000002096c921e20 Thread added: 0x000002096dcdd960
Event: 10.199 Thread 0x000002096c921e20 Thread added: 0x000002096dcdb200
Event: 11.500 Thread 0x000002096eddc6f0 Thread exited: 0x000002096eddc6f0
Event: 12.198 Thread 0x0000020966aa10d0 Thread added: 0x000002096f7339e0
Event: 13.164 Thread 0x000002096c921e20 Thread added: 0x000002096dcd7060
Event: 13.164 Thread 0x000002096c921e20 Thread added: 0x000002096dcde680
Event: 13.164 Thread 0x000002096c921e20 Thread added: 0x000002096dcd76f0
Event: 13.248 Thread 0x000002096c921e20 Thread added: 0x000002096dcd9e50
Event: 13.249 Thread 0x000002096c921e20 Thread added: 0x000002096dcd7d80
Event: 13.250 Thread 0x000002096c921e20 Thread added: 0x000002096dcd8410
Event: 13.483 Thread 0x000002096c921e20 Thread added: 0x000002096dcdab70
Event: 13.483 Thread 0x000002096c921e20 Thread added: 0x000002096dcd8aa0
Event: 13.483 Thread 0x000002096c921e20 Thread added: 0x000002096dcdb890
Event: 15.387 Thread 0x000002096f7339e0 Thread exited: 0x000002096f7339e0
Event: 17.502 Thread 0x0000020966a9b120 Thread added: 0x000002096fa26d10
Event: 18.543 Thread 0x000002096fa26d10 Thread exited: 0x000002096fa26d10
Event: 19.620 Thread 0x0000020966aa10d0 Thread added: 0x000002096e24c530
Event: 20.256 Thread 0x000002096e24c530 Thread exited: 0x000002096e24c530
Event: 20.692 Thread 0x0000020966aa10d0 Thread added: 0x000002096e223ae0


Dynamic libraries:
0x00007ff6c8510000 - 0x00007ff6c851a000 	C:\Program Files\Android\Android Studio\jbr\bin\java.exe
0x00007ffbdf170000 - 0x00007ffbdf368000 	C:\Windows\SYSTEM32\ntdll.dll
0x00007ffbde310000 - 0x00007ffbde3cf000 	C:\Windows\System32\KERNEL32.DLL
0x00007ffbdcdd0000 - 0x00007ffbdd0aa000 	C:\Windows\System32\KERNELBASE.dll
0x00007ffbdc990000 - 0x00007ffbdca90000 	C:\Windows\System32\ucrtbase.dll
0x00007ffb35280000 - 0x00007ffb3529b000 	C:\Program Files\Android\Android Studio\jbr\bin\VCRUNTIME140.dll
0x00007ffb1f480000 - 0x00007ffb1f498000 	C:\Program Files\Android\Android Studio\jbr\bin\jli.dll
0x00007ffbdd1f0000 - 0x00007ffbdd38d000 	C:\Windows\System32\USER32.dll
0x00007ffbcf1e0000 - 0x00007ffbcf47a000 	C:\Windows\WinSxS\amd64_microsoft.windows.common-controls_6595b64144ccf1df_6.0.19041.1110_none_60b5254171f9507e\COMCTL32.dll
0x00007ffbdd150000 - 0x00007ffbdd172000 	C:\Windows\System32\win32u.dll
0x00007ffbdd760000 - 0x00007ffbdd7fe000 	C:\Windows\System32\msvcrt.dll
0x00007ffbdd5a0000 - 0x00007ffbdd5cb000 	C:\Windows\System32\GDI32.dll
0x00007ffbdc880000 - 0x00007ffbdc990000 	C:\Windows\System32\gdi32full.dll
0x00007ffbdcb20000 - 0x00007ffbdcbbd000 	C:\Windows\System32\msvcp_win.dll
0x00007ffbde3d0000 - 0x00007ffbde400000 	C:\Windows\System32\IMM32.DLL
0x00007ffb1f470000 - 0x00007ffb1f47c000 	C:\Program Files\Android\Android Studio\jbr\bin\vcruntime140_1.dll
0x00007ffb12900000 - 0x00007ffb1298d000 	C:\Program Files\Android\Android Studio\jbr\bin\msvcp140.dll
0x00007ffb13550000 - 0x00007ffb141e6000 	C:\Program Files\Android\Android Studio\jbr\bin\server\jvm.dll
0x00007ffbde030000 - 0x00007ffbde0de000 	C:\Windows\System32\ADVAPI32.dll
0x00007ffbde270000 - 0x00007ffbde30c000 	C:\Windows\System32\sechost.dll
0x00007ffbdd390000 - 0x00007ffbdd4b6000 	C:\Windows\System32\RPCRT4.dll
0x00007ffbdde90000 - 0x00007ffbddefb000 	C:\Windows\System32\WS2_32.dll
0x00007ffbdc6f0000 - 0x00007ffbdc73b000 	C:\Windows\SYSTEM32\POWRPROF.dll
0x00007ffbd2ae0000 - 0x00007ffbd2b07000 	C:\Windows\SYSTEM32\WINMM.dll
0x00007ffbd6f90000 - 0x00007ffbd6f9a000 	C:\Windows\SYSTEM32\VERSION.dll
0x00007ffbdc6d0000 - 0x00007ffbdc6e2000 	C:\Windows\SYSTEM32\UMPDC.dll
0x00007ffbda760000 - 0x00007ffbda772000 	C:\Windows\SYSTEM32\kernel.appcore.dll
0x00007ffb1f460000 - 0x00007ffb1f46a000 	C:\Program Files\Android\Android Studio\jbr\bin\jimage.dll
0x00007ffbd31a0000 - 0x00007ffbd3384000 	C:\Windows\SYSTEM32\DBGHELP.DLL
0x00007ffbc4f70000 - 0x00007ffbc4fa4000 	C:\Windows\SYSTEM32\dbgcore.DLL
0x00007ffbdca90000 - 0x00007ffbdcb12000 	C:\Windows\System32\bcryptPrimitives.dll
0x00007ffb7c010000 - 0x00007ffb7c01e000 	C:\Program Files\Android\Android Studio\jbr\bin\instrument.dll
0x00007ffb1f440000 - 0x00007ffb1f460000 	C:\Program Files\Android\Android Studio\jbr\bin\java.dll
0x00007ffb12d80000 - 0x00007ffb12d98000 	C:\Program Files\Android\Android Studio\jbr\bin\zip.dll
0x00007ffbde9e0000 - 0x00007ffbdf124000 	C:\Windows\System32\SHELL32.dll
0x00007ffbda960000 - 0x00007ffbdb0f3000 	C:\Windows\SYSTEM32\windows.storage.dll
0x00007ffbde5f0000 - 0x00007ffbde944000 	C:\Windows\System32\combase.dll
0x00007ffbdc200000 - 0x00007ffbdc22e000 	C:\Windows\SYSTEM32\Wldp.dll
0x00007ffbdd5d0000 - 0x00007ffbdd67d000 	C:\Windows\System32\SHCORE.dll
0x00007ffbde460000 - 0x00007ffbde4b5000 	C:\Windows\System32\shlwapi.dll
0x00007ffbdc7c0000 - 0x00007ffbdc7df000 	C:\Windows\SYSTEM32\profapi.dll
0x00007ffb13540000 - 0x00007ffb13550000 	C:\Program Files\Android\Android Studio\jbr\bin\net.dll
0x00007ffbd6670000 - 0x00007ffbd677a000 	C:\Windows\SYSTEM32\WINHTTP.dll
0x00007ffbdbf60000 - 0x00007ffbdbfca000 	C:\Windows\system32\mswsock.dll
0x00007ffb13520000 - 0x00007ffb13536000 	C:\Program Files\Android\Android Studio\jbr\bin\nio.dll
0x00007ffb13060000 - 0x00007ffb13070000 	C:\Program Files\Android\Android Studio\jbr\bin\verify.dll
0x00007ffb12e60000 - 0x00007ffb12e87000 	C:\Users\Academy\.gradle\native\1def1411415f61bf3af743bc5b6707747c0891f09f0c88961ee8f79bc544acac\windows-amd64\native-platform.dll
0x00007ffb116e0000 - 0x00007ffb11758000 	C:\Users\Academy\.gradle\native\0.2.7\x86_64-windows-gnu\gradle-fileevents.dll
0x00007ffb130b0000 - 0x00007ffb130b9000 	C:\Program Files\Android\Android Studio\jbr\bin\management.dll
0x00007ffb130a0000 - 0x00007ffb130ab000 	C:\Program Files\Android\Android Studio\jbr\bin\management_ext.dll
0x00007ffbde260000 - 0x00007ffbde268000 	C:\Windows\System32\PSAPI.DLL
0x00007ffbdbc50000 - 0x00007ffbdbc8c000 	C:\Windows\SYSTEM32\IPHLPAPI.DLL
0x00007ffbde4c0000 - 0x00007ffbde4c8000 	C:\Windows\System32\NSI.dll
0x00007ffb13110000 - 0x00007ffb13119000 	C:\Program Files\Android\Android Studio\jbr\bin\extnet.dll
0x00007ffbdc160000 - 0x00007ffbdc178000 	C:\Windows\SYSTEM32\CRYPTSP.dll
0x00007ffbdb880000 - 0x00007ffbdb8b4000 	C:\Windows\system32\rsaenh.dll
0x00007ffbdd0b0000 - 0x00007ffbdd0d7000 	C:\Windows\System32\bcrypt.dll
0x00007ffbdc780000 - 0x00007ffbdc7ae000 	C:\Windows\SYSTEM32\USERENV.dll
0x00007ffbdc150000 - 0x00007ffbdc15c000 	C:\Windows\SYSTEM32\CRYPTBASE.dll
0x00007ffbb7290000 - 0x00007ffbb7297000 	C:\Windows\system32\wshunix.dll

JVMTI agents:
C:\Users\Academy\.gradle\wrapper\dists\gradle-8.13-bin\5xuhj0ry160q40clulazy9h7d\gradle-8.13\lib\agents\gradle-instrumentation-agent-8.13.jar path:C:\Program Files\Android\Android Studio\jbr\bin\instrument.dll, loaded, initialized, instrumentlib options:none

dbghelp: loaded successfully - version: 4.0.5 - missing functions: none
symbol engine: initialized successfully - sym options: 0x614 - pdb path: .;C:\Program Files\Android\Android Studio\jbr\bin;C:\Windows\SYSTEM32;C:\Windows\WinSxS\amd64_microsoft.windows.common-controls_6595b64144ccf1df_6.0.19041.1110_none_60b5254171f9507e;C:\Program Files\Android\Android Studio\jbr\bin\server;C:\Users\Academy\.gradle\native\1def1411415f61bf3af743bc5b6707747c0891f09f0c88961ee8f79bc544acac\windows-amd64;C:\Users\Academy\.gradle\native\0.2.7\x86_64-windows-gnu

VM Arguments:
jvm_args: --add-opens=java.base/java.lang=ALL-UNNAMED --add-opens=java.base/java.lang.invoke=ALL-UNNAMED --add-opens=java.base/java.util=ALL-UNNAMED --add-opens=java.prefs/java.util.prefs=ALL-UNNAMED --add-exports=jdk.compiler/com.sun.tools.javac.api=ALL-UNNAMED --add-exports=jdk.compiler/com.sun.tools.javac.util=ALL-UNNAMED --add-opens=java.base/java.util=ALL-UNNAMED --add-opens=java.prefs/java.util.prefs=ALL-UNNAMED --add-opens=java.base/java.nio.charset=ALL-UNNAMED --add-opens=java.base/java.net=ALL-UNNAMED --add-opens=java.base/java.util.concurrent.atomic=ALL-UNNAMED --add-opens=java.xml/javax.xml.namespace=ALL-UNNAMED -Xmx2048m -Dfile.encoding=UTF-8 -Duser.country=RU -Duser.language=ru -Duser.variant -javaagent:C:\Users\Academy\.gradle\wrapper\dists\gradle-8.13-bin\5xuhj0ry160q40clulazy9h7d\gradle-8.13\lib\agents\gradle-instrumentation-agent-8.13.jar 
java_command: org.gradle.launcher.daemon.bootstrap.GradleDaemon 8.13
java_class_path (initial): C:\Users\Academy\.gradle\wrapper\dists\gradle-8.13-bin\5xuhj0ry160q40clulazy9h7d\gradle-8.13\lib\gradle-daemon-main-8.13.jar
Launcher Type: SUN_STANDARD

[Global flags]
     intx CICompilerCount                          = 3                                         {product} {ergonomic}
     uint ConcGCThreads                            = 1                                         {product} {ergonomic}
     uint G1ConcRefinementThreads                  = 4                                         {product} {ergonomic}
   size_t G1HeapRegionSize                         = 1048576                                   {product} {ergonomic}
    uintx GCDrainStackTargetSize                   = 64                                        {product} {ergonomic}
   size_t InitialHeapSize                          = 134217728                                 {product} {ergonomic}
   size_t MarkStackSize                            = 4194304                                   {product} {ergonomic}
   size_t MaxHeapSize                              = 2147483648                                {product} {command line}
   size_t MaxNewSize                               = 1287651328                                {product} {ergonomic}
   size_t MinHeapDeltaBytes                        = 1048576                                   {product} {ergonomic}
   size_t MinHeapSize                              = 8388608                                   {product} {ergonomic}
    uintx NonNMethodCodeHeapSize                   = 5832780                                {pd product} {ergonomic}
    uintx NonProfiledCodeHeapSize                  = 122912730                              {pd product} {ergonomic}
    uintx ProfiledCodeHeapSize                     = 122912730                              {pd product} {ergonomic}
    uintx ReservedCodeCacheSize                    = 251658240                              {pd product} {ergonomic}
     bool SegmentedCodeCache                       = true                                      {product} {ergonomic}
   size_t SoftMaxHeapSize                          = 2147483648                             {manageable} {ergonomic}
     bool UseCompressedOops                        = true                           {product lp64_product} {ergonomic}
     bool UseG1GC                                  = true                                      {product} {ergonomic}
     bool UseLargePagesIndividualAllocation        = false                                  {pd product} {ergonomic}

Logging:
Log output configuration:
 #0: stdout all=warning uptime,level,tags foldmultilines=false
 #1: stderr all=off uptime,level,tags foldmultilines=false

Environment Variables:
PATH=C:\Program Files (x86)\Common Files\Intel\Shared Libraries\redist\intel64\compiler;C:\Windows\system32;C:\Windows;C:\Windows\System32\Wbem;C:\Windows\System32\WindowsPowerShell\v1.0\;C:\Windows\System32\OpenSSH\;C:\Program Files\Microsoft SQL Server\150\Tools\Binn\;C:\Program Files\Microsoft SQL Server\Client SDK\ODBC\170\Tools\Binn\;C:\Program Files\dotnet\;C:\Program Files (x86)\Windows Kits\10\Windows Performance Toolkit\;C:\Program Files\Microsoft SQL Server\120\Tools\Binn\;C:\Program Files (x86)\IVI Foundation\VISA\WinNT\Bin;C:\ProgramData\ComposerSetup\bin;C:\OSPanel\modules\php\PHP_8.1;C:\Program Files\nodejs\;C:\Program Files\PuTTY\;C:\Users\Academy\AppData\Local\Programs\Python\Python313\Scripts\;C:\Users\Academy\AppData\Local\Programs\Python\Python313\;C:\Users\Academy\AppData\Local\Microsoft\WindowsApps;C:\Users\Academy\AppData\Local\Programs\Microsoft VS Code\bin;C:\Users\Admin\AppData\Local\GitHubDesktop\bin;C:\Users\Academy\AppData\Roaming\npm;C:\Users\Academy\AppData\Local\GitHubDesktop\bin;C:\Users\Academy\AppData\Local\Programs\Git\cmd;C:\Users\Academy\.dotnet\tools
USERNAME=Academy
OS=Windows_NT
PROCESSOR_IDENTIFIER=Intel64 Family 6 Model 60 Stepping 3, GenuineIntel
TMP=C:\Users\Academy\AppData\Local\Temp
TEMP=C:\Users\Academy\AppData\Local\Temp




Periodic native trim disabled

JNI global refs:
JNI global refs: 30, weak refs: 12

JNI global refs memory usage: 835, weak refs: 833

Process memory usage:
Resident Set Size: 491248K (5% of 8272704K total physical memory with 505332K free physical memory)

OOME stack traces (most recent first):
Classloader memory used:
Loader org.gradle.internal.classloader.VisitableURLClassLoader                         : 82258K
Loader bootstrap                                                                       : 25448K
Loader org.gradle.initialization.MixInLegacyTypesClassLoader                           : 11104K
Loader jdk.internal.loader.ClassLoaders$PlatformClassLoader                            : 540K
Loader jdk.internal.jrtfs.JrtFileSystemProvider$JrtFsLoader                            : 332K
Loader jdk.internal.loader.ClassLoaders$AppClassLoader                                 : 235K
Loader jdk.internal.reflect.DelegatingClassLoader                                      : 152K
Loader org.gradle.groovy.scripts.internal.DefaultScriptCompilationHandler$ScriptClassLoader: 123K
Loader org.gradle.internal.classloader.VisitableURLClassLoader                         : 113K
Loader org.gradle.internal.classloader.VisitableURLClassLoader$InstrumentingVisitableURLClassLoader: 46944B
Loader org.codehaus.groovy.runtime.callsite.CallSiteClassLoader                        : 17200B


[error occurred during error reporting (Classloader stats), id 0xe0000001, Out of Memory Error (s\src\hotspot\share\memory\arena.cpp:168)]
---------------  S Y S T E M  ---------------

OS:
 Windows 10 , 64 bit Build 19041 (10.0.19041.2788)
OS uptime: 2 days 1:02 hours

CPU: total 4 (initial active 4) (4 cores per cpu, 1 threads per core) family 6 model 60 stepping 3 microcode 0x27, cx8, cmov, fxsr, mmx, sse, sse2, sse3, ssse3, sse4.1, sse4.2, popcnt, lzcnt, tsc, tscinvbit, avx, avx2, aes, erms, clmul, bmi1, bmi2, fma, vzeroupper, clflush, rdtscp, f16c
Processor Information for the first 4 processors :
  Max Mhz: 3201, Current Mhz: 3201, Mhz Limit: 3201

Memory: 4k page, system-wide physical 8078M (493M free)
TotalPageFile size 16270M (AvailPageFile size 5M)
current process WorkingSet (physical memory assigned to process): 480M, peak: 480M
current process commit charge ("private bytes"): 508M, peak: 509M

vm_info: OpenJDK 64-Bit Server VM (21.0.8+-14196175-b1038.72) for windows-amd64 JRE (21.0.8+-14196175-b1038.72), built on 2025-10-01T10:24:33Z by "builder" with MS VC++ 16.10 / 16.11 (VS2019)

END.
