#
# There is insufficient memory for the Java Runtime Environment to continue.
# Native memory allocation (malloc) failed to allocate 1114416 bytes. Error detail: Chunk::new
# Possible reasons:
#   The system is out of physical RAM or swap space
#   This process is running with CompressedOops enabled, and the Java Heap may be blocking the growth of the native heap
# Possible solutions:
#   Reduce memory load on the system
#   Increase physical memory or swap space
#   Check if swap backing store is full
#   Decrease Java heap size (-Xmx/-Xms)
#   Decrease number of Java threads
#   Decrease Java thread stack sizes (-Xss)
#   Set larger code cache with -XX:ReservedCodeCacheSize=
#   JVM is running with Unscaled Compressed Oops mode in which the Java heap is
#     placed in the first 4GB address space. The Java Heap base address is the
#     maximum limit for the native heap growth. Please use -XX:HeapBaseMinAddress
#     to set the Java Heap base and to place the Java Heap above 4GB virtual address.
# This output file may be truncated or incomplete.
#
#  Out of Memory Error (arena.cpp:168), pid=8392, tid=11052
#
# JRE version: OpenJDK Runtime Environment (21.0.8) (build 21.0.8+-14196175-b1038.72)
# Java VM: OpenJDK 64-Bit Server VM (21.0.8+-14196175-b1038.72, mixed mode, tiered, compressed oops, compressed class ptrs, g1 gc, windows-amd64)
# No core dump will be written. Minidumps are not enabled by default on client versions of Windows
#

---------------  S U M M A R Y ------------

Command Line: --add-opens=java.base/java.lang=ALL-UNNAMED --add-opens=java.base/java.lang.invoke=ALL-UNNAMED --add-opens=java.base/java.util=ALL-UNNAMED --add-opens=java.prefs/java.util.prefs=ALL-UNNAMED --add-exports=jdk.compiler/com.sun.tools.javac.api=ALL-UNNAMED --add-exports=jdk.compiler/com.sun.tools.javac.util=ALL-UNNAMED --add-opens=java.base/java.util=ALL-UNNAMED --add-opens=java.prefs/java.util.prefs=ALL-UNNAMED --add-opens=java.base/java.nio.charset=ALL-UNNAMED --add-opens=java.base/java.net=ALL-UNNAMED --add-opens=java.base/java.util.concurrent.atomic=ALL-UNNAMED --add-opens=java.xml/javax.xml.namespace=ALL-UNNAMED -Xmx2048m -Dfile.encoding=UTF-8 -Duser.country=RU -Duser.language=ru -Duser.variant -javaagent:C:\Users\Academy\.gradle\wrapper\dists\gradle-8.13-bin\5xuhj0ry160q40clulazy9h7d\gradle-8.13\lib\agents\gradle-instrumentation-agent-8.13.jar org.gradle.launcher.daemon.bootstrap.GradleDaemon 8.13

Host: Intel(R) Core(TM) i5-4570 CPU @ 3.20GHz, 4 cores, 7G,  Windows 10 , 64 bit Build 19041 (10.0.19041.2788)
Time: Wed Apr  8 09:50:57 2026 elapsed time: 31.231713 seconds (0d 0h 0m 31s)

---------------  T H R E A D  ---------------

Current thread (0x000001df1473d440):  JavaThread "C2 CompilerThread1" daemon [_thread_in_native, id=11052, stack(0x000000c7aa600000,0x000000c7aa700000) (1024K)]


Current CompileTask:
C2:31232 17462       4       org.gradle.internal.reflect.ClassInspector::inspectClass (179 bytes)

Stack: [0x000000c7aa600000,0x000000c7aa700000]
Native frames: (J=compiled Java code, j=interpreted, Vv=VM code, C=native code)
V  [jvm.dll+0x6d68d9]
V  [jvm.dll+0x866693]
V  [jvm.dll+0x868c4e]
V  [jvm.dll+0x869333]
V  [jvm.dll+0x280566]
V  [jvm.dll+0xc07cd]
V  [jvm.dll+0xc0d03]
V  [jvm.dll+0x3b95e1]
V  [jvm.dll+0x385507]
V  [jvm.dll+0x38497a]
V  [jvm.dll+0x249252]
V  [jvm.dll+0x248821]
V  [jvm.dll+0x1c73a4]
V  [jvm.dll+0x257f9e]
V  [jvm.dll+0x2564e6]
V  [jvm.dll+0x3f4696]
V  [jvm.dll+0x80eac8]
V  [jvm.dll+0x6d512d]
C  [ucrtbase.dll+0x21bb2]
C  [KERNEL32.DLL+0x17604]
C  [ntdll.dll+0x526a1]


---------------  P R O C E S S  ---------------

Threads class SMR info:
_java_thread_list=0x000001df0a46fbe0, length=58, elements={
0x000001df65c34160, 0x000001df7eee1140, 0x000001df7ef220a0, 0x000001df7ef22710,
0x000001df7ef233f0, 0x000001df7eeb81b0, 0x000001df7eeb8c10, 0x000001df7eeb9670,
0x000001df7ef03f00, 0x000001df7ef0f5d0, 0x000001df7f1f7510, 0x000001df05446050,
0x000001df0541a3d0, 0x000001df05385030, 0x000001df0535d550, 0x000001df053595f0,
0x000001df05368270, 0x000001df05526150, 0x000001df055714f0, 0x000001df055735c0,
0x000001df05573c50, 0x000001df05571b80, 0x000001df05572f30, 0x000001df055742e0,
0x000001df05572210, 0x000001df055728a0, 0x000001df07c927f0, 0x000001df07c91ad0,
0x000001df07c8f370, 0x000001df07c90db0, 0x000001df07c90090, 0x000001df07c91440,
0x000001df080cc5d0, 0x000001df080d00e0, 0x000001df080cf3c0, 0x000001df080ccc60,
0x000001df080c9e70, 0x000001df080ce6a0, 0x000001df080cd2f0, 0x000001df080d0770,
0x000001df080cd980, 0x000001df080cfa50, 0x000001df080d1490, 0x000001df080ce010,
0x000001df080ced30, 0x000001df0778cec0, 0x000001df077916f0, 0x000001df07791d80,
0x000001df0778dbe0, 0x000001df0778c830, 0x000001df07790340, 0x000001df07792aa0,
0x000001df0778d550, 0x000001df0778e270, 0x000001df08768070, 0x000001df08768d90,
0x000001df0876b4f0, 0x000001df1473d440
}

Java Threads: ( => current thread )
  0x000001df65c34160 JavaThread "main"                              [_thread_blocked, id=14228, stack(0x000000c7a6500000,0x000000c7a6600000) (1024K)]
  0x000001df7eee1140 JavaThread "Common-Cleaner"             daemon [_thread_blocked, id=11072, stack(0x000000c7a6d00000,0x000000c7a6e00000) (1024K)]
  0x000001df7ef220a0 JavaThread "Reference Handler"          daemon [_thread_blocked, id=12036, stack(0x000000c7a6e00000,0x000000c7a6f00000) (1024K)]
  0x000001df7ef22710 JavaThread "Finalizer"                  daemon [_thread_blocked, id=11032, stack(0x000000c7a6f00000,0x000000c7a7000000) (1024K)]
  0x000001df7ef233f0 JavaThread "Signal Dispatcher"          daemon [_thread_blocked, id=8440, stack(0x000000c7a7000000,0x000000c7a7100000) (1024K)]
  0x000001df7eeb81b0 JavaThread "Attach Listener"            daemon [_thread_blocked, id=12236, stack(0x000000c7a7100000,0x000000c7a7200000) (1024K)]
  0x000001df7eeb8c10 JavaThread "Service Thread"             daemon [_thread_blocked, id=14296, stack(0x000000c7a7200000,0x000000c7a7300000) (1024K)]
  0x000001df7eeb9670 JavaThread "Monitor Deflation Thread"   daemon [_thread_blocked, id=6084, stack(0x000000c7a7300000,0x000000c7a7400000) (1024K)]
  0x000001df7ef03f00 JavaThread "C2 CompilerThread0"         daemon [_thread_in_native, id=8180, stack(0x000000c7a7400000,0x000000c7a7500000) (1024K)]
  0x000001df7ef0f5d0 JavaThread "C1 CompilerThread0"         daemon [_thread_blocked, id=13492, stack(0x000000c7a7500000,0x000000c7a7600000) (1024K)]
  0x000001df7f1f7510 JavaThread "Notification Thread"        daemon [_thread_blocked, id=1012, stack(0x000000c7a7600000,0x000000c7a7700000) (1024K)]
  0x000001df05446050 JavaThread "Daemon health stats"               [_thread_blocked, id=11380, stack(0x000000c7a7b00000,0x000000c7a7c00000) (1024K)]
  0x000001df0541a3d0 JavaThread "Incoming local TCP Connector on port 59459"        [_thread_in_native, id=1596, stack(0x000000c7a7c00000,0x000000c7a7d00000) (1024K)]
  0x000001df05385030 JavaThread "Daemon periodic checks"            [_thread_blocked, id=10832, stack(0x000000c7a7d00000,0x000000c7a7e00000) (1024K)]
  0x000001df0535d550 JavaThread "Daemon"                            [_thread_blocked, id=13072, stack(0x000000c7a7e00000,0x000000c7a7f00000) (1024K)]
  0x000001df053595f0 JavaThread "Handler for socket connection from /127.0.0.1:59459 to /127.0.0.1:59460"        [_thread_in_native, id=1824, stack(0x000000c7a7f00000,0x000000c7a8000000) (1024K)]
  0x000001df05368270 JavaThread "Cancel handler"                    [_thread_blocked, id=1328, stack(0x000000c7a8000000,0x000000c7a8100000) (1024K)]
  0x000001df05526150 JavaThread "Daemon worker"                     [_thread_in_Java, id=140, stack(0x000000c7a8100000,0x000000c7a8200000) (1024K)]
  0x000001df055714f0 JavaThread "Asynchronous log dispatcher for DefaultDaemonConnection: socket connection from /127.0.0.1:59459 to /127.0.0.1:59460"        [_thread_blocked, id=9020, stack(0x000000c7a8200000,0x000000c7a8300000) (1024K)]
  0x000001df055735c0 JavaThread "Stdin handler"                     [_thread_blocked, id=13372, stack(0x000000c7a8300000,0x000000c7a8400000) (1024K)]
  0x000001df05573c50 JavaThread "Daemon client event forwarder"        [_thread_blocked, id=12752, stack(0x000000c7a8400000,0x000000c7a8500000) (1024K)]
  0x000001df05571b80 JavaThread "Cache worker for journal cache (C:\Users\Academy\.gradle\caches\journal-1)"        [_thread_blocked, id=6724, stack(0x000000c7a8500000,0x000000c7a8600000) (1024K)]
  0x000001df05572f30 JavaThread "File lock request listener"        [_thread_in_native, id=4032, stack(0x000000c7a8600000,0x000000c7a8700000) (1024K)]
  0x000001df055742e0 JavaThread "Cache worker for file hash cache (C:\Users\Academy\.gradle\caches\8.13\fileHashes)"        [_thread_blocked, id=14096, stack(0x000000c7a8700000,0x000000c7a8800000) (1024K)]
  0x000001df05572210 JavaThread "Cache worker for file hash cache (D:\ZOVV\mobile\.gradle\8.13\fileHashes)"        [_thread_blocked, id=9788, stack(0x000000c7a8800000,0x000000c7a8900000) (1024K)]
  0x000001df055728a0 JavaThread "Cache worker for Build Output Cleanup Cache (D:\ZOVV\mobile\.gradle\buildOutputCleanup)"        [_thread_blocked, id=2828, stack(0x000000c7a8900000,0x000000c7a8a00000) (1024K)]
  0x000001df07c927f0 JavaThread "File watcher server"        daemon [_thread_in_native, id=6544, stack(0x000000c7a8a00000,0x000000c7a8b00000) (1024K)]
  0x000001df07c91ad0 JavaThread "File watcher consumer"      daemon [_thread_blocked, id=11872, stack(0x000000c7a8b00000,0x000000c7a8c00000) (1024K)]
  0x000001df07c8f370 JavaThread "jar transforms"                    [_thread_blocked, id=5800, stack(0x000000c7a8c00000,0x000000c7a8d00000) (1024K)]
  0x000001df07c90db0 JavaThread "jar transforms Thread 2"           [_thread_blocked, id=3908, stack(0x000000c7a8d00000,0x000000c7a8e00000) (1024K)]
  0x000001df07c90090 JavaThread "Cache worker for checksums cache (D:\ZOVV\mobile\.gradle\8.13\checksums)"        [_thread_blocked, id=7220, stack(0x000000c7a8e00000,0x000000c7a8f00000) (1024K)]
  0x000001df07c91440 JavaThread "Cache worker for file content cache (C:\Users\Academy\.gradle\caches\8.13\fileContent)"        [_thread_blocked, id=724, stack(0x000000c7a8f00000,0x000000c7a9000000) (1024K)]
  0x000001df080cc5d0 JavaThread "jar transforms Thread 3"           [_thread_blocked, id=11616, stack(0x000000c7a9000000,0x000000c7a9100000) (1024K)]
  0x000001df080d00e0 JavaThread "Cache worker for cache directory md-supplier (C:\Users\Academy\.gradle\caches\8.13\md-supplier)"        [_thread_blocked, id=8836, stack(0x000000c7a9100000,0x000000c7a9200000) (1024K)]
  0x000001df080cf3c0 JavaThread "Cache worker for cache directory md-rule (C:\Users\Academy\.gradle\caches\8.13\md-rule)"        [_thread_blocked, id=10892, stack(0x000000c7a9200000,0x000000c7a9300000) (1024K)]
  0x000001df080ccc60 JavaThread "Unconstrained build operations"        [_thread_blocked, id=10952, stack(0x000000c7a9300000,0x000000c7a9400000) (1024K)]
  0x000001df080c9e70 JavaThread "Unconstrained build operations Thread 2"        [_thread_blocked, id=10120, stack(0x000000c7a9400000,0x000000c7a9500000) (1024K)]
  0x000001df080ce6a0 JavaThread "Unconstrained build operations Thread 3"        [_thread_blocked, id=10568, stack(0x000000c7a9500000,0x000000c7a9600000) (1024K)]
  0x000001df080cd2f0 JavaThread "Unconstrained build operations Thread 4"        [_thread_blocked, id=11528, stack(0x000000c7a9600000,0x000000c7a9700000) (1024K)]
  0x000001df080d0770 JavaThread "Unconstrained build operations Thread 5"        [_thread_blocked, id=7888, stack(0x000000c7a9700000,0x000000c7a9800000) (1024K)]
  0x000001df080cd980 JavaThread "Unconstrained build operations Thread 6"        [_thread_blocked, id=10316, stack(0x000000c7a9800000,0x000000c7a9900000) (1024K)]
  0x000001df080cfa50 JavaThread "jar transforms Thread 4"           [_thread_blocked, id=11628, stack(0x000000c7a9900000,0x000000c7a9a00000) (1024K)]
  0x000001df080d1490 JavaThread "Unconstrained build operations Thread 7"        [_thread_blocked, id=7376, stack(0x000000c7a9a00000,0x000000c7a9b00000) (1024K)]
  0x000001df080ce010 JavaThread "Unconstrained build operations Thread 8"        [_thread_blocked, id=5480, stack(0x000000c7a9b00000,0x000000c7a9c00000) (1024K)]
  0x000001df080ced30 JavaThread "Unconstrained build operations Thread 9"        [_thread_blocked, id=3712, stack(0x000000c7a9c00000,0x000000c7a9d00000) (1024K)]
  0x000001df0778cec0 JavaThread "Unconstrained build operations Thread 10"        [_thread_blocked, id=1620, stack(0x000000c7a9d00000,0x000000c7a9e00000) (1024K)]
  0x000001df077916f0 JavaThread "Unconstrained build operations Thread 11"        [_thread_blocked, id=9444, stack(0x000000c7a9e00000,0x000000c7a9f00000) (1024K)]
  0x000001df07791d80 JavaThread "Unconstrained build operations Thread 12"        [_thread_blocked, id=11028, stack(0x000000c7a9f00000,0x000000c7aa000000) (1024K)]
  0x000001df0778dbe0 JavaThread "Unconstrained build operations Thread 13"        [_thread_blocked, id=12324, stack(0x000000c7aa000000,0x000000c7aa100000) (1024K)]
  0x000001df0778c830 JavaThread "Unconstrained build operations Thread 14"        [_thread_blocked, id=8772, stack(0x000000c7aa100000,0x000000c7aa200000) (1024K)]
  0x000001df07790340 JavaThread "Unconstrained build operations Thread 15"        [_thread_blocked, id=12456, stack(0x000000c7aa200000,0x000000c7aa300000) (1024K)]
  0x000001df07792aa0 JavaThread "Unconstrained build operations Thread 16"        [_thread_blocked, id=2468, stack(0x000000c7aa300000,0x000000c7aa400000) (1024K)]
  0x000001df0778d550 JavaThread "Unconstrained build operations Thread 17"        [_thread_blocked, id=12572, stack(0x000000c7aa400000,0x000000c7aa500000) (1024K)]
  0x000001df0778e270 JavaThread "Unconstrained build operations Thread 18"        [_thread_blocked, id=10436, stack(0x000000c7aa500000,0x000000c7aa600000) (1024K)]
  0x000001df08768070 JavaThread "build event listener"              [_thread_blocked, id=10696, stack(0x000000c7a7700000,0x000000c7a7800000) (1024K)]
  0x000001df08768d90 JavaThread "Memory manager"                    [_thread_blocked, id=10644, stack(0x000000c7aa700000,0x000000c7aa800000) (1024K)]
  0x000001df0876b4f0 JavaThread "build event listener"              [_thread_blocked, id=12704, stack(0x000000c7aa800000,0x000000c7aa900000) (1024K)]
=>0x000001df1473d440 JavaThread "C2 CompilerThread1"         daemon [_thread_in_native, id=11052, stack(0x000000c7aa600000,0x000000c7aa700000) (1024K)]
Total: 58

Other Threads:
  0x000001df7ed38c80 VMThread "VM Thread"                           [id=14212, stack(0x000000c7a6c00000,0x000000c7a6d00000) (1024K)]
  0x000001df7ecdd9d0 WatcherThread "VM Periodic Task Thread"        [id=10292, stack(0x000000c7a6b00000,0x000000c7a6c00000) (1024K)]
  0x000001df67f3e0e0 WorkerThread "GC Thread#0"                     [id=13508, stack(0x000000c7a6600000,0x000000c7a6700000) (1024K)]
  0x000001df7f33ca20 WorkerThread "GC Thread#1"                     [id=2792, stack(0x000000c7a7800000,0x000000c7a7900000) (1024K)]
  0x000001df7f468dc0 WorkerThread "GC Thread#2"                     [id=9952, stack(0x000000c7a7900000,0x000000c7a7a00000) (1024K)]
  0x000001df04527570 WorkerThread "GC Thread#3"                     [id=13976, stack(0x000000c7a7a00000,0x000000c7a7b00000) (1024K)]
  0x000001df67f4f140 ConcurrentGCThread "G1 Main Marker"            [id=13952, stack(0x000000c7a6700000,0x000000c7a6800000) (1024K)]
  0x000001df67f502f0 WorkerThread "G1 Conc#0"                       [id=3272, stack(0x000000c7a6800000,0x000000c7a6900000) (1024K)]
  0x000001df7eba20c0 ConcurrentGCThread "G1 Refine#0"               [id=12888, stack(0x000000c7a6900000,0x000000c7a6a00000) (1024K)]
  0x000001df7eba2b40 ConcurrentGCThread "G1 Service"                [id=2368, stack(0x000000c7a6a00000,0x000000c7a6b00000) (1024K)]
Total: 10

Threads with active compile tasks:
C2 CompilerThread0  31262 17516       4       org.objectweb.asm.AnnotationWriter::visit (935 bytes)
C2 CompilerThread1  31262 17462       4       org.gradle.internal.reflect.ClassInspector::inspectClass (179 bytes)
Total: 2

VM state: not at safepoint (normal execution)

VM Mutex/Monitor currently owned by a thread: None

Heap address: 0x0000000080000000, size: 2048 MB, Compressed Oops mode: 32-bit

CDS archive(s) not mapped
Compressed class space mapped at: 0x0000000100000000-0x0000000140000000, reserved size: 1073741824
Narrow klass base: 0x0000000000000000, Narrow klass shift: 3, Narrow klass range: 0x140000000

GC Precious Log:
 CardTable entry size: 512
 Card Set container configuration: InlinePtr #cards 5 size 8 Array Of Cards #cards 12 size 40 Howl #buckets 4 coarsen threshold 1843 Howl Bitmap #cards 512 size 80 coarsen threshold 460 Card regions per heap region 1 cards per card region 2048
 CPUs: 4 total, 4 available
 Memory: 8078M
 Large Page Support: Disabled
 NUMA Support: Disabled
 Compressed Oops: Enabled (32-bit)
 Heap Region Size: 1M
 Heap Min Capacity: 8M
 Heap Initial Capacity: 128M
 Heap Max Capacity: 2G
 Pre-touch: Disabled
 Parallel Workers: 4
 Concurrent Workers: 1
 Concurrent Refinement Workers: 4
 Periodic GC: Disabled

Heap:
 garbage-first heap   total 285696K, used 233481K [0x0000000080000000, 0x0000000100000000)
  region size 1024K, 65 young (66560K), 8 survivors (8192K)
 Metaspace       used 174946K, committed 177600K, reserved 1245184K
  class space    used 23243K, committed 24512K, reserved 1048576K

Heap Regions: E=young(eden), S=young(survivor), O=old, HS=humongous(starts), HC=humongous(continues), CS=collection set, F=free, TAMS=top-at-mark-start, PB=parsable bottom
|   0|0x0000000080000000, 0x0000000080100000, 0x0000000080100000|100%|HS|  |TAMS 0x0000000080000000| PB 0x0000000080000000| Complete 
|   1|0x0000000080100000, 0x0000000080200000, 0x0000000080200000|100%|HC|  |TAMS 0x0000000080100000| PB 0x0000000080100000| Complete 
|   2|0x0000000080200000, 0x0000000080300000, 0x0000000080300000|100%|HC|  |TAMS 0x0000000080200000| PB 0x0000000080200000| Complete 
|   3|0x0000000080300000, 0x0000000080400000, 0x0000000080400000|100%| O|  |TAMS 0x0000000080300000| PB 0x0000000080300000| Untracked 
|   4|0x0000000080400000, 0x0000000080500000, 0x0000000080500000|100%| O|  |TAMS 0x0000000080400000| PB 0x0000000080400000| Untracked 
|   5|0x0000000080500000, 0x0000000080600000, 0x0000000080600000|100%| O|  |TAMS 0x0000000080500000| PB 0x0000000080500000| Untracked 
|   6|0x0000000080600000, 0x0000000080700000, 0x0000000080700000|100%| O|  |TAMS 0x0000000080600000| PB 0x0000000080600000| Untracked 
|   7|0x0000000080700000, 0x0000000080800000, 0x0000000080800000|100%|HS|  |TAMS 0x0000000080700000| PB 0x0000000080700000| Complete 
|   8|0x0000000080800000, 0x0000000080900000, 0x0000000080900000|100%| O|  |TAMS 0x0000000080800000| PB 0x0000000080800000| Untracked 
|   9|0x0000000080900000, 0x0000000080a00000, 0x0000000080a00000|100%| O|  |TAMS 0x0000000080900000| PB 0x0000000080900000| Untracked 
|  10|0x0000000080a00000, 0x0000000080b00000, 0x0000000080b00000|100%| O|  |TAMS 0x0000000080a00000| PB 0x0000000080a00000| Untracked 
|  11|0x0000000080b00000, 0x0000000080c00000, 0x0000000080c00000|100%| O|  |TAMS 0x0000000080b00000| PB 0x0000000080b00000| Untracked 
|  12|0x0000000080c00000, 0x0000000080d00000, 0x0000000080d00000|100%| O|  |TAMS 0x0000000080c00000| PB 0x0000000080c00000| Untracked 
|  13|0x0000000080d00000, 0x0000000080e00000, 0x0000000080e00000|100%| O|  |TAMS 0x0000000080d00000| PB 0x0000000080d00000| Untracked 
|  14|0x0000000080e00000, 0x0000000080f00000, 0x0000000080f00000|100%| O|  |TAMS 0x0000000080e00000| PB 0x0000000080e00000| Untracked 
|  15|0x0000000080f00000, 0x0000000081000000, 0x0000000081000000|100%| O|  |TAMS 0x0000000080f00000| PB 0x0000000080f00000| Untracked 
|  16|0x0000000081000000, 0x0000000081100000, 0x0000000081100000|100%| O|  |TAMS 0x0000000081000000| PB 0x0000000081000000| Untracked 
|  17|0x0000000081100000, 0x0000000081200000, 0x0000000081200000|100%| O|  |TAMS 0x0000000081100000| PB 0x0000000081100000| Untracked 
|  18|0x0000000081200000, 0x0000000081300000, 0x0000000081300000|100%| O|  |TAMS 0x0000000081200000| PB 0x0000000081200000| Untracked 
|  19|0x0000000081300000, 0x0000000081400000, 0x0000000081400000|100%| O|  |TAMS 0x0000000081300000| PB 0x0000000081300000| Untracked 
|  20|0x0000000081400000, 0x0000000081500000, 0x0000000081500000|100%| O|  |TAMS 0x0000000081400000| PB 0x0000000081400000| Untracked 
|  21|0x0000000081500000, 0x0000000081600000, 0x0000000081600000|100%| O|  |TAMS 0x0000000081500000| PB 0x0000000081500000| Untracked 
|  22|0x0000000081600000, 0x0000000081700000, 0x0000000081700000|100%| O|  |TAMS 0x0000000081600000| PB 0x0000000081600000| Untracked 
|  23|0x0000000081700000, 0x0000000081800000, 0x0000000081800000|100%| O|  |TAMS 0x0000000081700000| PB 0x0000000081700000| Untracked 
|  24|0x0000000081800000, 0x0000000081900000, 0x0000000081900000|100%| O|  |TAMS 0x0000000081800000| PB 0x0000000081800000| Untracked 
|  25|0x0000000081900000, 0x0000000081a00000, 0x0000000081a00000|100%| O|  |TAMS 0x0000000081900000| PB 0x0000000081900000| Untracked 
|  26|0x0000000081a00000, 0x0000000081b00000, 0x0000000081b00000|100%| O|  |TAMS 0x0000000081a00000| PB 0x0000000081a00000| Untracked 
|  27|0x0000000081b00000, 0x0000000081c00000, 0x0000000081c00000|100%| O|  |TAMS 0x0000000081b00000| PB 0x0000000081b00000| Untracked 
|  28|0x0000000081c00000, 0x0000000081d00000, 0x0000000081d00000|100%| O|  |TAMS 0x0000000081c00000| PB 0x0000000081c00000| Untracked 
|  29|0x0000000081d00000, 0x0000000081e00000, 0x0000000081e00000|100%| O|  |TAMS 0x0000000081d00000| PB 0x0000000081d00000| Untracked 
|  30|0x0000000081e00000, 0x0000000081f00000, 0x0000000081f00000|100%| O|  |TAMS 0x0000000081e00000| PB 0x0000000081e00000| Untracked 
|  31|0x0000000081f00000, 0x0000000082000000, 0x0000000082000000|100%| O|  |TAMS 0x0000000081f00000| PB 0x0000000081f00000| Untracked 
|  32|0x0000000082000000, 0x0000000082100000, 0x0000000082100000|100%| O|  |TAMS 0x0000000082000000| PB 0x0000000082000000| Untracked 
|  33|0x0000000082100000, 0x0000000082200000, 0x0000000082200000|100%| O|  |TAMS 0x0000000082100000| PB 0x0000000082100000| Untracked 
|  34|0x0000000082200000, 0x0000000082300000, 0x0000000082300000|100%|HS|  |TAMS 0x0000000082200000| PB 0x0000000082200000| Complete 
|  35|0x0000000082300000, 0x0000000082400000, 0x0000000082400000|100%|HC|  |TAMS 0x0000000082300000| PB 0x0000000082300000| Complete 
|  36|0x0000000082400000, 0x0000000082500000, 0x0000000082500000|100%| O|  |TAMS 0x0000000082400000| PB 0x0000000082400000| Untracked 
|  37|0x0000000082500000, 0x0000000082600000, 0x0000000082600000|100%| O|  |TAMS 0x0000000082500000| PB 0x0000000082500000| Untracked 
|  38|0x0000000082600000, 0x0000000082700000, 0x0000000082700000|100%| O|  |TAMS 0x0000000082600000| PB 0x0000000082600000| Untracked 
|  39|0x0000000082700000, 0x0000000082800000, 0x0000000082800000|100%| O|  |TAMS 0x0000000082700000| PB 0x0000000082700000| Untracked 
|  40|0x0000000082800000, 0x0000000082900000, 0x0000000082900000|100%| O|  |TAMS 0x0000000082800000| PB 0x0000000082800000| Untracked 
|  41|0x0000000082900000, 0x0000000082a00000, 0x0000000082a00000|100%| O|  |TAMS 0x0000000082900000| PB 0x0000000082900000| Untracked 
|  42|0x0000000082a00000, 0x0000000082b00000, 0x0000000082b00000|100%| O|  |TAMS 0x0000000082a00000| PB 0x0000000082a00000| Untracked 
|  43|0x0000000082b00000, 0x0000000082c00000, 0x0000000082c00000|100%| O|  |TAMS 0x0000000082b00000| PB 0x0000000082b00000| Untracked 
|  44|0x0000000082c00000, 0x0000000082d00000, 0x0000000082d00000|100%| O|  |TAMS 0x0000000082c00000| PB 0x0000000082c00000| Untracked 
|  45|0x0000000082d00000, 0x0000000082e00000, 0x0000000082e00000|100%| O|  |TAMS 0x0000000082d00000| PB 0x0000000082d00000| Untracked 
|  46|0x0000000082e00000, 0x0000000082f00000, 0x0000000082f00000|100%| O|  |TAMS 0x0000000082e00000| PB 0x0000000082e00000| Untracked 
|  47|0x0000000082f00000, 0x0000000083000000, 0x0000000083000000|100%| O|  |TAMS 0x0000000082f00000| PB 0x0000000082f00000| Untracked 
|  48|0x0000000083000000, 0x0000000083100000, 0x0000000083100000|100%| O|  |TAMS 0x0000000083000000| PB 0x0000000083000000| Untracked 
|  49|0x0000000083100000, 0x0000000083200000, 0x0000000083200000|100%| O|  |TAMS 0x0000000083100000| PB 0x0000000083100000| Untracked 
|  50|0x0000000083200000, 0x0000000083300000, 0x0000000083300000|100%| O|  |TAMS 0x0000000083200000| PB 0x0000000083200000| Untracked 
|  51|0x0000000083300000, 0x0000000083400000, 0x0000000083400000|100%| O|  |TAMS 0x0000000083300000| PB 0x0000000083300000| Untracked 
|  52|0x0000000083400000, 0x0000000083500000, 0x0000000083500000|100%| O|  |TAMS 0x0000000083400000| PB 0x0000000083400000| Untracked 
|  53|0x0000000083500000, 0x0000000083500000, 0x0000000083600000|  0%| F|  |TAMS 0x0000000083500000| PB 0x0000000083500000| Untracked 
|  54|0x0000000083600000, 0x0000000083700000, 0x0000000083700000|100%| O|  |TAMS 0x0000000083600000| PB 0x0000000083600000| Untracked 
|  55|0x0000000083700000, 0x0000000083800000, 0x0000000083800000|100%|HS|  |TAMS 0x0000000083700000| PB 0x0000000083700000| Complete 
|  56|0x0000000083800000, 0x0000000083900000, 0x0000000083900000|100%| O|  |TAMS 0x0000000083800000| PB 0x0000000083800000| Untracked 
|  57|0x0000000083900000, 0x0000000083a00000, 0x0000000083a00000|100%|HS|  |TAMS 0x0000000083900000| PB 0x0000000083900000| Complete 
|  58|0x0000000083a00000, 0x0000000083b00000, 0x0000000083b00000|100%| O|  |TAMS 0x0000000083a00000| PB 0x0000000083a00000| Untracked 
|  59|0x0000000083b00000, 0x0000000083c00000, 0x0000000083c00000|100%| O|  |TAMS 0x0000000083b00000| PB 0x0000000083b00000| Untracked 
|  60|0x0000000083c00000, 0x0000000083d00000, 0x0000000083d00000|100%|HS|  |TAMS 0x0000000083c00000| PB 0x0000000083c00000| Complete 
|  61|0x0000000083d00000, 0x0000000083e00000, 0x0000000083e00000|100%| O|  |TAMS 0x0000000083d00000| PB 0x0000000083d00000| Untracked 
|  62|0x0000000083e00000, 0x0000000083f00000, 0x0000000083f00000|100%| O|  |TAMS 0x0000000083e00000| PB 0x0000000083e00000| Untracked 
|  63|0x0000000083f00000, 0x0000000084000000, 0x0000000084000000|100%|HS|  |TAMS 0x0000000083f00000| PB 0x0000000083f00000| Complete 
|  64|0x0000000084000000, 0x0000000084100000, 0x0000000084100000|100%|HS|  |TAMS 0x0000000084000000| PB 0x0000000084000000| Complete 
|  65|0x0000000084100000, 0x0000000084200000, 0x0000000084200000|100%| O|  |TAMS 0x0000000084100000| PB 0x0000000084100000| Untracked 
|  66|0x0000000084200000, 0x0000000084300000, 0x0000000084300000|100%| O|  |TAMS 0x0000000084200000| PB 0x0000000084200000| Untracked 
|  67|0x0000000084300000, 0x0000000084400000, 0x0000000084400000|100%| O|  |TAMS 0x0000000084300000| PB 0x0000000084300000| Untracked 
|  68|0x0000000084400000, 0x0000000084500000, 0x0000000084500000|100%|HS|  |TAMS 0x0000000084400000| PB 0x0000000084400000| Complete 
|  69|0x0000000084500000, 0x0000000084600000, 0x0000000084600000|100%|HC|  |TAMS 0x0000000084500000| PB 0x0000000084500000| Complete 
|  70|0x0000000084600000, 0x0000000084700000, 0x0000000084700000|100%| O|  |TAMS 0x0000000084600000| PB 0x0000000084600000| Untracked 
|  71|0x0000000084700000, 0x0000000084800000, 0x0000000084800000|100%| O|  |TAMS 0x0000000084700000| PB 0x0000000084700000| Untracked 
|  72|0x0000000084800000, 0x0000000084900000, 0x0000000084900000|100%| O|  |TAMS 0x0000000084800000| PB 0x0000000084800000| Untracked 
|  73|0x0000000084900000, 0x0000000084a00000, 0x0000000084a00000|100%| O|  |TAMS 0x0000000084900000| PB 0x0000000084900000| Untracked 
|  74|0x0000000084a00000, 0x0000000084b00000, 0x0000000084b00000|100%| O|  |TAMS 0x0000000084a00000| PB 0x0000000084a00000| Untracked 
|  75|0x0000000084b00000, 0x0000000084c00000, 0x0000000084c00000|100%| O|  |TAMS 0x0000000084b00000| PB 0x0000000084b00000| Untracked 
|  76|0x0000000084c00000, 0x0000000084d00000, 0x0000000084d00000|100%| O|  |TAMS 0x0000000084c00000| PB 0x0000000084c00000| Untracked 
|  77|0x0000000084d00000, 0x0000000084e00000, 0x0000000084e00000|100%| O|  |TAMS 0x0000000084d00000| PB 0x0000000084d00000| Untracked 
|  78|0x0000000084e00000, 0x0000000084f00000, 0x0000000084f00000|100%| O|  |TAMS 0x0000000084e00000| PB 0x0000000084e00000| Untracked 
|  79|0x0000000084f00000, 0x0000000085000000, 0x0000000085000000|100%| O|  |TAMS 0x0000000084f00000| PB 0x0000000084f00000| Untracked 
|  80|0x0000000085000000, 0x0000000085100000, 0x0000000085100000|100%| O|  |TAMS 0x0000000085000000| PB 0x0000000085000000| Untracked 
|  81|0x0000000085100000, 0x0000000085200000, 0x0000000085200000|100%| O|  |TAMS 0x0000000085100000| PB 0x0000000085100000| Untracked 
|  82|0x0000000085200000, 0x0000000085300000, 0x0000000085300000|100%| O|  |TAMS 0x0000000085200000| PB 0x0000000085200000| Untracked 
|  83|0x0000000085300000, 0x0000000085400000, 0x0000000085400000|100%| O|  |TAMS 0x0000000085300000| PB 0x0000000085300000| Untracked 
|  84|0x0000000085400000, 0x0000000085500000, 0x0000000085500000|100%| O|  |TAMS 0x0000000085400000| PB 0x0000000085400000| Untracked 
|  85|0x0000000085500000, 0x0000000085600000, 0x0000000085600000|100%| O|  |TAMS 0x0000000085500000| PB 0x0000000085500000| Untracked 
|  86|0x0000000085600000, 0x0000000085700000, 0x0000000085700000|100%| O|  |TAMS 0x0000000085600000| PB 0x0000000085600000| Untracked 
|  87|0x0000000085700000, 0x0000000085800000, 0x0000000085800000|100%| O|  |TAMS 0x0000000085700000| PB 0x0000000085700000| Untracked 
|  88|0x0000000085800000, 0x0000000085900000, 0x0000000085900000|100%| O|  |TAMS 0x0000000085800000| PB 0x0000000085800000| Untracked 
|  89|0x0000000085900000, 0x0000000085a00000, 0x0000000085a00000|100%| O|  |TAMS 0x0000000085900000| PB 0x0000000085900000| Untracked 
|  90|0x0000000085a00000, 0x0000000085b00000, 0x0000000085b00000|100%| O|  |TAMS 0x0000000085a00000| PB 0x0000000085a00000| Untracked 
|  91|0x0000000085b00000, 0x0000000085b00000, 0x0000000085c00000|  0%| F|  |TAMS 0x0000000085b00000| PB 0x0000000085b00000| Untracked 
|  92|0x0000000085c00000, 0x0000000085d00000, 0x0000000085d00000|100%|HS|  |TAMS 0x0000000085c00000| PB 0x0000000085c00000| Complete 
|  93|0x0000000085d00000, 0x0000000085e00000, 0x0000000085e00000|100%|HC|  |TAMS 0x0000000085d00000| PB 0x0000000085d00000| Complete 
|  94|0x0000000085e00000, 0x0000000085f00000, 0x0000000085f00000|100%|HC|  |TAMS 0x0000000085e00000| PB 0x0000000085e00000| Complete 
|  95|0x0000000085f00000, 0x0000000086000000, 0x0000000086000000|100%|HC|  |TAMS 0x0000000085f00000| PB 0x0000000085f00000| Complete 
|  96|0x0000000086000000, 0x0000000086100000, 0x0000000086100000|100%|HC|  |TAMS 0x0000000086000000| PB 0x0000000086000000| Complete 
|  97|0x0000000086100000, 0x0000000086200000, 0x0000000086200000|100%|HC|  |TAMS 0x0000000086100000| PB 0x0000000086100000| Complete 
|  98|0x0000000086200000, 0x0000000086300000, 0x0000000086300000|100%|HS|  |TAMS 0x0000000086200000| PB 0x0000000086200000| Complete 
|  99|0x0000000086300000, 0x0000000086400000, 0x0000000086400000|100%|HC|  |TAMS 0x0000000086300000| PB 0x0000000086300000| Complete 
| 100|0x0000000086400000, 0x0000000086500000, 0x0000000086500000|100%|HC|  |TAMS 0x0000000086400000| PB 0x0000000086400000| Complete 
| 101|0x0000000086500000, 0x0000000086600000, 0x0000000086600000|100%| O|  |TAMS 0x0000000086500000| PB 0x0000000086500000| Untracked 
| 102|0x0000000086600000, 0x0000000086700000, 0x0000000086700000|100%| O|  |TAMS 0x0000000086600000| PB 0x0000000086600000| Untracked 
| 103|0x0000000086700000, 0x0000000086800000, 0x0000000086800000|100%| O|  |TAMS 0x0000000086700000| PB 0x0000000086700000| Untracked 
| 104|0x0000000086800000, 0x0000000086800000, 0x0000000086900000|  0%| F|  |TAMS 0x0000000086800000| PB 0x0000000086800000| Untracked 
| 105|0x0000000086900000, 0x0000000086a00000, 0x0000000086a00000|100%| O|  |TAMS 0x0000000086900000| PB 0x0000000086900000| Untracked 
| 106|0x0000000086a00000, 0x0000000086b00000, 0x0000000086b00000|100%| O|  |TAMS 0x0000000086a00000| PB 0x0000000086a00000| Untracked 
| 107|0x0000000086b00000, 0x0000000086b00000, 0x0000000086c00000|  0%| F|  |TAMS 0x0000000086b00000| PB 0x0000000086b00000| Untracked 
| 108|0x0000000086c00000, 0x0000000086d00000, 0x0000000086d00000|100%| O|  |TAMS 0x0000000086c00000| PB 0x0000000086c00000| Untracked 
| 109|0x0000000086d00000, 0x0000000086e00000, 0x0000000086e00000|100%| O|  |TAMS 0x0000000086d00000| PB 0x0000000086d00000| Untracked 
| 110|0x0000000086e00000, 0x0000000086f00000, 0x0000000086f00000|100%| O|  |TAMS 0x0000000086e00000| PB 0x0000000086e00000| Untracked 
| 111|0x0000000086f00000, 0x0000000087000000, 0x0000000087000000|100%| O|  |TAMS 0x0000000086f00000| PB 0x0000000086f00000| Untracked 
| 112|0x0000000087000000, 0x0000000087100000, 0x0000000087100000|100%|HS|  |TAMS 0x0000000087000000| PB 0x0000000087000000| Complete 
| 113|0x0000000087100000, 0x0000000087200000, 0x0000000087200000|100%|HC|  |TAMS 0x0000000087100000| PB 0x0000000087100000| Complete 
| 114|0x0000000087200000, 0x0000000087300000, 0x0000000087300000|100%|HS|  |TAMS 0x0000000087200000| PB 0x0000000087200000| Complete 
| 115|0x0000000087300000, 0x0000000087400000, 0x0000000087400000|100%|HS|  |TAMS 0x0000000087300000| PB 0x0000000087300000| Complete 
| 116|0x0000000087400000, 0x0000000087500000, 0x0000000087500000|100%| O|  |TAMS 0x0000000087400000| PB 0x0000000087400000| Untracked 
| 117|0x0000000087500000, 0x0000000087600000, 0x0000000087600000|100%| O|  |TAMS 0x0000000087500000| PB 0x0000000087500000| Untracked 
| 118|0x0000000087600000, 0x0000000087700000, 0x0000000087700000|100%| O|  |TAMS 0x0000000087600000| PB 0x0000000087600000| Untracked 
| 119|0x0000000087700000, 0x0000000087800000, 0x0000000087800000|100%| O|  |TAMS 0x0000000087700000| PB 0x0000000087700000| Untracked 
| 120|0x0000000087800000, 0x0000000087900000, 0x0000000087900000|100%| O|  |TAMS 0x0000000087800000| PB 0x0000000087800000| Untracked 
| 121|0x0000000087900000, 0x0000000087a00000, 0x0000000087a00000|100%| O|  |TAMS 0x0000000087900000| PB 0x0000000087900000| Untracked 
| 122|0x0000000087a00000, 0x0000000087b00000, 0x0000000087b00000|100%| O|  |TAMS 0x0000000087a00000| PB 0x0000000087a00000| Untracked 
| 123|0x0000000087b00000, 0x0000000087c00000, 0x0000000087c00000|100%| O|  |TAMS 0x0000000087b00000| PB 0x0000000087b00000| Untracked 
| 124|0x0000000087c00000, 0x0000000087d00000, 0x0000000087d00000|100%| O|  |TAMS 0x0000000087c00000| PB 0x0000000087c00000| Untracked 
| 125|0x0000000087d00000, 0x0000000087e00000, 0x0000000087e00000|100%| O|  |TAMS 0x0000000087d00000| PB 0x0000000087d00000| Untracked 
| 126|0x0000000087e00000, 0x0000000087f00000, 0x0000000087f00000|100%| O|  |TAMS 0x0000000087e00000| PB 0x0000000087e00000| Untracked 
| 127|0x0000000087f00000, 0x0000000088000000, 0x0000000088000000|100%| O|  |TAMS 0x0000000087f00000| PB 0x0000000087f00000| Untracked 
| 128|0x0000000088000000, 0x0000000088000000, 0x0000000088100000|  0%| F|  |TAMS 0x0000000088000000| PB 0x0000000088000000| Untracked 
| 129|0x0000000088100000, 0x0000000088200000, 0x0000000088200000|100%| O|  |TAMS 0x0000000088100000| PB 0x0000000088100000| Untracked 
| 130|0x0000000088200000, 0x0000000088200000, 0x0000000088300000|  0%| F|  |TAMS 0x0000000088200000| PB 0x0000000088200000| Untracked 
| 131|0x0000000088300000, 0x0000000088400000, 0x0000000088400000|100%| O|  |TAMS 0x0000000088300000| PB 0x0000000088300000| Untracked 
| 132|0x0000000088400000, 0x0000000088500000, 0x0000000088500000|100%| O|  |TAMS 0x0000000088400000| PB 0x0000000088400000| Untracked 
| 133|0x0000000088500000, 0x0000000088600000, 0x0000000088600000|100%| O|  |TAMS 0x0000000088500000| PB 0x0000000088500000| Untracked 
| 134|0x0000000088600000, 0x0000000088700000, 0x0000000088700000|100%| O|  |TAMS 0x0000000088600000| PB 0x0000000088600000| Untracked 
| 135|0x0000000088700000, 0x0000000088800000, 0x0000000088800000|100%| O|  |TAMS 0x0000000088700000| PB 0x0000000088700000| Untracked 
| 136|0x0000000088800000, 0x0000000088900000, 0x0000000088900000|100%|HS|  |TAMS 0x0000000088800000| PB 0x0000000088800000| Complete 
| 137|0x0000000088900000, 0x0000000088a00000, 0x0000000088a00000|100%| O|  |TAMS 0x0000000088900000| PB 0x0000000088900000| Untracked 
| 138|0x0000000088a00000, 0x0000000088b00000, 0x0000000088b00000|100%| O|  |TAMS 0x0000000088a00000| PB 0x0000000088a00000| Untracked 
| 139|0x0000000088b00000, 0x0000000088c00000, 0x0000000088c00000|100%| O|  |TAMS 0x0000000088b00000| PB 0x0000000088b00000| Untracked 
| 140|0x0000000088c00000, 0x0000000088c00000, 0x0000000088d00000|  0%| F|  |TAMS 0x0000000088c00000| PB 0x0000000088c00000| Untracked 
| 141|0x0000000088d00000, 0x0000000088e00000, 0x0000000088e00000|100%| O|  |TAMS 0x0000000088d00000| PB 0x0000000088d00000| Untracked 
| 142|0x0000000088e00000, 0x0000000088f00000, 0x0000000088f00000|100%|HS|  |TAMS 0x0000000088e00000| PB 0x0000000088e00000| Complete 
| 143|0x0000000088f00000, 0x0000000089000000, 0x0000000089000000|100%|HC|  |TAMS 0x0000000088f00000| PB 0x0000000088f00000| Complete 
| 144|0x0000000089000000, 0x0000000089100000, 0x0000000089100000|100%|HC|  |TAMS 0x0000000089000000| PB 0x0000000089000000| Complete 
| 145|0x0000000089100000, 0x0000000089200000, 0x0000000089200000|100%| O|  |TAMS 0x0000000089100000| PB 0x0000000089100000| Untracked 
| 146|0x0000000089200000, 0x0000000089300000, 0x0000000089300000|100%| O|  |TAMS 0x0000000089200000| PB 0x0000000089200000| Untracked 
| 147|0x0000000089300000, 0x0000000089400000, 0x0000000089400000|100%| O|  |TAMS 0x0000000089300000| PB 0x0000000089300000| Untracked 
| 148|0x0000000089400000, 0x0000000089500000, 0x0000000089500000|100%| O|  |TAMS 0x0000000089400000| PB 0x0000000089400000| Untracked 
| 149|0x0000000089500000, 0x0000000089600000, 0x0000000089600000|100%| O|  |TAMS 0x0000000089500000| PB 0x0000000089500000| Untracked 
| 150|0x0000000089600000, 0x0000000089700000, 0x0000000089700000|100%| O|  |TAMS 0x0000000089600000| PB 0x0000000089600000| Untracked 
| 151|0x0000000089700000, 0x0000000089800000, 0x0000000089800000|100%| O|  |TAMS 0x0000000089700000| PB 0x0000000089700000| Untracked 
| 152|0x0000000089800000, 0x0000000089900000, 0x0000000089900000|100%| O|  |TAMS 0x0000000089800000| PB 0x0000000089800000| Untracked 
| 153|0x0000000089900000, 0x0000000089a00000, 0x0000000089a00000|100%| O|  |TAMS 0x0000000089900000| PB 0x0000000089900000| Untracked 
| 154|0x0000000089a00000, 0x0000000089b00000, 0x0000000089b00000|100%| O|  |TAMS 0x0000000089a00000| PB 0x0000000089a00000| Untracked 
| 155|0x0000000089b00000, 0x0000000089c00000, 0x0000000089c00000|100%| O|  |TAMS 0x0000000089b00000| PB 0x0000000089b00000| Untracked 
| 156|0x0000000089c00000, 0x0000000089d00000, 0x0000000089d00000|100%| O|  |TAMS 0x0000000089c00000| PB 0x0000000089c00000| Untracked 
| 157|0x0000000089d00000, 0x0000000089e00000, 0x0000000089e00000|100%| O|  |TAMS 0x0000000089d00000| PB 0x0000000089d00000| Untracked 
| 158|0x0000000089e00000, 0x0000000089f00000, 0x0000000089f00000|100%| O|  |TAMS 0x0000000089e00000| PB 0x0000000089e00000| Untracked 
| 159|0x0000000089f00000, 0x000000008a000000, 0x000000008a000000|100%| O|  |TAMS 0x0000000089f00000| PB 0x0000000089f00000| Untracked 
| 160|0x000000008a000000, 0x000000008a100000, 0x000000008a100000|100%| O|  |TAMS 0x000000008a000000| PB 0x000000008a000000| Untracked 
| 161|0x000000008a100000, 0x000000008a200000, 0x000000008a200000|100%| O|  |TAMS 0x000000008a100000| PB 0x000000008a100000| Untracked 
| 162|0x000000008a200000, 0x000000008a200000, 0x000000008a300000|  0%| F|  |TAMS 0x000000008a200000| PB 0x000000008a200000| Untracked 
| 163|0x000000008a300000, 0x000000008a400000, 0x000000008a400000|100%| O|  |TAMS 0x000000008a300000| PB 0x000000008a300000| Untracked 
| 164|0x000000008a400000, 0x000000008a500000, 0x000000008a500000|100%| O|  |TAMS 0x000000008a400000| PB 0x000000008a400000| Untracked 
| 165|0x000000008a500000, 0x000000008a600000, 0x000000008a600000|100%| O|  |TAMS 0x000000008a500000| PB 0x000000008a500000| Untracked 
| 166|0x000000008a600000, 0x000000008a700000, 0x000000008a700000|100%| O|  |TAMS 0x000000008a600000| PB 0x000000008a600000| Untracked 
| 167|0x000000008a700000, 0x000000008a7c2f70, 0x000000008a800000| 76%| O|  |TAMS 0x000000008a700000| PB 0x000000008a700000| Untracked 
| 168|0x000000008a800000, 0x000000008a800000, 0x000000008a900000|  0%| F|  |TAMS 0x000000008a800000| PB 0x000000008a800000| Untracked 
| 169|0x000000008a900000, 0x000000008a900000, 0x000000008aa00000|  0%| F|  |TAMS 0x000000008a900000| PB 0x000000008a900000| Untracked 
| 170|0x000000008aa00000, 0x000000008aa00000, 0x000000008ab00000|  0%| F|  |TAMS 0x000000008aa00000| PB 0x000000008aa00000| Untracked 
| 171|0x000000008ab00000, 0x000000008ab00000, 0x000000008ac00000|  0%| F|  |TAMS 0x000000008ab00000| PB 0x000000008ab00000| Untracked 
| 172|0x000000008ac00000, 0x000000008ac00000, 0x000000008ad00000|  0%| F|  |TAMS 0x000000008ac00000| PB 0x000000008ac00000| Untracked 
| 173|0x000000008ad00000, 0x000000008ad00000, 0x000000008ae00000|  0%| F|  |TAMS 0x000000008ad00000| PB 0x000000008ad00000| Untracked 
| 174|0x000000008ae00000, 0x000000008ae00000, 0x000000008af00000|  0%| F|  |TAMS 0x000000008ae00000| PB 0x000000008ae00000| Untracked 
| 175|0x000000008af00000, 0x000000008af00000, 0x000000008b000000|  0%| F|  |TAMS 0x000000008af00000| PB 0x000000008af00000| Untracked 
| 176|0x000000008b000000, 0x000000008b000000, 0x000000008b100000|  0%| F|  |TAMS 0x000000008b000000| PB 0x000000008b000000| Untracked 
| 177|0x000000008b100000, 0x000000008b100000, 0x000000008b200000|  0%| F|  |TAMS 0x000000008b100000| PB 0x000000008b100000| Untracked 
| 178|0x000000008b200000, 0x000000008b200000, 0x000000008b300000|  0%| F|  |TAMS 0x000000008b200000| PB 0x000000008b200000| Untracked 
| 179|0x000000008b300000, 0x000000008b300000, 0x000000008b400000|  0%| F|  |TAMS 0x000000008b300000| PB 0x000000008b300000| Untracked 
| 180|0x000000008b400000, 0x000000008b400000, 0x000000008b500000|  0%| F|  |TAMS 0x000000008b400000| PB 0x000000008b400000| Untracked 
| 181|0x000000008b500000, 0x000000008b53f4e8, 0x000000008b600000| 24%| S|CS|TAMS 0x000000008b500000| PB 0x000000008b500000| Complete 
| 182|0x000000008b600000, 0x000000008b700000, 0x000000008b700000|100%| S|CS|TAMS 0x000000008b600000| PB 0x000000008b600000| Complete 
| 183|0x000000008b700000, 0x000000008b800000, 0x000000008b800000|100%| S|CS|TAMS 0x000000008b700000| PB 0x000000008b700000| Complete 
| 184|0x000000008b800000, 0x000000008b900000, 0x000000008b900000|100%| S|CS|TAMS 0x000000008b800000| PB 0x000000008b800000| Complete 
| 185|0x000000008b900000, 0x000000008ba00000, 0x000000008ba00000|100%| S|CS|TAMS 0x000000008b900000| PB 0x000000008b900000| Complete 
| 186|0x000000008ba00000, 0x000000008bb00000, 0x000000008bb00000|100%| S|CS|TAMS 0x000000008ba00000| PB 0x000000008ba00000| Complete 
| 187|0x000000008bb00000, 0x000000008bc00000, 0x000000008bc00000|100%| S|CS|TAMS 0x000000008bb00000| PB 0x000000008bb00000| Complete 
| 188|0x000000008bc00000, 0x000000008bd00000, 0x000000008bd00000|100%| S|CS|TAMS 0x000000008bc00000| PB 0x000000008bc00000| Complete 
| 189|0x000000008bd00000, 0x000000008bd00000, 0x000000008be00000|  0%| F|  |TAMS 0x000000008bd00000| PB 0x000000008bd00000| Untracked 
| 190|0x000000008be00000, 0x000000008be00000, 0x000000008bf00000|  0%| F|  |TAMS 0x000000008be00000| PB 0x000000008be00000| Untracked 
| 191|0x000000008bf00000, 0x000000008bf00000, 0x000000008c000000|  0%| F|  |TAMS 0x000000008bf00000| PB 0x000000008bf00000| Untracked 
| 192|0x000000008c000000, 0x000000008c000000, 0x000000008c100000|  0%| F|  |TAMS 0x000000008c000000| PB 0x000000008c000000| Untracked 
| 193|0x000000008c100000, 0x000000008c100000, 0x000000008c200000|  0%| F|  |TAMS 0x000000008c100000| PB 0x000000008c100000| Untracked 
| 194|0x000000008c200000, 0x000000008c200000, 0x000000008c300000|  0%| F|  |TAMS 0x000000008c200000| PB 0x000000008c200000| Untracked 
| 195|0x000000008c300000, 0x000000008c300000, 0x000000008c400000|  0%| F|  |TAMS 0x000000008c300000| PB 0x000000008c300000| Untracked 
| 196|0x000000008c400000, 0x000000008c400000, 0x000000008c500000|  0%| F|  |TAMS 0x000000008c400000| PB 0x000000008c400000| Untracked 
| 197|0x000000008c500000, 0x000000008c500000, 0x000000008c600000|  0%| F|  |TAMS 0x000000008c500000| PB 0x000000008c500000| Untracked 
| 198|0x000000008c600000, 0x000000008c600000, 0x000000008c700000|  0%| F|  |TAMS 0x000000008c600000| PB 0x000000008c600000| Untracked 
| 199|0x000000008c700000, 0x000000008c700000, 0x000000008c800000|  0%| F|  |TAMS 0x000000008c700000| PB 0x000000008c700000| Untracked 
| 200|0x000000008c800000, 0x000000008c800000, 0x000000008c900000|  0%| F|  |TAMS 0x000000008c800000| PB 0x000000008c800000| Untracked 
| 201|0x000000008c900000, 0x000000008c900000, 0x000000008ca00000|  0%| F|  |TAMS 0x000000008c900000| PB 0x000000008c900000| Untracked 
| 202|0x000000008ca00000, 0x000000008ca00000, 0x000000008cb00000|  0%| F|  |TAMS 0x000000008ca00000| PB 0x000000008ca00000| Untracked 
| 203|0x000000008cb00000, 0x000000008cb00000, 0x000000008cc00000|  0%| F|  |TAMS 0x000000008cb00000| PB 0x000000008cb00000| Untracked 
| 204|0x000000008cc00000, 0x000000008cc00000, 0x000000008cd00000|  0%| F|  |TAMS 0x000000008cc00000| PB 0x000000008cc00000| Untracked 
| 205|0x000000008cd00000, 0x000000008cd00000, 0x000000008ce00000|  0%| F|  |TAMS 0x000000008cd00000| PB 0x000000008cd00000| Untracked 
| 206|0x000000008ce00000, 0x000000008ce00000, 0x000000008cf00000|  0%| F|  |TAMS 0x000000008ce00000| PB 0x000000008ce00000| Untracked 
| 207|0x000000008cf00000, 0x000000008cf00000, 0x000000008d000000|  0%| F|  |TAMS 0x000000008cf00000| PB 0x000000008cf00000| Untracked 
| 208|0x000000008d000000, 0x000000008d000000, 0x000000008d100000|  0%| F|  |TAMS 0x000000008d000000| PB 0x000000008d000000| Untracked 
| 209|0x000000008d100000, 0x000000008d100000, 0x000000008d200000|  0%| F|  |TAMS 0x000000008d100000| PB 0x000000008d100000| Untracked 
| 210|0x000000008d200000, 0x000000008d200000, 0x000000008d300000|  0%| F|  |TAMS 0x000000008d200000| PB 0x000000008d200000| Untracked 
| 211|0x000000008d300000, 0x000000008d300000, 0x000000008d400000|  0%| F|  |TAMS 0x000000008d300000| PB 0x000000008d300000| Untracked 
| 212|0x000000008d400000, 0x000000008d400000, 0x000000008d500000|  0%| F|  |TAMS 0x000000008d400000| PB 0x000000008d400000| Untracked 
| 213|0x000000008d500000, 0x000000008d500000, 0x000000008d600000|  0%| F|  |TAMS 0x000000008d500000| PB 0x000000008d500000| Untracked 
| 214|0x000000008d600000, 0x000000008d600000, 0x000000008d700000|  0%| F|  |TAMS 0x000000008d600000| PB 0x000000008d600000| Untracked 
| 215|0x000000008d700000, 0x000000008d700000, 0x000000008d800000|  0%| F|  |TAMS 0x000000008d700000| PB 0x000000008d700000| Untracked 
| 216|0x000000008d800000, 0x000000008d800000, 0x000000008d900000|  0%| F|  |TAMS 0x000000008d800000| PB 0x000000008d800000| Untracked 
| 217|0x000000008d900000, 0x000000008da00000, 0x000000008da00000|100%| E|  |TAMS 0x000000008d900000| PB 0x000000008d900000| Complete 
| 218|0x000000008da00000, 0x000000008db00000, 0x000000008db00000|100%| E|CS|TAMS 0x000000008da00000| PB 0x000000008da00000| Complete 
| 219|0x000000008db00000, 0x000000008dc00000, 0x000000008dc00000|100%| E|CS|TAMS 0x000000008db00000| PB 0x000000008db00000| Complete 
| 220|0x000000008dc00000, 0x000000008dd00000, 0x000000008dd00000|100%| E|CS|TAMS 0x000000008dc00000| PB 0x000000008dc00000| Complete 
| 221|0x000000008dd00000, 0x000000008de00000, 0x000000008de00000|100%| E|CS|TAMS 0x000000008dd00000| PB 0x000000008dd00000| Complete 
| 222|0x000000008de00000, 0x000000008df00000, 0x000000008df00000|100%| E|CS|TAMS 0x000000008de00000| PB 0x000000008de00000| Complete 
| 223|0x000000008df00000, 0x000000008e000000, 0x000000008e000000|100%| E|CS|TAMS 0x000000008df00000| PB 0x000000008df00000| Complete 
| 224|0x000000008e000000, 0x000000008e100000, 0x000000008e100000|100%| E|CS|TAMS 0x000000008e000000| PB 0x000000008e000000| Complete 
| 225|0x000000008e100000, 0x000000008e200000, 0x000000008e200000|100%| E|CS|TAMS 0x000000008e100000| PB 0x000000008e100000| Complete 
| 226|0x000000008e200000, 0x000000008e300000, 0x000000008e300000|100%| E|CS|TAMS 0x000000008e200000| PB 0x000000008e200000| Complete 
| 227|0x000000008e300000, 0x000000008e400000, 0x000000008e400000|100%| E|CS|TAMS 0x000000008e300000| PB 0x000000008e300000| Complete 
| 228|0x000000008e400000, 0x000000008e500000, 0x000000008e500000|100%| E|CS|TAMS 0x000000008e400000| PB 0x000000008e400000| Complete 
| 229|0x000000008e500000, 0x000000008e600000, 0x000000008e600000|100%| E|CS|TAMS 0x000000008e500000| PB 0x000000008e500000| Complete 
| 230|0x000000008e600000, 0x000000008e700000, 0x000000008e700000|100%| E|CS|TAMS 0x000000008e600000| PB 0x000000008e600000| Complete 
| 231|0x000000008e700000, 0x000000008e800000, 0x000000008e800000|100%| E|CS|TAMS 0x000000008e700000| PB 0x000000008e700000| Complete 
| 232|0x000000008e800000, 0x000000008e900000, 0x000000008e900000|100%| E|CS|TAMS 0x000000008e800000| PB 0x000000008e800000| Complete 
| 233|0x000000008e900000, 0x000000008ea00000, 0x000000008ea00000|100%| E|CS|TAMS 0x000000008e900000| PB 0x000000008e900000| Complete 
| 234|0x000000008ea00000, 0x000000008eb00000, 0x000000008eb00000|100%| E|CS|TAMS 0x000000008ea00000| PB 0x000000008ea00000| Complete 
| 235|0x000000008eb00000, 0x000000008ec00000, 0x000000008ec00000|100%| E|CS|TAMS 0x000000008eb00000| PB 0x000000008eb00000| Complete 
| 236|0x000000008ec00000, 0x000000008ed00000, 0x000000008ed00000|100%| E|CS|TAMS 0x000000008ec00000| PB 0x000000008ec00000| Complete 
| 237|0x000000008ed00000, 0x000000008ee00000, 0x000000008ee00000|100%| E|CS|TAMS 0x000000008ed00000| PB 0x000000008ed00000| Complete 
| 238|0x000000008ee00000, 0x000000008ef00000, 0x000000008ef00000|100%| E|CS|TAMS 0x000000008ee00000| PB 0x000000008ee00000| Complete 
| 239|0x000000008ef00000, 0x000000008f000000, 0x000000008f000000|100%| E|CS|TAMS 0x000000008ef00000| PB 0x000000008ef00000| Complete 
| 240|0x000000008f000000, 0x000000008f100000, 0x000000008f100000|100%| E|CS|TAMS 0x000000008f000000| PB 0x000000008f000000| Complete 
| 241|0x000000008f100000, 0x000000008f200000, 0x000000008f200000|100%| E|CS|TAMS 0x000000008f100000| PB 0x000000008f100000| Complete 
| 242|0x000000008f200000, 0x000000008f300000, 0x000000008f300000|100%| E|CS|TAMS 0x000000008f200000| PB 0x000000008f200000| Complete 
| 243|0x000000008f300000, 0x000000008f400000, 0x000000008f400000|100%| E|CS|TAMS 0x000000008f300000| PB 0x000000008f300000| Complete 
| 244|0x000000008f400000, 0x000000008f500000, 0x000000008f500000|100%| E|CS|TAMS 0x000000008f400000| PB 0x000000008f400000| Complete 
| 245|0x000000008f500000, 0x000000008f600000, 0x000000008f600000|100%| E|CS|TAMS 0x000000008f500000| PB 0x000000008f500000| Complete 
| 246|0x000000008f600000, 0x000000008f700000, 0x000000008f700000|100%| E|CS|TAMS 0x000000008f600000| PB 0x000000008f600000| Complete 
| 247|0x000000008f700000, 0x000000008f800000, 0x000000008f800000|100%| E|CS|TAMS 0x000000008f700000| PB 0x000000008f700000| Complete 
| 248|0x000000008f800000, 0x000000008f900000, 0x000000008f900000|100%| E|CS|TAMS 0x000000008f800000| PB 0x000000008f800000| Complete 
| 249|0x000000008f900000, 0x000000008fa00000, 0x000000008fa00000|100%| E|CS|TAMS 0x000000008f900000| PB 0x000000008f900000| Complete 
| 250|0x000000008fa00000, 0x000000008fb00000, 0x000000008fb00000|100%| E|CS|TAMS 0x000000008fa00000| PB 0x000000008fa00000| Complete 
| 251|0x000000008fb00000, 0x000000008fc00000, 0x000000008fc00000|100%| E|CS|TAMS 0x000000008fb00000| PB 0x000000008fb00000| Complete 
| 252|0x000000008fc00000, 0x000000008fd00000, 0x000000008fd00000|100%| E|CS|TAMS 0x000000008fc00000| PB 0x000000008fc00000| Complete 
| 253|0x000000008fd00000, 0x000000008fe00000, 0x000000008fe00000|100%| E|CS|TAMS 0x000000008fd00000| PB 0x000000008fd00000| Complete 
| 254|0x000000008fe00000, 0x000000008ff00000, 0x000000008ff00000|100%| E|CS|TAMS 0x000000008fe00000| PB 0x000000008fe00000| Complete 
| 255|0x000000008ff00000, 0x0000000090000000, 0x0000000090000000|100%| E|CS|TAMS 0x000000008ff00000| PB 0x000000008ff00000| Complete 
| 256|0x0000000090000000, 0x0000000090100000, 0x0000000090100000|100%| E|CS|TAMS 0x0000000090000000| PB 0x0000000090000000| Complete 
| 257|0x0000000090100000, 0x0000000090200000, 0x0000000090200000|100%| E|CS|TAMS 0x0000000090100000| PB 0x0000000090100000| Complete 
| 258|0x0000000090200000, 0x0000000090300000, 0x0000000090300000|100%| E|CS|TAMS 0x0000000090200000| PB 0x0000000090200000| Complete 
| 259|0x0000000090300000, 0x0000000090400000, 0x0000000090400000|100%| E|CS|TAMS 0x0000000090300000| PB 0x0000000090300000| Complete 
| 260|0x0000000090400000, 0x0000000090500000, 0x0000000090500000|100%| E|CS|TAMS 0x0000000090400000| PB 0x0000000090400000| Complete 
| 261|0x0000000090500000, 0x0000000090600000, 0x0000000090600000|100%| E|CS|TAMS 0x0000000090500000| PB 0x0000000090500000| Complete 
| 262|0x0000000090600000, 0x0000000090700000, 0x0000000090700000|100%| E|CS|TAMS 0x0000000090600000| PB 0x0000000090600000| Complete 
| 263|0x0000000090700000, 0x0000000090800000, 0x0000000090800000|100%| E|CS|TAMS 0x0000000090700000| PB 0x0000000090700000| Complete 
| 264|0x0000000090800000, 0x0000000090900000, 0x0000000090900000|100%| E|CS|TAMS 0x0000000090800000| PB 0x0000000090800000| Complete 
| 265|0x0000000090900000, 0x0000000090a00000, 0x0000000090a00000|100%| E|CS|TAMS 0x0000000090900000| PB 0x0000000090900000| Complete 
| 266|0x0000000090a00000, 0x0000000090b00000, 0x0000000090b00000|100%| E|CS|TAMS 0x0000000090a00000| PB 0x0000000090a00000| Complete 
| 267|0x0000000090b00000, 0x0000000090c00000, 0x0000000090c00000|100%| E|CS|TAMS 0x0000000090b00000| PB 0x0000000090b00000| Complete 
| 268|0x0000000090c00000, 0x0000000090d00000, 0x0000000090d00000|100%| E|CS|TAMS 0x0000000090c00000| PB 0x0000000090c00000| Complete 
| 269|0x0000000090d00000, 0x0000000090e00000, 0x0000000090e00000|100%| E|CS|TAMS 0x0000000090d00000| PB 0x0000000090d00000| Complete 
| 270|0x0000000090e00000, 0x0000000090f00000, 0x0000000090f00000|100%| E|CS|TAMS 0x0000000090e00000| PB 0x0000000090e00000| Complete 
| 271|0x0000000090f00000, 0x0000000091000000, 0x0000000091000000|100%| E|CS|TAMS 0x0000000090f00000| PB 0x0000000090f00000| Complete 
| 272|0x0000000091000000, 0x0000000091100000, 0x0000000091100000|100%| E|CS|TAMS 0x0000000091000000| PB 0x0000000091000000| Complete 
|2042|0x00000000ffa00000, 0x00000000ffb00000, 0x00000000ffb00000|100%| O|  |TAMS 0x00000000ffa00000| PB 0x00000000ffa00000| Untracked 
|2043|0x00000000ffb00000, 0x00000000ffc00000, 0x00000000ffc00000|100%| O|  |TAMS 0x00000000ffb00000| PB 0x00000000ffb00000| Untracked 
|2044|0x00000000ffc00000, 0x00000000ffd00000, 0x00000000ffd00000|100%| O|  |TAMS 0x00000000ffc00000| PB 0x00000000ffc00000| Untracked 
|2045|0x00000000ffd00000, 0x00000000ffe00000, 0x00000000ffe00000|100%| O|  |TAMS 0x00000000ffd00000| PB 0x00000000ffd00000| Untracked 
|2046|0x00000000ffe00000, 0x00000000fff00000, 0x00000000fff00000|100%| O|  |TAMS 0x00000000ffe00000| PB 0x00000000ffe00000| Untracked 
|2047|0x00000000fff00000, 0x0000000100000000, 0x0000000100000000|100%| E|CS|TAMS 0x00000000fff00000| PB 0x00000000fff00000| Complete 

Card table byte_map: [0x000001df7a450000,0x000001df7a850000] _byte_map_base: 0x000001df7a050000

Marking Bits: (CMBitMap*) 0x000001df67f3e6f0
 Bits: [0x000001df7a850000, 0x000001df7c850000)

Polling page: 0x000001df65d20000

Metaspace:

Usage:
  Non-class:    148.16 MB used.
      Class:     22.70 MB used.
       Both:    170.86 MB used.

Virtual space:
  Non-class space:      192.00 MB reserved,     149.50 MB ( 78%) committed,  3 nodes.
      Class space:        1.00 GB reserved,      23.94 MB (  2%) committed,  1 nodes.
             Both:        1.19 GB reserved,     173.44 MB ( 14%) committed. 

Chunk freelists:
   Non-Class:  10.28 MB
       Class:  7.95 MB
        Both:  18.24 MB

MaxMetaspaceSize: unlimited
CompressedClassSpaceSize: 1.00 GB
Initial GC threshold: 21.00 MB
Current GC threshold: 263.06 MB
CDS: off
 - commit_granule_bytes: 65536.
 - commit_granule_words: 8192.
 - virtual_space_node_default_size: 8388608.
 - enlarge_chunks_in_place: 1.
 - use_allocation_guard: 0.


Internal statistics:

num_allocs_failed_limit: 6.
num_arena_births: 5200.
num_arena_deaths: 0.
num_vsnodes_births: 4.
num_vsnodes_deaths: 0.
num_space_committed: 2773.
num_space_uncommitted: 0.
num_chunks_returned_to_freelist: 6.
num_chunks_taken_from_freelist: 12204.
num_chunk_merges: 3.
num_chunk_splits: 8573.
num_chunks_enlarged: 5987.
num_inconsistent_stats: 0.

CodeHeap 'non-profiled nmethods': size=120000Kb used=8965Kb max_used=8965Kb free=111035Kb
 bounds [0x000001df72b20000, 0x000001df733f0000, 0x000001df7a050000]
CodeHeap 'profiled nmethods': size=120000Kb used=31491Kb max_used=31491Kb free=88509Kb
 bounds [0x000001df6b050000, 0x000001df6cf20000, 0x000001df72580000]
CodeHeap 'non-nmethods': size=5760Kb used=3164Kb max_used=3200Kb free=2596Kb
 bounds [0x000001df72580000, 0x000001df728b0000, 0x000001df72b20000]
CodeCache: size=245760Kb, used=43620Kb, max_used=43656Kb, free=202140Kb
 total_blobs=16289, nmethods=15080, adapters=1110, full_count=0
Compilation: enabled, stopped_count=0, restarted_count=0

Compilation events (20 events):
Event: 31.218 Thread 0x000001df7ef0f5d0 17503       3       java.lang.reflect.Field::getDeclaredAnnotations (8 bytes)
Event: 31.218 Thread 0x000001df7ef0f5d0 nmethod 17503 0x000001df6cf0d310 code [0x000001df6cf0d500, 0x000001df6cf0d920]
Event: 31.218 Thread 0x000001df7ef0f5d0 17504       3       org.gradle.model.internal.type.ModelType::isParameterized (8 bytes)
Event: 31.218 Thread 0x000001df7ef0f5d0 nmethod 17504 0x000001df6cf0da90 code [0x000001df6cf0dc40, 0x000001df6cf0de38]
Event: 31.218 Thread 0x000001df7ef0f5d0 17505       3       java.lang.Package::getName (5 bytes)
Event: 31.218 Thread 0x000001df7ef0f5d0 nmethod 17505 0x000001df6cf0df10 code [0x000001df6cf0e0a0, 0x000001df6cf0e238]
Event: 31.220 Thread 0x000001df7ef0f5d0 17507       3       com.google.common.collect.RegularImmutableSortedSet::iterator (8 bytes)
Event: 31.220 Thread 0x000001df7ef0f5d0 nmethod 17507 0x000001df6cf0e310 code [0x000001df6cf0e4c0, 0x000001df6cf0e690]
Event: 31.220 Thread 0x000001df7ef0f5d0 17506       3       org.gradle.api.reflect.TypeOf::typeWhichCannotBeNull (16 bytes)
Event: 31.220 Thread 0x000001df7ef0f5d0 nmethod 17506 0x000001df6cf0e790 code [0x000001df6cf0e940, 0x000001df6cf0eb20]
Event: 31.220 Thread 0x000001df7ef0f5d0 17508       1       com.google.common.collect.AbstractMapBasedMultimap::size (5 bytes)
Event: 31.220 Thread 0x000001df7ef0f5d0 nmethod 17508 0x000001df733dc210 code [0x000001df733dc3a0, 0x000001df733dc468]
Event: 31.220 Thread 0x000001df7ef03f00 nmethod 17472 0x000001df733dc510 code [0x000001df733dc7c0, 0x000001df733ddc20]
Event: 31.221 Thread 0x000001df7ef03f00 17499       4       org.objectweb.asm.MethodWriter::putFrame (549 bytes)
Event: 31.223 Thread 0x000001df7ef0f5d0 17509       1       org.gradle.internal.instantiation.generator.AbstractClassGenerator$ExtensibleTypePropertyHandler::access$1500 (5 bytes)
Event: 31.223 Thread 0x000001df7ef0f5d0 nmethod 17509 0x000001df733de910 code [0x000001df733deaa0, 0x000001df733deb50]
Event: 31.223 Thread 0x000001df7ef0f5d0 17510       3       org.gradle.internal.classloader.ClassLoaderUtils::defineDecorator (13 bytes)
Event: 31.223 Thread 0x000001df7ef0f5d0 nmethod 17510 0x000001df6cf0ec10 code [0x000001df6cf0edc0, 0x000001df6cf0ef08]
Event: 31.226 Thread 0x000001df7ef0f5d0 17511       1       org.gradle.internal.graph.CachingDirectedGraphWalker$NodeDetails::access$400 (5 bytes)
Event: 31.226 Thread 0x000001df7ef0f5d0 nmethod 17511 0x000001df733dec10 code [0x000001df733deda0, 0x000001df733dee50]

GC Heap History (20 events):
Event: 18.717 GC heap before
{Heap before GC invocations=42 (full 0):
 garbage-first heap   total 242688K, used 203894K [0x0000000080000000, 0x0000000100000000)
  region size 1024K, 88 young (90112K), 10 survivors (10240K)
 Metaspace       used 122921K, committed 125120K, reserved 1179648K
  class space    used 16767K, committed 17856K, reserved 1048576K
}
Event: 18.729 GC heap after
{Heap after GC invocations=43 (full 0):
 garbage-first heap   total 242688K, used 129465K [0x0000000080000000, 0x0000000100000000)
  region size 1024K, 10 young (10240K), 10 survivors (10240K)
 Metaspace       used 122921K, committed 125120K, reserved 1179648K
  class space    used 16767K, committed 17856K, reserved 1048576K
}
Event: 19.781 GC heap before
{Heap before GC invocations=43 (full 0):
 garbage-first heap   total 242688K, used 211385K [0x0000000080000000, 0x0000000100000000)
  region size 1024K, 87 young (89088K), 10 survivors (10240K)
 Metaspace       used 134425K, committed 136704K, reserved 1179648K
  class space    used 17869K, committed 18944K, reserved 1048576K
}
Event: 19.790 GC heap after
{Heap after GC invocations=44 (full 0):
 garbage-first heap   total 242688K, used 138361K [0x0000000080000000, 0x0000000100000000)
  region size 1024K, 11 young (11264K), 11 survivors (11264K)
 Metaspace       used 134425K, committed 136704K, reserved 1179648K
  class space    used 17869K, committed 18944K, reserved 1048576K
}
Event: 21.108 GC heap before
{Heap before GC invocations=45 (full 0):
 garbage-first heap   total 242688K, used 214137K [0x0000000080000000, 0x0000000100000000)
  region size 1024K, 85 young (87040K), 11 survivors (11264K)
 Metaspace       used 141636K, committed 144000K, reserved 1179648K
  class space    used 18671K, committed 19840K, reserved 1048576K
}
Event: 21.116 GC heap after
{Heap after GC invocations=46 (full 0):
 garbage-first heap   total 242688K, used 144168K [0x0000000080000000, 0x0000000100000000)
  region size 1024K, 4 young (4096K), 4 survivors (4096K)
 Metaspace       used 141636K, committed 144000K, reserved 1179648K
  class space    used 18671K, committed 19840K, reserved 1048576K
}
Event: 22.140 GC heap before
{Heap before GC invocations=46 (full 0):
 garbage-first heap   total 242688K, used 224040K [0x0000000080000000, 0x0000000100000000)
  region size 1024K, 77 young (78848K), 4 survivors (4096K)
 Metaspace       used 148080K, committed 150400K, reserved 1179648K
  class space    used 19600K, committed 20736K, reserved 1048576K
}
Event: 22.147 GC heap after
{Heap after GC invocations=47 (full 0):
 garbage-first heap   total 242688K, used 149932K [0x0000000080000000, 0x0000000100000000)
  region size 1024K, 10 young (10240K), 10 survivors (10240K)
 Metaspace       used 148080K, committed 150400K, reserved 1179648K
  class space    used 19600K, committed 20736K, reserved 1048576K
}
Event: 22.999 GC heap before
{Heap before GC invocations=47 (full 0):
 garbage-first heap   total 242688K, used 199084K [0x0000000080000000, 0x0000000100000000)
  region size 1024K, 59 young (60416K), 10 survivors (10240K)
 Metaspace       used 152809K, committed 155264K, reserved 1245184K
  class space    used 20219K, committed 21376K, reserved 1048576K
}
Event: 23.006 GC heap after
{Heap after GC invocations=48 (full 0):
 garbage-first heap   total 242688K, used 152906K [0x0000000080000000, 0x0000000100000000)
  region size 1024K, 3 young (3072K), 3 survivors (3072K)
 Metaspace       used 152809K, committed 155264K, reserved 1245184K
  class space    used 20219K, committed 21376K, reserved 1048576K
}
Event: 24.424 GC heap before
{Heap before GC invocations=49 (full 0):
 garbage-first heap   total 260096K, used 224586K [0x0000000080000000, 0x0000000100000000)
  region size 1024K, 71 young (72704K), 3 survivors (3072K)
 Metaspace       used 157089K, committed 159552K, reserved 1245184K
  class space    used 20854K, committed 22080K, reserved 1048576K
}
Event: 24.431 GC heap after
{Heap after GC invocations=50 (full 0):
 garbage-first heap   total 260096K, used 160420K [0x0000000080000000, 0x0000000100000000)
  region size 1024K, 9 young (9216K), 9 survivors (9216K)
 Metaspace       used 157089K, committed 159552K, reserved 1245184K
  class space    used 20854K, committed 22080K, reserved 1048576K
}
Event: 25.517 GC heap before
{Heap before GC invocations=50 (full 0):
 garbage-first heap   total 260096K, used 235172K [0x0000000080000000, 0x0000000100000000)
  region size 1024K, 82 young (83968K), 9 survivors (9216K)
 Metaspace       used 157596K, committed 160000K, reserved 1245184K
  class space    used 20879K, committed 22080K, reserved 1048576K
}
Event: 25.529 GC heap after
{Heap after GC invocations=51 (full 0):
 garbage-first heap   total 260096K, used 162966K [0x0000000080000000, 0x0000000100000000)
  region size 1024K, 10 young (10240K), 10 survivors (10240K)
 Metaspace       used 157596K, committed 160000K, reserved 1245184K
  class space    used 20879K, committed 22080K, reserved 1048576K
}
Event: 26.461 GC heap before
{Heap before GC invocations=51 (full 0):
 garbage-first heap   total 260096K, used 234646K [0x0000000080000000, 0x0000000100000000)
  region size 1024K, 80 young (81920K), 10 survivors (10240K)
 Metaspace       used 158923K, committed 161280K, reserved 1245184K
  class space    used 20979K, committed 22144K, reserved 1048576K
}
Event: 26.472 GC heap after
{Heap after GC invocations=52 (full 0):
 garbage-first heap   total 260096K, used 170767K [0x0000000080000000, 0x0000000100000000)
  region size 1024K, 8 young (8192K), 8 survivors (8192K)
 Metaspace       used 158923K, committed 161280K, reserved 1245184K
  class space    used 20979K, committed 22144K, reserved 1048576K
}
Event: 28.475 GC heap before
{Heap before GC invocations=53 (full 0):
 garbage-first heap   total 285696K, used 236303K [0x0000000080000000, 0x0000000100000000)
  region size 1024K, 72 young (73728K), 8 survivors (8192K)
 Metaspace       used 164368K, committed 166912K, reserved 1245184K
  class space    used 21533K, committed 22784K, reserved 1048576K
}
Event: 28.485 GC heap after
{Heap after GC invocations=54 (full 0):
 garbage-first heap   total 285696K, used 176128K [0x0000000080000000, 0x0000000100000000)
  region size 1024K, 5 young (5120K), 5 survivors (5120K)
 Metaspace       used 164368K, committed 166912K, reserved 1245184K
  class space    used 21533K, committed 22784K, reserved 1048576K
}
Event: 30.499 GC heap before
{Heap before GC invocations=54 (full 0):
 garbage-first heap   total 285696K, used 259072K [0x0000000080000000, 0x0000000100000000)
  region size 1024K, 85 young (87040K), 5 survivors (5120K)
 Metaspace       used 170855K, committed 173376K, reserved 1245184K
  class space    used 22611K, committed 23872K, reserved 1048576K
}
Event: 30.517 GC heap after
{Heap after GC invocations=55 (full 0):
 garbage-first heap   total 285696K, used 176137K [0x0000000080000000, 0x0000000100000000)
  region size 1024K, 8 young (8192K), 8 survivors (8192K)
 Metaspace       used 170855K, committed 173376K, reserved 1245184K
  class space    used 22611K, committed 23872K, reserved 1048576K
}

Dll operation events (3 events):
Event: 0.005 Loaded shared library C:\Program Files\Android\Android Studio\jbr\bin\java.dll
Event: 0.009 Loaded shared library C:\Program Files\Android\Android Studio\jbr\bin\zip.dll
Event: 0.691 Loaded shared library C:\Program Files\Android\Android Studio\jbr\bin\verify.dll

Deoptimization events (20 events):
Event: 31.179 Thread 0x000001df05526150 DEOPT PACKING pc=0x000001df733d57fc sp=0x000000c7a81f9440
Event: 31.179 Thread 0x000001df05526150 DEOPT UNPACKING pc=0x000001df725d46a2 sp=0x000000c7a81f92e0 mode 2
Event: 31.180 Thread 0x000001df05526150 Uncommon trap: trap_request=0xffffffbe fr.pc=0x000001df733d57fc relative=0x00000000000018fc
Event: 31.180 Thread 0x000001df05526150 Uncommon trap: reason=profile_predicate action=maybe_recompile pc=0x000001df733d57fc method=java.util.TimSort.reverseRange([Ljava/lang/Object;II)V @ 5 c2
Event: 31.180 Thread 0x000001df05526150 DEOPT PACKING pc=0x000001df733d57fc sp=0x000000c7a81f9440
Event: 31.180 Thread 0x000001df05526150 DEOPT UNPACKING pc=0x000001df725d46a2 sp=0x000000c7a81f92e0 mode 2
Event: 31.196 Thread 0x000001df05526150 Uncommon trap: trap_request=0xffffff45 fr.pc=0x000001df72f03008 relative=0x0000000000000128
Event: 31.196 Thread 0x000001df05526150 Uncommon trap: reason=unstable_if action=reinterpret pc=0x000001df72f03008 method=java.io.WinNTFileSystem.normalize(Ljava/lang/String;)Ljava/lang/String; @ 74 c2
Event: 31.196 Thread 0x000001df05526150 DEOPT PACKING pc=0x000001df72f03008 sp=0x000000c7a81f9030
Event: 31.196 Thread 0x000001df05526150 DEOPT UNPACKING pc=0x000001df725d46a2 sp=0x000000c7a81f8f68 mode 2
Event: 31.196 Thread 0x000001df05526150 Uncommon trap: trap_request=0xffffff45 fr.pc=0x000001df72e87c3c relative=0x000000000000145c
Event: 31.196 Thread 0x000001df05526150 Uncommon trap: reason=unstable_if action=reinterpret pc=0x000001df72e87c3c method=java.io.WinNTFileSystem.normalize(Ljava/lang/String;II)Ljava/lang/String; @ 100 c2
Event: 31.196 Thread 0x000001df05526150 DEOPT PACKING pc=0x000001df72e87c3c sp=0x000000c7a81f8ee0
Event: 31.196 Thread 0x000001df05526150 DEOPT UNPACKING pc=0x000001df725d46a2 sp=0x000000c7a81f8ec8 mode 2
Event: 31.198 Thread 0x000001df05526150 Uncommon trap: trap_request=0xffffff45 fr.pc=0x000001df72dfc6c0 relative=0x00000000000000e0
Event: 31.198 Thread 0x000001df05526150 Uncommon trap: reason=unstable_if action=reinterpret pc=0x000001df72dfc6c0 method=java.io.WinNTFileSystem.normalize(Ljava/lang/String;)Ljava/lang/String; @ 74 c2
Event: 31.198 Thread 0x000001df05526150 DEOPT PACKING pc=0x000001df72dfc6c0 sp=0x000000c7a81f8ab0
Event: 31.198 Thread 0x000001df05526150 DEOPT UNPACKING pc=0x000001df725d46a2 sp=0x000000c7a81f8a38 mode 2
Event: 31.205 Thread 0x000001df05526150 DEOPT PACKING pc=0x000001df6ce7930e sp=0x000000c7a81f9180
Event: 31.205 Thread 0x000001df05526150 DEOPT UNPACKING pc=0x000001df725d4e42 sp=0x000000c7a81f8740 mode 0

Classes loaded (20 events):
Event: 22.988 Loading class com/sun/jmx/mbeanserver/StandardMBeanSupport
Event: 22.988 Loading class com/sun/jmx/mbeanserver/StandardMBeanSupport done
Event: 22.988 Loading class com/sun/jmx/mbeanserver/StandardMBeanIntrospector
Event: 22.989 Loading class com/sun/jmx/mbeanserver/StandardMBeanIntrospector done
Event: 28.639 Loading class sun/reflect/generics/repository/FieldRepository
Event: 28.639 Loading class sun/reflect/generics/repository/FieldRepository done
Event: 28.653 Loading class jdk/internal/vm/annotation/ForceInline
Event: 28.654 Loading class jdk/internal/vm/annotation/ForceInline done
Event: 28.726 Loading class java/util/regex/Pattern$Caret
Event: 28.728 Loading class java/util/regex/Pattern$Caret done
Event: 29.803 Loading class java/lang/invoke/BoundMethodHandle$Species_LLLJ
Event: 29.804 Loading class java/lang/invoke/BoundMethodHandle$Species_LLLJ done
Event: 30.927 Loading class java/util/stream/ReduceOps$5
Event: 30.927 Loading class java/util/stream/ReduceOps$5 done
Event: 30.927 Loading class java/util/stream/ReduceOps$CountingSink$OfRef
Event: 30.927 Loading class java/util/stream/ReduceOps$CountingSink
Event: 30.927 Loading class java/util/stream/ReduceOps$CountingSink done
Event: 30.927 Loading class java/util/stream/ReduceOps$CountingSink$OfRef done
Event: 31.184 Loading class java/util/ArrayList$SubList$2
Event: 31.185 Loading class java/util/ArrayList$SubList$2 done

Classes unloaded (0 events):
No events

Classes redefined (0 events):
No events

Internal exceptions (20 events):
Event: 27.873 Thread 0x000001df05526150 Exception <a 'sun/nio/fs/WindowsException'{0x000000008fa7abd0}> (0x000000008fa7abd0) 
thrown [s\src\hotspot\share\prims\jni.cpp, line 537]
Event: 27.890 Thread 0x000001df05526150 Exception <a 'sun/nio/fs/WindowsException'{0x000000008fa84e50}> (0x000000008fa84e50) 
thrown [s\src\hotspot\share\prims\jni.cpp, line 537]
Event: 27.894 Thread 0x000001df05526150 Exception <a 'sun/nio/fs/WindowsException'{0x000000008fa8bfd0}> (0x000000008fa8bfd0) 
thrown [s\src\hotspot\share\prims\jni.cpp, line 537]
Event: 30.033 Thread 0x000001df05526150 Exception <a 'java/lang/NoSuchMethodError'{0x000000008d3a99a8}: 'java.lang.Object java.lang.invoke.Invokers$Holder.invokeExact_MT(java.lang.Object, java.lang.Object, java.lang.Object, int, java.lang.Object, java.lang.Object)'> (0x000000008d3a99a8) 
thrown [s\src\hotspot\share\interpreter\linkResolver.cpp, line 784]
Event: 30.530 Thread 0x000001df05526150 Exception <a 'java/lang/ClassNotFoundException'{0x00000000fff30bc0}: com/android/build/gradle/internal/api/ApkVariantOutputImpl_DecoratedBeanInfo> (0x00000000fff30bc0) 
thrown [s\src\hotspot\share\classfile\systemDictionary.cpp, line 312]
Event: 30.531 Thread 0x000001df05526150 Exception <a 'java/lang/ClassNotFoundException'{0x00000000fff3ec68}: com/android/build/gradle/internal/api/ApkVariantOutputImplBeanInfo> (0x00000000fff3ec68) 
thrown [s\src\hotspot\share\classfile\systemDictionary.cpp, line 312]
Event: 30.532 Thread 0x000001df05526150 Exception <a 'java/lang/ClassNotFoundException'{0x00000000fff4cd30}: com/android/build/gradle/internal/api/BaseVariantOutputImplBeanInfo> (0x00000000fff4cd30) 
thrown [s\src\hotspot\share\classfile\systemDictionary.cpp, line 312]
Event: 30.532 Thread 0x000001df05526150 Exception <a 'java/lang/ClassNotFoundException'{0x00000000fff5b088}: com/android/build/gradle/internal/api/BaseVariantOutputImplCustomizer> (0x00000000fff5b088) 
thrown [s\src\hotspot\share\classfile\systemDictionary.cpp, line 312]
Event: 30.534 Thread 0x000001df05526150 Exception <a 'java/lang/ClassNotFoundException'{0x00000000fff7b678}: com/android/build/gradle/internal/api/ApkVariantOutputImplCustomizer> (0x00000000fff7b678) 
thrown [s\src\hotspot\share\classfile\systemDictionary.cpp, line 312]
Event: 30.535 Thread 0x000001df05526150 Exception <a 'java/lang/ClassNotFoundException'{0x00000000fff97f88}: com/android/build/gradle/internal/api/ApkVariantOutputImpl_DecoratedCustomizer> (0x00000000fff97f88) 
thrown [s\src\hotspot\share\classfile\systemDictionary.cpp, line 312]
Event: 30.620 Thread 0x000001df05526150 Exception <a 'java/lang/ClassNotFoundException'{0x0000000090967c78}: com/android/build/gradle/internal/api/ReadOnlyBuildTypeBeanInfo> (0x0000000090967c78) 
thrown [s\src\hotspot\share\classfile\systemDictionary.cpp, line 312]
Event: 30.621 Thread 0x000001df05526150 Exception <a 'java/lang/ClassNotFoundException'{0x0000000090975f70}: com/android/build/gradle/internal/api/ReadOnlyBaseConfigBeanInfo> (0x0000000090975f70) 
thrown [s\src\hotspot\share\classfile\systemDictionary.cpp, line 312]
Event: 30.621 Thread 0x000001df05526150 Exception <a 'java/lang/ClassNotFoundException'{0x00000000909845c0}: com/android/build/gradle/internal/api/ReadOnlyBaseConfigCustomizer> (0x00000000909845c0) 
thrown [s\src\hotspot\share\classfile\systemDictionary.cpp, line 312]
Event: 30.622 Thread 0x000001df05526150 Exception <a 'java/lang/ClassNotFoundException'{0x00000000909a3818}: com/android/build/gradle/internal/api/ReadOnlyBuildTypeCustomizer> (0x00000000909a3818) 
thrown [s\src\hotspot\share\classfile\systemDictionary.cpp, line 312]
Event: 30.863 Thread 0x000001df05526150 Exception <a 'java/lang/NoSuchMethodError'{0x000000008f7862d0}: 'void java.lang.invoke.Invokers$Holder.invokeExact_MT(java.lang.Object, java.lang.Object, java.lang.Object)'> (0x000000008f7862d0) 
thrown [s\src\hotspot\share\interpreter\linkResolver.cpp, line 784]
Event: 30.928 Thread 0x000001df05526150 Implicit null exception at 0x000001df72d2e5f9 to 0x000001df72d2e624
Event: 31.000 Thread 0x000001df05526150 Exception <a 'java/lang/NoSuchMethodError'{0x000000008ee8e108}: 'java.lang.Object java.lang.invoke.DirectMethodHandle$Holder.newInvokeSpecial(java.lang.Object, java.lang.Object, java.lang.Object, java.lang.Object, java.lang.Object, java.lang.Object, int)'> (0x000000008ee8e108) 
thrown [s\src\hotspot\share\interpreter\linkResolver.cpp, line 784]
Event: 31.001 Thread 0x000001df05526150 Exception <a 'java/lang/NoSuchMethodError'{0x000000008ee92a00}: 'java.lang.Object java.lang.invoke.DirectMethodHandle$Holder.invokeSpecial(java.lang.Object, java.lang.Object, java.lang.Object, java.lang.Object, java.lang.Object, java.lang.Object, java.lang.Object, int)'> (0x000000008ee92a00) 
thrown [s\src\hotspot\share\interpreter\linkResolver.cpp, line 784]
Event: 31.001 Thread 0x000001df05526150 Exception <a 'java/lang/NoSuchMethodError'{0x000000008ee96fb0}: 'java.lang.Object java.lang.invoke.Invokers$Holder.linkToTargetMethod(java.lang.Object, java.lang.Object, java.lang.Object, java.lang.Object, java.lang.Object, int, java.lang.Object)'> (0x000000008ee96fb0) 
thrown [s\src\hotspot\share\interpreter\linkResolver.cpp, line 784]
Event: 31.185 Thread 0x000001df05526150 Exception <a 'java/lang/IncompatibleClassChangeError'{0x000000008de5d870}: Found class java.lang.Object, but interface was expected> (0x000000008de5d870) 
thrown [s\src\hotspot\share\interpreter\linkResolver.cpp, line 851]

ZGC Phase Switch (0 events):
No events

VM Operations (20 events):
Event: 27.430 Executing VM operation: HandshakeAllThreads (Deoptimize)
Event: 27.430 Executing VM operation: HandshakeAllThreads (Deoptimize) done
Event: 27.469 Executing VM operation: ICBufferFull
Event: 27.469 Executing VM operation: ICBufferFull done
Event: 27.578 Executing VM operation: HandshakeAllThreads (Deoptimize)
Event: 27.578 Executing VM operation: HandshakeAllThreads (Deoptimize) done
Event: 27.986 Executing VM operation: ICBufferFull
Event: 27.986 Executing VM operation: ICBufferFull done
Event: 28.240 Executing VM operation: HandshakeAllThreads (Deoptimize)
Event: 28.240 Executing VM operation: HandshakeAllThreads (Deoptimize) done
Event: 28.475 Executing VM operation: G1CollectForAllocation (G1 Evacuation Pause)
Event: 28.485 Executing VM operation: G1CollectForAllocation (G1 Evacuation Pause) done
Event: 29.503 Executing VM operation: Cleanup
Event: 29.505 Executing VM operation: Cleanup done
Event: 30.499 Executing VM operation: G1CollectForAllocation (G1 Evacuation Pause)
Event: 30.517 Executing VM operation: G1CollectForAllocation (G1 Evacuation Pause) done
Event: 30.901 Executing VM operation: HandshakeAllThreads (Deoptimize)
Event: 30.902 Executing VM operation: HandshakeAllThreads (Deoptimize) done
Event: 31.006 Executing VM operation: ICBufferFull
Event: 31.006 Executing VM operation: ICBufferFull done

Memory protections (0 events):
No events

Nmethod flushes (20 events):
Event: 26.675 Thread 0x000001df7ed38c80 flushing  nmethod 0x000001df6b912a10
Event: 26.675 Thread 0x000001df7ed38c80 flushing  nmethod 0x000001df6bb4f690
Event: 26.675 Thread 0x000001df7ed38c80 flushing  nmethod 0x000001df6bba4e90
Event: 26.675 Thread 0x000001df7ed38c80 flushing  nmethod 0x000001df6bdcd510
Event: 26.675 Thread 0x000001df7ed38c80 flushing  nmethod 0x000001df6bdcda10
Event: 26.675 Thread 0x000001df7ed38c80 flushing  nmethod 0x000001df6bf2f510
Event: 26.675 Thread 0x000001df7ed38c80 flushing  nmethod 0x000001df6bf33610
Event: 26.675 Thread 0x000001df7ed38c80 flushing  nmethod 0x000001df6c3a6d10
Event: 26.675 Thread 0x000001df7ed38c80 flushing  nmethod 0x000001df6c46f610
Event: 26.675 Thread 0x000001df7ed38c80 flushing  nmethod 0x000001df6c470190
Event: 26.675 Thread 0x000001df7ed38c80 flushing  nmethod 0x000001df6c470f90
Event: 26.675 Thread 0x000001df7ed38c80 flushing  nmethod 0x000001df6c471490
Event: 26.675 Thread 0x000001df7ed38c80 flushing  nmethod 0x000001df6c472410
Event: 26.675 Thread 0x000001df7ed38c80 flushing  nmethod 0x000001df6c472890
Event: 26.675 Thread 0x000001df7ed38c80 flushing  nmethod 0x000001df6c488410
Event: 26.675 Thread 0x000001df7ed38c80 flushing  nmethod 0x000001df6c490410
Event: 26.675 Thread 0x000001df7ed38c80 flushing  nmethod 0x000001df6c496d10
Event: 26.675 Thread 0x000001df7ed38c80 flushing  nmethod 0x000001df6c594f90
Event: 26.675 Thread 0x000001df7ed38c80 flushing  nmethod 0x000001df6c5a1990
Event: 26.675 Thread 0x000001df7ed38c80 flushing  nmethod 0x000001df6c5a3710

Events (20 events):
Event: 17.175 Thread 0x000001df7ef0f5d0 Thread added: 0x000001df083be6f0
Event: 17.870 Thread 0x000001df083be6f0 Thread exited: 0x000001df083be6f0
Event: 17.879 Thread 0x000001df7ef0f5d0 Thread added: 0x000001df087d7730
Event: 18.484 Thread 0x000001df087d7730 Thread exited: 0x000001df087d7730
Event: 19.582 Thread 0x000001df7ef0f5d0 Thread added: 0x000001df087da010
Event: 19.881 Thread 0x000001df087da010 Thread exited: 0x000001df087da010
Event: 20.556 Thread 0x000001df7ef0f5d0 Thread added: 0x000001df087dc8f0
Event: 20.757 Thread 0x000001df087dc8f0 Thread exited: 0x000001df087dc8f0
Event: 20.908 Thread 0x000001df05526150 Thread added: 0x000001df08768070
Event: 21.107 Thread 0x000001df7ef0f5d0 Thread added: 0x000001df087dc8f0
Event: 21.454 Thread 0x000001df05526150 Thread added: 0x000001df08768d90
Event: 23.061 Thread 0x000001df05526150 Thread added: 0x000001df0876b4f0
Event: 23.188 Thread 0x000001df087dc8f0 Thread exited: 0x000001df087dc8f0
Event: 23.787 Thread 0x000001df7ef0f5d0 Thread added: 0x000001df087dcfc0
Event: 24.711 Thread 0x000001df087dcfc0 Thread exited: 0x000001df087dcfc0
Event: 24.920 Thread 0x000001df7ef0f5d0 Thread added: 0x000001df13c941a0
Event: 27.674 Thread 0x000001df13c941a0 Thread exited: 0x000001df13c941a0
Event: 28.512 Thread 0x000001df7ef0f5d0 Thread added: 0x000001df1473d440
Event: 28.957 Thread 0x000001df1473d440 Thread exited: 0x000001df1473d440
Event: 31.000 Thread 0x000001df7ef0f5d0 Thread added: 0x000001df1473d440


Dynamic libraries:
0x00007ff6c8510000 - 0x00007ff6c851a000 	C:\Program Files\Android\Android Studio\jbr\bin\java.exe
0x00007ffbdf170000 - 0x00007ffbdf368000 	C:\Windows\SYSTEM32\ntdll.dll
0x00007ffbde310000 - 0x00007ffbde3cf000 	C:\Windows\System32\KERNEL32.DLL
0x00007ffbdcdd0000 - 0x00007ffbdd0aa000 	C:\Windows\System32\KERNELBASE.dll
0x00007ffbdc990000 - 0x00007ffbdca90000 	C:\Windows\System32\ucrtbase.dll
0x00007ffb35280000 - 0x00007ffb3529b000 	C:\Program Files\Android\Android Studio\jbr\bin\VCRUNTIME140.dll
0x00007ffb816d0000 - 0x00007ffb816e8000 	C:\Program Files\Android\Android Studio\jbr\bin\jli.dll
0x00007ffbdd1f0000 - 0x00007ffbdd38d000 	C:\Windows\System32\USER32.dll
0x00007ffbcf1e0000 - 0x00007ffbcf47a000 	C:\Windows\WinSxS\amd64_microsoft.windows.common-controls_6595b64144ccf1df_6.0.19041.1110_none_60b5254171f9507e\COMCTL32.dll
0x00007ffbdd150000 - 0x00007ffbdd172000 	C:\Windows\System32\win32u.dll
0x00007ffbdd5a0000 - 0x00007ffbdd5cb000 	C:\Windows\System32\GDI32.dll
0x00007ffbdd760000 - 0x00007ffbdd7fe000 	C:\Windows\System32\msvcrt.dll
0x00007ffbdc880000 - 0x00007ffbdc990000 	C:\Windows\System32\gdi32full.dll
0x00007ffbdcb20000 - 0x00007ffbdcbbd000 	C:\Windows\System32\msvcp_win.dll
0x00007ffbde3d0000 - 0x00007ffbde400000 	C:\Windows\System32\IMM32.DLL
0x00007ffb1f470000 - 0x00007ffb1f47c000 	C:\Program Files\Android\Android Studio\jbr\bin\vcruntime140_1.dll
0x00007ffb22160000 - 0x00007ffb221ed000 	C:\Program Files\Android\Android Studio\jbr\bin\msvcp140.dll
0x00007ffb13550000 - 0x00007ffb141e6000 	C:\Program Files\Android\Android Studio\jbr\bin\server\jvm.dll
0x00007ffbde030000 - 0x00007ffbde0de000 	C:\Windows\System32\ADVAPI32.dll
0x00007ffbde270000 - 0x00007ffbde30c000 	C:\Windows\System32\sechost.dll
0x00007ffbdd390000 - 0x00007ffbdd4b6000 	C:\Windows\System32\RPCRT4.dll
0x00007ffbdde90000 - 0x00007ffbddefb000 	C:\Windows\System32\WS2_32.dll
0x00007ffbdc6f0000 - 0x00007ffbdc73b000 	C:\Windows\SYSTEM32\POWRPROF.dll
0x00007ffbd2ae0000 - 0x00007ffbd2b07000 	C:\Windows\SYSTEM32\WINMM.dll
0x00007ffbd6f90000 - 0x00007ffbd6f9a000 	C:\Windows\SYSTEM32\VERSION.dll
0x00007ffbdc6d0000 - 0x00007ffbdc6e2000 	C:\Windows\SYSTEM32\UMPDC.dll
0x00007ffbda760000 - 0x00007ffbda772000 	C:\Windows\SYSTEM32\kernel.appcore.dll
0x00007ffb1f460000 - 0x00007ffb1f46a000 	C:\Program Files\Android\Android Studio\jbr\bin\jimage.dll
0x00007ffbd31a0000 - 0x00007ffbd3384000 	C:\Windows\SYSTEM32\DBGHELP.DLL
0x00007ffbc4f70000 - 0x00007ffbc4fa4000 	C:\Windows\SYSTEM32\dbgcore.DLL
0x00007ffbdca90000 - 0x00007ffbdcb12000 	C:\Windows\System32\bcryptPrimitives.dll
0x00007ffb81650000 - 0x00007ffb8165e000 	C:\Program Files\Android\Android Studio\jbr\bin\instrument.dll
0x00007ffb1f440000 - 0x00007ffb1f460000 	C:\Program Files\Android\Android Studio\jbr\bin\java.dll
0x00007ffb12d80000 - 0x00007ffb12d98000 	C:\Program Files\Android\Android Studio\jbr\bin\zip.dll
0x00007ffbde9e0000 - 0x00007ffbdf124000 	C:\Windows\System32\SHELL32.dll
0x00007ffbda960000 - 0x00007ffbdb0f3000 	C:\Windows\SYSTEM32\windows.storage.dll
0x00007ffbde5f0000 - 0x00007ffbde944000 	C:\Windows\System32\combase.dll
0x00007ffbdc200000 - 0x00007ffbdc22e000 	C:\Windows\SYSTEM32\Wldp.dll
0x00007ffbdd5d0000 - 0x00007ffbdd67d000 	C:\Windows\System32\SHCORE.dll
0x00007ffbde460000 - 0x00007ffbde4b5000 	C:\Windows\System32\shlwapi.dll
0x00007ffbdc7c0000 - 0x00007ffbdc7df000 	C:\Windows\SYSTEM32\profapi.dll
0x00007ffb13540000 - 0x00007ffb13550000 	C:\Program Files\Android\Android Studio\jbr\bin\net.dll
0x00007ffbd6670000 - 0x00007ffbd677a000 	C:\Windows\SYSTEM32\WINHTTP.dll
0x00007ffbdbf60000 - 0x00007ffbdbfca000 	C:\Windows\system32\mswsock.dll
0x00007ffb13520000 - 0x00007ffb13536000 	C:\Program Files\Android\Android Studio\jbr\bin\nio.dll
0x00007ffb13060000 - 0x00007ffb13070000 	C:\Program Files\Android\Android Studio\jbr\bin\verify.dll
0x00007ffb12e60000 - 0x00007ffb12e87000 	C:\Users\Academy\.gradle\native\1def1411415f61bf3af743bc5b6707747c0891f09f0c88961ee8f79bc544acac\windows-amd64\native-platform.dll
0x00007ffb18340000 - 0x00007ffb183b8000 	C:\Users\Academy\.gradle\native\0.2.7\x86_64-windows-gnu\gradle-fileevents.dll
0x00007ffb130b0000 - 0x00007ffb130b9000 	C:\Program Files\Android\Android Studio\jbr\bin\management.dll
0x00007ffb130a0000 - 0x00007ffb130ab000 	C:\Program Files\Android\Android Studio\jbr\bin\management_ext.dll
0x00007ffbde260000 - 0x00007ffbde268000 	C:\Windows\System32\PSAPI.DLL
0x00007ffbdbc50000 - 0x00007ffbdbc8c000 	C:\Windows\SYSTEM32\IPHLPAPI.DLL
0x00007ffbde4c0000 - 0x00007ffbde4c8000 	C:\Windows\System32\NSI.dll
0x00007ffb13110000 - 0x00007ffb13119000 	C:\Program Files\Android\Android Studio\jbr\bin\extnet.dll
0x00007ffbdc160000 - 0x00007ffbdc178000 	C:\Windows\SYSTEM32\CRYPTSP.dll
0x00007ffbdb880000 - 0x00007ffbdb8b4000 	C:\Windows\system32\rsaenh.dll
0x00007ffbdd0b0000 - 0x00007ffbdd0d7000 	C:\Windows\System32\bcrypt.dll
0x00007ffbdc780000 - 0x00007ffbdc7ae000 	C:\Windows\SYSTEM32\USERENV.dll
0x00007ffbdc150000 - 0x00007ffbdc15c000 	C:\Windows\SYSTEM32\CRYPTBASE.dll
0x00007ffbb7290000 - 0x00007ffbb7297000 	C:\Windows\system32\wshunix.dll

JVMTI agents:
C:\Users\Academy\.gradle\wrapper\dists\gradle-8.13-bin\5xuhj0ry160q40clulazy9h7d\gradle-8.13\lib\agents\gradle-instrumentation-agent-8.13.jar path:C:\Program Files\Android\Android Studio\jbr\bin\instrument.dll, loaded, initialized, instrumentlib options:none

dbghelp: loaded successfully - version: 4.0.5 - missing functions: none
symbol engine: initialized successfully - sym options: 0x614 - pdb path: .;C:\Program Files\Android\Android Studio\jbr\bin;C:\Windows\SYSTEM32;C:\Windows\WinSxS\amd64_microsoft.windows.common-controls_6595b64144ccf1df_6.0.19041.1110_none_60b5254171f9507e;C:\Program Files\Android\Android Studio\jbr\bin\server;C:\Users\Academy\.gradle\native\1def1411415f61bf3af743bc5b6707747c0891f09f0c88961ee8f79bc544acac\windows-amd64;C:\Users\Academy\.gradle\native\0.2.7\x86_64-windows-gnu

VM Arguments:
jvm_args: --add-opens=java.base/java.lang=ALL-UNNAMED --add-opens=java.base/java.lang.invoke=ALL-UNNAMED --add-opens=java.base/java.util=ALL-UNNAMED --add-opens=java.prefs/java.util.prefs=ALL-UNNAMED --add-exports=jdk.compiler/com.sun.tools.javac.api=ALL-UNNAMED --add-exports=jdk.compiler/com.sun.tools.javac.util=ALL-UNNAMED --add-opens=java.base/java.util=ALL-UNNAMED --add-opens=java.prefs/java.util.prefs=ALL-UNNAMED --add-opens=java.base/java.nio.charset=ALL-UNNAMED --add-opens=java.base/java.net=ALL-UNNAMED --add-opens=java.base/java.util.concurrent.atomic=ALL-UNNAMED --add-opens=java.xml/javax.xml.namespace=ALL-UNNAMED -Xmx2048m -Dfile.encoding=UTF-8 -Duser.country=RU -Duser.language=ru -Duser.variant -javaagent:C:\Users\Academy\.gradle\wrapper\dists\gradle-8.13-bin\5xuhj0ry160q40clulazy9h7d\gradle-8.13\lib\agents\gradle-instrumentation-agent-8.13.jar 
java_command: org.gradle.launcher.daemon.bootstrap.GradleDaemon 8.13
java_class_path (initial): C:\Users\Academy\.gradle\wrapper\dists\gradle-8.13-bin\5xuhj0ry160q40clulazy9h7d\gradle-8.13\lib\gradle-daemon-main-8.13.jar
Launcher Type: SUN_STANDARD

[Global flags]
     intx CICompilerCount                          = 3                                         {product} {ergonomic}
     uint ConcGCThreads                            = 1                                         {product} {ergonomic}
     uint G1ConcRefinementThreads                  = 4                                         {product} {ergonomic}
   size_t G1HeapRegionSize                         = 1048576                                   {product} {ergonomic}
    uintx GCDrainStackTargetSize                   = 64                                        {product} {ergonomic}
   size_t InitialHeapSize                          = 134217728                                 {product} {ergonomic}
   size_t MarkStackSize                            = 4194304                                   {product} {ergonomic}
   size_t MaxHeapSize                              = 2147483648                                {product} {command line}
   size_t MaxNewSize                               = 1287651328                                {product} {ergonomic}
   size_t MinHeapDeltaBytes                        = 1048576                                   {product} {ergonomic}
   size_t MinHeapSize                              = 8388608                                   {product} {ergonomic}
    uintx NonNMethodCodeHeapSize                   = 5832780                                {pd product} {ergonomic}
    uintx NonProfiledCodeHeapSize                  = 122912730                              {pd product} {ergonomic}
    uintx ProfiledCodeHeapSize                     = 122912730                              {pd product} {ergonomic}
    uintx ReservedCodeCacheSize                    = 251658240                              {pd product} {ergonomic}
     bool SegmentedCodeCache                       = true                                      {product} {ergonomic}
   size_t SoftMaxHeapSize                          = 2147483648                             {manageable} {ergonomic}
     bool UseCompressedOops                        = true                           {product lp64_product} {ergonomic}
     bool UseG1GC                                  = true                                      {product} {ergonomic}
     bool UseLargePagesIndividualAllocation        = false                                  {pd product} {ergonomic}

Logging:
Log output configuration:
 #0: stdout all=warning uptime,level,tags foldmultilines=false
 #1: stderr all=off uptime,level,tags foldmultilines=false

Environment Variables:
PATH=C:\Program Files (x86)\Common Files\Intel\Shared Libraries\redist\intel64\compiler;C:\Windows\system32;C:\Windows;C:\Windows\System32\Wbem;C:\Windows\System32\WindowsPowerShell\v1.0\;C:\Windows\System32\OpenSSH\;C:\Program Files\Microsoft SQL Server\150\Tools\Binn\;C:\Program Files\Microsoft SQL Server\Client SDK\ODBC\170\Tools\Binn\;C:\Program Files\dotnet\;C:\Program Files (x86)\Windows Kits\10\Windows Performance Toolkit\;C:\Program Files\Microsoft SQL Server\120\Tools\Binn\;C:\Program Files (x86)\IVI Foundation\VISA\WinNT\Bin;C:\ProgramData\ComposerSetup\bin;C:\OSPanel\modules\php\PHP_8.1;C:\Program Files\nodejs\;C:\Program Files\PuTTY\;C:\Users\Academy\AppData\Local\Programs\Python\Python313\Scripts\;C:\Users\Academy\AppData\Local\Programs\Python\Python313\;C:\Users\Academy\AppData\Local\Microsoft\WindowsApps;C:\Users\Academy\AppData\Local\Programs\Microsoft VS Code\bin;C:\Users\Admin\AppData\Local\GitHubDesktop\bin;C:\Users\Academy\AppData\Roaming\npm;C:\Users\Academy\AppData\Local\GitHubDesktop\bin;C:\Users\Academy\AppData\Local\Programs\Git\cmd;C:\Users\Academy\.dotnet\tools
USERNAME=Academy
OS=Windows_NT
PROCESSOR_IDENTIFIER=Intel64 Family 6 Model 60 Stepping 3, GenuineIntel
TMP=C:\Users\Academy\AppData\Local\Temp
TEMP=C:\Users\Academy\AppData\Local\Temp




Periodic native trim disabled

JNI global refs:
JNI global refs: 29, weak refs: 0

JNI global refs memory usage: 835, weak refs: 833

Process memory usage:
Resident Set Size: 499924K (6% of 8272704K total physical memory with 500860K free physical memory)

OOME stack traces (most recent first):
Classloader memory used:
