#
# There is insufficient memory for the Java Runtime Environment to continue.
# Native memory allocation (malloc) failed to allocate 32744 bytes. Error detail: Chunk::new
# Possible reasons:
#   The system is out of physical RAM or swap space
#   This process is running with CompressedOops enabled, and the Java Heap may be blocking the growth of the native heap
# Possible solutions:
#   Reduce memory load on the system
#   Increase physical memory or swap space
#   Check if swap backing store is full
#   Decrease Java heap size (-Xmx/-Xms)
#   Decrease number of Java threads
#   Decrease Java thread stack sizes (-Xss)
#   Set larger code cache with -XX:ReservedCodeCacheSize=
#   JVM is running with Unscaled Compressed Oops mode in which the Java heap is
#     placed in the first 4GB address space. The Java Heap base address is the
#     maximum limit for the native heap growth. Please use -XX:HeapBaseMinAddress
#     to set the Java Heap base and to place the Java Heap above 4GB virtual address.
# This output file may be truncated or incomplete.
#
#  Out of Memory Error (arena.cpp:168), pid=12332, tid=12532
#
# JRE version: OpenJDK Runtime Environment (21.0.8) (build 21.0.8+-14196175-b1038.72)
# Java VM: OpenJDK 64-Bit Server VM (21.0.8+-14196175-b1038.72, mixed mode, tiered, compressed oops, compressed class ptrs, g1 gc, windows-amd64)
# No core dump will be written. Minidumps are not enabled by default on client versions of Windows
#

---------------  S U M M A R Y ------------

Command Line: --add-opens=java.base/java.lang=ALL-UNNAMED --add-opens=java.base/java.lang.invoke=ALL-UNNAMED --add-opens=java.base/java.util=ALL-UNNAMED --add-opens=java.prefs/java.util.prefs=ALL-UNNAMED --add-exports=jdk.compiler/com.sun.tools.javac.api=ALL-UNNAMED --add-exports=jdk.compiler/com.sun.tools.javac.util=ALL-UNNAMED --add-opens=java.base/java.util=ALL-UNNAMED --add-opens=java.prefs/java.util.prefs=ALL-UNNAMED --add-opens=java.base/java.nio.charset=ALL-UNNAMED --add-opens=java.base/java.net=ALL-UNNAMED --add-opens=java.base/java.util.concurrent.atomic=ALL-UNNAMED --add-opens=java.xml/javax.xml.namespace=ALL-UNNAMED -Xmx2048m -Dfile.encoding=UTF-8 -Duser.country=RU -Duser.language=ru -Duser.variant -javaagent:C:\Users\Academy\.gradle\wrapper\dists\gradle-8.13-bin\5xuhj0ry160q40clulazy9h7d\gradle-8.13\lib\agents\gradle-instrumentation-agent-8.13.jar org.gradle.launcher.daemon.bootstrap.GradleDaemon 8.13

Host: Intel(R) Core(TM) i5-4570 CPU @ 3.20GHz, 4 cores, 7G,  Windows 10 , 64 bit Build 19041 (10.0.19041.2788)
Time: Fri Apr 17 11:30:05 2026 elapsed time: 22.416996 seconds (0d 0h 0m 22s)

---------------  T H R E A D  ---------------

Current thread (0x000001e192cf6660):  JavaThread "C2 CompilerThread1" daemon [_thread_in_native, id=12532, stack(0x00000026b4a00000,0x00000026b4b00000) (1024K)]


Current CompileTask:
C2:22417 11610       4       org.gradle.internal.instantiation.generator.AbstractClassGenerator::inspectType (602 bytes)

Stack: [0x00000026b4a00000,0x00000026b4b00000]
Native frames: (J=compiled Java code, j=interpreted, Vv=VM code, C=native code)
V  [jvm.dll+0x6d68d9]
V  [jvm.dll+0x866693]
V  [jvm.dll+0x868c4e]
V  [jvm.dll+0x869333]
V  [jvm.dll+0x280566]
V  [jvm.dll+0xc07cd]
V  [jvm.dll+0xc0d03]
V  [jvm.dll+0x3bf1dc]
V  [jvm.dll+0x3be7b1]
V  [jvm.dll+0x3be7f4]
V  [jvm.dll+0x5dfb22]
V  [jvm.dll+0x5e0272]
V  [jvm.dll+0x385536]
V  [jvm.dll+0x38497a]
V  [jvm.dll+0x249252]
V  [jvm.dll+0x248821]
V  [jvm.dll+0x1c73a4]
V  [jvm.dll+0x257f9e]
V  [jvm.dll+0x2564e6]
V  [jvm.dll+0x3f4696]
V  [jvm.dll+0x80eac8]
V  [jvm.dll+0x6d512d]
C  [ucrtbase.dll+0x21bb2]
C  [KERNEL32.DLL+0x17604]
C  [ntdll.dll+0x526a1]


---------------  P R O C E S S  ---------------

Threads class SMR info:
_java_thread_list=0x000001e1ff5e1b90, length=57, elements={
0x000001e1f1b7e840, 0x000001e1f9b45c80, 0x000001e1f9ba0e40, 0x000001e1f9b71600,
0x000001e1f9b8ccf0, 0x000001e1f9b8d750, 0x000001e1f9b8ed20, 0x000001e1f9b8f780,
0x000001e1f9b90510, 0x000001e1f9ba6060, 0x000001e1f9e0db10, 0x000001e18f061350,
0x000001e1ff5b41c0, 0x000001e18f09ccb0, 0x000001e1feb7a960, 0x000001e18f23c140,
0x000001e18f12b940, 0x000001e18f2d4c60, 0x000001e18f2d38b0, 0x000001e18f2d52f0,
0x000001e18f2d6010, 0x000001e18f2d6d30, 0x000001e18f2d5980, 0x000001e18f2d66a0,
0x000001e18f2d45d0, 0x000001e18fce1970, 0x000001e18fce2690, 0x000001e18fce2d20,
0x000001e18fce33b0, 0x000001e18fce3a40, 0x000001e18fce40d0, 0x000001e18fce4760,
0x000001e18fcdd7d0, 0x000001e18fcdeb80, 0x000001e18fce4df0, 0x000001e18fcdde60,
0x000001e18fce12e0, 0x000001e18fcdf210, 0x000001e18fcdf8a0, 0x000001e18fcdff30,
0x000001e18fce05c0, 0x000001e18fce0c50, 0x000001e1ff61d100, 0x000001e1ff61fef0,
0x000001e1ff620580, 0x000001e1ff61f1d0, 0x000001e1ff61eb40, 0x000001e1ff61f860,
0x000001e18fd295a0, 0x000001e18fd24d70, 0x000001e18fd239c0, 0x000001e18fd28880,
0x000001e18fd25400, 0x000001e18fd29c30, 0x000001e18fd2a950, 0x000001e18fd24050,
0x000001e192cf6660
}

Java Threads: ( => current thread )
  0x000001e1f1b7e840 JavaThread "main"                              [_thread_blocked, id=13628, stack(0x00000026b0700000,0x00000026b0800000) (1024K)]
  0x000001e1f9b45c80 JavaThread "Common-Cleaner"             daemon [_thread_blocked, id=11204, stack(0x00000026b0f00000,0x00000026b1000000) (1024K)]
  0x000001e1f9ba0e40 JavaThread "Reference Handler"          daemon [_thread_blocked, id=12340, stack(0x00000026b1000000,0x00000026b1100000) (1024K)]
  0x000001e1f9b71600 JavaThread "Finalizer"                  daemon [_thread_blocked, id=12416, stack(0x00000026b1100000,0x00000026b1200000) (1024K)]
  0x000001e1f9b8ccf0 JavaThread "Signal Dispatcher"          daemon [_thread_blocked, id=12348, stack(0x00000026b1200000,0x00000026b1300000) (1024K)]
  0x000001e1f9b8d750 JavaThread "Attach Listener"            daemon [_thread_blocked, id=12352, stack(0x00000026b1300000,0x00000026b1400000) (1024K)]
  0x000001e1f9b8ed20 JavaThread "Service Thread"             daemon [_thread_blocked, id=12356, stack(0x00000026b1400000,0x00000026b1500000) (1024K)]
  0x000001e1f9b8f780 JavaThread "Monitor Deflation Thread"   daemon [_thread_blocked, id=12360, stack(0x00000026b1500000,0x00000026b1600000) (1024K)]
  0x000001e1f9b90510 JavaThread "C2 CompilerThread0"         daemon [_thread_blocked, id=12364, stack(0x00000026b1600000,0x00000026b1700000) (1024K)]
  0x000001e1f9ba6060 JavaThread "C1 CompilerThread0"         daemon [_thread_in_native, id=12372, stack(0x00000026b1700000,0x00000026b1800000) (1024K)]
  0x000001e1f9e0db10 JavaThread "Notification Thread"        daemon [_thread_blocked, id=13544, stack(0x00000026b1800000,0x00000026b1900000) (1024K)]
  0x000001e18f061350 JavaThread "Daemon health stats"               [_thread_blocked, id=13832, stack(0x00000026b1b00000,0x00000026b1c00000) (1024K)]
  0x000001e1ff5b41c0 JavaThread "Incoming local TCP Connector on port 52919"        [_thread_in_native, id=10100, stack(0x00000026b1d00000,0x00000026b1e00000) (1024K)]
  0x000001e18f09ccb0 JavaThread "Daemon periodic checks"            [_thread_blocked, id=12388, stack(0x00000026b1e00000,0x00000026b1f00000) (1024K)]
  0x000001e1feb7a960 JavaThread "Daemon"                            [_thread_blocked, id=12396, stack(0x00000026b1f00000,0x00000026b2000000) (1024K)]
  0x000001e18f23c140 JavaThread "Handler for socket connection from /127.0.0.1:52919 to /127.0.0.1:52920"        [_thread_in_native, id=9888, stack(0x00000026b2000000,0x00000026b2100000) (1024K)]
  0x000001e18f12b940 JavaThread "Cancel handler"                    [_thread_blocked, id=3928, stack(0x00000026b2100000,0x00000026b2200000) (1024K)]
  0x000001e18f2d4c60 JavaThread "Daemon worker"                     [_thread_in_vm, id=13512, stack(0x00000026b2200000,0x00000026b2300000) (1024K)]
  0x000001e18f2d38b0 JavaThread "Asynchronous log dispatcher for DefaultDaemonConnection: socket connection from /127.0.0.1:52919 to /127.0.0.1:52920"        [_thread_blocked, id=13584, stack(0x00000026b2300000,0x00000026b2400000) (1024K)]
  0x000001e18f2d52f0 JavaThread "Stdin handler"                     [_thread_blocked, id=13180, stack(0x00000026b2400000,0x00000026b2500000) (1024K)]
  0x000001e18f2d6010 JavaThread "Daemon client event forwarder"        [_thread_blocked, id=12392, stack(0x00000026b2500000,0x00000026b2600000) (1024K)]
  0x000001e18f2d6d30 JavaThread "Cache worker for journal cache (C:\Users\Academy\.gradle\caches\journal-1)"        [_thread_blocked, id=11688, stack(0x00000026b2700000,0x00000026b2800000) (1024K)]
  0x000001e18f2d5980 JavaThread "File lock request listener"        [_thread_in_native, id=12024, stack(0x00000026b2800000,0x00000026b2900000) (1024K)]
  0x000001e18f2d66a0 JavaThread "Cache worker for file hash cache (C:\Users\Academy\.gradle\caches\8.13\fileHashes)"        [_thread_blocked, id=10720, stack(0x00000026b2900000,0x00000026b2a00000) (1024K)]
  0x000001e18f2d45d0 JavaThread "Cache worker for file hash cache (D:\ZOVV\mobile 1\.gradle\8.13\fileHashes)"        [_thread_blocked, id=14968, stack(0x00000026b2a00000,0x00000026b2b00000) (1024K)]
  0x000001e18fce1970 JavaThread "Cache worker for Build Output Cleanup Cache (D:\ZOVV\mobile 1\.gradle\buildOutputCleanup)"        [_thread_blocked, id=14972, stack(0x00000026b2b00000,0x00000026b2c00000) (1024K)]
  0x000001e18fce2690 JavaThread "File watcher server"        daemon [_thread_in_native, id=14628, stack(0x00000026b2c00000,0x00000026b2d00000) (1024K)]
  0x000001e18fce2d20 JavaThread "File watcher consumer"      daemon [_thread_blocked, id=15016, stack(0x00000026b2d00000,0x00000026b2e00000) (1024K)]
  0x000001e18fce33b0 JavaThread "jar transforms"                    [_thread_blocked, id=15020, stack(0x00000026b2e00000,0x00000026b2f00000) (1024K)]
  0x000001e18fce3a40 JavaThread "jar transforms Thread 2"           [_thread_blocked, id=15000, stack(0x00000026b2f00000,0x00000026b3000000) (1024K)]
  0x000001e18fce40d0 JavaThread "jar transforms Thread 3"           [_thread_blocked, id=15004, stack(0x00000026b3000000,0x00000026b3100000) (1024K)]
  0x000001e18fce4760 JavaThread "jar transforms Thread 4"           [_thread_blocked, id=2268, stack(0x00000026b3100000,0x00000026b3200000) (1024K)]
  0x000001e18fcdd7d0 JavaThread "Cache worker for checksums cache (D:\ZOVV\mobile 1\.gradle\8.13\checksums)"        [_thread_blocked, id=15032, stack(0x00000026b3200000,0x00000026b3300000) (1024K)]
  0x000001e18fcdeb80 JavaThread "Cache worker for file content cache (C:\Users\Academy\.gradle\caches\8.13\fileContent)"        [_thread_blocked, id=15036, stack(0x00000026b3300000,0x00000026b3400000) (1024K)]
  0x000001e18fce4df0 JavaThread "Cache worker for cache directory md-supplier (C:\Users\Academy\.gradle\caches\8.13\md-supplier)"        [_thread_blocked, id=13324, stack(0x00000026b3400000,0x00000026b3500000) (1024K)]
  0x000001e18fcdde60 JavaThread "Cache worker for cache directory md-rule (C:\Users\Academy\.gradle\caches\8.13\md-rule)"        [_thread_blocked, id=13436, stack(0x00000026b3500000,0x00000026b3600000) (1024K)]
  0x000001e18fce12e0 JavaThread "Unconstrained build operations"        [_thread_blocked, id=14080, stack(0x00000026b3600000,0x00000026b3700000) (1024K)]
  0x000001e18fcdf210 JavaThread "Unconstrained build operations Thread 2"        [_thread_blocked, id=14180, stack(0x00000026b3700000,0x00000026b3800000) (1024K)]
  0x000001e18fcdf8a0 JavaThread "Unconstrained build operations Thread 3"        [_thread_blocked, id=14184, stack(0x00000026b3800000,0x00000026b3900000) (1024K)]
  0x000001e18fcdff30 JavaThread "Unconstrained build operations Thread 4"        [_thread_blocked, id=14188, stack(0x00000026b3900000,0x00000026b3a00000) (1024K)]
  0x000001e18fce05c0 JavaThread "Unconstrained build operations Thread 5"        [_thread_blocked, id=13136, stack(0x00000026b3a00000,0x00000026b3b00000) (1024K)]
  0x000001e18fce0c50 JavaThread "Unconstrained build operations Thread 6"        [_thread_blocked, id=11520, stack(0x00000026b3b00000,0x00000026b3c00000) (1024K)]
  0x000001e1ff61d100 JavaThread "Unconstrained build operations Thread 7"        [_thread_blocked, id=13332, stack(0x00000026b3c00000,0x00000026b3d00000) (1024K)]
  0x000001e1ff61fef0 JavaThread "Unconstrained build operations Thread 8"        [_thread_blocked, id=13372, stack(0x00000026b3d00000,0x00000026b3e00000) (1024K)]
  0x000001e1ff620580 JavaThread "Unconstrained build operations Thread 9"        [_thread_blocked, id=13344, stack(0x00000026b3e00000,0x00000026b3f00000) (1024K)]
  0x000001e1ff61f1d0 JavaThread "Unconstrained build operations Thread 10"        [_thread_blocked, id=13360, stack(0x00000026b3f00000,0x00000026b4000000) (1024K)]
  0x000001e1ff61eb40 JavaThread "Unconstrained build operations Thread 11"        [_thread_blocked, id=14520, stack(0x00000026b4100000,0x00000026b4200000) (1024K)]
  0x000001e1ff61f860 JavaThread "Unconstrained build operations Thread 12"        [_thread_blocked, id=14516, stack(0x00000026b4200000,0x00000026b4300000) (1024K)]
  0x000001e18fd295a0 JavaThread "Unconstrained build operations Thread 13"        [_thread_blocked, id=14508, stack(0x00000026b4300000,0x00000026b4400000) (1024K)]
  0x000001e18fd24d70 JavaThread "Unconstrained build operations Thread 14"        [_thread_blocked, id=14388, stack(0x00000026b2600000,0x00000026b2700000) (1024K)]
  0x000001e18fd239c0 JavaThread "Unconstrained build operations Thread 15"        [_thread_blocked, id=14652, stack(0x00000026b4400000,0x00000026b4500000) (1024K)]
  0x000001e18fd28880 JavaThread "Unconstrained build operations Thread 16"        [_thread_blocked, id=14656, stack(0x00000026b4500000,0x00000026b4600000) (1024K)]
  0x000001e18fd25400 JavaThread "Unconstrained build operations Thread 17"        [_thread_blocked, id=6172, stack(0x00000026b4700000,0x00000026b4800000) (1024K)]
  0x000001e18fd29c30 JavaThread "Unconstrained build operations Thread 18"        [_thread_blocked, id=13772, stack(0x00000026b4800000,0x00000026b4900000) (1024K)]
  0x000001e18fd2a950 JavaThread "Unconstrained build operations Thread 19"        [_thread_blocked, id=13796, stack(0x00000026b4900000,0x00000026b4a00000) (1024K)]
  0x000001e18fd24050 JavaThread "Memory manager"                    [_thread_blocked, id=12836, stack(0x00000026b4600000,0x00000026b4700000) (1024K)]
=>0x000001e192cf6660 JavaThread "C2 CompilerThread1"         daemon [_thread_in_native, id=12532, stack(0x00000026b4a00000,0x00000026b4b00000) (1024K)]
Total: 57

Other Threads:
  0x000001e1f99ee600 VMThread "VM Thread"                           [id=14544, stack(0x00000026b0e00000,0x00000026b0f00000) (1024K)]
  0x000001e1f9966d00 WatcherThread "VM Periodic Task Thread"        [id=14352, stack(0x00000026b0d00000,0x00000026b0e00000) (1024K)]
  0x000001e1ef60dfe0 WorkerThread "GC Thread#0"                     [id=13556, stack(0x00000026b0800000,0x00000026b0900000) (1024K)]
  0x000001e1fe105750 WorkerThread "GC Thread#1"                     [id=13528, stack(0x00000026b1900000,0x00000026b1a00000) (1024K)]
  0x000001e1fe105ec0 WorkerThread "GC Thread#2"                     [id=12452, stack(0x00000026b1a00000,0x00000026b1b00000) (1024K)]
  0x000001e1feb62910 WorkerThread "GC Thread#3"                     [id=12476, stack(0x00000026b1c00000,0x00000026b1d00000) (1024K)]
  0x000001e1f1be45c0 ConcurrentGCThread "G1 Main Marker"            [id=13532, stack(0x00000026b0900000,0x00000026b0a00000) (1024K)]
  0x000001e1f1be4fd0 WorkerThread "G1 Conc#0"                       [id=13560, stack(0x00000026b0a00000,0x00000026b0b00000) (1024K)]
  0x000001e1f9830540 ConcurrentGCThread "G1 Refine#0"               [id=6128, stack(0x00000026b0b00000,0x00000026b0c00000) (1024K)]
  0x000001e1f9830ec0 ConcurrentGCThread "G1 Service"                [id=13980, stack(0x00000026b0c00000,0x00000026b0d00000) (1024K)]
Total: 10

Threads with active compile tasks:
C1 CompilerThread0  22473 11703       3       org.objectweb.asm.ClassWriter::visitInnerClass (130 bytes)
C2 CompilerThread1  22473 11610       4       org.gradle.internal.instantiation.generator.AbstractClassGenerator::inspectType (602 bytes)
Total: 2

VM state: not at safepoint (normal execution)

VM Mutex/Monitor currently owned by a thread:  ([mutex/lock_event])
[0x00007ffb456b6438] Metaspace_lock - owner thread: 0x000001e18f2d4c60

Heap address: 0x0000000080000000, size: 2048 MB, Compressed Oops mode: 32-bit

CDS archive(s) not mapped
Compressed class space mapped at: 0x0000000100000000-0x0000000140000000, reserved size: 1073741824
Narrow klass base: 0x0000000000000000, Narrow klass shift: 3, Narrow klass range: 0x140000000

GC Precious Log:
 CardTable entry size: 512
 Card Set container configuration: InlinePtr #cards 5 size 8 Array Of Cards #cards 12 size 40 Howl #buckets 4 coarsen threshold 1843 Howl Bitmap #cards 512 size 80 coarsen threshold 460 Card regions per heap region 1 cards per card region 2048
 CPUs: 4 total, 4 available
 Memory: 8078M
 Large Page Support: Disabled
 NUMA Support: Disabled
 Compressed Oops: Enabled (32-bit)
 Heap Region Size: 1M
 Heap Min Capacity: 8M
 Heap Initial Capacity: 128M
 Heap Max Capacity: 2G
 Pre-touch: Disabled
 Parallel Workers: 4
 Concurrent Workers: 1
 Concurrent Refinement Workers: 4
 Periodic GC: Disabled

Heap:
 garbage-first heap   total 235520K, used 157595K [0x0000000080000000, 0x0000000100000000)
  region size 1024K, 18 young (18432K), 7 survivors (7168K)
 Metaspace       used 101655K, committed 103552K, reserved 1179648K
  class space    used 14031K, committed 14976K, reserved 1048576K

Heap Regions: E=young(eden), S=young(survivor), O=old, HS=humongous(starts), HC=humongous(continues), CS=collection set, F=free, TAMS=top-at-mark-start, PB=parsable bottom
|   0|0x0000000080000000, 0x0000000080100000, 0x0000000080100000|100%|HS|  |TAMS 0x0000000080000000| PB 0x0000000080000000| Complete 
|   1|0x0000000080100000, 0x0000000080200000, 0x0000000080200000|100%|HC|  |TAMS 0x0000000080100000| PB 0x0000000080100000| Complete 
|   2|0x0000000080200000, 0x0000000080300000, 0x0000000080300000|100%|HC|  |TAMS 0x0000000080200000| PB 0x0000000080200000| Complete 
|   3|0x0000000080300000, 0x0000000080400000, 0x0000000080400000|100%| O|  |TAMS 0x0000000080300000| PB 0x0000000080300000| Untracked 
|   4|0x0000000080400000, 0x0000000080500000, 0x0000000080500000|100%| O|  |TAMS 0x0000000080400000| PB 0x0000000080400000| Untracked 
|   5|0x0000000080500000, 0x0000000080600000, 0x0000000080600000|100%| O|  |TAMS 0x0000000080500000| PB 0x0000000080500000| Untracked 
|   6|0x0000000080600000, 0x0000000080700000, 0x0000000080700000|100%|HS|  |TAMS 0x0000000080600000| PB 0x0000000080600000| Complete 
|   7|0x0000000080700000, 0x0000000080800000, 0x0000000080800000|100%| O|  |TAMS 0x0000000080700000| PB 0x0000000080700000| Untracked 
|   8|0x0000000080800000, 0x0000000080900000, 0x0000000080900000|100%| O|  |TAMS 0x0000000080800000| PB 0x0000000080800000| Untracked 
|   9|0x0000000080900000, 0x0000000080a00000, 0x0000000080a00000|100%| O|  |TAMS 0x0000000080900000| PB 0x0000000080900000| Untracked 
|  10|0x0000000080a00000, 0x0000000080b00000, 0x0000000080b00000|100%| O|  |TAMS 0x0000000080a00000| PB 0x0000000080a00000| Untracked 
|  11|0x0000000080b00000, 0x0000000080c00000, 0x0000000080c00000|100%| O|  |TAMS 0x0000000080b00000| PB 0x0000000080b00000| Untracked 
|  12|0x0000000080c00000, 0x0000000080d00000, 0x0000000080d00000|100%| O|  |TAMS 0x0000000080c00000| PB 0x0000000080c00000| Untracked 
|  13|0x0000000080d00000, 0x0000000080e00000, 0x0000000080e00000|100%| O|  |TAMS 0x0000000080d00000| PB 0x0000000080d00000| Untracked 
|  14|0x0000000080e00000, 0x0000000080f00000, 0x0000000080f00000|100%| O|  |TAMS 0x0000000080e00000| PB 0x0000000080e00000| Untracked 
|  15|0x0000000080f00000, 0x0000000081000000, 0x0000000081000000|100%| O|  |TAMS 0x0000000080f00000| PB 0x0000000080f00000| Untracked 
|  16|0x0000000081000000, 0x0000000081100000, 0x0000000081100000|100%| O|  |TAMS 0x0000000081000000| PB 0x0000000081000000| Untracked 
|  17|0x0000000081100000, 0x0000000081200000, 0x0000000081200000|100%| O|  |TAMS 0x0000000081100000| PB 0x0000000081100000| Untracked 
|  18|0x0000000081200000, 0x0000000081300000, 0x0000000081300000|100%| O|  |TAMS 0x0000000081200000| PB 0x0000000081200000| Untracked 
|  19|0x0000000081300000, 0x0000000081400000, 0x0000000081400000|100%| O|  |TAMS 0x0000000081300000| PB 0x0000000081300000| Untracked 
|  20|0x0000000081400000, 0x0000000081500000, 0x0000000081500000|100%| O|  |TAMS 0x0000000081400000| PB 0x0000000081400000| Untracked 
|  21|0x0000000081500000, 0x0000000081600000, 0x0000000081600000|100%| O|  |TAMS 0x0000000081500000| PB 0x0000000081500000| Untracked 
|  22|0x0000000081600000, 0x0000000081700000, 0x0000000081700000|100%| O|  |TAMS 0x0000000081600000| PB 0x0000000081600000| Untracked 
|  23|0x0000000081700000, 0x0000000081800000, 0x0000000081800000|100%| O|  |TAMS 0x0000000081700000| PB 0x0000000081700000| Untracked 
|  24|0x0000000081800000, 0x0000000081900000, 0x0000000081900000|100%|HS|  |TAMS 0x0000000081800000| PB 0x0000000081800000| Complete 
|  25|0x0000000081900000, 0x0000000081a00000, 0x0000000081a00000|100%|HC|  |TAMS 0x0000000081900000| PB 0x0000000081900000| Complete 
|  26|0x0000000081a00000, 0x0000000081b00000, 0x0000000081b00000|100%|HC|  |TAMS 0x0000000081a00000| PB 0x0000000081a00000| Complete 
|  27|0x0000000081b00000, 0x0000000081c00000, 0x0000000081c00000|100%|HC|  |TAMS 0x0000000081b00000| PB 0x0000000081b00000| Complete 
|  28|0x0000000081c00000, 0x0000000081d00000, 0x0000000081d00000|100%|HC|  |TAMS 0x0000000081c00000| PB 0x0000000081c00000| Complete 
|  29|0x0000000081d00000, 0x0000000081e00000, 0x0000000081e00000|100%|HC|  |TAMS 0x0000000081d00000| PB 0x0000000081d00000| Complete 
|  30|0x0000000081e00000, 0x0000000081f00000, 0x0000000081f00000|100%|HS|  |TAMS 0x0000000081e00000| PB 0x0000000081e00000| Complete 
|  31|0x0000000081f00000, 0x0000000082000000, 0x0000000082000000|100%|HS|  |TAMS 0x0000000081f00000| PB 0x0000000081f00000| Complete 
|  32|0x0000000082000000, 0x0000000082100000, 0x0000000082100000|100%|HC|  |TAMS 0x0000000082000000| PB 0x0000000082000000| Complete 
|  33|0x0000000082100000, 0x0000000082200000, 0x0000000082200000|100%|HS|  |TAMS 0x0000000082100000| PB 0x0000000082100000| Complete 
|  34|0x0000000082200000, 0x0000000082300000, 0x0000000082300000|100%|HC|  |TAMS 0x0000000082200000| PB 0x0000000082200000| Complete 
|  35|0x0000000082300000, 0x0000000082400000, 0x0000000082400000|100%|HC|  |TAMS 0x0000000082300000| PB 0x0000000082300000| Complete 
|  36|0x0000000082400000, 0x0000000082500000, 0x0000000082500000|100%|HC|  |TAMS 0x0000000082400000| PB 0x0000000082400000| Complete 
|  37|0x0000000082500000, 0x0000000082600000, 0x0000000082600000|100%|HS|  |TAMS 0x0000000082500000| PB 0x0000000082500000| Complete 
|  38|0x0000000082600000, 0x0000000082700000, 0x0000000082700000|100%|HS|  |TAMS 0x0000000082600000| PB 0x0000000082600000| Complete 
|  39|0x0000000082700000, 0x0000000082800000, 0x0000000082800000|100%|HC|  |TAMS 0x0000000082700000| PB 0x0000000082700000| Complete 
|  40|0x0000000082800000, 0x0000000082900000, 0x0000000082900000|100%|HC|  |TAMS 0x0000000082800000| PB 0x0000000082800000| Complete 
|  41|0x0000000082900000, 0x0000000082a00000, 0x0000000082a00000|100%|HC|  |TAMS 0x0000000082900000| PB 0x0000000082900000| Complete 
|  42|0x0000000082a00000, 0x0000000082b00000, 0x0000000082b00000|100%|HC|  |TAMS 0x0000000082a00000| PB 0x0000000082a00000| Complete 
|  43|0x0000000082b00000, 0x0000000082c00000, 0x0000000082c00000|100%|HC|  |TAMS 0x0000000082b00000| PB 0x0000000082b00000| Complete 
|  44|0x0000000082c00000, 0x0000000082d00000, 0x0000000082d00000|100%|HS|  |TAMS 0x0000000082c00000| PB 0x0000000082c00000| Complete 
|  45|0x0000000082d00000, 0x0000000082e00000, 0x0000000082e00000|100%|HS|  |TAMS 0x0000000082d00000| PB 0x0000000082d00000| Complete 
|  46|0x0000000082e00000, 0x0000000082f00000, 0x0000000082f00000|100%|HC|  |TAMS 0x0000000082e00000| PB 0x0000000082e00000| Complete 
|  47|0x0000000082f00000, 0x0000000083000000, 0x0000000083000000|100%|HS|  |TAMS 0x0000000082f00000| PB 0x0000000082f00000| Complete 
|  48|0x0000000083000000, 0x0000000083100000, 0x0000000083100000|100%|HC|  |TAMS 0x0000000083000000| PB 0x0000000083000000| Complete 
|  49|0x0000000083100000, 0x0000000083200000, 0x0000000083200000|100%|HC|  |TAMS 0x0000000083100000| PB 0x0000000083100000| Complete 
|  50|0x0000000083200000, 0x0000000083300000, 0x0000000083300000|100%|HC|  |TAMS 0x0000000083200000| PB 0x0000000083200000| Complete 
|  51|0x0000000083300000, 0x0000000083400000, 0x0000000083400000|100%| O|  |TAMS 0x0000000083300000| PB 0x0000000083300000| Untracked 
|  52|0x0000000083400000, 0x0000000083500000, 0x0000000083500000|100%| O|  |TAMS 0x0000000083400000| PB 0x0000000083400000| Untracked 
|  53|0x0000000083500000, 0x0000000083600000, 0x0000000083600000|100%|HS|  |TAMS 0x0000000083500000| PB 0x0000000083500000| Complete 
|  54|0x0000000083600000, 0x0000000083700000, 0x0000000083700000|100%| O|  |TAMS 0x0000000083600000| PB 0x0000000083600000| Untracked 
|  55|0x0000000083700000, 0x0000000083800000, 0x0000000083800000|100%| O|  |TAMS 0x0000000083700000| PB 0x0000000083700000| Untracked 
|  56|0x0000000083800000, 0x0000000083900000, 0x0000000083900000|100%| O|  |TAMS 0x0000000083800000| PB 0x0000000083800000| Untracked 
|  57|0x0000000083900000, 0x0000000083a00000, 0x0000000083a00000|100%| O|  |TAMS 0x0000000083900000| PB 0x0000000083900000| Untracked 
|  58|0x0000000083a00000, 0x0000000083b00000, 0x0000000083b00000|100%| O|  |TAMS 0x0000000083a00000| PB 0x0000000083a00000| Untracked 
|  59|0x0000000083b00000, 0x0000000083c00000, 0x0000000083c00000|100%| O|  |TAMS 0x0000000083b00000| PB 0x0000000083b00000| Untracked 
|  60|0x0000000083c00000, 0x0000000083d00000, 0x0000000083d00000|100%| O|  |TAMS 0x0000000083c00000| PB 0x0000000083c00000| Untracked 
|  61|0x0000000083d00000, 0x0000000083e00000, 0x0000000083e00000|100%| O|  |TAMS 0x0000000083d00000| PB 0x0000000083d00000| Untracked 
|  62|0x0000000083e00000, 0x0000000083f00000, 0x0000000083f00000|100%| O|  |TAMS 0x0000000083e00000| PB 0x0000000083e00000| Untracked 
|  63|0x0000000083f00000, 0x0000000084000000, 0x0000000084000000|100%| O|  |TAMS 0x0000000083f00000| PB 0x0000000083f00000| Untracked 
|  64|0x0000000084000000, 0x0000000084100000, 0x0000000084100000|100%| O|  |TAMS 0x0000000084000000| PB 0x0000000084000000| Untracked 
|  65|0x0000000084100000, 0x0000000084200000, 0x0000000084200000|100%| O|  |TAMS 0x0000000084100000| PB 0x0000000084100000| Untracked 
|  66|0x0000000084200000, 0x0000000084300000, 0x0000000084300000|100%| O|  |TAMS 0x0000000084200000| PB 0x0000000084200000| Untracked 
|  67|0x0000000084300000, 0x0000000084400000, 0x0000000084400000|100%|HS|  |TAMS 0x0000000084300000| PB 0x0000000084300000| Complete 
|  68|0x0000000084400000, 0x0000000084500000, 0x0000000084500000|100%|HC|  |TAMS 0x0000000084400000| PB 0x0000000084400000| Complete 
|  69|0x0000000084500000, 0x0000000084600000, 0x0000000084600000|100%| O|  |TAMS 0x0000000084500000| PB 0x0000000084500000| Untracked 
|  70|0x0000000084600000, 0x0000000084700000, 0x0000000084700000|100%| O|  |TAMS 0x0000000084600000| PB 0x0000000084600000| Untracked 
|  71|0x0000000084700000, 0x0000000084800000, 0x0000000084800000|100%| O|  |TAMS 0x0000000084700000| PB 0x0000000084700000| Untracked 
|  72|0x0000000084800000, 0x0000000084900000, 0x0000000084900000|100%| O|  |TAMS 0x0000000084800000| PB 0x0000000084800000| Untracked 
|  73|0x0000000084900000, 0x0000000084a00000, 0x0000000084a00000|100%| O|  |TAMS 0x0000000084900000| PB 0x0000000084900000| Untracked 
|  74|0x0000000084a00000, 0x0000000084b00000, 0x0000000084b00000|100%|HS|  |TAMS 0x0000000084a00000| PB 0x0000000084a00000| Complete 
|  75|0x0000000084b00000, 0x0000000084c00000, 0x0000000084c00000|100%|HC|  |TAMS 0x0000000084b00000| PB 0x0000000084b00000| Complete 
|  76|0x0000000084c00000, 0x0000000084d00000, 0x0000000084d00000|100%|HC|  |TAMS 0x0000000084c00000| PB 0x0000000084c00000| Complete 
|  77|0x0000000084d00000, 0x0000000084e00000, 0x0000000084e00000|100%|HC|  |TAMS 0x0000000084d00000| PB 0x0000000084d00000| Complete 
|  78|0x0000000084e00000, 0x0000000084f00000, 0x0000000084f00000|100%|HC|  |TAMS 0x0000000084e00000| PB 0x0000000084e00000| Complete 
|  79|0x0000000084f00000, 0x0000000085000000, 0x0000000085000000|100%|HC|  |TAMS 0x0000000084f00000| PB 0x0000000084f00000| Complete 
|  80|0x0000000085000000, 0x0000000085100000, 0x0000000085100000|100%|HS|  |TAMS 0x0000000085000000| PB 0x0000000085000000| Complete 
|  81|0x0000000085100000, 0x0000000085200000, 0x0000000085200000|100%| O|  |TAMS 0x0000000085100000| PB 0x0000000085100000| Untracked 
|  82|0x0000000085200000, 0x0000000085300000, 0x0000000085300000|100%|HS|  |TAMS 0x0000000085200000| PB 0x0000000085200000| Complete 
|  83|0x0000000085300000, 0x0000000085400000, 0x0000000085400000|100%| O|  |TAMS 0x0000000085300000| PB 0x0000000085300000| Untracked 
|  84|0x0000000085400000, 0x0000000085500000, 0x0000000085500000|100%| O|  |TAMS 0x0000000085400000| PB 0x0000000085400000| Untracked 
|  85|0x0000000085500000, 0x0000000085600000, 0x0000000085600000|100%| O|  |TAMS 0x0000000085500000| PB 0x0000000085500000| Untracked 
|  86|0x0000000085600000, 0x0000000085700000, 0x0000000085700000|100%| O|  |TAMS 0x0000000085600000| PB 0x0000000085600000| Untracked 
|  87|0x0000000085700000, 0x0000000085800000, 0x0000000085800000|100%|HS|  |TAMS 0x0000000085700000| PB 0x0000000085700000| Complete 
|  88|0x0000000085800000, 0x0000000085900000, 0x0000000085900000|100%| O|  |TAMS 0x0000000085800000| PB 0x0000000085800000| Untracked 
|  89|0x0000000085900000, 0x0000000085a00000, 0x0000000085a00000|100%|HS|  |TAMS 0x0000000085900000| PB 0x0000000085900000| Complete 
|  90|0x0000000085a00000, 0x0000000085b00000, 0x0000000085b00000|100%|HS|  |TAMS 0x0000000085a00000| PB 0x0000000085a00000| Complete 
|  91|0x0000000085b00000, 0x0000000085c00000, 0x0000000085c00000|100%|HC|  |TAMS 0x0000000085b00000| PB 0x0000000085b00000| Complete 
|  92|0x0000000085c00000, 0x0000000085d00000, 0x0000000085d00000|100%|HC|  |TAMS 0x0000000085c00000| PB 0x0000000085c00000| Complete 
|  93|0x0000000085d00000, 0x0000000085e00000, 0x0000000085e00000|100%|HC|  |TAMS 0x0000000085d00000| PB 0x0000000085d00000| Complete 
|  94|0x0000000085e00000, 0x0000000085f00000, 0x0000000085f00000|100%|HC|  |TAMS 0x0000000085e00000| PB 0x0000000085e00000| Complete 
|  95|0x0000000085f00000, 0x0000000086000000, 0x0000000086000000|100%|HC|  |TAMS 0x0000000085f00000| PB 0x0000000085f00000| Complete 
|  96|0x0000000086000000, 0x0000000086100000, 0x0000000086100000|100%| O|  |TAMS 0x0000000086000000| PB 0x0000000086000000| Untracked 
|  97|0x0000000086100000, 0x0000000086200000, 0x0000000086200000|100%| O|  |TAMS 0x0000000086100000| PB 0x0000000086100000| Untracked 
|  98|0x0000000086200000, 0x0000000086300000, 0x0000000086300000|100%| O|  |TAMS 0x0000000086200000| PB 0x0000000086200000| Untracked 
|  99|0x0000000086300000, 0x0000000086400000, 0x0000000086400000|100%| O|  |TAMS 0x0000000086300000| PB 0x0000000086300000| Untracked 
| 100|0x0000000086400000, 0x0000000086500000, 0x0000000086500000|100%| O|Cm|TAMS 0x0000000086400000| PB 0x0000000086400000| Complete 
| 101|0x0000000086500000, 0x0000000086600000, 0x0000000086600000|100%| O|  |TAMS 0x0000000086500000| PB 0x0000000086500000| Untracked 
| 102|0x0000000086600000, 0x0000000086700000, 0x0000000086700000|100%| O|  |TAMS 0x0000000086600000| PB 0x0000000086600000| Untracked 
| 103|0x0000000086700000, 0x0000000086800000, 0x0000000086800000|100%| O|  |TAMS 0x0000000086700000| PB 0x0000000086700000| Untracked 
| 104|0x0000000086800000, 0x0000000086900000, 0x0000000086900000|100%| O|  |TAMS 0x0000000086800000| PB 0x0000000086800000| Untracked 
| 105|0x0000000086900000, 0x0000000086a00000, 0x0000000086a00000|100%| O|  |TAMS 0x0000000086900000| PB 0x0000000086900000| Untracked 
| 106|0x0000000086a00000, 0x0000000086b00000, 0x0000000086b00000|100%| O|  |TAMS 0x0000000086a00000| PB 0x0000000086a00000| Untracked 
| 107|0x0000000086b00000, 0x0000000086c00000, 0x0000000086c00000|100%| O|  |TAMS 0x0000000086b00000| PB 0x0000000086b00000| Untracked 
| 108|0x0000000086c00000, 0x0000000086d00000, 0x0000000086d00000|100%| O|  |TAMS 0x0000000086c00000| PB 0x0000000086c00000| Untracked 
| 109|0x0000000086d00000, 0x0000000086e00000, 0x0000000086e00000|100%| O|Cm|TAMS 0x0000000086d00000| PB 0x0000000086d00000| Complete 
| 110|0x0000000086e00000, 0x0000000086f00000, 0x0000000086f00000|100%|HS|  |TAMS 0x0000000086e00000| PB 0x0000000086e00000| Complete 
| 111|0x0000000086f00000, 0x0000000087000000, 0x0000000087000000|100%|HC|  |TAMS 0x0000000086f00000| PB 0x0000000086f00000| Complete 
| 112|0x0000000087000000, 0x0000000087100000, 0x0000000087100000|100%|HS|  |TAMS 0x0000000087000000| PB 0x0000000087000000| Complete 
| 113|0x0000000087100000, 0x0000000087200000, 0x0000000087200000|100%|HC|  |TAMS 0x0000000087100000| PB 0x0000000087100000| Complete 
| 114|0x0000000087200000, 0x0000000087300000, 0x0000000087300000|100%|HS|  |TAMS 0x0000000087200000| PB 0x0000000087200000| Complete 
| 115|0x0000000087300000, 0x0000000087400000, 0x0000000087400000|100%|HS|  |TAMS 0x0000000087300000| PB 0x0000000087300000| Complete 
| 116|0x0000000087400000, 0x0000000087500000, 0x0000000087500000|100%|HC|  |TAMS 0x0000000087400000| PB 0x0000000087400000| Complete 
| 117|0x0000000087500000, 0x0000000087600000, 0x0000000087600000|100%|HC|  |TAMS 0x0000000087500000| PB 0x0000000087500000| Complete 
| 118|0x0000000087600000, 0x0000000087700000, 0x0000000087700000|100%|HS|  |TAMS 0x0000000087600000| PB 0x0000000087600000| Complete 
| 119|0x0000000087700000, 0x0000000087800000, 0x0000000087800000|100%|HS|  |TAMS 0x0000000087700000| PB 0x0000000087700000| Complete 
| 120|0x0000000087800000, 0x0000000087900000, 0x0000000087900000|100%| O|  |TAMS 0x0000000087800000| PB 0x0000000087800000| Untracked 
| 121|0x0000000087900000, 0x0000000087a00000, 0x0000000087a00000|100%|HS|  |TAMS 0x0000000087900000| PB 0x0000000087900000| Complete 
| 122|0x0000000087a00000, 0x0000000087b00000, 0x0000000087b00000|100%| O|  |TAMS 0x0000000087a00000| PB 0x0000000087a00000| Untracked 
| 123|0x0000000087b00000, 0x0000000087b00000, 0x0000000087c00000|  0%| F|  |TAMS 0x0000000087b00000| PB 0x0000000087b00000| Untracked 
| 124|0x0000000087c00000, 0x0000000087d00000, 0x0000000087d00000|100%| O|  |TAMS 0x0000000087c00000| PB 0x0000000087c00000| Untracked 
| 125|0x0000000087d00000, 0x0000000087e00000, 0x0000000087e00000|100%| O|  |TAMS 0x0000000087d00000| PB 0x0000000087d00000| Untracked 
| 126|0x0000000087e00000, 0x0000000087f00000, 0x0000000087f00000|100%| O|  |TAMS 0x0000000087e00000| PB 0x0000000087e00000| Untracked 
| 127|0x0000000087f00000, 0x0000000088000000, 0x0000000088000000|100%| O|  |TAMS 0x0000000087f00000| PB 0x0000000087f00000| Untracked 
| 128|0x0000000088000000, 0x00000000880e6e10, 0x0000000088100000| 90%| O|  |TAMS 0x0000000088000000| PB 0x0000000088000000| Untracked 
| 129|0x0000000088100000, 0x0000000088100000, 0x0000000088200000|  0%| F|  |TAMS 0x0000000088100000| PB 0x0000000088100000| Untracked 
| 130|0x0000000088200000, 0x0000000088200000, 0x0000000088300000|  0%| F|  |TAMS 0x0000000088200000| PB 0x0000000088200000| Untracked 
| 131|0x0000000088300000, 0x0000000088300000, 0x0000000088400000|  0%| F|  |TAMS 0x0000000088300000| PB 0x0000000088300000| Untracked 
| 132|0x0000000088400000, 0x0000000088500000, 0x0000000088500000|100%|HS|  |TAMS 0x0000000088400000| PB 0x0000000088400000| Complete 
| 133|0x0000000088500000, 0x0000000088500000, 0x0000000088600000|  0%| F|  |TAMS 0x0000000088500000| PB 0x0000000088500000| Untracked 
| 134|0x0000000088600000, 0x0000000088600000, 0x0000000088700000|  0%| F|  |TAMS 0x0000000088600000| PB 0x0000000088600000| Untracked 
| 135|0x0000000088700000, 0x0000000088700000, 0x0000000088800000|  0%| F|  |TAMS 0x0000000088700000| PB 0x0000000088700000| Untracked 
| 136|0x0000000088800000, 0x0000000088800000, 0x0000000088900000|  0%| F|  |TAMS 0x0000000088800000| PB 0x0000000088800000| Untracked 
| 137|0x0000000088900000, 0x0000000088900000, 0x0000000088a00000|  0%| F|  |TAMS 0x0000000088900000| PB 0x0000000088900000| Untracked 
| 138|0x0000000088a00000, 0x0000000088a00000, 0x0000000088b00000|  0%| F|  |TAMS 0x0000000088a00000| PB 0x0000000088a00000| Untracked 
| 139|0x0000000088b00000, 0x0000000088b00000, 0x0000000088c00000|  0%| F|  |TAMS 0x0000000088b00000| PB 0x0000000088b00000| Untracked 
| 140|0x0000000088c00000, 0x0000000088c00000, 0x0000000088d00000|  0%| F|  |TAMS 0x0000000088c00000| PB 0x0000000088c00000| Untracked 
| 141|0x0000000088d00000, 0x0000000088d00000, 0x0000000088e00000|  0%| F|  |TAMS 0x0000000088d00000| PB 0x0000000088d00000| Untracked 
| 142|0x0000000088e00000, 0x0000000088e00000, 0x0000000088f00000|  0%| F|  |TAMS 0x0000000088e00000| PB 0x0000000088e00000| Untracked 
| 143|0x0000000088f00000, 0x0000000088f00000, 0x0000000089000000|  0%| F|  |TAMS 0x0000000088f00000| PB 0x0000000088f00000| Untracked 
| 144|0x0000000089000000, 0x0000000089000000, 0x0000000089100000|  0%| F|  |TAMS 0x0000000089000000| PB 0x0000000089000000| Untracked 
| 145|0x0000000089100000, 0x0000000089100000, 0x0000000089200000|  0%| F|  |TAMS 0x0000000089100000| PB 0x0000000089100000| Untracked 
| 146|0x0000000089200000, 0x0000000089200000, 0x0000000089300000|  0%| F|  |TAMS 0x0000000089200000| PB 0x0000000089200000| Untracked 
| 147|0x0000000089300000, 0x0000000089300000, 0x0000000089400000|  0%| F|  |TAMS 0x0000000089300000| PB 0x0000000089300000| Untracked 
| 148|0x0000000089400000, 0x0000000089400000, 0x0000000089500000|  0%| F|  |TAMS 0x0000000089400000| PB 0x0000000089400000| Untracked 
| 149|0x0000000089500000, 0x0000000089500000, 0x0000000089600000|  0%| F|  |TAMS 0x0000000089500000| PB 0x0000000089500000| Untracked 
| 150|0x0000000089600000, 0x0000000089600000, 0x0000000089700000|  0%| F|  |TAMS 0x0000000089600000| PB 0x0000000089600000| Untracked 
| 151|0x0000000089700000, 0x0000000089700000, 0x0000000089800000|  0%| F|  |TAMS 0x0000000089700000| PB 0x0000000089700000| Untracked 
| 152|0x0000000089800000, 0x0000000089800000, 0x0000000089900000|  0%| F|  |TAMS 0x0000000089800000| PB 0x0000000089800000| Untracked 
| 153|0x0000000089900000, 0x0000000089900000, 0x0000000089a00000|  0%| F|  |TAMS 0x0000000089900000| PB 0x0000000089900000| Untracked 
| 154|0x0000000089a00000, 0x0000000089a00000, 0x0000000089b00000|  0%| F|  |TAMS 0x0000000089a00000| PB 0x0000000089a00000| Untracked 
| 155|0x0000000089b00000, 0x0000000089b00000, 0x0000000089c00000|  0%| F|  |TAMS 0x0000000089b00000| PB 0x0000000089b00000| Untracked 
| 156|0x0000000089c00000, 0x0000000089c00000, 0x0000000089d00000|  0%| F|  |TAMS 0x0000000089c00000| PB 0x0000000089c00000| Untracked 
| 157|0x0000000089d00000, 0x0000000089d00000, 0x0000000089e00000|  0%| F|  |TAMS 0x0000000089d00000| PB 0x0000000089d00000| Untracked 
| 158|0x0000000089e00000, 0x0000000089e00000, 0x0000000089f00000|  0%| F|  |TAMS 0x0000000089e00000| PB 0x0000000089e00000| Untracked 
| 159|0x0000000089f00000, 0x0000000089f00000, 0x000000008a000000|  0%| F|  |TAMS 0x0000000089f00000| PB 0x0000000089f00000| Untracked 
| 160|0x000000008a000000, 0x000000008a000000, 0x000000008a100000|  0%| F|  |TAMS 0x000000008a000000| PB 0x000000008a000000| Untracked 
| 161|0x000000008a100000, 0x000000008a100000, 0x000000008a200000|  0%| F|  |TAMS 0x000000008a100000| PB 0x000000008a100000| Untracked 
| 162|0x000000008a200000, 0x000000008a300000, 0x000000008a300000|100%| S|CS|TAMS 0x000000008a200000| PB 0x000000008a200000| Complete 
| 163|0x000000008a300000, 0x000000008a400000, 0x000000008a400000|100%| S|CS|TAMS 0x000000008a300000| PB 0x000000008a300000| Complete 
| 164|0x000000008a400000, 0x000000008a500000, 0x000000008a500000|100%| S|CS|TAMS 0x000000008a400000| PB 0x000000008a400000| Complete 
| 165|0x000000008a500000, 0x000000008a600000, 0x000000008a600000|100%| S|CS|TAMS 0x000000008a500000| PB 0x000000008a500000| Complete 
| 166|0x000000008a600000, 0x000000008a700000, 0x000000008a700000|100%| S|CS|TAMS 0x000000008a600000| PB 0x000000008a600000| Complete 
| 167|0x000000008a700000, 0x000000008a800000, 0x000000008a800000|100%| S|CS|TAMS 0x000000008a700000| PB 0x000000008a700000| Complete 
| 168|0x000000008a800000, 0x000000008a900000, 0x000000008a900000|100%| S|CS|TAMS 0x000000008a800000| PB 0x000000008a800000| Complete 
| 169|0x000000008a900000, 0x000000008a900000, 0x000000008aa00000|  0%| F|  |TAMS 0x000000008a900000| PB 0x000000008a900000| Untracked 
| 170|0x000000008aa00000, 0x000000008aa00000, 0x000000008ab00000|  0%| F|  |TAMS 0x000000008aa00000| PB 0x000000008aa00000| Untracked 
| 171|0x000000008ab00000, 0x000000008ab00000, 0x000000008ac00000|  0%| F|  |TAMS 0x000000008ab00000| PB 0x000000008ab00000| Untracked 
| 172|0x000000008ac00000, 0x000000008ac00000, 0x000000008ad00000|  0%| F|  |TAMS 0x000000008ac00000| PB 0x000000008ac00000| Untracked 
| 173|0x000000008ad00000, 0x000000008ad00000, 0x000000008ae00000|  0%| F|  |TAMS 0x000000008ad00000| PB 0x000000008ad00000| Untracked 
| 174|0x000000008ae00000, 0x000000008ae00000, 0x000000008af00000|  0%| F|  |TAMS 0x000000008ae00000| PB 0x000000008ae00000| Untracked 
| 175|0x000000008af00000, 0x000000008af00000, 0x000000008b000000|  0%| F|  |TAMS 0x000000008af00000| PB 0x000000008af00000| Untracked 
| 176|0x000000008b000000, 0x000000008b000000, 0x000000008b100000|  0%| F|  |TAMS 0x000000008b000000| PB 0x000000008b000000| Untracked 
| 177|0x000000008b100000, 0x000000008b100000, 0x000000008b200000|  0%| F|  |TAMS 0x000000008b100000| PB 0x000000008b100000| Untracked 
| 178|0x000000008b200000, 0x000000008b200000, 0x000000008b300000|  0%| F|  |TAMS 0x000000008b200000| PB 0x000000008b200000| Untracked 
| 179|0x000000008b300000, 0x000000008b300000, 0x000000008b400000|  0%| F|  |TAMS 0x000000008b300000| PB 0x000000008b300000| Untracked 
| 180|0x000000008b400000, 0x000000008b400000, 0x000000008b500000|  0%| F|  |TAMS 0x000000008b400000| PB 0x000000008b400000| Untracked 
| 181|0x000000008b500000, 0x000000008b500000, 0x000000008b600000|  0%| F|  |TAMS 0x000000008b500000| PB 0x000000008b500000| Untracked 
| 182|0x000000008b600000, 0x000000008b600000, 0x000000008b700000|  0%| F|  |TAMS 0x000000008b600000| PB 0x000000008b600000| Untracked 
| 183|0x000000008b700000, 0x000000008b700000, 0x000000008b800000|  0%| F|  |TAMS 0x000000008b700000| PB 0x000000008b700000| Untracked 
| 184|0x000000008b800000, 0x000000008b800000, 0x000000008b900000|  0%| F|  |TAMS 0x000000008b800000| PB 0x000000008b800000| Untracked 
| 185|0x000000008b900000, 0x000000008b900000, 0x000000008ba00000|  0%| F|  |TAMS 0x000000008b900000| PB 0x000000008b900000| Untracked 
| 186|0x000000008ba00000, 0x000000008ba00000, 0x000000008bb00000|  0%| F|  |TAMS 0x000000008ba00000| PB 0x000000008ba00000| Untracked 
| 187|0x000000008bb00000, 0x000000008bb00000, 0x000000008bc00000|  0%| F|  |TAMS 0x000000008bb00000| PB 0x000000008bb00000| Untracked 
| 188|0x000000008bc00000, 0x000000008bc00000, 0x000000008bd00000|  0%| F|  |TAMS 0x000000008bc00000| PB 0x000000008bc00000| Untracked 
| 189|0x000000008bd00000, 0x000000008bd00000, 0x000000008be00000|  0%| F|  |TAMS 0x000000008bd00000| PB 0x000000008bd00000| Untracked 
| 190|0x000000008be00000, 0x000000008be00000, 0x000000008bf00000|  0%| F|  |TAMS 0x000000008be00000| PB 0x000000008be00000| Untracked 
| 191|0x000000008bf00000, 0x000000008bf00000, 0x000000008c000000|  0%| F|  |TAMS 0x000000008bf00000| PB 0x000000008bf00000| Untracked 
| 192|0x000000008c000000, 0x000000008c000000, 0x000000008c100000|  0%| F|  |TAMS 0x000000008c000000| PB 0x000000008c000000| Untracked 
| 193|0x000000008c100000, 0x000000008c100000, 0x000000008c200000|  0%| F|  |TAMS 0x000000008c100000| PB 0x000000008c100000| Untracked 
| 194|0x000000008c200000, 0x000000008c200000, 0x000000008c300000|  0%| F|  |TAMS 0x000000008c200000| PB 0x000000008c200000| Untracked 
| 195|0x000000008c300000, 0x000000008c300000, 0x000000008c400000|  0%| F|  |TAMS 0x000000008c300000| PB 0x000000008c300000| Untracked 
| 196|0x000000008c400000, 0x000000008c400000, 0x000000008c500000|  0%| F|  |TAMS 0x000000008c400000| PB 0x000000008c400000| Untracked 
| 197|0x000000008c500000, 0x000000008c500000, 0x000000008c600000|  0%| F|  |TAMS 0x000000008c500000| PB 0x000000008c500000| Untracked 
| 198|0x000000008c600000, 0x000000008c600000, 0x000000008c700000|  0%| F|  |TAMS 0x000000008c600000| PB 0x000000008c600000| Untracked 
| 199|0x000000008c700000, 0x000000008c700000, 0x000000008c800000|  0%| F|  |TAMS 0x000000008c700000| PB 0x000000008c700000| Untracked 
| 200|0x000000008c800000, 0x000000008c800000, 0x000000008c900000|  0%| F|  |TAMS 0x000000008c800000| PB 0x000000008c800000| Untracked 
| 201|0x000000008c900000, 0x000000008c900000, 0x000000008ca00000|  0%| F|  |TAMS 0x000000008c900000| PB 0x000000008c900000| Untracked 
| 202|0x000000008ca00000, 0x000000008ca00000, 0x000000008cb00000|  0%| F|  |TAMS 0x000000008ca00000| PB 0x000000008ca00000| Untracked 
| 203|0x000000008cb00000, 0x000000008cb00000, 0x000000008cc00000|  0%| F|  |TAMS 0x000000008cb00000| PB 0x000000008cb00000| Untracked 
| 204|0x000000008cc00000, 0x000000008cc00000, 0x000000008cd00000|  0%| F|  |TAMS 0x000000008cc00000| PB 0x000000008cc00000| Untracked 
| 205|0x000000008cd00000, 0x000000008cd00000, 0x000000008ce00000|  0%| F|  |TAMS 0x000000008cd00000| PB 0x000000008cd00000| Untracked 
| 206|0x000000008ce00000, 0x000000008ce00000, 0x000000008cf00000|  0%| F|  |TAMS 0x000000008ce00000| PB 0x000000008ce00000| Untracked 
| 207|0x000000008cf00000, 0x000000008cf00000, 0x000000008d000000|  0%| F|  |TAMS 0x000000008cf00000| PB 0x000000008cf00000| Untracked 
| 208|0x000000008d000000, 0x000000008d000000, 0x000000008d100000|  0%| F|  |TAMS 0x000000008d000000| PB 0x000000008d000000| Untracked 
| 209|0x000000008d100000, 0x000000008d100000, 0x000000008d200000|  0%| F|  |TAMS 0x000000008d100000| PB 0x000000008d100000| Untracked 
| 210|0x000000008d200000, 0x000000008d200000, 0x000000008d300000|  0%| F|  |TAMS 0x000000008d200000| PB 0x000000008d200000| Untracked 
| 211|0x000000008d300000, 0x000000008d383480, 0x000000008d400000| 51%| E|  |TAMS 0x000000008d300000| PB 0x000000008d300000| Complete 
| 212|0x000000008d400000, 0x000000008d500000, 0x000000008d500000|100%| E|CS|TAMS 0x000000008d400000| PB 0x000000008d400000| Complete 
| 213|0x000000008d500000, 0x000000008d600000, 0x000000008d600000|100%| E|CS|TAMS 0x000000008d500000| PB 0x000000008d500000| Complete 
| 214|0x000000008d600000, 0x000000008d700000, 0x000000008d700000|100%| E|CS|TAMS 0x000000008d600000| PB 0x000000008d600000| Complete 
| 215|0x000000008d700000, 0x000000008d800000, 0x000000008d800000|100%| E|CS|TAMS 0x000000008d700000| PB 0x000000008d700000| Complete 
| 216|0x000000008d800000, 0x000000008d900000, 0x000000008d900000|100%| E|CS|TAMS 0x000000008d800000| PB 0x000000008d800000| Complete 
| 217|0x000000008d900000, 0x000000008da00000, 0x000000008da00000|100%| E|CS|TAMS 0x000000008d900000| PB 0x000000008d900000| Complete 
| 218|0x000000008da00000, 0x000000008db00000, 0x000000008db00000|100%| E|CS|TAMS 0x000000008da00000| PB 0x000000008da00000| Complete 
| 219|0x000000008db00000, 0x000000008dc00000, 0x000000008dc00000|100%| E|CS|TAMS 0x000000008db00000| PB 0x000000008db00000| Complete 
| 220|0x000000008dc00000, 0x000000008dd00000, 0x000000008dd00000|100%| E|CS|TAMS 0x000000008dc00000| PB 0x000000008dc00000| Complete 
| 221|0x000000008dd00000, 0x000000008de00000, 0x000000008de00000|100%| E|CS|TAMS 0x000000008dd00000| PB 0x000000008dd00000| Complete 
|2040|0x00000000ff800000, 0x00000000ff900000, 0x00000000ff900000|100%| O|  |TAMS 0x00000000ff800000| PB 0x00000000ff800000| Untracked 
|2041|0x00000000ff900000, 0x00000000ffa00000, 0x00000000ffa00000|100%| O|  |TAMS 0x00000000ff900000| PB 0x00000000ff900000| Untracked 
|2042|0x00000000ffa00000, 0x00000000ffb00000, 0x00000000ffb00000|100%| O|  |TAMS 0x00000000ffa00000| PB 0x00000000ffa00000| Untracked 
|2043|0x00000000ffb00000, 0x00000000ffc00000, 0x00000000ffc00000|100%| O|  |TAMS 0x00000000ffb00000| PB 0x00000000ffb00000| Untracked 
|2044|0x00000000ffc00000, 0x00000000ffd00000, 0x00000000ffd00000|100%| O|  |TAMS 0x00000000ffc00000| PB 0x00000000ffc00000| Untracked 
|2045|0x00000000ffd00000, 0x00000000ffe00000, 0x00000000ffe00000|100%| O|  |TAMS 0x00000000ffd00000| PB 0x00000000ffd00000| Untracked 
|2046|0x00000000ffe00000, 0x00000000fff00000, 0x00000000fff00000|100%| O|  |TAMS 0x00000000ffe00000| PB 0x00000000ffe00000| Untracked 
|2047|0x00000000fff00000, 0x0000000100000000, 0x0000000100000000|100%| O|Cm|TAMS 0x00000000fff00000| PB 0x00000000fff00000| Complete 

Card table byte_map: [0x000001e1f50c0000,0x000001e1f54c0000] _byte_map_base: 0x000001e1f4cc0000

Marking Bits: (CMBitMap*) 0x000001e1f1bd3f20
 Bits: [0x000001e1f54c0000, 0x000001e1f74c0000)

Polling page: 0x000001e1ef690000

Metaspace:

Usage:
  Non-class:     85.57 MB used.
      Class:     13.70 MB used.
       Both:     99.27 MB used.

Virtual space:
  Non-class space:      128.00 MB reserved,      86.50 MB ( 68%) committed,  2 nodes.
      Class space:        1.00 GB reserved,      14.62 MB (  1%) committed,  1 nodes.
             Both:        1.12 GB reserved,     101.12 MB (  9%) committed. 

Chunk freelists:
   Non-Class:  9.36 MB
       Class:  1.42 MB
        Both:  10.78 MB

MaxMetaspaceSize: unlimited
CompressedClassSpaceSize: 1.00 GB
Initial GC threshold: 21.00 MB
Current GC threshold: 162.81 MB
CDS: off
 - commit_granule_bytes: 65536.
 - commit_granule_words: 8192.
 - virtual_space_node_default_size: 8388608.
 - enlarge_chunks_in_place: 1.
 - use_allocation_guard: 0.


Internal statistics:

num_allocs_failed_limit: 6.
num_arena_births: 3712.
num_arena_deaths: 4.
num_vsnodes_births: 3.
num_vsnodes_deaths: 0.
num_space_committed: 1618.
num_space_uncommitted: 0.
num_chunks_returned_to_freelist: 15.
num_chunks_taken_from_freelist: 7811.
num_chunk_merges: 6.
num_chunk_splits: 5097.
num_chunks_enlarged: 3204.
num_inconsistent_stats: 0.

CodeHeap 'non-profiled nmethods': size=120000Kb used=6020Kb max_used=6020Kb free=113979Kb
 bounds [0x000001e187ad0000, 0x000001e1880c0000, 0x000001e18f000000]
CodeHeap 'profiled nmethods': size=120000Kb used=18027Kb max_used=18304Kb free=101972Kb
 bounds [0x000001e180000000, 0x000001e1811f0000, 0x000001e187530000]
CodeHeap 'non-nmethods': size=5760Kb used=2868Kb max_used=2916Kb free=2892Kb
 bounds [0x000001e187530000, 0x000001e187810000, 0x000001e187ad0000]
CodeCache: size=245760Kb, used=26915Kb, max_used=27240Kb, free=218843Kb
 total_blobs=10725, nmethods=9743, adapters=886, full_count=0
Compilation: enabled, stopped_count=0, restarted_count=0

Compilation events (20 events):
Event: 22.401 Thread 0x000001e1f9ba6060 11693       3       org.objectweb.asm.SymbolTable::addTypeInternal (85 bytes)
Event: 22.401 Thread 0x000001e1f9ba6060 nmethod 11693 0x000001e180921010 code [0x000001e180921200, 0x000001e1809217f0]
Event: 22.405 Thread 0x000001e1f9ba6060 11694       3       com.google.common.collect.Maps::newLinkedHashMapWithExpectedSize (12 bytes)
Event: 22.405 Thread 0x000001e1f9ba6060 nmethod 11694 0x000001e180652f10 code [0x000001e180653100, 0x000001e1806533a0]
Event: 22.406 Thread 0x000001e1f9ba6060 11695       3       jdk.proxy1.$Proxy8::<init> (6 bytes)
Event: 22.406 Thread 0x000001e1f9ba6060 nmethod 11695 0x000001e180858c10 code [0x000001e180858de0, 0x000001e180859150]
Event: 22.412 Thread 0x000001e1f9ba6060 11696       3       kotlin.collections.CollectionsKt___CollectionsKt::asSequence (18 bytes)
Event: 22.412 Thread 0x000001e1f9ba6060 nmethod 11696 0x000001e180ee8810 code [0x000001e180ee8a40, 0x000001e180ee9110]
Event: 22.412 Thread 0x000001e1f9ba6060 11699       3       org.objectweb.asm.Type::getSort (19 bytes)
Event: 22.413 Thread 0x000001e1f9ba6060 nmethod 11699 0x000001e180589d10 code [0x000001e180589ea0, 0x000001e180589ff0]
Event: 22.413 Thread 0x000001e1f9ba6060 11697       3       kotlin.collections.CollectionsKt___CollectionsKt$asSequence$$inlined$Sequence$1::<init> (10 bytes)
Event: 22.413 Thread 0x000001e1f9ba6060 nmethod 11697 0x000001e180dc0590 code [0x000001e180dc0740, 0x000001e180dc0908]
Event: 22.413 Thread 0x000001e1f9ba6060 11700       3       org.objectweb.asm.ByteVector::put11 (52 bytes)
Event: 22.413 Thread 0x000001e1f9ba6060 nmethod 11700 0x000001e18096bc10 code [0x000001e18096bdc0, 0x000001e18096bfc8]
Event: 22.413 Thread 0x000001e1f9ba6060 11698       3       kotlin.collections.CollectionsKt___CollectionsKt$asSequence$$inlined$Sequence$1::iterator (12 bytes)
Event: 22.413 Thread 0x000001e1f9ba6060 nmethod 11698 0x000001e18096b710 code [0x000001e18096b8c0, 0x000001e18096ba90]
Event: 22.413 Thread 0x000001e1f9ba6060 11701       3       org.objectweb.asm.commons.GeneratorAdapter::getArgIndex (43 bytes)
Event: 22.413 Thread 0x000001e1f9ba6060 nmethod 11701 0x000001e180aab990 code [0x000001e180aabb60, 0x000001e180aabdf8]
Event: 22.413 Thread 0x000001e1f9ba6060 11702       3       org.objectweb.asm.Attribute::putAttributes (78 bytes)
Event: 22.414 Thread 0x000001e1f9ba6060 nmethod 11702 0x000001e180cc9410 code [0x000001e180cc9680, 0x000001e180cc9ba8]

GC Heap History (20 events):
Event: 12.749 GC heap before
{Heap before GC invocations=29 (full 0):
 garbage-first heap   total 168960K, used 154455K [0x0000000080000000, 0x0000000100000000)
  region size 1024K, 53 young (54272K), 2 survivors (2048K)
 Metaspace       used 69019K, committed 70656K, reserved 1114112K
  class space    used 9629K, committed 10432K, reserved 1048576K
}
Event: 12.753 GC heap after
{Heap after GC invocations=30 (full 0):
 garbage-first heap   total 168960K, used 103020K [0x0000000080000000, 0x0000000100000000)
  region size 1024K, 4 young (4096K), 4 survivors (4096K)
 Metaspace       used 69019K, committed 70656K, reserved 1114112K
  class space    used 9629K, committed 10432K, reserved 1048576K
}
Event: 13.809 GC heap before
{Heap before GC invocations=30 (full 0):
 garbage-first heap   total 168960K, used 155244K [0x0000000080000000, 0x0000000100000000)
  region size 1024K, 55 young (56320K), 4 survivors (4096K)
 Metaspace       used 76096K, committed 77824K, reserved 1179648K
  class space    used 10687K, committed 11520K, reserved 1048576K
}
Event: 13.814 GC heap after
{Heap after GC invocations=31 (full 0):
 garbage-first heap   total 168960K, used 105091K [0x0000000080000000, 0x0000000100000000)
  region size 1024K, 7 young (7168K), 7 survivors (7168K)
 Metaspace       used 76096K, committed 77824K, reserved 1179648K
  class space    used 10687K, committed 11520K, reserved 1048576K
}
Event: 14.873 GC heap before
{Heap before GC invocations=31 (full 0):
 garbage-first heap   total 168960K, used 151171K [0x0000000080000000, 0x0000000100000000)
  region size 1024K, 52 young (53248K), 7 survivors (7168K)
 Metaspace       used 81946K, committed 83776K, reserved 1179648K
  class space    used 11587K, committed 12480K, reserved 1048576K
}
Event: 14.880 GC heap after
{Heap after GC invocations=32 (full 0):
 garbage-first heap   total 168960K, used 107752K [0x0000000080000000, 0x0000000100000000)
  region size 1024K, 6 young (6144K), 6 survivors (6144K)
 Metaspace       used 81946K, committed 83776K, reserved 1179648K
  class space    used 11587K, committed 12480K, reserved 1048576K
}
Event: 16.685 GC heap before
{Heap before GC invocations=33 (full 0):
 garbage-first heap   total 181248K, used 150760K [0x0000000080000000, 0x0000000100000000)
  region size 1024K, 49 young (50176K), 6 survivors (6144K)
 Metaspace       used 87811K, committed 89536K, reserved 1179648K
  class space    used 12327K, committed 13184K, reserved 1048576K
}
Event: 16.695 GC heap after
{Heap after GC invocations=34 (full 0):
 garbage-first heap   total 181248K, used 113664K [0x0000000080000000, 0x0000000100000000)
  region size 1024K, 7 young (7168K), 7 survivors (7168K)
 Metaspace       used 87811K, committed 89536K, reserved 1179648K
  class space    used 12327K, committed 13184K, reserved 1048576K
}
Event: 17.239 GC heap before
{Heap before GC invocations=34 (full 0):
 garbage-first heap   total 181248K, used 162816K [0x0000000080000000, 0x0000000100000000)
  region size 1024K, 56 young (57344K), 7 survivors (7168K)
 Metaspace       used 88185K, committed 89920K, reserved 1179648K
  class space    used 12327K, committed 13184K, reserved 1048576K
}
Event: 17.248 GC heap after
{Heap after GC invocations=35 (full 0):
 garbage-first heap   total 181248K, used 116045K [0x0000000080000000, 0x0000000100000000)
  region size 1024K, 4 young (4096K), 4 survivors (4096K)
 Metaspace       used 88185K, committed 89920K, reserved 1179648K
  class space    used 12327K, committed 13184K, reserved 1048576K
}
Event: 17.653 GC heap before
{Heap before GC invocations=35 (full 0):
 garbage-first heap   total 181248K, used 165197K [0x0000000080000000, 0x0000000100000000)
  region size 1024K, 53 young (54272K), 4 survivors (4096K)
 Metaspace       used 88214K, committed 89984K, reserved 1179648K
  class space    used 12327K, committed 13184K, reserved 1048576K
}
Event: 17.657 GC heap after
{Heap after GC invocations=36 (full 0):
 garbage-first heap   total 181248K, used 116812K [0x0000000080000000, 0x0000000100000000)
  region size 1024K, 5 young (5120K), 5 survivors (5120K)
 Metaspace       used 88214K, committed 89984K, reserved 1179648K
  class space    used 12327K, committed 13184K, reserved 1048576K
}
Event: 18.467 GC heap before
{Heap before GC invocations=37 (full 0):
 garbage-first heap   total 196608K, used 163916K [0x0000000080000000, 0x0000000100000000)
  region size 1024K, 51 young (52224K), 5 survivors (5120K)
 Metaspace       used 88223K, committed 89984K, reserved 1179648K
  class space    used 12323K, committed 13184K, reserved 1048576K
}
Event: 18.472 GC heap after
{Heap after GC invocations=38 (full 0):
 garbage-first heap   total 196608K, used 118387K [0x0000000080000000, 0x0000000100000000)
  region size 1024K, 5 young (5120K), 5 survivors (5120K)
 Metaspace       used 88223K, committed 89984K, reserved 1179648K
  class space    used 12323K, committed 13184K, reserved 1048576K
}
Event: 20.061 GC heap before
{Heap before GC invocations=38 (full 0):
 garbage-first heap   total 196608K, used 193139K [0x0000000080000000, 0x0000000100000000)
  region size 1024K, 65 young (66560K), 5 survivors (5120K)
 Metaspace       used 92150K, committed 93952K, reserved 1179648K
  class space    used 12804K, committed 13696K, reserved 1048576K
}
Event: 20.070 GC heap after
{Heap after GC invocations=39 (full 0):
 garbage-first heap   total 209920K, used 138700K [0x0000000080000000, 0x0000000100000000)
  region size 1024K, 9 young (9216K), 9 survivors (9216K)
 Metaspace       used 92150K, committed 93952K, reserved 1179648K
  class space    used 12804K, committed 13696K, reserved 1048576K
}
Event: 20.848 GC heap before
{Heap before GC invocations=39 (full 0):
 garbage-first heap   total 209920K, used 188876K [0x0000000080000000, 0x0000000100000000)
  region size 1024K, 58 young (59392K), 9 survivors (9216K)
 Metaspace       used 97718K, committed 99648K, reserved 1179648K
  class space    used 13462K, committed 14400K, reserved 1048576K
}
Event: 20.854 GC heap after
{Heap after GC invocations=40 (full 0):
 garbage-first heap   total 209920K, used 141211K [0x0000000080000000, 0x0000000100000000)
  region size 1024K, 2 young (2048K), 2 survivors (2048K)
 Metaspace       used 97718K, committed 99648K, reserved 1179648K
  class space    used 13462K, committed 14400K, reserved 1048576K
}
Event: 21.939 GC heap before
{Heap before GC invocations=41 (full 0):
 garbage-first heap   total 235520K, used 200603K [0x0000000080000000, 0x0000000100000000)
  region size 1024K, 55 young (56320K), 2 survivors (2048K)
 Metaspace       used 100891K, committed 102784K, reserved 1179648K
  class space    used 13936K, committed 14848K, reserved 1048576K
}
Event: 21.946 GC heap after
{Heap after GC invocations=42 (full 0):
 garbage-first heap   total 235520K, used 147355K [0x0000000080000000, 0x0000000100000000)
  region size 1024K, 7 young (7168K), 7 survivors (7168K)
 Metaspace       used 100891K, committed 102784K, reserved 1179648K
  class space    used 13936K, committed 14848K, reserved 1048576K
}

Dll operation events (3 events):
Event: 0.011 Loaded shared library C:\Program Files\Android\Android Studio\jbr\bin\java.dll
Event: 0.018 Loaded shared library C:\Program Files\Android\Android Studio\jbr\bin\zip.dll
Event: 0.836 Loaded shared library C:\Program Files\Android\Android Studio\jbr\bin\verify.dll

Deoptimization events (20 events):
Event: 21.378 Thread 0x000001e18f2d4c60 DEOPT PACKING pc=0x000001e187dd70d8 sp=0x00000026b22ef240
Event: 21.378 Thread 0x000001e18f2d4c60 DEOPT UNPACKING pc=0x000001e1875846a2 sp=0x00000026b22ef1d8 mode 2
Event: 21.481 Thread 0x000001e18f2d4c60 DEOPT PACKING pc=0x000001e1804ade5d sp=0x00000026b22f3120
Event: 21.481 Thread 0x000001e18f2d4c60 DEOPT UNPACKING pc=0x000001e187584e42 sp=0x00000026b22f26e0 mode 0
Event: 21.538 Thread 0x000001e18f2d4c60 Uncommon trap: trap_request=0xffffff45 fr.pc=0x000001e187dc5aac relative=0x000000000000224c
Event: 21.538 Thread 0x000001e18f2d4c60 Uncommon trap: reason=unstable_if action=reinterpret pc=0x000001e187dc5aac method=java.util.regex.Pattern.has(I)Z @ 6 c2
Event: 21.538 Thread 0x000001e18f2d4c60 DEOPT PACKING pc=0x000001e187dc5aac sp=0x00000026b22f4400
Event: 21.538 Thread 0x000001e18f2d4c60 DEOPT UNPACKING pc=0x000001e1875846a2 sp=0x00000026b22f4380 mode 2
Event: 21.612 Thread 0x000001e18f2d4c60 Uncommon trap: trap_request=0xffffffc6 fr.pc=0x000001e187fc0148 relative=0x0000000000000068
Event: 21.612 Thread 0x000001e18f2d4c60 Uncommon trap: reason=bimorphic_or_optimized_type_check action=maybe_recompile pc=0x000001e187fc0148 method=java.util.AbstractQueue.add(Ljava/lang/Object;)Z @ 2 c2
Event: 21.612 Thread 0x000001e18f2d4c60 DEOPT PACKING pc=0x000001e187fc0148 sp=0x00000026b22f55e0
Event: 21.612 Thread 0x000001e18f2d4c60 DEOPT UNPACKING pc=0x000001e1875846a2 sp=0x00000026b22f55a8 mode 2
Event: 21.612 Thread 0x000001e18f2d4c60 Uncommon trap: trap_request=0xffffffc6 fr.pc=0x000001e187fc0148 relative=0x0000000000000068
Event: 21.612 Thread 0x000001e18f2d4c60 Uncommon trap: reason=bimorphic_or_optimized_type_check action=maybe_recompile pc=0x000001e187fc0148 method=java.util.AbstractQueue.add(Ljava/lang/Object;)Z @ 2 c2
Event: 21.612 Thread 0x000001e18f2d4c60 DEOPT PACKING pc=0x000001e187fc0148 sp=0x00000026b22f55e0
Event: 21.612 Thread 0x000001e18f2d4c60 DEOPT UNPACKING pc=0x000001e1875846a2 sp=0x00000026b22f55a8 mode 2
Event: 22.234 Thread 0x000001e18f2d4c60 DEOPT PACKING pc=0x000001e180ca8366 sp=0x00000026b22f4ef0
Event: 22.235 Thread 0x000001e18f2d4c60 DEOPT UNPACKING pc=0x000001e187584e42 sp=0x00000026b22f44b0 mode 0
Event: 22.406 Thread 0x000001e18f2d4c60 DEOPT PACKING pc=0x000001e180ca7e26 sp=0x00000026b22f4f60
Event: 22.406 Thread 0x000001e18f2d4c60 DEOPT UNPACKING pc=0x000001e187584e42 sp=0x00000026b22f4520 mode 0

Classes loaded (20 events):
Event: 21.169 Loading class java/math/SignedMutableBigInteger
Event: 21.169 Loading class java/math/SignedMutableBigInteger done
Event: 21.186 Loading class sun/security/util/JarConstraintsParameters
Event: 21.187 Loading class sun/security/util/JarConstraintsParameters done
Event: 21.188 Loading class java/util/Base64
Event: 21.188 Loading class java/util/Base64 done
Event: 21.188 Loading class java/util/Base64$Decoder
Event: 21.188 Loading class java/util/Base64$Decoder done
Event: 21.188 Loading class java/util/Base64$Encoder
Event: 21.188 Loading class java/util/Base64$Encoder done
Event: 21.210 Loading class java/util/jar/JarVerifier$VerifierStream
Event: 21.210 Loading class java/util/jar/JarVerifier$VerifierStream done
Event: 21.210 Loading class sun/security/util/ManifestEntryVerifier$SunProviderHolder
Event: 21.210 Loading class sun/security/util/ManifestEntryVerifier$SunProviderHolder done
Event: 21.549 Loading class sun/reflect/annotation/AnnotationInvocationHandler$1
Event: 21.549 Loading class sun/reflect/annotation/AnnotationInvocationHandler$1 done
Event: 21.610 Loading class java/lang/foreign/ValueLayout
Event: 21.610 Loading class java/lang/foreign/MemoryLayout
Event: 21.610 Loading class java/lang/foreign/MemoryLayout done
Event: 21.610 Loading class java/lang/foreign/ValueLayout done

Classes unloaded (12 events):
Event: 14.954 Thread 0x000001e1f99ee600 Unloading class 0x0000000100960988 '_BuildScript_$_run_closure1$_closure2'
Event: 14.954 Thread 0x000001e1f99ee600 Unloading class 0x0000000100960568 '_BuildScript_$_run_closure1'
Event: 14.954 Thread 0x000001e1f99ee600 Unloading class 0x0000000100960000 '_BuildScript_'
Event: 17.781 Thread 0x000001e1f99ee600 Unloading class 0x000000010098da08 '_BuildScript_$_run_closure1$_closure3'
Event: 17.781 Thread 0x000001e1f99ee600 Unloading class 0x000000010098d5e8 '_BuildScript_$_run_closure1$_closure2'
Event: 17.781 Thread 0x000001e1f99ee600 Unloading class 0x000000010098d1c8 '_BuildScript_$_run_closure1'
Event: 17.781 Thread 0x000001e1f99ee600 Unloading class 0x000000010098cc60 '_BuildScript_'
Event: 17.781 Thread 0x000001e1f99ee600 Unloading class 0x000000010098c840 'JetGradlePlugin$_apply_closure1$_closure2$_closure3'
Event: 17.781 Thread 0x000001e1f99ee600 Unloading class 0x000000010098c420 'JetGradlePlugin$_apply_closure1$_closure2'
Event: 17.781 Thread 0x000001e1f99ee600 Unloading class 0x000000010098c000 'JetGradlePlugin$_apply_closure1'
Event: 17.781 Thread 0x000001e1f99ee600 Unloading class 0x0000000100985300 'JetGradlePlugin'
Event: 17.781 Thread 0x000001e1f99ee600 Unloading class 0x0000000100985000 'RegistryProcessor'

Classes redefined (0 events):
No events

Internal exceptions (20 events):
Event: 14.509 Thread 0x000001e18f2d4c60 Exception <a 'java/lang/NoSuchMethodError'{0x000000008802e098}: static Lorg/gradle/api/internal/artifacts/dependencies/AbstractVersionConstraint;.<clinit>()V> (0x000000008802e098) 
thrown [s\src\hotspot\share\prims\jni.cpp, line 1144]
Event: 14.519 Thread 0x000001e18f2d4c60 Exception <a 'java/lang/NoSuchMethodError'{0x0000000088084278}: static Lorg/gradle/api/internal/catalog/PluginModel;.<clinit>()V> (0x0000000088084278) 
thrown [s\src\hotspot\share\prims\jni.cpp, line 1144]
Event: 14.526 Thread 0x000001e18f2d4c60 Exception <a 'java/lang/NoSuchMethodError'{0x000000008809da58}: static Lorg/gradle/api/internal/catalog/VersionModel;.<clinit>()V> (0x000000008809da58) 
thrown [s\src\hotspot\share\prims\jni.cpp, line 1144]
Event: 14.687 Thread 0x000001e18f2d4c60 Exception <a 'java/lang/NoSuchMethodError'{0x0000000087c7f388}: 'int java.lang.invoke.DirectMethodHandle$Holder.invokeSpecialIFC(java.lang.Object, java.lang.Object, java.lang.Object)'> (0x0000000087c7f388) 
thrown [s\src\hotspot\share\interpreter\linkResolver.cpp, line 784]
Event: 14.749 Thread 0x000001e18f2d4c60 Exception <a 'java/lang/NoSuchMethodError'{0x0000000087820560}: 'void java.lang.invoke.DirectMethodHandle$Holder.invokeStatic(java.lang.Object, java.lang.Object, java.lang.Object, int, java.lang.Object)'> (0x0000000087820560) 
thrown [s\src\hotspot\share\interpreter\linkResolver.cpp, line 784]
Event: 14.815 Thread 0x000001e18f2d4c60 Exception <a 'sun/nio/fs/WindowsException'{0x00000000876bfd68}> (0x00000000876bfd68) 
thrown [s\src\hotspot\share\prims\jni.cpp, line 537]
Event: 17.332 Thread 0x000001e18fd2a950 Implicit null exception at 0x000001e18800cb69 to 0x000001e18800cc0c
Event: 17.644 Thread 0x000001e18fd29c30 Implicit null exception at 0x000001e18803c653 to 0x000001e18803cf40
Event: 17.659 Thread 0x000001e18fd2a950 Implicit null exception at 0x000001e18803c653 to 0x000001e18803cf40
Event: 17.672 Thread 0x000001e18f2d4c60 Implicit null exception at 0x000001e18803c653 to 0x000001e18803cf40
Event: 17.721 Thread 0x000001e18f2d4c60 Implicit null exception at 0x000001e18803c653 to 0x000001e18803cf40
Event: 17.792 Thread 0x000001e1f9b71600 Implicit null exception at 0x000001e187eab40b to 0x000001e187eab4d0
Event: 18.145 Thread 0x000001e18fd2a950 Implicit null exception at 0x000001e187ec0343 to 0x000001e187ec0d24
Event: 18.591 Thread 0x000001e18f2d4c60 Implicit null exception at 0x000001e187f6da5d to 0x000001e187f6def0
Event: 19.894 Thread 0x000001e18f2d4c60 Exception <a 'java/lang/NoSuchMethodError'{0x0000000088171b60}: 'int java.lang.invoke.DirectMethodHandle$Holder.invokeSpecialIFC(java.lang.Object, java.lang.Object, java.lang.Object, java.lang.Object, java.lang.Object)'> (0x0000000088171b60) 
thrown [s\src\hotspot\share\interpreter\linkResolver.cpp, line 784]
Event: 20.812 Thread 0x000001e18f2d4c60 Exception <a 'java/lang/NoSuchMethodError'{0x0000000088e82438}: 'java.lang.Object java.lang.invoke.DirectMethodHandle$Holder.newInvokeSpecial(java.lang.Object, java.lang.Object, java.lang.Object, java.lang.Object, java.lang.Object, java.lang.Object, java.lang.Object, java.lang.Object, java.lang.Object, java.lang.Object, java.lang.Object, java.lang.Object, java.lang.Object, java.lang.Object, java.lang.Object, java.lang.Object)'> (0x0000000088e82438) 
thrown [s\src\hotspot\share\interpreter\linkResolver.cpp,
Event: 20.813 Thread 0x000001e18f2d4c60 Exception <a 'java/lang/NoSuchMethodError'{0x0000000088e89360}: 'java.lang.Object java.lang.invoke.DirectMethodHandle$Holder.invokeSpecial(java.lang.Object, java.lang.Object, java.lang.Object, java.lang.Object, java.lang.Object, java.lang.Object, java.lang.Object, java.lang.Object, java.lang.Object, java.lang.Object, java.lang.Object, java.lang.Object, java.lang.Object, java.lang.Object, java.lang.Object, java.lang.Object, java.lang.Object)'> (0x0000000088e89360) 
thrown [s\src\hotspot\share\interpreter\li
Event: 20.813 Thread 0x000001e18f2d4c60 Exception <a 'java/lang/NoSuchMethodError'{0x0000000088e8f4a0}: 'java.lang.Object java.lang.invoke.DelegatingMethodHandle$Holder.reinvoke_L(java.lang.Object, java.lang.Object, java.lang.Object, java.lang.Object, java.lang.Object, java.lang.Object, java.lang.Object, java.lang.Object, java.lang.Object, java.lang.Object, java.lang.Object, java.lang.Object, java.lang.Object, java.lang.Object, java.lang.Object, java.lang.Object)'> (0x0000000088e8f4a0) 
thrown [s\src\hotspot\share\interpreter\linkResolver.cpp, l
Event: 21.159 Thread 0x000001e18f2d4c60 Implicit null exception at 0x000001e187f423dd to 0x000001e187f42620
Event: 21.287 Thread 0x000001e18f2d4c60 Implicit null exception at 0x000001e187eae078 to 0x000001e187eae8ce

ZGC Phase Switch (0 events):
No events

VM Operations (20 events):
Event: 18.858 Executing VM operation: HandshakeAllThreads (Deoptimize)
Event: 18.859 Executing VM operation: HandshakeAllThreads (Deoptimize) done
Event: 19.657 Executing VM operation: ICBufferFull
Event: 19.657 Executing VM operation: ICBufferFull done
Event: 20.061 Executing VM operation: G1CollectForAllocation (G1 Evacuation Pause)
Event: 20.070 Executing VM operation: G1CollectForAllocation (G1 Evacuation Pause) done
Event: 20.590 Executing VM operation: HandshakeAllThreads (Deoptimize)
Event: 20.590 Executing VM operation: HandshakeAllThreads (Deoptimize) done
Event: 20.657 Executing VM operation: HandshakeAllThreads (Deoptimize)
Event: 20.657 Executing VM operation: HandshakeAllThreads (Deoptimize) done
Event: 20.818 Executing VM operation: HandshakeAllThreads (Deoptimize)
Event: 20.818 Executing VM operation: HandshakeAllThreads (Deoptimize) done
Event: 20.848 Executing VM operation: G1CollectForAllocation (G1 Evacuation Pause)
Event: 20.854 Executing VM operation: G1CollectForAllocation (G1 Evacuation Pause) done
Event: 20.957 Executing VM operation: G1PauseRemark
Event: 20.963 Executing VM operation: G1PauseRemark done
Event: 21.006 Executing VM operation: G1PauseCleanup
Event: 21.006 Executing VM operation: G1PauseCleanup done
Event: 21.938 Executing VM operation: G1CollectForAllocation (G1 Evacuation Pause)
Event: 21.946 Executing VM operation: G1CollectForAllocation (G1 Evacuation Pause) done

Memory protections (0 events):
No events

Nmethod flushes (20 events):
Event: 20.962 Thread 0x000001e1f99ee600 flushing  nmethod 0x000001e180aab590
Event: 20.962 Thread 0x000001e1f99ee600 flushing  nmethod 0x000001e180aaeb10
Event: 20.962 Thread 0x000001e1f99ee600 flushing  nmethod 0x000001e180abf110
Event: 20.962 Thread 0x000001e1f99ee600 flushing  nmethod 0x000001e180abf410
Event: 20.962 Thread 0x000001e1f99ee600 flushing  nmethod 0x000001e180adcf10
Event: 20.962 Thread 0x000001e1f99ee600 flushing  nmethod 0x000001e180b11690
Event: 20.962 Thread 0x000001e1f99ee600 flushing  nmethod 0x000001e180b28390
Event: 20.962 Thread 0x000001e1f99ee600 flushing  nmethod 0x000001e180d4ef10
Event: 20.962 Thread 0x000001e1f99ee600 flushing  nmethod 0x000001e180d54e10
Event: 20.962 Thread 0x000001e1f99ee600 flushing  nmethod 0x000001e180d57b90
Event: 20.962 Thread 0x000001e1f99ee600 flushing  nmethod 0x000001e180dbfa90
Event: 20.962 Thread 0x000001e1f99ee600 flushing  nmethod 0x000001e180dc0210
Event: 20.962 Thread 0x000001e1f99ee600 flushing  nmethod 0x000001e180dc1010
Event: 20.962 Thread 0x000001e1f99ee600 flushing  nmethod 0x000001e180dc1490
Event: 20.962 Thread 0x000001e1f99ee600 flushing  nmethod 0x000001e180e12590
Event: 20.962 Thread 0x000001e1f99ee600 flushing  nmethod 0x000001e180ee4d10
Event: 20.962 Thread 0x000001e1f99ee600 flushing  nmethod 0x000001e180ee8810
Event: 20.962 Thread 0x000001e1f99ee600 flushing  nmethod 0x000001e180eeae90
Event: 20.962 Thread 0x000001e1f99ee600 flushing  nmethod 0x000001e180f48810
Event: 20.962 Thread 0x000001e1f99ee600 flushing  nmethod 0x000001e180f6d690

Events (20 events):
Event: 13.889 Thread 0x000001e19085d580 Thread exited: 0x000001e19085d580
Event: 14.083 Thread 0x000001e1f9ba6060 Thread added: 0x000001e190d5a6d0
Event: 14.682 Thread 0x000001e190d5a6d0 Thread exited: 0x000001e190d5a6d0
Event: 15.060 Thread 0x000001e1f9ba6060 Thread added: 0x000001e190d5a6d0
Event: 15.301 Thread 0x000001e190d5a6d0 Thread exited: 0x000001e190d5a6d0
Event: 15.365 Thread 0x000001e1f9ba6060 Thread added: 0x000001e190d5a6d0
Event: 16.385 Thread 0x000001e18f2d4c60 Thread added: 0x000001e1ff61eb40
Event: 16.385 Thread 0x000001e18f2d4c60 Thread added: 0x000001e1ff61f860
Event: 16.385 Thread 0x000001e18f2d4c60 Thread added: 0x000001e18fd295a0
Event: 16.585 Thread 0x000001e190d5a6d0 Thread exited: 0x000001e190d5a6d0
Event: 16.659 Thread 0x000001e18f2d4c60 Thread added: 0x000001e18fd24d70
Event: 16.662 Thread 0x000001e18f2d4c60 Thread added: 0x000001e18fd239c0
Event: 16.663 Thread 0x000001e18f2d4c60 Thread added: 0x000001e18fd28880
Event: 16.968 Thread 0x000001e1f9ba6060 Thread added: 0x000001e191d8e600
Event: 17.008 Thread 0x000001e18f2d4c60 Thread added: 0x000001e18fd25400
Event: 17.009 Thread 0x000001e18f2d4c60 Thread added: 0x000001e18fd29c30
Event: 17.009 Thread 0x000001e18f2d4c60 Thread added: 0x000001e18fd2a950
Event: 18.717 Thread 0x000001e191d8e600 Thread exited: 0x000001e191d8e600
Event: 20.869 Thread 0x000001e18f2d4c60 Thread added: 0x000001e18fd24050
Event: 21.132 Thread 0x000001e1f9ba6060 Thread added: 0x000001e192cf6660


Dynamic libraries:
0x00007ff76f260000 - 0x00007ff76f26a000 	C:\Program Files\Android\Android Studio\jbr\bin\java.exe
0x00007ffb995f0000 - 0x00007ffb997e8000 	C:\Windows\SYSTEM32\ntdll.dll
0x00007ffb98580000 - 0x00007ffb9863f000 	C:\Windows\System32\KERNEL32.DLL
0x00007ffb96df0000 - 0x00007ffb970ca000 	C:\Windows\System32\KERNELBASE.dll
0x00007ffb97180000 - 0x00007ffb97280000 	C:\Windows\System32\ucrtbase.dll
0x00007ffb4acd0000 - 0x00007ffb4ace8000 	C:\Program Files\Android\Android Studio\jbr\bin\jli.dll
0x00007ffb93390000 - 0x00007ffb933ab000 	C:\Program Files\Android\Android Studio\jbr\bin\VCRUNTIME140.dll
0x00007ffb99080000 - 0x00007ffb9921d000 	C:\Windows\System32\USER32.dll
0x00007ffb97410000 - 0x00007ffb97432000 	C:\Windows\System32\win32u.dll
0x00007ffb97650000 - 0x00007ffb9767b000 	C:\Windows\System32\GDI32.dll
0x00007ffb97440000 - 0x00007ffb97550000 	C:\Windows\System32\gdi32full.dll
0x00007ffb89c30000 - 0x00007ffb89eca000 	C:\Windows\WinSxS\amd64_microsoft.windows.common-controls_6595b64144ccf1df_6.0.19041.1110_none_60b5254171f9507e\COMCTL32.dll
0x00007ffb96d50000 - 0x00007ffb96ded000 	C:\Windows\System32\msvcp_win.dll
0x00007ffb97800000 - 0x00007ffb9789e000 	C:\Windows\System32\msvcrt.dll
0x00007ffb978a0000 - 0x00007ffb978d0000 	C:\Windows\System32\IMM32.DLL
0x000000006c3f0000 - 0x000000006c3fd000 	C:\Program Files (x86)\360\Total Security\safemon\SafeWrapper.dll
0x00007ffb97680000 - 0x00007ffb9772e000 	C:\Windows\System32\ADVAPI32.dll
0x00007ffb986d0000 - 0x00007ffb9876c000 	C:\Windows\System32\sechost.dll
0x00007ffb98450000 - 0x00007ffb98576000 	C:\Windows\System32\RPCRT4.dll
0x00007ffb74d70000 - 0x00007ffb74e75000 	C:\Program Files (x86)\360\Total Security\safemon\libzdtp64.dll
0x00007ffb979a0000 - 0x00007ffb980e4000 	C:\Windows\System32\SHELL32.dll
0x00007ffb99220000 - 0x00007ffb99275000 	C:\Windows\System32\SHLWAPI.dll
0x00007ffb911d0000 - 0x00007ffb911da000 	C:\Windows\SYSTEM32\VERSION.dll
0x00007ffb93470000 - 0x00007ffb9347c000 	C:\Program Files\Android\Android Studio\jbr\bin\vcruntime140_1.dll
0x00007ffb190b0000 - 0x00007ffb1913d000 	C:\Program Files\Android\Android Studio\jbr\bin\msvcp140.dll
0x00007ffb44b00000 - 0x00007ffb45796000 	C:\Program Files\Android\Android Studio\jbr\bin\server\jvm.dll
0x00007ffb978d0000 - 0x00007ffb9793b000 	C:\Windows\System32\WS2_32.dll
0x00007ffb96270000 - 0x00007ffb962bb000 	C:\Windows\SYSTEM32\POWRPROF.dll
0x00007ffb8ded0000 - 0x00007ffb8def7000 	C:\Windows\SYSTEM32\WINMM.dll
0x00007ffb96140000 - 0x00007ffb96152000 	C:\Windows\SYSTEM32\UMPDC.dll
0x00007ffb94be0000 - 0x00007ffb94bf2000 	C:\Windows\SYSTEM32\kernel.appcore.dll
0x00007ffb8fcc0000 - 0x00007ffb8fcca000 	C:\Program Files\Android\Android Studio\jbr\bin\jimage.dll
0x00007ffb8ba30000 - 0x00007ffb8bc14000 	C:\Windows\SYSTEM32\DBGHELP.DLL
0x00007ffb7fe10000 - 0x00007ffb7fe44000 	C:\Windows\SYSTEM32\dbgcore.DLL
0x00007ffb975c0000 - 0x00007ffb97642000 	C:\Windows\System32\bcryptPrimitives.dll
0x00007ffb51f80000 - 0x00007ffb51f8e000 	C:\Program Files\Android\Android Studio\jbr\bin\instrument.dll
0x00007ffb81900000 - 0x00007ffb81920000 	C:\Program Files\Android\Android Studio\jbr\bin\java.dll
0x00007ffb80ff0000 - 0x00007ffb81008000 	C:\Program Files\Android\Android Studio\jbr\bin\zip.dll
0x00007ffb94de0000 - 0x00007ffb95573000 	C:\Windows\SYSTEM32\windows.storage.dll
0x00007ffb980f0000 - 0x00007ffb98444000 	C:\Windows\System32\combase.dll
0x00007ffb96760000 - 0x00007ffb9678e000 	C:\Windows\SYSTEM32\Wldp.dll
0x00007ffb98fd0000 - 0x00007ffb9907d000 	C:\Windows\System32\SHCORE.dll
0x00007ffb96c40000 - 0x00007ffb96c5f000 	C:\Windows\SYSTEM32\profapi.dll
0x00007ffb8fcb0000 - 0x00007ffb8fcc0000 	C:\Program Files\Android\Android Studio\jbr\bin\net.dll
0x00007ffb90e50000 - 0x00007ffb90f5a000 	C:\Windows\SYSTEM32\WINHTTP.dll
0x00007ffb964c0000 - 0x00007ffb9652a000 	C:\Windows\system32\mswsock.dll
0x00007ffb80f70000 - 0x00007ffb80f86000 	C:\Program Files\Android\Android Studio\jbr\bin\nio.dll
0x00007ffb7c190000 - 0x00007ffb7c1a0000 	C:\Program Files\Android\Android Studio\jbr\bin\verify.dll
0x00007ffb74ab0000 - 0x00007ffb74ad7000 	C:\Users\Academy\.gradle\native\1def1411415f61bf3af743bc5b6707747c0891f09f0c88961ee8f79bc544acac\windows-amd64\native-platform.dll
0x00007ffaf3710000 - 0x00007ffaf3788000 	C:\Users\Academy\.gradle\native\0.2.7\x86_64-windows-gnu\gradle-fileevents.dll
0x00007ffb829b0000 - 0x00007ffb829b9000 	C:\Program Files\Android\Android Studio\jbr\bin\management.dll
0x00007ffb818f0000 - 0x00007ffb818fb000 	C:\Program Files\Android\Android Studio\jbr\bin\management_ext.dll
0x00007ffb98fa0000 - 0x00007ffb98fa8000 	C:\Windows\System32\PSAPI.DLL
0x00007ffb96160000 - 0x00007ffb9619c000 	C:\Windows\SYSTEM32\IPHLPAPI.DLL
0x00007ffb98770000 - 0x00007ffb98778000 	C:\Windows\System32\NSI.dll
0x00007ffb8dde0000 - 0x00007ffb8dde9000 	C:\Program Files\Android\Android Studio\jbr\bin\extnet.dll
0x00007ffb966c0000 - 0x00007ffb966d8000 	C:\Windows\SYSTEM32\CRYPTSP.dll
0x00007ffb95d70000 - 0x00007ffb95da4000 	C:\Windows\system32\rsaenh.dll
0x00007ffb973e0000 - 0x00007ffb97407000 	C:\Windows\System32\bcrypt.dll
0x00007ffb96c00000 - 0x00007ffb96c2e000 	C:\Windows\SYSTEM32\USERENV.dll
0x00007ffb966b0000 - 0x00007ffb966bc000 	C:\Windows\SYSTEM32\CRYPTBASE.dll
0x00007ffb526f0000 - 0x00007ffb526f7000 	C:\Windows\system32\wshunix.dll
0x00007ffb961a0000 - 0x00007ffb9626b000 	C:\Windows\SYSTEM32\DNSAPI.dll
0x00007ffb8eaa0000 - 0x00007ffb8eaaa000 	C:\Windows\System32\rasadhlp.dll
0x00007ffb8df70000 - 0x00007ffb8dff0000 	C:\Windows\System32\fwpuclnt.dll

JVMTI agents:
C:\Users\Academy\.gradle\wrapper\dists\gradle-8.13-bin\5xuhj0ry160q40clulazy9h7d\gradle-8.13\lib\agents\gradle-instrumentation-agent-8.13.jar path:C:\Program Files\Android\Android Studio\jbr\bin\instrument.dll, loaded, initialized, instrumentlib options:none

dbghelp: loaded successfully - version: 4.0.5 - missing functions: none
symbol engine: initialized successfully - sym options: 0x614 - pdb path: .;C:\Program Files\Android\Android Studio\jbr\bin;C:\Windows\SYSTEM32;C:\Windows\WinSxS\amd64_microsoft.windows.common-controls_6595b64144ccf1df_6.0.19041.1110_none_60b5254171f9507e;C:\Program Files (x86)\360\Total Security\safemon;C:\Program Files\Android\Android Studio\jbr\bin\server;C:\Users\Academy\.gradle\native\1def1411415f61bf3af743bc5b6707747c0891f09f0c88961ee8f79bc544acac\windows-amd64;C:\Users\Academy\.gradle\native\0.2.7\x86_64-windows-gnu

VM Arguments:
jvm_args: --add-opens=java.base/java.lang=ALL-UNNAMED --add-opens=java.base/java.lang.invoke=ALL-UNNAMED --add-opens=java.base/java.util=ALL-UNNAMED --add-opens=java.prefs/java.util.prefs=ALL-UNNAMED --add-exports=jdk.compiler/com.sun.tools.javac.api=ALL-UNNAMED --add-exports=jdk.compiler/com.sun.tools.javac.util=ALL-UNNAMED --add-opens=java.base/java.util=ALL-UNNAMED --add-opens=java.prefs/java.util.prefs=ALL-UNNAMED --add-opens=java.base/java.nio.charset=ALL-UNNAMED --add-opens=java.base/java.net=ALL-UNNAMED --add-opens=java.base/java.util.concurrent.atomic=ALL-UNNAMED --add-opens=java.xml/javax.xml.namespace=ALL-UNNAMED -Xmx2048m -Dfile.encoding=UTF-8 -Duser.country=RU -Duser.language=ru -Duser.variant -javaagent:C:\Users\Academy\.gradle\wrapper\dists\gradle-8.13-bin\5xuhj0ry160q40clulazy9h7d\gradle-8.13\lib\agents\gradle-instrumentation-agent-8.13.jar 
java_command: org.gradle.launcher.daemon.bootstrap.GradleDaemon 8.13
java_class_path (initial): C:\Users\Academy\.gradle\wrapper\dists\gradle-8.13-bin\5xuhj0ry160q40clulazy9h7d\gradle-8.13\lib\gradle-daemon-main-8.13.jar
Launcher Type: SUN_STANDARD

[Global flags]
     intx CICompilerCount                          = 3                                         {product} {ergonomic}
     uint ConcGCThreads                            = 1                                         {product} {ergonomic}
     uint G1ConcRefinementThreads                  = 4                                         {product} {ergonomic}
   size_t G1HeapRegionSize                         = 1048576                                   {product} {ergonomic}
    uintx GCDrainStackTargetSize                   = 64                                        {product} {ergonomic}
   size_t InitialHeapSize                          = 134217728                                 {product} {ergonomic}
   size_t MarkStackSize                            = 4194304                                   {product} {ergonomic}
   size_t MaxHeapSize                              = 2147483648                                {product} {command line}
   size_t MaxNewSize                               = 1287651328                                {product} {ergonomic}
   size_t MinHeapDeltaBytes                        = 1048576                                   {product} {ergonomic}
   size_t MinHeapSize                              = 8388608                                   {product} {ergonomic}
    uintx NonNMethodCodeHeapSize                   = 5832780                                {pd product} {ergonomic}
    uintx NonProfiledCodeHeapSize                  = 122912730                              {pd product} {ergonomic}
    uintx ProfiledCodeHeapSize                     = 122912730                              {pd product} {ergonomic}
    uintx ReservedCodeCacheSize                    = 251658240                              {pd product} {ergonomic}
     bool SegmentedCodeCache                       = true                                      {product} {ergonomic}
   size_t SoftMaxHeapSize                          = 2147483648                             {manageable} {ergonomic}
     bool UseCompressedOops                        = true                           {product lp64_product} {ergonomic}
     bool UseG1GC                                  = true                                      {product} {ergonomic}
     bool UseLargePagesIndividualAllocation        = false                                  {pd product} {ergonomic}

Logging:
Log output configuration:
 #0: stdout all=warning uptime,level,tags foldmultilines=false
 #1: stderr all=off uptime,level,tags foldmultilines=false

Environment Variables:
PATH=C:\Program Files (x86)\Common Files\Intel\Shared Libraries\redist\intel64\compiler;C:\Windows\system32;C:\Windows;C:\Windows\System32\Wbem;C:\Windows\System32\WindowsPowerShell\v1.0\;C:\Windows\System32\OpenSSH\;C:\Program Files\Microsoft SQL Server\150\Tools\Binn\;C:\Program Files\Microsoft SQL Server\Client SDK\ODBC\170\Tools\Binn\;C:\Program Files\dotnet\;C:\Program Files (x86)\Windows Kits\10\Windows Performance Toolkit\;C:\Program Files\Microsoft SQL Server\120\Tools\Binn\;C:\Program Files (x86)\IVI Foundation\VISA\WinNT\Bin;C:\ProgramData\ComposerSetup\bin;C:\OSPanel\modules\php\PHP_8.1;C:\Program Files\nodejs\;C:\Program Files\PuTTY\;C:\Users\Academy\AppData\Local\Programs\Python\Python313\Scripts\;C:\Users\Academy\AppData\Local\Programs\Python\Python313\;C:\Users\Academy\AppData\Local\Microsoft\WindowsApps;C:\Users\Academy\AppData\Local\Programs\Microsoft VS Code\bin;C:\Users\Admin\AppData\Local\GitHubDesktop\bin;C:\Users\Academy\AppData\Roaming\npm;C:\Users\Academy\AppData\Local\GitHubDesktop\bin;C:\Users\Academy\AppData\Local\Programs\Git\cmd;C:\Users\Academy\.dotnet\tools
USERNAME=Academy
OS=Windows_NT
PROCESSOR_IDENTIFIER=Intel64 Family 6 Model 60 Stepping 3, GenuineIntel
TMP=C:\Users\Academy\AppData\Local\Temp
TEMP=C:\Users\Academy\AppData\Local\Temp




Periodic native trim disabled

JNI global refs:
JNI global refs: 29, weak refs: 1

JNI global refs memory usage: 835, weak refs: 833

Process memory usage:
Resident Set Size: 510704K (6% of 8272704K total physical memory with 486600K free physical memory)

OOME stack traces (most recent first):
Classloader memory used:
